INFO - 2020-10-22 16:22:50 --> Config Class Initialized
INFO - 2020-10-22 16:22:50 --> Hooks Class Initialized
DEBUG - 2020-10-22 16:22:50 --> UTF-8 Support Enabled
INFO - 2020-10-22 16:22:50 --> Utf8 Class Initialized
INFO - 2020-10-22 16:22:50 --> URI Class Initialized
INFO - 2020-10-22 16:22:50 --> Router Class Initialized
INFO - 2020-10-22 16:22:50 --> Output Class Initialized
INFO - 2020-10-22 16:22:50 --> Security Class Initialized
DEBUG - 2020-10-22 16:22:50 --> Global POST, GET and COOKIE data sanitized
INFO - 2020-10-22 16:22:50 --> CSRF cookie sent
INFO - 2020-10-22 16:22:50 --> Input Class Initialized
INFO - 2020-10-22 16:22:50 --> Language Class Initialized
INFO - 2020-10-22 16:22:50 --> Language Class Initialized
INFO - 2020-10-22 16:22:50 --> Config Class Initialized
INFO - 2020-10-22 16:22:50 --> Loader Class Initialized
DEBUG - 2020-10-22 16:22:51 --> Config file loaded: D:\xampp\htdocs\mobitrados\application\config/rest.php
INFO - 2020-10-22 16:22:51 --> Helper loaded: url_helper
INFO - 2020-10-22 16:22:51 --> Helper loaded: form_helper
INFO - 2020-10-22 16:22:51 --> Helper loaded: adminurl_helper
INFO - 2020-10-22 16:22:51 --> Helper loaded: site_helper
INFO - 2020-10-22 16:22:51 --> Helper loaded: directory_helper
INFO - 2020-10-22 16:22:51 --> Helper loaded: mail_helper
INFO - 2020-10-22 16:22:51 --> Language file loaded: language/english/api_lang.php
INFO - 2020-10-22 16:22:51 --> Database Driver Class Initialized
INFO - 2020-10-22 16:22:51 --> Email Class Initialized
DEBUG - 2020-10-22 16:22:51 --> Session: "sess_save_path" is empty; using "session.save_path" value from php.ini.
INFO - 2020-10-22 16:22:51 --> Session: Class initialized using 'files' driver.
INFO - 2020-10-22 16:22:51 --> Form Validation Class Initialized
INFO - 2020-10-22 16:22:51 --> Controller Class Initialized
DEBUG - 2020-10-22 16:22:51 --> Public_api MX_Controller Initialized
INFO - 2020-10-22 16:22:51 --> Helper loaded: inflector_helper
INFO - 2020-10-22 16:22:51 --> Language file loaded: language/english/rest_controller_lang.php
DEBUG - 2020-10-22 16:22:51 --> File loaded: D:\xampp\htdocs\mobitrados\application\modules/mobi_api/public_api/models/Public_api_model.php
INFO - 2020-10-22 19:52:52 --> Final output sent to browser
DEBUG - 2020-10-22 19:52:52 --> Total execution time: 1.9076
INFO - 2020-10-22 16:22:54 --> Config Class Initialized
INFO - 2020-10-22 16:22:54 --> Hooks Class Initialized
DEBUG - 2020-10-22 16:22:54 --> UTF-8 Support Enabled
INFO - 2020-10-22 16:22:54 --> Utf8 Class Initialized
INFO - 2020-10-22 16:22:55 --> URI Class Initialized
INFO - 2020-10-22 16:22:55 --> Router Class Initialized
INFO - 2020-10-22 16:22:55 --> Output Class Initialized
INFO - 2020-10-22 16:22:55 --> Security Class Initialized
DEBUG - 2020-10-22 16:22:55 --> Global POST, GET and COOKIE data sanitized
INFO - 2020-10-22 16:22:55 --> CSRF cookie sent
INFO - 2020-10-22 16:22:55 --> Input Class Initialized
INFO - 2020-10-22 16:22:55 --> Language Class Initialized
INFO - 2020-10-22 16:22:55 --> Language Class Initialized
INFO - 2020-10-22 16:22:55 --> Config Class Initialized
INFO - 2020-10-22 16:22:55 --> Loader Class Initialized
DEBUG - 2020-10-22 16:22:55 --> Config file loaded: D:\xampp\htdocs\mobitrados\application\config/rest.php
INFO - 2020-10-22 16:22:55 --> Helper loaded: url_helper
INFO - 2020-10-22 16:22:55 --> Helper loaded: form_helper
INFO - 2020-10-22 16:22:55 --> Helper loaded: adminurl_helper
INFO - 2020-10-22 16:22:55 --> Helper loaded: site_helper
INFO - 2020-10-22 16:22:55 --> Helper loaded: directory_helper
INFO - 2020-10-22 16:22:55 --> Helper loaded: mail_helper
INFO - 2020-10-22 16:22:55 --> Language file loaded: language/english/api_lang.php
INFO - 2020-10-22 16:22:56 --> Database Driver Class Initialized
INFO - 2020-10-22 16:22:56 --> Email Class Initialized
DEBUG - 2020-10-22 16:22:56 --> Session: "sess_save_path" is empty; using "session.save_path" value from php.ini.
INFO - 2020-10-22 16:22:56 --> Session: Class initialized using 'files' driver.
INFO - 2020-10-22 16:22:56 --> Form Validation Class Initialized
INFO - 2020-10-22 16:22:56 --> Controller Class Initialized
DEBUG - 2020-10-22 16:22:56 --> Public_api MX_Controller Initialized
INFO - 2020-10-22 16:22:56 --> Helper loaded: inflector_helper
INFO - 2020-10-22 16:22:56 --> Language file loaded: language/english/rest_controller_lang.php
DEBUG - 2020-10-22 16:22:56 --> File loaded: D:\xampp\htdocs\mobitrados\application\modules/mobi_api/public_api/models/Public_api_model.php
INFO - 2020-10-22 19:52:56 --> Final output sent to browser
DEBUG - 2020-10-22 19:52:56 --> Total execution time: 1.7588
INFO - 2020-10-22 16:25:04 --> Config Class Initialized
INFO - 2020-10-22 16:25:04 --> Hooks Class Initialized
DEBUG - 2020-10-22 16:25:04 --> UTF-8 Support Enabled
INFO - 2020-10-22 16:25:05 --> Utf8 Class Initialized
INFO - 2020-10-22 16:25:05 --> URI Class Initialized
INFO - 2020-10-22 16:25:05 --> Router Class Initialized
INFO - 2020-10-22 16:25:05 --> Output Class Initialized
INFO - 2020-10-22 16:25:05 --> Security Class Initialized
DEBUG - 2020-10-22 16:25:05 --> Global POST, GET and COOKIE data sanitized
INFO - 2020-10-22 16:25:05 --> CSRF cookie sent
INFO - 2020-10-22 16:25:05 --> Input Class Initialized
INFO - 2020-10-22 16:25:05 --> Language Class Initialized
INFO - 2020-10-22 16:25:05 --> Language Class Initialized
INFO - 2020-10-22 16:25:05 --> Config Class Initialized
INFO - 2020-10-22 16:25:05 --> Loader Class Initialized
DEBUG - 2020-10-22 16:25:05 --> Config file loaded: D:\xampp\htdocs\mobitrados\application\config/rest.php
INFO - 2020-10-22 16:25:05 --> Helper loaded: url_helper
INFO - 2020-10-22 16:25:05 --> Helper loaded: form_helper
INFO - 2020-10-22 16:25:05 --> Helper loaded: adminurl_helper
INFO - 2020-10-22 16:25:05 --> Helper loaded: site_helper
INFO - 2020-10-22 16:25:05 --> Helper loaded: directory_helper
INFO - 2020-10-22 16:25:05 --> Helper loaded: mail_helper
INFO - 2020-10-22 16:25:06 --> Language file loaded: language/english/api_lang.php
INFO - 2020-10-22 16:25:06 --> Database Driver Class Initialized
INFO - 2020-10-22 16:25:06 --> Email Class Initialized
DEBUG - 2020-10-22 16:25:06 --> Session: "sess_save_path" is empty; using "session.save_path" value from php.ini.
INFO - 2020-10-22 16:25:06 --> Session: Class initialized using 'files' driver.
INFO - 2020-10-22 16:25:06 --> Form Validation Class Initialized
INFO - 2020-10-22 16:25:06 --> Controller Class Initialized
DEBUG - 2020-10-22 16:25:06 --> Public_api MX_Controller Initialized
INFO - 2020-10-22 16:25:06 --> Helper loaded: inflector_helper
INFO - 2020-10-22 16:25:06 --> Language file loaded: language/english/rest_controller_lang.php
DEBUG - 2020-10-22 16:25:06 --> File loaded: D:\xampp\htdocs\mobitrados\application\modules/mobi_api/public_api/models/Public_api_model.php
ERROR - 2020-10-22 19:55:07 --> Severity: error --> Exception: Call to a member function result() on null D:\xampp\htdocs\mobitrados\application\modules\mobi_api\public_api\controllers\Public_api.php 203
INFO - 2020-10-22 16:25:43 --> Config Class Initialized
INFO - 2020-10-22 16:25:43 --> Hooks Class Initialized
DEBUG - 2020-10-22 16:25:43 --> UTF-8 Support Enabled
INFO - 2020-10-22 16:25:43 --> Utf8 Class Initialized
INFO - 2020-10-22 16:25:43 --> URI Class Initialized
INFO - 2020-10-22 16:25:43 --> Router Class Initialized
INFO - 2020-10-22 16:25:43 --> Output Class Initialized
INFO - 2020-10-22 16:25:43 --> Security Class Initialized
DEBUG - 2020-10-22 16:25:43 --> Global POST, GET and COOKIE data sanitized
INFO - 2020-10-22 16:25:43 --> CSRF cookie sent
INFO - 2020-10-22 16:25:43 --> Input Class Initialized
INFO - 2020-10-22 16:25:43 --> Language Class Initialized
INFO - 2020-10-22 16:25:43 --> Language Class Initialized
INFO - 2020-10-22 16:25:43 --> Config Class Initialized
INFO - 2020-10-22 16:25:43 --> Loader Class Initialized
DEBUG - 2020-10-22 16:25:44 --> Config file loaded: D:\xampp\htdocs\mobitrados\application\config/rest.php
INFO - 2020-10-22 16:25:44 --> Helper loaded: url_helper
INFO - 2020-10-22 16:25:44 --> Helper loaded: form_helper
INFO - 2020-10-22 16:25:44 --> Helper loaded: adminurl_helper
INFO - 2020-10-22 16:25:44 --> Helper loaded: site_helper
INFO - 2020-10-22 16:25:44 --> Helper loaded: directory_helper
INFO - 2020-10-22 16:25:44 --> Helper loaded: mail_helper
INFO - 2020-10-22 16:25:44 --> Language file loaded: language/english/api_lang.php
INFO - 2020-10-22 16:25:44 --> Database Driver Class Initialized
INFO - 2020-10-22 16:25:44 --> Email Class Initialized
DEBUG - 2020-10-22 16:25:44 --> Session: "sess_save_path" is empty; using "session.save_path" value from php.ini.
INFO - 2020-10-22 16:25:44 --> Session: Class initialized using 'files' driver.
INFO - 2020-10-22 16:25:44 --> Form Validation Class Initialized
INFO - 2020-10-22 16:25:44 --> Controller Class Initialized
DEBUG - 2020-10-22 16:25:44 --> Public_api MX_Controller Initialized
INFO - 2020-10-22 16:25:44 --> Helper loaded: inflector_helper
INFO - 2020-10-22 16:25:44 --> Language file loaded: language/english/rest_controller_lang.php
DEBUG - 2020-10-22 16:25:44 --> File loaded: D:\xampp\htdocs\mobitrados\application\modules/mobi_api/public_api/models/Public_api_model.php
INFO - 2020-10-22 19:55:44 --> Final output sent to browser
DEBUG - 2020-10-22 19:55:45 --> Total execution time: 1.8306
INFO - 2020-10-22 16:30:22 --> Config Class Initialized
INFO - 2020-10-22 16:30:22 --> Hooks Class Initialized
DEBUG - 2020-10-22 16:30:22 --> UTF-8 Support Enabled
INFO - 2020-10-22 16:30:22 --> Utf8 Class Initialized
INFO - 2020-10-22 16:30:22 --> URI Class Initialized
INFO - 2020-10-22 16:30:22 --> Router Class Initialized
INFO - 2020-10-22 16:30:22 --> Output Class Initialized
INFO - 2020-10-22 16:30:22 --> Security Class Initialized
DEBUG - 2020-10-22 16:30:22 --> Global POST, GET and COOKIE data sanitized
INFO - 2020-10-22 16:30:22 --> CSRF cookie sent
INFO - 2020-10-22 16:30:22 --> Input Class Initialized
INFO - 2020-10-22 16:30:22 --> Language Class Initialized
INFO - 2020-10-22 16:30:22 --> Language Class Initialized
INFO - 2020-10-22 16:30:22 --> Config Class Initialized
INFO - 2020-10-22 16:30:22 --> Loader Class Initialized
DEBUG - 2020-10-22 16:30:22 --> Config file loaded: D:\xampp\htdocs\mobitrados\application\config/rest.php
INFO - 2020-10-22 16:30:22 --> Helper loaded: url_helper
INFO - 2020-10-22 16:30:22 --> Helper loaded: form_helper
INFO - 2020-10-22 16:30:23 --> Helper loaded: adminurl_helper
INFO - 2020-10-22 16:30:23 --> Helper loaded: site_helper
INFO - 2020-10-22 16:30:23 --> Helper loaded: directory_helper
INFO - 2020-10-22 16:30:23 --> Helper loaded: mail_helper
INFO - 2020-10-22 16:30:23 --> Language file loaded: language/english/api_lang.php
INFO - 2020-10-22 16:30:23 --> Database Driver Class Initialized
INFO - 2020-10-22 16:30:23 --> Email Class Initialized
DEBUG - 2020-10-22 16:30:23 --> Session: "sess_save_path" is empty; using "session.save_path" value from php.ini.
INFO - 2020-10-22 16:30:23 --> Session: Class initialized using 'files' driver.
INFO - 2020-10-22 16:30:23 --> Form Validation Class Initialized
INFO - 2020-10-22 16:30:23 --> Controller Class Initialized
DEBUG - 2020-10-22 16:30:23 --> Public_api MX_Controller Initialized
INFO - 2020-10-22 16:30:23 --> Helper loaded: inflector_helper
INFO - 2020-10-22 16:30:23 --> Language file loaded: language/english/rest_controller_lang.php
DEBUG - 2020-10-22 16:30:23 --> File loaded: D:\xampp\htdocs\mobitrados\application\modules/mobi_api/public_api/models/Public_api_model.php
INFO - 2020-10-22 20:00:23 --> Final output sent to browser
DEBUG - 2020-10-22 20:00:23 --> Total execution time: 1.8059
INFO - 2020-10-22 16:31:40 --> Config Class Initialized
INFO - 2020-10-22 16:31:40 --> Hooks Class Initialized
DEBUG - 2020-10-22 16:31:40 --> UTF-8 Support Enabled
INFO - 2020-10-22 16:31:40 --> Utf8 Class Initialized
INFO - 2020-10-22 16:31:40 --> URI Class Initialized
INFO - 2020-10-22 16:31:40 --> Router Class Initialized
INFO - 2020-10-22 16:31:40 --> Output Class Initialized
INFO - 2020-10-22 16:31:40 --> Security Class Initialized
DEBUG - 2020-10-22 16:31:40 --> Global POST, GET and COOKIE data sanitized
INFO - 2020-10-22 16:31:40 --> CSRF cookie sent
INFO - 2020-10-22 16:31:40 --> Input Class Initialized
INFO - 2020-10-22 16:31:40 --> Language Class Initialized
INFO - 2020-10-22 16:31:40 --> Language Class Initialized
INFO - 2020-10-22 16:31:40 --> Config Class Initialized
INFO - 2020-10-22 16:31:40 --> Loader Class Initialized
DEBUG - 2020-10-22 16:31:40 --> Config file loaded: D:\xampp\htdocs\mobitrados\application\config/rest.php
INFO - 2020-10-22 16:31:40 --> Helper loaded: url_helper
INFO - 2020-10-22 16:31:41 --> Helper loaded: form_helper
INFO - 2020-10-22 16:31:41 --> Helper loaded: adminurl_helper
INFO - 2020-10-22 16:31:41 --> Helper loaded: site_helper
INFO - 2020-10-22 16:31:41 --> Helper loaded: directory_helper
INFO - 2020-10-22 16:31:41 --> Helper loaded: mail_helper
INFO - 2020-10-22 16:31:41 --> Language file loaded: language/english/api_lang.php
INFO - 2020-10-22 16:31:41 --> Database Driver Class Initialized
INFO - 2020-10-22 16:31:41 --> Email Class Initialized
DEBUG - 2020-10-22 16:31:41 --> Session: "sess_save_path" is empty; using "session.save_path" value from php.ini.
INFO - 2020-10-22 16:31:41 --> Session: Class initialized using 'files' driver.
INFO - 2020-10-22 16:31:41 --> Form Validation Class Initialized
INFO - 2020-10-22 16:31:41 --> Controller Class Initialized
DEBUG - 2020-10-22 16:31:41 --> Public_api MX_Controller Initialized
INFO - 2020-10-22 16:31:41 --> Helper loaded: inflector_helper
INFO - 2020-10-22 16:31:41 --> Language file loaded: language/english/rest_controller_lang.php
DEBUG - 2020-10-22 16:31:41 --> File loaded: D:\xampp\htdocs\mobitrados\application\modules/mobi_api/public_api/models/Public_api_model.php
INFO - 2020-10-22 20:01:41 --> Final output sent to browser
DEBUG - 2020-10-22 20:01:41 --> Total execution time: 1.8959
INFO - 2020-10-22 16:34:29 --> Config Class Initialized
INFO - 2020-10-22 16:34:29 --> Hooks Class Initialized
DEBUG - 2020-10-22 16:34:29 --> UTF-8 Support Enabled
INFO - 2020-10-22 16:34:29 --> Utf8 Class Initialized
INFO - 2020-10-22 16:34:29 --> URI Class Initialized
INFO - 2020-10-22 16:34:29 --> Router Class Initialized
INFO - 2020-10-22 16:34:29 --> Output Class Initialized
INFO - 2020-10-22 16:34:29 --> Security Class Initialized
DEBUG - 2020-10-22 16:34:29 --> Global POST, GET and COOKIE data sanitized
INFO - 2020-10-22 16:34:29 --> CSRF cookie sent
INFO - 2020-10-22 16:34:29 --> Input Class Initialized
INFO - 2020-10-22 16:34:29 --> Language Class Initialized
INFO - 2020-10-22 16:34:29 --> Language Class Initialized
INFO - 2020-10-22 16:34:29 --> Config Class Initialized
INFO - 2020-10-22 16:34:29 --> Loader Class Initialized
DEBUG - 2020-10-22 16:34:29 --> Config file loaded: D:\xampp\htdocs\mobitrados\application\config/rest.php
INFO - 2020-10-22 16:34:29 --> Helper loaded: url_helper
INFO - 2020-10-22 16:34:29 --> Helper loaded: form_helper
INFO - 2020-10-22 16:34:30 --> Helper loaded: adminurl_helper
INFO - 2020-10-22 16:34:30 --> Helper loaded: site_helper
INFO - 2020-10-22 16:34:30 --> Helper loaded: directory_helper
INFO - 2020-10-22 16:34:30 --> Helper loaded: mail_helper
INFO - 2020-10-22 16:34:30 --> Language file loaded: language/english/api_lang.php
INFO - 2020-10-22 16:34:30 --> Database Driver Class Initialized
INFO - 2020-10-22 16:34:30 --> Email Class Initialized
DEBUG - 2020-10-22 16:34:30 --> Session: "sess_save_path" is empty; using "session.save_path" value from php.ini.
INFO - 2020-10-22 16:34:30 --> Session: Class initialized using 'files' driver.
INFO - 2020-10-22 16:34:30 --> Form Validation Class Initialized
INFO - 2020-10-22 16:34:30 --> Controller Class Initialized
DEBUG - 2020-10-22 16:34:30 --> Public_api MX_Controller Initialized
INFO - 2020-10-22 16:34:30 --> Helper loaded: inflector_helper
INFO - 2020-10-22 16:34:30 --> Language file loaded: language/english/rest_controller_lang.php
DEBUG - 2020-10-22 16:34:30 --> File loaded: D:\xampp\htdocs\mobitrados\application\modules/mobi_api/public_api/models/Public_api_model.php
INFO - 2020-10-22 20:04:30 --> Final output sent to browser
DEBUG - 2020-10-22 20:04:30 --> Total execution time: 1.7714
INFO - 2020-10-22 16:43:09 --> Config Class Initialized
INFO - 2020-10-22 16:43:09 --> Hooks Class Initialized
DEBUG - 2020-10-22 16:43:09 --> UTF-8 Support Enabled
INFO - 2020-10-22 16:43:09 --> Utf8 Class Initialized
INFO - 2020-10-22 16:43:09 --> URI Class Initialized
INFO - 2020-10-22 16:43:09 --> Router Class Initialized
INFO - 2020-10-22 16:43:09 --> Output Class Initialized
INFO - 2020-10-22 16:43:09 --> Security Class Initialized
DEBUG - 2020-10-22 16:43:09 --> Global POST, GET and COOKIE data sanitized
INFO - 2020-10-22 16:43:09 --> CSRF cookie sent
INFO - 2020-10-22 16:43:09 --> Input Class Initialized
INFO - 2020-10-22 16:43:09 --> Language Class Initialized
INFO - 2020-10-22 16:43:09 --> Language Class Initialized
INFO - 2020-10-22 16:43:09 --> Config Class Initialized
INFO - 2020-10-22 16:43:09 --> Loader Class Initialized
DEBUG - 2020-10-22 16:43:09 --> Config file loaded: D:\xampp\htdocs\mobitrados\application\config/rest.php
INFO - 2020-10-22 16:43:09 --> Helper loaded: url_helper
INFO - 2020-10-22 16:43:09 --> Helper loaded: form_helper
INFO - 2020-10-22 16:43:10 --> Helper loaded: adminurl_helper
INFO - 2020-10-22 16:43:10 --> Helper loaded: site_helper
INFO - 2020-10-22 16:43:10 --> Helper loaded: directory_helper
INFO - 2020-10-22 16:43:10 --> Helper loaded: mail_helper
INFO - 2020-10-22 16:43:10 --> Language file loaded: language/english/api_lang.php
INFO - 2020-10-22 16:43:10 --> Database Driver Class Initialized
INFO - 2020-10-22 16:43:10 --> Email Class Initialized
DEBUG - 2020-10-22 16:43:10 --> Session: "sess_save_path" is empty; using "session.save_path" value from php.ini.
INFO - 2020-10-22 16:43:10 --> Session: Class initialized using 'files' driver.
INFO - 2020-10-22 16:43:10 --> Form Validation Class Initialized
INFO - 2020-10-22 16:43:10 --> Controller Class Initialized
DEBUG - 2020-10-22 16:43:10 --> Public_api MX_Controller Initialized
INFO - 2020-10-22 16:43:10 --> Helper loaded: inflector_helper
INFO - 2020-10-22 16:43:10 --> Language file loaded: language/english/rest_controller_lang.php
DEBUG - 2020-10-22 16:43:10 --> File loaded: D:\xampp\htdocs\mobitrados\application\modules/mobi_api/public_api/models/Public_api_model.php
INFO - 2020-10-22 20:13:10 --> Final output sent to browser
DEBUG - 2020-10-22 20:13:10 --> Total execution time: 1.7243
INFO - 2020-10-22 16:46:06 --> Config Class Initialized
INFO - 2020-10-22 16:46:07 --> Hooks Class Initialized
DEBUG - 2020-10-22 16:46:07 --> UTF-8 Support Enabled
INFO - 2020-10-22 16:46:07 --> Utf8 Class Initialized
INFO - 2020-10-22 16:46:07 --> URI Class Initialized
INFO - 2020-10-22 16:46:07 --> Router Class Initialized
INFO - 2020-10-22 16:46:07 --> Output Class Initialized
INFO - 2020-10-22 16:46:07 --> Security Class Initialized
DEBUG - 2020-10-22 16:46:07 --> Global POST, GET and COOKIE data sanitized
INFO - 2020-10-22 16:46:07 --> CSRF cookie sent
INFO - 2020-10-22 16:46:07 --> Input Class Initialized
INFO - 2020-10-22 16:46:07 --> Language Class Initialized
INFO - 2020-10-22 16:46:07 --> Language Class Initialized
INFO - 2020-10-22 16:46:07 --> Config Class Initialized
INFO - 2020-10-22 16:46:08 --> Loader Class Initialized
DEBUG - 2020-10-22 16:46:08 --> Config file loaded: D:\xampp\htdocs\mobitrados\application\config/rest.php
INFO - 2020-10-22 16:46:08 --> Helper loaded: url_helper
INFO - 2020-10-22 16:46:08 --> Helper loaded: form_helper
INFO - 2020-10-22 16:46:08 --> Helper loaded: adminurl_helper
INFO - 2020-10-22 16:46:08 --> Helper loaded: site_helper
INFO - 2020-10-22 16:46:08 --> Helper loaded: directory_helper
INFO - 2020-10-22 16:46:08 --> Helper loaded: mail_helper
INFO - 2020-10-22 16:46:08 --> Language file loaded: language/english/api_lang.php
INFO - 2020-10-22 16:46:08 --> Database Driver Class Initialized
INFO - 2020-10-22 16:46:08 --> Email Class Initialized
DEBUG - 2020-10-22 16:46:08 --> Session: "sess_save_path" is empty; using "session.save_path" value from php.ini.
INFO - 2020-10-22 16:46:08 --> Session: Class initialized using 'files' driver.
INFO - 2020-10-22 16:46:08 --> Form Validation Class Initialized
INFO - 2020-10-22 16:46:08 --> Controller Class Initialized
DEBUG - 2020-10-22 16:46:08 --> Public_api MX_Controller Initialized
INFO - 2020-10-22 16:46:08 --> Helper loaded: inflector_helper
INFO - 2020-10-22 16:46:09 --> Language file loaded: language/english/rest_controller_lang.php
DEBUG - 2020-10-22 16:46:09 --> File loaded: D:\xampp\htdocs\mobitrados\application\modules/mobi_api/public_api/models/Public_api_model.php
INFO - 2020-10-22 20:16:09 --> Final output sent to browser
DEBUG - 2020-10-22 20:16:09 --> Total execution time: 2.2560
INFO - 2020-10-22 16:46:32 --> Config Class Initialized
INFO - 2020-10-22 16:46:32 --> Hooks Class Initialized
DEBUG - 2020-10-22 16:46:32 --> UTF-8 Support Enabled
INFO - 2020-10-22 16:46:32 --> Utf8 Class Initialized
INFO - 2020-10-22 16:46:33 --> URI Class Initialized
INFO - 2020-10-22 16:46:33 --> Router Class Initialized
INFO - 2020-10-22 16:46:33 --> Output Class Initialized
INFO - 2020-10-22 16:46:33 --> Security Class Initialized
DEBUG - 2020-10-22 16:46:33 --> Global POST, GET and COOKIE data sanitized
INFO - 2020-10-22 16:46:33 --> CSRF cookie sent
INFO - 2020-10-22 16:46:33 --> Input Class Initialized
INFO - 2020-10-22 16:46:33 --> Language Class Initialized
INFO - 2020-10-22 16:46:33 --> Language Class Initialized
INFO - 2020-10-22 16:46:33 --> Config Class Initialized
INFO - 2020-10-22 16:46:33 --> Loader Class Initialized
DEBUG - 2020-10-22 16:46:33 --> Config file loaded: D:\xampp\htdocs\mobitrados\application\config/rest.php
INFO - 2020-10-22 16:46:33 --> Helper loaded: url_helper
INFO - 2020-10-22 16:46:33 --> Helper loaded: form_helper
INFO - 2020-10-22 16:46:33 --> Helper loaded: adminurl_helper
INFO - 2020-10-22 16:46:33 --> Helper loaded: site_helper
INFO - 2020-10-22 16:46:33 --> Helper loaded: directory_helper
INFO - 2020-10-22 16:46:33 --> Helper loaded: mail_helper
INFO - 2020-10-22 16:46:34 --> Language file loaded: language/english/api_lang.php
INFO - 2020-10-22 16:46:34 --> Database Driver Class Initialized
INFO - 2020-10-22 16:46:34 --> Email Class Initialized
DEBUG - 2020-10-22 16:46:34 --> Session: "sess_save_path" is empty; using "session.save_path" value from php.ini.
INFO - 2020-10-22 16:46:34 --> Session: Class initialized using 'files' driver.
INFO - 2020-10-22 16:46:34 --> Form Validation Class Initialized
INFO - 2020-10-22 16:46:34 --> Controller Class Initialized
DEBUG - 2020-10-22 16:46:34 --> Public_api MX_Controller Initialized
INFO - 2020-10-22 16:46:34 --> Helper loaded: inflector_helper
INFO - 2020-10-22 16:46:34 --> Language file loaded: language/english/rest_controller_lang.php
DEBUG - 2020-10-22 16:46:34 --> File loaded: D:\xampp\htdocs\mobitrados\application\modules/mobi_api/public_api/models/Public_api_model.php
INFO - 2020-10-22 20:16:34 --> Final output sent to browser
DEBUG - 2020-10-22 20:16:34 --> Total execution time: 1.8112
INFO - 2020-10-22 16:48:14 --> Config Class Initialized
INFO - 2020-10-22 16:48:15 --> Hooks Class Initialized
DEBUG - 2020-10-22 16:48:15 --> UTF-8 Support Enabled
INFO - 2020-10-22 16:48:15 --> Utf8 Class Initialized
INFO - 2020-10-22 16:48:15 --> URI Class Initialized
INFO - 2020-10-22 16:48:15 --> Router Class Initialized
INFO - 2020-10-22 16:48:15 --> Output Class Initialized
INFO - 2020-10-22 16:48:15 --> Security Class Initialized
DEBUG - 2020-10-22 16:48:15 --> Global POST, GET and COOKIE data sanitized
INFO - 2020-10-22 16:48:15 --> CSRF cookie sent
INFO - 2020-10-22 16:48:15 --> Input Class Initialized
INFO - 2020-10-22 16:48:15 --> Language Class Initialized
INFO - 2020-10-22 16:48:15 --> Language Class Initialized
INFO - 2020-10-22 16:48:15 --> Config Class Initialized
INFO - 2020-10-22 16:48:15 --> Loader Class Initialized
DEBUG - 2020-10-22 16:48:15 --> Config file loaded: D:\xampp\htdocs\mobitrados\application\config/rest.php
INFO - 2020-10-22 16:48:15 --> Helper loaded: url_helper
INFO - 2020-10-22 16:48:15 --> Helper loaded: form_helper
INFO - 2020-10-22 16:48:15 --> Helper loaded: adminurl_helper
INFO - 2020-10-22 16:48:15 --> Helper loaded: site_helper
INFO - 2020-10-22 16:48:16 --> Helper loaded: directory_helper
INFO - 2020-10-22 16:48:16 --> Helper loaded: mail_helper
INFO - 2020-10-22 16:48:16 --> Language file loaded: language/english/api_lang.php
INFO - 2020-10-22 16:48:16 --> Database Driver Class Initialized
INFO - 2020-10-22 16:48:16 --> Email Class Initialized
DEBUG - 2020-10-22 16:48:16 --> Session: "sess_save_path" is empty; using "session.save_path" value from php.ini.
INFO - 2020-10-22 16:48:16 --> Session: Class initialized using 'files' driver.
INFO - 2020-10-22 16:48:16 --> Form Validation Class Initialized
INFO - 2020-10-22 16:48:16 --> Controller Class Initialized
DEBUG - 2020-10-22 16:48:16 --> Public_api MX_Controller Initialized
INFO - 2020-10-22 16:48:16 --> Helper loaded: inflector_helper
INFO - 2020-10-22 16:48:16 --> Language file loaded: language/english/rest_controller_lang.php
DEBUG - 2020-10-22 16:48:16 --> File loaded: D:\xampp\htdocs\mobitrados\application\modules/mobi_api/public_api/models/Public_api_model.php
INFO - 2020-10-22 20:18:16 --> Final output sent to browser
DEBUG - 2020-10-22 20:18:16 --> Total execution time: 1.8758
INFO - 2020-10-22 16:49:16 --> Config Class Initialized
INFO - 2020-10-22 16:49:16 --> Hooks Class Initialized
DEBUG - 2020-10-22 16:49:16 --> UTF-8 Support Enabled
INFO - 2020-10-22 16:49:16 --> Utf8 Class Initialized
INFO - 2020-10-22 16:49:16 --> URI Class Initialized
INFO - 2020-10-22 16:49:16 --> Router Class Initialized
INFO - 2020-10-22 16:49:16 --> Output Class Initialized
INFO - 2020-10-22 16:49:16 --> Security Class Initialized
DEBUG - 2020-10-22 16:49:16 --> Global POST, GET and COOKIE data sanitized
INFO - 2020-10-22 16:49:16 --> CSRF cookie sent
INFO - 2020-10-22 16:49:16 --> Input Class Initialized
INFO - 2020-10-22 16:49:16 --> Language Class Initialized
INFO - 2020-10-22 16:49:16 --> Language Class Initialized
INFO - 2020-10-22 16:49:16 --> Config Class Initialized
INFO - 2020-10-22 16:49:16 --> Loader Class Initialized
DEBUG - 2020-10-22 16:49:16 --> Config file loaded: D:\xampp\htdocs\mobitrados\application\config/rest.php
INFO - 2020-10-22 16:49:16 --> Helper loaded: url_helper
INFO - 2020-10-22 16:49:16 --> Helper loaded: form_helper
INFO - 2020-10-22 16:49:17 --> Helper loaded: adminurl_helper
INFO - 2020-10-22 16:49:17 --> Helper loaded: site_helper
INFO - 2020-10-22 16:49:17 --> Helper loaded: directory_helper
INFO - 2020-10-22 16:49:17 --> Helper loaded: mail_helper
INFO - 2020-10-22 16:49:17 --> Language file loaded: language/english/api_lang.php
INFO - 2020-10-22 16:49:17 --> Database Driver Class Initialized
INFO - 2020-10-22 16:49:17 --> Email Class Initialized
DEBUG - 2020-10-22 16:49:17 --> Session: "sess_save_path" is empty; using "session.save_path" value from php.ini.
INFO - 2020-10-22 16:49:17 --> Session: Class initialized using 'files' driver.
INFO - 2020-10-22 16:49:17 --> Form Validation Class Initialized
INFO - 2020-10-22 16:49:17 --> Controller Class Initialized
DEBUG - 2020-10-22 16:49:17 --> Public_api MX_Controller Initialized
INFO - 2020-10-22 16:49:17 --> Helper loaded: inflector_helper
INFO - 2020-10-22 16:49:17 --> Language file loaded: language/english/rest_controller_lang.php
DEBUG - 2020-10-22 16:49:17 --> File loaded: D:\xampp\htdocs\mobitrados\application\modules/mobi_api/public_api/models/Public_api_model.php
INFO - 2020-10-22 20:19:17 --> Final output sent to browser
DEBUG - 2020-10-22 20:19:17 --> Total execution time: 1.7267
INFO - 2020-10-22 16:49:59 --> Config Class Initialized
INFO - 2020-10-22 16:49:59 --> Hooks Class Initialized
DEBUG - 2020-10-22 16:49:59 --> UTF-8 Support Enabled
INFO - 2020-10-22 16:49:59 --> Utf8 Class Initialized
INFO - 2020-10-22 16:49:59 --> URI Class Initialized
INFO - 2020-10-22 16:49:59 --> Router Class Initialized
INFO - 2020-10-22 16:49:59 --> Output Class Initialized
INFO - 2020-10-22 16:49:59 --> Security Class Initialized
DEBUG - 2020-10-22 16:49:59 --> Global POST, GET and COOKIE data sanitized
INFO - 2020-10-22 16:49:59 --> CSRF cookie sent
INFO - 2020-10-22 16:49:59 --> Input Class Initialized
INFO - 2020-10-22 16:49:59 --> Language Class Initialized
INFO - 2020-10-22 16:50:00 --> Language Class Initialized
INFO - 2020-10-22 16:50:00 --> Config Class Initialized
INFO - 2020-10-22 16:50:00 --> Loader Class Initialized
DEBUG - 2020-10-22 16:50:00 --> Config file loaded: D:\xampp\htdocs\mobitrados\application\config/rest.php
INFO - 2020-10-22 16:50:00 --> Helper loaded: url_helper
INFO - 2020-10-22 16:50:00 --> Helper loaded: form_helper
INFO - 2020-10-22 16:50:00 --> Helper loaded: adminurl_helper
INFO - 2020-10-22 16:50:00 --> Helper loaded: site_helper
INFO - 2020-10-22 16:50:00 --> Helper loaded: directory_helper
INFO - 2020-10-22 16:50:00 --> Helper loaded: mail_helper
INFO - 2020-10-22 16:50:00 --> Language file loaded: language/english/api_lang.php
INFO - 2020-10-22 16:50:00 --> Database Driver Class Initialized
INFO - 2020-10-22 16:50:00 --> Email Class Initialized
DEBUG - 2020-10-22 16:50:00 --> Session: "sess_save_path" is empty; using "session.save_path" value from php.ini.
INFO - 2020-10-22 16:50:00 --> Session: Class initialized using 'files' driver.
INFO - 2020-10-22 16:50:00 --> Form Validation Class Initialized
INFO - 2020-10-22 16:50:00 --> Controller Class Initialized
DEBUG - 2020-10-22 16:50:00 --> Public_api MX_Controller Initialized
INFO - 2020-10-22 16:50:00 --> Helper loaded: inflector_helper
INFO - 2020-10-22 16:50:01 --> Language file loaded: language/english/rest_controller_lang.php
DEBUG - 2020-10-22 16:50:01 --> File loaded: D:\xampp\htdocs\mobitrados\application\modules/mobi_api/public_api/models/Public_api_model.php
INFO - 2020-10-22 20:20:01 --> Final output sent to browser
DEBUG - 2020-10-22 20:20:01 --> Total execution time: 1.7866
INFO - 2020-10-22 16:51:33 --> Config Class Initialized
INFO - 2020-10-22 16:51:33 --> Hooks Class Initialized
DEBUG - 2020-10-22 16:51:33 --> UTF-8 Support Enabled
INFO - 2020-10-22 16:51:33 --> Utf8 Class Initialized
INFO - 2020-10-22 16:51:33 --> URI Class Initialized
INFO - 2020-10-22 16:51:33 --> Router Class Initialized
INFO - 2020-10-22 16:51:33 --> Output Class Initialized
INFO - 2020-10-22 16:51:33 --> Security Class Initialized
DEBUG - 2020-10-22 16:51:33 --> Global POST, GET and COOKIE data sanitized
INFO - 2020-10-22 16:51:33 --> CSRF cookie sent
INFO - 2020-10-22 16:51:34 --> Input Class Initialized
INFO - 2020-10-22 16:51:34 --> Language Class Initialized
INFO - 2020-10-22 16:51:34 --> Language Class Initialized
INFO - 2020-10-22 16:51:34 --> Config Class Initialized
INFO - 2020-10-22 16:51:34 --> Loader Class Initialized
DEBUG - 2020-10-22 16:51:34 --> Config file loaded: D:\xampp\htdocs\mobitrados\application\config/rest.php
INFO - 2020-10-22 16:51:34 --> Helper loaded: url_helper
INFO - 2020-10-22 16:51:34 --> Helper loaded: form_helper
INFO - 2020-10-22 16:51:34 --> Helper loaded: adminurl_helper
INFO - 2020-10-22 16:51:34 --> Helper loaded: site_helper
INFO - 2020-10-22 16:51:34 --> Helper loaded: directory_helper
INFO - 2020-10-22 16:51:34 --> Helper loaded: mail_helper
INFO - 2020-10-22 16:51:34 --> Language file loaded: language/english/api_lang.php
INFO - 2020-10-22 16:51:34 --> Database Driver Class Initialized
INFO - 2020-10-22 16:51:34 --> Email Class Initialized
DEBUG - 2020-10-22 16:51:34 --> Session: "sess_save_path" is empty; using "session.save_path" value from php.ini.
INFO - 2020-10-22 16:51:34 --> Session: Class initialized using 'files' driver.
INFO - 2020-10-22 16:51:34 --> Form Validation Class Initialized
INFO - 2020-10-22 16:51:35 --> Controller Class Initialized
DEBUG - 2020-10-22 16:51:35 --> Public_api MX_Controller Initialized
INFO - 2020-10-22 16:51:35 --> Helper loaded: inflector_helper
INFO - 2020-10-22 16:51:35 --> Language file loaded: language/english/rest_controller_lang.php
DEBUG - 2020-10-22 16:51:35 --> File loaded: D:\xampp\htdocs\mobitrados\application\modules/mobi_api/public_api/models/Public_api_model.php
INFO - 2020-10-22 20:21:35 --> Final output sent to browser
DEBUG - 2020-10-22 20:21:35 --> Total execution time: 1.8650
INFO - 2020-10-22 16:52:22 --> Config Class Initialized
INFO - 2020-10-22 16:52:22 --> Hooks Class Initialized
DEBUG - 2020-10-22 16:52:22 --> UTF-8 Support Enabled
INFO - 2020-10-22 16:52:22 --> Utf8 Class Initialized
INFO - 2020-10-22 16:52:22 --> URI Class Initialized
INFO - 2020-10-22 16:52:22 --> Router Class Initialized
INFO - 2020-10-22 16:52:23 --> Output Class Initialized
INFO - 2020-10-22 16:52:23 --> Security Class Initialized
DEBUG - 2020-10-22 16:52:23 --> Global POST, GET and COOKIE data sanitized
INFO - 2020-10-22 16:52:23 --> CSRF cookie sent
INFO - 2020-10-22 16:52:23 --> Input Class Initialized
INFO - 2020-10-22 16:52:23 --> Language Class Initialized
INFO - 2020-10-22 16:52:23 --> Language Class Initialized
INFO - 2020-10-22 16:52:23 --> Config Class Initialized
INFO - 2020-10-22 16:52:23 --> Loader Class Initialized
DEBUG - 2020-10-22 16:52:23 --> Config file loaded: D:\xampp\htdocs\mobitrados\application\config/rest.php
INFO - 2020-10-22 16:52:23 --> Helper loaded: url_helper
INFO - 2020-10-22 16:52:23 --> Helper loaded: form_helper
INFO - 2020-10-22 16:52:23 --> Helper loaded: adminurl_helper
INFO - 2020-10-22 16:52:23 --> Helper loaded: site_helper
INFO - 2020-10-22 16:52:23 --> Helper loaded: directory_helper
INFO - 2020-10-22 16:52:23 --> Helper loaded: mail_helper
INFO - 2020-10-22 16:52:23 --> Language file loaded: language/english/api_lang.php
INFO - 2020-10-22 16:52:24 --> Database Driver Class Initialized
INFO - 2020-10-22 16:52:24 --> Email Class Initialized
DEBUG - 2020-10-22 16:52:24 --> Session: "sess_save_path" is empty; using "session.save_path" value from php.ini.
INFO - 2020-10-22 16:52:24 --> Session: Class initialized using 'files' driver.
INFO - 2020-10-22 16:52:24 --> Form Validation Class Initialized
INFO - 2020-10-22 16:52:24 --> Controller Class Initialized
DEBUG - 2020-10-22 16:52:24 --> Public_api MX_Controller Initialized
INFO - 2020-10-22 16:52:24 --> Helper loaded: inflector_helper
INFO - 2020-10-22 16:52:24 --> Language file loaded: language/english/rest_controller_lang.php
DEBUG - 2020-10-22 16:52:24 --> File loaded: D:\xampp\htdocs\mobitrados\application\modules/mobi_api/public_api/models/Public_api_model.php
INFO - 2020-10-22 20:22:24 --> Final output sent to browser
DEBUG - 2020-10-22 20:22:24 --> Total execution time: 1.8579
INFO - 2020-10-22 16:52:56 --> Config Class Initialized
INFO - 2020-10-22 16:52:56 --> Hooks Class Initialized
DEBUG - 2020-10-22 16:52:56 --> UTF-8 Support Enabled
INFO - 2020-10-22 16:52:56 --> Utf8 Class Initialized
INFO - 2020-10-22 16:52:56 --> URI Class Initialized
INFO - 2020-10-22 16:52:56 --> Router Class Initialized
INFO - 2020-10-22 16:52:56 --> Output Class Initialized
INFO - 2020-10-22 16:52:56 --> Security Class Initialized
DEBUG - 2020-10-22 16:52:57 --> Global POST, GET and COOKIE data sanitized
INFO - 2020-10-22 16:52:57 --> CSRF cookie sent
INFO - 2020-10-22 16:52:57 --> Input Class Initialized
INFO - 2020-10-22 16:52:57 --> Language Class Initialized
INFO - 2020-10-22 16:52:57 --> Language Class Initialized
INFO - 2020-10-22 16:52:57 --> Config Class Initialized
INFO - 2020-10-22 16:52:57 --> Loader Class Initialized
DEBUG - 2020-10-22 16:52:57 --> Config file loaded: D:\xampp\htdocs\mobitrados\application\config/rest.php
INFO - 2020-10-22 16:52:57 --> Helper loaded: url_helper
INFO - 2020-10-22 16:52:57 --> Helper loaded: form_helper
INFO - 2020-10-22 16:52:57 --> Helper loaded: adminurl_helper
INFO - 2020-10-22 16:52:57 --> Helper loaded: site_helper
INFO - 2020-10-22 16:52:57 --> Helper loaded: directory_helper
INFO - 2020-10-22 16:52:57 --> Helper loaded: mail_helper
INFO - 2020-10-22 16:52:57 --> Language file loaded: language/english/api_lang.php
INFO - 2020-10-22 16:52:57 --> Database Driver Class Initialized
INFO - 2020-10-22 16:52:57 --> Email Class Initialized
DEBUG - 2020-10-22 16:52:57 --> Session: "sess_save_path" is empty; using "session.save_path" value from php.ini.
INFO - 2020-10-22 16:52:57 --> Session: Class initialized using 'files' driver.
INFO - 2020-10-22 16:52:58 --> Form Validation Class Initialized
INFO - 2020-10-22 16:52:58 --> Controller Class Initialized
DEBUG - 2020-10-22 16:52:58 --> Public_api MX_Controller Initialized
INFO - 2020-10-22 16:52:58 --> Helper loaded: inflector_helper
INFO - 2020-10-22 16:52:58 --> Language file loaded: language/english/rest_controller_lang.php
DEBUG - 2020-10-22 16:52:58 --> File loaded: D:\xampp\htdocs\mobitrados\application\modules/mobi_api/public_api/models/Public_api_model.php
INFO - 2020-10-22 20:22:58 --> Final output sent to browser
DEBUG - 2020-10-22 20:22:58 --> Total execution time: 1.7258
INFO - 2020-10-22 16:53:11 --> Config Class Initialized
INFO - 2020-10-22 16:53:11 --> Hooks Class Initialized
DEBUG - 2020-10-22 16:53:11 --> UTF-8 Support Enabled
INFO - 2020-10-22 16:53:11 --> Utf8 Class Initialized
INFO - 2020-10-22 16:53:11 --> URI Class Initialized
INFO - 2020-10-22 16:53:11 --> Router Class Initialized
INFO - 2020-10-22 16:53:12 --> Output Class Initialized
INFO - 2020-10-22 16:53:12 --> Security Class Initialized
DEBUG - 2020-10-22 16:53:12 --> Global POST, GET and COOKIE data sanitized
INFO - 2020-10-22 16:53:12 --> CSRF cookie sent
INFO - 2020-10-22 16:53:12 --> Input Class Initialized
INFO - 2020-10-22 16:53:12 --> Language Class Initialized
INFO - 2020-10-22 16:53:12 --> Language Class Initialized
INFO - 2020-10-22 16:53:12 --> Config Class Initialized
INFO - 2020-10-22 16:53:12 --> Loader Class Initialized
DEBUG - 2020-10-22 16:53:12 --> Config file loaded: D:\xampp\htdocs\mobitrados\application\config/rest.php
INFO - 2020-10-22 16:53:12 --> Helper loaded: url_helper
INFO - 2020-10-22 16:53:12 --> Helper loaded: form_helper
INFO - 2020-10-22 16:53:12 --> Helper loaded: adminurl_helper
INFO - 2020-10-22 16:53:12 --> Helper loaded: site_helper
INFO - 2020-10-22 16:53:12 --> Helper loaded: directory_helper
INFO - 2020-10-22 16:53:12 --> Helper loaded: mail_helper
INFO - 2020-10-22 16:53:12 --> Language file loaded: language/english/api_lang.php
INFO - 2020-10-22 16:53:12 --> Database Driver Class Initialized
INFO - 2020-10-22 16:53:13 --> Email Class Initialized
DEBUG - 2020-10-22 16:53:13 --> Session: "sess_save_path" is empty; using "session.save_path" value from php.ini.
INFO - 2020-10-22 16:53:13 --> Session: Class initialized using 'files' driver.
INFO - 2020-10-22 16:53:13 --> Form Validation Class Initialized
INFO - 2020-10-22 16:53:13 --> Controller Class Initialized
DEBUG - 2020-10-22 16:53:13 --> Public_api MX_Controller Initialized
INFO - 2020-10-22 16:53:13 --> Helper loaded: inflector_helper
INFO - 2020-10-22 16:53:13 --> Language file loaded: language/english/rest_controller_lang.php
DEBUG - 2020-10-22 16:53:13 --> File loaded: D:\xampp\htdocs\mobitrados\application\modules/mobi_api/public_api/models/Public_api_model.php
INFO - 2020-10-22 20:23:13 --> Final output sent to browser
DEBUG - 2020-10-22 20:23:13 --> Total execution time: 1.8232
INFO - 2020-10-22 16:53:33 --> Config Class Initialized
INFO - 2020-10-22 16:53:33 --> Hooks Class Initialized
DEBUG - 2020-10-22 16:53:33 --> UTF-8 Support Enabled
INFO - 2020-10-22 16:53:33 --> Utf8 Class Initialized
INFO - 2020-10-22 16:53:33 --> URI Class Initialized
INFO - 2020-10-22 16:53:33 --> Router Class Initialized
INFO - 2020-10-22 16:53:33 --> Output Class Initialized
INFO - 2020-10-22 16:53:33 --> Security Class Initialized
DEBUG - 2020-10-22 16:53:33 --> Global POST, GET and COOKIE data sanitized
INFO - 2020-10-22 16:53:34 --> CSRF cookie sent
INFO - 2020-10-22 16:53:34 --> Input Class Initialized
INFO - 2020-10-22 16:53:34 --> Language Class Initialized
INFO - 2020-10-22 16:53:34 --> Language Class Initialized
INFO - 2020-10-22 16:53:34 --> Config Class Initialized
INFO - 2020-10-22 16:53:34 --> Loader Class Initialized
DEBUG - 2020-10-22 16:53:34 --> Config file loaded: D:\xampp\htdocs\mobitrados\application\config/rest.php
INFO - 2020-10-22 16:53:34 --> Helper loaded: url_helper
INFO - 2020-10-22 16:53:34 --> Helper loaded: form_helper
INFO - 2020-10-22 16:53:34 --> Helper loaded: adminurl_helper
INFO - 2020-10-22 16:53:34 --> Helper loaded: site_helper
INFO - 2020-10-22 16:53:34 --> Helper loaded: directory_helper
INFO - 2020-10-22 16:53:34 --> Helper loaded: mail_helper
INFO - 2020-10-22 16:53:34 --> Language file loaded: language/english/api_lang.php
INFO - 2020-10-22 16:53:34 --> Database Driver Class Initialized
INFO - 2020-10-22 16:53:34 --> Email Class Initialized
DEBUG - 2020-10-22 16:53:34 --> Session: "sess_save_path" is empty; using "session.save_path" value from php.ini.
INFO - 2020-10-22 16:53:35 --> Session: Class initialized using 'files' driver.
INFO - 2020-10-22 16:53:35 --> Form Validation Class Initialized
INFO - 2020-10-22 16:53:35 --> Controller Class Initialized
DEBUG - 2020-10-22 16:53:35 --> Public_api MX_Controller Initialized
INFO - 2020-10-22 16:53:35 --> Helper loaded: inflector_helper
INFO - 2020-10-22 16:53:35 --> Language file loaded: language/english/rest_controller_lang.php
DEBUG - 2020-10-22 16:53:35 --> File loaded: D:\xampp\htdocs\mobitrados\application\modules/mobi_api/public_api/models/Public_api_model.php
INFO - 2020-10-22 20:23:35 --> Final output sent to browser
DEBUG - 2020-10-22 20:23:35 --> Total execution time: 1.9153
INFO - 2020-10-22 17:05:20 --> Config Class Initialized
INFO - 2020-10-22 17:05:20 --> Hooks Class Initialized
DEBUG - 2020-10-22 17:05:20 --> UTF-8 Support Enabled
INFO - 2020-10-22 17:05:20 --> Utf8 Class Initialized
INFO - 2020-10-22 17:05:20 --> URI Class Initialized
INFO - 2020-10-22 17:05:20 --> Router Class Initialized
INFO - 2020-10-22 17:05:20 --> Output Class Initialized
INFO - 2020-10-22 17:05:21 --> Security Class Initialized
DEBUG - 2020-10-22 17:05:21 --> Global POST, GET and COOKIE data sanitized
INFO - 2020-10-22 17:05:21 --> CSRF cookie sent
INFO - 2020-10-22 17:05:21 --> Input Class Initialized
INFO - 2020-10-22 17:05:21 --> Language Class Initialized
INFO - 2020-10-22 17:05:21 --> Language Class Initialized
INFO - 2020-10-22 17:05:21 --> Config Class Initialized
INFO - 2020-10-22 17:05:21 --> Loader Class Initialized
DEBUG - 2020-10-22 17:05:21 --> Config file loaded: D:\xampp\htdocs\mobitrados\application\config/rest.php
INFO - 2020-10-22 17:05:21 --> Helper loaded: url_helper
INFO - 2020-10-22 17:05:21 --> Helper loaded: form_helper
INFO - 2020-10-22 17:05:21 --> Helper loaded: adminurl_helper
INFO - 2020-10-22 17:05:21 --> Helper loaded: site_helper
INFO - 2020-10-22 17:05:21 --> Helper loaded: directory_helper
INFO - 2020-10-22 17:05:21 --> Helper loaded: mail_helper
INFO - 2020-10-22 17:05:21 --> Language file loaded: language/english/api_lang.php
INFO - 2020-10-22 17:05:21 --> Database Driver Class Initialized
INFO - 2020-10-22 17:05:21 --> Email Class Initialized
DEBUG - 2020-10-22 17:05:21 --> Session: "sess_save_path" is empty; using "session.save_path" value from php.ini.
INFO - 2020-10-22 17:05:22 --> Session: Class initialized using 'files' driver.
INFO - 2020-10-22 17:05:22 --> Form Validation Class Initialized
INFO - 2020-10-22 17:05:22 --> Controller Class Initialized
DEBUG - 2020-10-22 17:05:22 --> Public_api MX_Controller Initialized
INFO - 2020-10-22 17:05:22 --> Helper loaded: inflector_helper
INFO - 2020-10-22 17:05:22 --> Language file loaded: language/english/rest_controller_lang.php
DEBUG - 2020-10-22 17:05:22 --> File loaded: D:\xampp\htdocs\mobitrados\application\modules/mobi_api/public_api/models/Public_api_model.php
INFO - 2020-10-22 20:35:22 --> Final output sent to browser
DEBUG - 2020-10-22 20:35:22 --> Total execution time: 1.8546
INFO - 2020-10-22 17:05:48 --> Config Class Initialized
INFO - 2020-10-22 17:05:48 --> Hooks Class Initialized
DEBUG - 2020-10-22 17:05:49 --> UTF-8 Support Enabled
INFO - 2020-10-22 17:05:49 --> Utf8 Class Initialized
INFO - 2020-10-22 17:05:49 --> URI Class Initialized
INFO - 2020-10-22 17:05:49 --> Router Class Initialized
INFO - 2020-10-22 17:05:49 --> Output Class Initialized
INFO - 2020-10-22 17:05:49 --> Security Class Initialized
DEBUG - 2020-10-22 17:05:49 --> Global POST, GET and COOKIE data sanitized
INFO - 2020-10-22 17:05:49 --> CSRF cookie sent
INFO - 2020-10-22 17:05:49 --> Input Class Initialized
INFO - 2020-10-22 17:05:49 --> Language Class Initialized
INFO - 2020-10-22 17:05:49 --> Language Class Initialized
INFO - 2020-10-22 17:05:49 --> Config Class Initialized
INFO - 2020-10-22 17:05:49 --> Loader Class Initialized
DEBUG - 2020-10-22 17:05:49 --> Config file loaded: D:\xampp\htdocs\mobitrados\application\config/rest.php
INFO - 2020-10-22 17:05:49 --> Helper loaded: url_helper
INFO - 2020-10-22 17:05:49 --> Helper loaded: form_helper
INFO - 2020-10-22 17:05:49 --> Helper loaded: adminurl_helper
INFO - 2020-10-22 17:05:49 --> Helper loaded: site_helper
INFO - 2020-10-22 17:05:49 --> Helper loaded: directory_helper
INFO - 2020-10-22 17:05:50 --> Helper loaded: mail_helper
INFO - 2020-10-22 17:05:50 --> Language file loaded: language/english/api_lang.php
INFO - 2020-10-22 17:05:50 --> Database Driver Class Initialized
INFO - 2020-10-22 17:05:50 --> Email Class Initialized
DEBUG - 2020-10-22 17:05:50 --> Session: "sess_save_path" is empty; using "session.save_path" value from php.ini.
INFO - 2020-10-22 17:05:50 --> Session: Class initialized using 'files' driver.
INFO - 2020-10-22 17:05:50 --> Form Validation Class Initialized
INFO - 2020-10-22 17:05:50 --> Controller Class Initialized
DEBUG - 2020-10-22 17:05:50 --> Public_api MX_Controller Initialized
INFO - 2020-10-22 17:05:50 --> Helper loaded: inflector_helper
INFO - 2020-10-22 17:05:50 --> Language file loaded: language/english/rest_controller_lang.php
DEBUG - 2020-10-22 17:05:50 --> File loaded: D:\xampp\htdocs\mobitrados\application\modules/mobi_api/public_api/models/Public_api_model.php
INFO - 2020-10-22 20:35:50 --> Final output sent to browser
DEBUG - 2020-10-22 20:35:50 --> Total execution time: 1.8030
INFO - 2020-10-22 17:06:33 --> Config Class Initialized
INFO - 2020-10-22 17:06:33 --> Hooks Class Initialized
DEBUG - 2020-10-22 17:06:33 --> UTF-8 Support Enabled
INFO - 2020-10-22 17:06:33 --> Utf8 Class Initialized
INFO - 2020-10-22 17:06:33 --> URI Class Initialized
INFO - 2020-10-22 17:06:33 --> Router Class Initialized
INFO - 2020-10-22 17:06:33 --> Output Class Initialized
INFO - 2020-10-22 17:06:34 --> Security Class Initialized
DEBUG - 2020-10-22 17:06:34 --> Global POST, GET and COOKIE data sanitized
INFO - 2020-10-22 17:06:34 --> CSRF cookie sent
INFO - 2020-10-22 17:06:34 --> Input Class Initialized
INFO - 2020-10-22 17:06:34 --> Language Class Initialized
INFO - 2020-10-22 17:06:34 --> Language Class Initialized
INFO - 2020-10-22 17:06:34 --> Config Class Initialized
INFO - 2020-10-22 17:06:34 --> Loader Class Initialized
DEBUG - 2020-10-22 17:06:34 --> Config file loaded: D:\xampp\htdocs\mobitrados\application\config/rest.php
INFO - 2020-10-22 17:06:34 --> Helper loaded: url_helper
INFO - 2020-10-22 17:06:34 --> Helper loaded: form_helper
INFO - 2020-10-22 17:06:34 --> Helper loaded: adminurl_helper
INFO - 2020-10-22 17:06:34 --> Helper loaded: site_helper
INFO - 2020-10-22 17:06:34 --> Helper loaded: directory_helper
INFO - 2020-10-22 17:06:34 --> Helper loaded: mail_helper
INFO - 2020-10-22 17:06:34 --> Language file loaded: language/english/api_lang.php
INFO - 2020-10-22 17:06:34 --> Database Driver Class Initialized
INFO - 2020-10-22 17:06:34 --> Email Class Initialized
DEBUG - 2020-10-22 17:06:34 --> Session: "sess_save_path" is empty; using "session.save_path" value from php.ini.
INFO - 2020-10-22 17:06:35 --> Session: Class initialized using 'files' driver.
INFO - 2020-10-22 17:06:35 --> Form Validation Class Initialized
INFO - 2020-10-22 17:06:35 --> Controller Class Initialized
DEBUG - 2020-10-22 17:06:35 --> Public_api MX_Controller Initialized
INFO - 2020-10-22 17:06:35 --> Helper loaded: inflector_helper
INFO - 2020-10-22 17:06:35 --> Language file loaded: language/english/rest_controller_lang.php
DEBUG - 2020-10-22 17:06:35 --> File loaded: D:\xampp\htdocs\mobitrados\application\modules/mobi_api/public_api/models/Public_api_model.php
INFO - 2020-10-22 20:36:35 --> Final output sent to browser
DEBUG - 2020-10-22 20:36:35 --> Total execution time: 1.8244
INFO - 2020-10-22 17:07:19 --> Config Class Initialized
INFO - 2020-10-22 17:07:19 --> Hooks Class Initialized
DEBUG - 2020-10-22 17:07:19 --> UTF-8 Support Enabled
INFO - 2020-10-22 17:07:19 --> Utf8 Class Initialized
INFO - 2020-10-22 17:07:19 --> URI Class Initialized
INFO - 2020-10-22 17:07:19 --> Router Class Initialized
INFO - 2020-10-22 17:07:19 --> Output Class Initialized
INFO - 2020-10-22 17:07:20 --> Security Class Initialized
DEBUG - 2020-10-22 17:07:20 --> Global POST, GET and COOKIE data sanitized
INFO - 2020-10-22 17:07:20 --> CSRF cookie sent
INFO - 2020-10-22 17:07:20 --> Input Class Initialized
INFO - 2020-10-22 17:07:20 --> Language Class Initialized
INFO - 2020-10-22 17:07:20 --> Language Class Initialized
INFO - 2020-10-22 17:07:20 --> Config Class Initialized
INFO - 2020-10-22 17:07:20 --> Loader Class Initialized
DEBUG - 2020-10-22 17:07:20 --> Config file loaded: D:\xampp\htdocs\mobitrados\application\config/rest.php
INFO - 2020-10-22 17:07:20 --> Helper loaded: url_helper
INFO - 2020-10-22 17:07:20 --> Helper loaded: form_helper
INFO - 2020-10-22 17:07:20 --> Helper loaded: adminurl_helper
INFO - 2020-10-22 17:07:20 --> Helper loaded: site_helper
INFO - 2020-10-22 17:07:20 --> Helper loaded: directory_helper
INFO - 2020-10-22 17:07:20 --> Helper loaded: mail_helper
INFO - 2020-10-22 17:07:20 --> Language file loaded: language/english/api_lang.php
INFO - 2020-10-22 17:07:20 --> Database Driver Class Initialized
INFO - 2020-10-22 17:07:20 --> Email Class Initialized
DEBUG - 2020-10-22 17:07:21 --> Session: "sess_save_path" is empty; using "session.save_path" value from php.ini.
INFO - 2020-10-22 17:07:21 --> Session: Class initialized using 'files' driver.
INFO - 2020-10-22 17:07:21 --> Form Validation Class Initialized
INFO - 2020-10-22 17:07:21 --> Controller Class Initialized
DEBUG - 2020-10-22 17:07:21 --> Public_api MX_Controller Initialized
INFO - 2020-10-22 17:07:21 --> Helper loaded: inflector_helper
INFO - 2020-10-22 17:07:21 --> Language file loaded: language/english/rest_controller_lang.php
DEBUG - 2020-10-22 17:07:21 --> File loaded: D:\xampp\htdocs\mobitrados\application\modules/mobi_api/public_api/models/Public_api_model.php
INFO - 2020-10-22 20:37:21 --> Final output sent to browser
DEBUG - 2020-10-22 20:37:21 --> Total execution time: 1.8205
INFO - 2020-10-22 17:09:08 --> Config Class Initialized
INFO - 2020-10-22 17:09:08 --> Hooks Class Initialized
DEBUG - 2020-10-22 17:09:08 --> UTF-8 Support Enabled
INFO - 2020-10-22 17:09:08 --> Utf8 Class Initialized
INFO - 2020-10-22 17:09:08 --> URI Class Initialized
INFO - 2020-10-22 17:09:08 --> Router Class Initialized
INFO - 2020-10-22 17:09:08 --> Output Class Initialized
INFO - 2020-10-22 17:09:08 --> Security Class Initialized
DEBUG - 2020-10-22 17:09:08 --> Global POST, GET and COOKIE data sanitized
INFO - 2020-10-22 17:09:08 --> CSRF cookie sent
INFO - 2020-10-22 17:09:09 --> Input Class Initialized
INFO - 2020-10-22 17:09:09 --> Language Class Initialized
INFO - 2020-10-22 17:09:09 --> Language Class Initialized
INFO - 2020-10-22 17:09:09 --> Config Class Initialized
INFO - 2020-10-22 17:09:09 --> Loader Class Initialized
DEBUG - 2020-10-22 17:09:09 --> Config file loaded: D:\xampp\htdocs\mobitrados\application\config/rest.php
INFO - 2020-10-22 17:09:09 --> Helper loaded: url_helper
INFO - 2020-10-22 17:09:09 --> Helper loaded: form_helper
INFO - 2020-10-22 17:09:09 --> Helper loaded: adminurl_helper
INFO - 2020-10-22 17:09:09 --> Helper loaded: site_helper
INFO - 2020-10-22 17:09:09 --> Helper loaded: directory_helper
INFO - 2020-10-22 17:09:09 --> Helper loaded: mail_helper
INFO - 2020-10-22 17:09:09 --> Language file loaded: language/english/api_lang.php
INFO - 2020-10-22 17:09:09 --> Database Driver Class Initialized
INFO - 2020-10-22 17:09:09 --> Email Class Initialized
DEBUG - 2020-10-22 17:09:09 --> Session: "sess_save_path" is empty; using "session.save_path" value from php.ini.
INFO - 2020-10-22 17:09:09 --> Session: Class initialized using 'files' driver.
INFO - 2020-10-22 17:09:09 --> Form Validation Class Initialized
INFO - 2020-10-22 17:09:10 --> Controller Class Initialized
DEBUG - 2020-10-22 17:09:10 --> Public_api MX_Controller Initialized
INFO - 2020-10-22 17:09:10 --> Helper loaded: inflector_helper
INFO - 2020-10-22 17:09:10 --> Language file loaded: language/english/rest_controller_lang.php
DEBUG - 2020-10-22 17:09:10 --> File loaded: D:\xampp\htdocs\mobitrados\application\modules/mobi_api/public_api/models/Public_api_model.php
INFO - 2020-10-22 20:39:10 --> Final output sent to browser
DEBUG - 2020-10-22 20:39:10 --> Total execution time: 1.8443
