INFO - 2020-10-07 18:04:36 --> Config Class Initialized
INFO - 2020-10-07 18:04:36 --> Hooks Class Initialized
DEBUG - 2020-10-07 18:04:36 --> UTF-8 Support Enabled
INFO - 2020-10-07 18:04:36 --> Utf8 Class Initialized
INFO - 2020-10-07 18:04:36 --> URI Class Initialized
INFO - 2020-10-07 18:04:36 --> Router Class Initialized
INFO - 2020-10-07 18:04:36 --> Output Class Initialized
INFO - 2020-10-07 18:04:36 --> Security Class Initialized
DEBUG - 2020-10-07 18:04:37 --> Global POST, GET and COOKIE data sanitized
INFO - 2020-10-07 18:04:37 --> Input Class Initialized
INFO - 2020-10-07 18:04:37 --> Language Class Initialized
INFO - 2020-10-07 18:04:37 --> Language Class Initialized
INFO - 2020-10-07 18:04:37 --> Config Class Initialized
INFO - 2020-10-07 18:04:37 --> Loader Class Initialized
DEBUG - 2020-10-07 18:04:37 --> Config file loaded: D:\xampp\htdocs\mobitrados\application\config/rest.php
INFO - 2020-10-07 18:04:37 --> Helper loaded: url_helper
INFO - 2020-10-07 18:04:37 --> Helper loaded: form_helper
INFO - 2020-10-07 18:04:37 --> Helper loaded: adminurl_helper
INFO - 2020-10-07 18:04:37 --> Helper loaded: site_helper
INFO - 2020-10-07 18:04:37 --> Helper loaded: directory_helper
INFO - 2020-10-07 18:04:37 --> Helper loaded: mail_helper
INFO - 2020-10-07 18:04:37 --> Language file loaded: language/english/api_lang.php
INFO - 2020-10-07 18:04:37 --> Database Driver Class Initialized
INFO - 2020-10-07 18:04:37 --> Email Class Initialized
DEBUG - 2020-10-07 18:04:37 --> Session: "sess_save_path" is empty; using "session.save_path" value from php.ini.
INFO - 2020-10-07 18:04:37 --> Session: Class initialized using 'files' driver.
INFO - 2020-10-07 18:04:37 --> Form Validation Class Initialized
INFO - 2020-10-07 18:04:38 --> Controller Class Initialized
DEBUG - 2020-10-07 18:04:38 --> User_api MX_Controller Initialized
INFO - 2020-10-07 18:04:38 --> Helper loaded: inflector_helper
INFO - 2020-10-07 18:04:38 --> Language file loaded: language/english/rest_controller_lang.php
DEBUG - 2020-10-07 18:04:38 --> File loaded: D:\xampp\htdocs\mobitrados\application\modules/mobi_api/user_api/models/User_api_model.php
INFO - 2020-10-07 21:34:38 --> Final output sent to browser
DEBUG - 2020-10-07 21:34:38 --> Total execution time: 1.8283
INFO - 2020-10-07 18:13:25 --> Config Class Initialized
INFO - 2020-10-07 18:13:25 --> Hooks Class Initialized
DEBUG - 2020-10-07 18:13:25 --> UTF-8 Support Enabled
INFO - 2020-10-07 18:13:26 --> Utf8 Class Initialized
INFO - 2020-10-07 18:13:26 --> URI Class Initialized
INFO - 2020-10-07 18:13:26 --> Router Class Initialized
INFO - 2020-10-07 18:13:26 --> Output Class Initialized
INFO - 2020-10-07 18:13:26 --> Security Class Initialized
DEBUG - 2020-10-07 18:13:26 --> Global POST, GET and COOKIE data sanitized
INFO - 2020-10-07 18:13:26 --> CSRF cookie sent
INFO - 2020-10-07 18:13:26 --> Input Class Initialized
INFO - 2020-10-07 18:13:26 --> Language Class Initialized
INFO - 2020-10-07 18:13:26 --> Language Class Initialized
INFO - 2020-10-07 18:13:26 --> Config Class Initialized
INFO - 2020-10-07 18:13:26 --> Loader Class Initialized
DEBUG - 2020-10-07 18:13:26 --> Config file loaded: D:\xampp\htdocs\mobitrados\application\config/rest.php
INFO - 2020-10-07 18:13:26 --> Helper loaded: url_helper
INFO - 2020-10-07 18:13:26 --> Helper loaded: form_helper
INFO - 2020-10-07 18:13:26 --> Helper loaded: adminurl_helper
INFO - 2020-10-07 18:13:26 --> Helper loaded: site_helper
INFO - 2020-10-07 18:13:26 --> Helper loaded: directory_helper
INFO - 2020-10-07 18:13:27 --> Helper loaded: mail_helper
INFO - 2020-10-07 18:13:27 --> Language file loaded: language/english/api_lang.php
INFO - 2020-10-07 18:13:27 --> Database Driver Class Initialized
INFO - 2020-10-07 18:13:27 --> Email Class Initialized
DEBUG - 2020-10-07 18:13:27 --> Session: "sess_save_path" is empty; using "session.save_path" value from php.ini.
INFO - 2020-10-07 18:13:27 --> Session: Class initialized using 'files' driver.
INFO - 2020-10-07 18:13:27 --> Form Validation Class Initialized
INFO - 2020-10-07 18:13:27 --> Controller Class Initialized
DEBUG - 2020-10-07 18:13:27 --> User_api MX_Controller Initialized
INFO - 2020-10-07 18:13:27 --> Helper loaded: inflector_helper
INFO - 2020-10-07 18:13:27 --> Language file loaded: language/english/rest_controller_lang.php
DEBUG - 2020-10-07 18:13:27 --> File loaded: D:\xampp\htdocs\mobitrados\application\modules/mobi_api/user_api/models/User_api_model.php
INFO - 2020-10-07 21:43:27 --> Final output sent to browser
DEBUG - 2020-10-07 21:43:27 --> Total execution time: 1.7697
INFO - 2020-10-07 18:15:35 --> Config Class Initialized
INFO - 2020-10-07 18:15:35 --> Hooks Class Initialized
DEBUG - 2020-10-07 18:15:35 --> UTF-8 Support Enabled
INFO - 2020-10-07 18:15:35 --> Utf8 Class Initialized
INFO - 2020-10-07 18:15:35 --> URI Class Initialized
INFO - 2020-10-07 18:15:35 --> Router Class Initialized
INFO - 2020-10-07 18:15:35 --> Output Class Initialized
INFO - 2020-10-07 18:15:35 --> Security Class Initialized
DEBUG - 2020-10-07 18:15:35 --> Global POST, GET and COOKIE data sanitized
INFO - 2020-10-07 18:15:35 --> CSRF cookie sent
INFO - 2020-10-07 18:15:35 --> Input Class Initialized
INFO - 2020-10-07 18:15:35 --> Language Class Initialized
INFO - 2020-10-07 18:15:35 --> Language Class Initialized
INFO - 2020-10-07 18:15:35 --> Config Class Initialized
INFO - 2020-10-07 18:15:35 --> Loader Class Initialized
DEBUG - 2020-10-07 18:15:35 --> Config file loaded: D:\xampp\htdocs\mobitrados\application\config/rest.php
INFO - 2020-10-07 18:15:35 --> Helper loaded: url_helper
INFO - 2020-10-07 18:15:36 --> Helper loaded: form_helper
INFO - 2020-10-07 18:15:36 --> Helper loaded: adminurl_helper
INFO - 2020-10-07 18:15:36 --> Helper loaded: site_helper
INFO - 2020-10-07 18:15:36 --> Helper loaded: directory_helper
INFO - 2020-10-07 18:15:36 --> Helper loaded: mail_helper
INFO - 2020-10-07 18:15:36 --> Language file loaded: language/english/api_lang.php
INFO - 2020-10-07 18:15:36 --> Database Driver Class Initialized
INFO - 2020-10-07 18:15:36 --> Email Class Initialized
DEBUG - 2020-10-07 18:15:36 --> Session: "sess_save_path" is empty; using "session.save_path" value from php.ini.
INFO - 2020-10-07 18:15:36 --> Session: Class initialized using 'files' driver.
INFO - 2020-10-07 18:15:36 --> Form Validation Class Initialized
INFO - 2020-10-07 18:15:36 --> Controller Class Initialized
DEBUG - 2020-10-07 18:15:36 --> User_api MX_Controller Initialized
INFO - 2020-10-07 18:15:36 --> Helper loaded: inflector_helper
INFO - 2020-10-07 18:15:36 --> Language file loaded: language/english/rest_controller_lang.php
DEBUG - 2020-10-07 18:15:36 --> File loaded: D:\xampp\htdocs\mobitrados\application\modules/mobi_api/user_api/models/User_api_model.php
INFO - 2020-10-07 21:45:36 --> Final output sent to browser
DEBUG - 2020-10-07 21:45:36 --> Total execution time: 1.7391
INFO - 2020-10-07 18:22:23 --> Config Class Initialized
INFO - 2020-10-07 18:22:23 --> Hooks Class Initialized
DEBUG - 2020-10-07 18:22:24 --> UTF-8 Support Enabled
INFO - 2020-10-07 18:22:24 --> Utf8 Class Initialized
INFO - 2020-10-07 18:22:24 --> URI Class Initialized
INFO - 2020-10-07 18:22:24 --> Router Class Initialized
INFO - 2020-10-07 18:22:24 --> Output Class Initialized
INFO - 2020-10-07 18:22:24 --> Security Class Initialized
DEBUG - 2020-10-07 18:22:24 --> Global POST, GET and COOKIE data sanitized
INFO - 2020-10-07 18:22:24 --> CSRF cookie sent
INFO - 2020-10-07 18:22:24 --> Input Class Initialized
INFO - 2020-10-07 18:22:24 --> Language Class Initialized
INFO - 2020-10-07 18:22:24 --> Language Class Initialized
INFO - 2020-10-07 18:22:24 --> Config Class Initialized
INFO - 2020-10-07 18:22:24 --> Loader Class Initialized
DEBUG - 2020-10-07 18:22:24 --> Config file loaded: D:\xampp\htdocs\mobitrados\application\config/rest.php
INFO - 2020-10-07 18:22:24 --> Helper loaded: url_helper
INFO - 2020-10-07 18:22:24 --> Helper loaded: form_helper
INFO - 2020-10-07 18:22:24 --> Helper loaded: adminurl_helper
INFO - 2020-10-07 18:22:24 --> Helper loaded: site_helper
INFO - 2020-10-07 18:22:25 --> Helper loaded: directory_helper
INFO - 2020-10-07 18:22:25 --> Helper loaded: mail_helper
INFO - 2020-10-07 18:22:25 --> Language file loaded: language/english/api_lang.php
INFO - 2020-10-07 18:22:25 --> Database Driver Class Initialized
INFO - 2020-10-07 18:22:25 --> Email Class Initialized
DEBUG - 2020-10-07 18:22:25 --> Session: "sess_save_path" is empty; using "session.save_path" value from php.ini.
INFO - 2020-10-07 18:22:25 --> Session: Class initialized using 'files' driver.
INFO - 2020-10-07 18:22:25 --> Form Validation Class Initialized
INFO - 2020-10-07 18:22:25 --> Controller Class Initialized
DEBUG - 2020-10-07 18:22:25 --> User_api MX_Controller Initialized
INFO - 2020-10-07 18:22:25 --> Helper loaded: inflector_helper
INFO - 2020-10-07 18:22:25 --> Language file loaded: language/english/rest_controller_lang.php
DEBUG - 2020-10-07 18:22:25 --> File loaded: D:\xampp\htdocs\mobitrados\application\modules/mobi_api/user_api/models/User_api_model.php
INFO - 2020-10-07 21:52:25 --> Final output sent to browser
DEBUG - 2020-10-07 21:52:25 --> Total execution time: 1.8221
INFO - 2020-10-07 18:22:37 --> Config Class Initialized
INFO - 2020-10-07 18:22:37 --> Hooks Class Initialized
DEBUG - 2020-10-07 18:22:37 --> UTF-8 Support Enabled
INFO - 2020-10-07 18:22:37 --> Utf8 Class Initialized
INFO - 2020-10-07 18:22:37 --> URI Class Initialized
INFO - 2020-10-07 18:22:37 --> Router Class Initialized
INFO - 2020-10-07 18:22:37 --> Output Class Initialized
INFO - 2020-10-07 18:22:37 --> Security Class Initialized
DEBUG - 2020-10-07 18:22:37 --> Global POST, GET and COOKIE data sanitized
INFO - 2020-10-07 18:22:37 --> CSRF cookie sent
INFO - 2020-10-07 18:22:37 --> Input Class Initialized
INFO - 2020-10-07 18:22:37 --> Language Class Initialized
INFO - 2020-10-07 18:22:37 --> Language Class Initialized
INFO - 2020-10-07 18:22:37 --> Config Class Initialized
INFO - 2020-10-07 18:22:37 --> Loader Class Initialized
DEBUG - 2020-10-07 18:22:38 --> Config file loaded: D:\xampp\htdocs\mobitrados\application\config/rest.php
INFO - 2020-10-07 18:22:38 --> Helper loaded: url_helper
INFO - 2020-10-07 18:22:38 --> Helper loaded: form_helper
INFO - 2020-10-07 18:22:38 --> Helper loaded: adminurl_helper
INFO - 2020-10-07 18:22:38 --> Helper loaded: site_helper
INFO - 2020-10-07 18:22:38 --> Helper loaded: directory_helper
INFO - 2020-10-07 18:22:38 --> Helper loaded: mail_helper
INFO - 2020-10-07 18:22:38 --> Language file loaded: language/english/api_lang.php
INFO - 2020-10-07 18:22:38 --> Database Driver Class Initialized
INFO - 2020-10-07 18:22:38 --> Email Class Initialized
DEBUG - 2020-10-07 18:22:38 --> Session: "sess_save_path" is empty; using "session.save_path" value from php.ini.
INFO - 2020-10-07 18:22:38 --> Session: Class initialized using 'files' driver.
INFO - 2020-10-07 18:22:38 --> Form Validation Class Initialized
INFO - 2020-10-07 18:22:38 --> Controller Class Initialized
DEBUG - 2020-10-07 18:22:38 --> User_api MX_Controller Initialized
INFO - 2020-10-07 18:22:38 --> Helper loaded: inflector_helper
INFO - 2020-10-07 18:22:38 --> Language file loaded: language/english/rest_controller_lang.php
DEBUG - 2020-10-07 18:22:38 --> File loaded: D:\xampp\htdocs\mobitrados\application\modules/mobi_api/user_api/models/User_api_model.php
INFO - 2020-10-07 21:52:38 --> Final output sent to browser
DEBUG - 2020-10-07 21:52:39 --> Total execution time: 1.8321
INFO - 2020-10-07 18:22:43 --> Config Class Initialized
INFO - 2020-10-07 18:22:43 --> Hooks Class Initialized
DEBUG - 2020-10-07 18:22:44 --> UTF-8 Support Enabled
INFO - 2020-10-07 18:22:44 --> Utf8 Class Initialized
INFO - 2020-10-07 18:22:44 --> URI Class Initialized
INFO - 2020-10-07 18:22:44 --> Router Class Initialized
INFO - 2020-10-07 18:22:44 --> Output Class Initialized
INFO - 2020-10-07 18:22:44 --> Security Class Initialized
DEBUG - 2020-10-07 18:22:44 --> Global POST, GET and COOKIE data sanitized
INFO - 2020-10-07 18:22:44 --> CSRF cookie sent
INFO - 2020-10-07 18:22:44 --> Input Class Initialized
INFO - 2020-10-07 18:22:44 --> Language Class Initialized
INFO - 2020-10-07 18:22:44 --> Language Class Initialized
INFO - 2020-10-07 18:22:44 --> Config Class Initialized
INFO - 2020-10-07 18:22:44 --> Loader Class Initialized
DEBUG - 2020-10-07 18:22:44 --> Config file loaded: D:\xampp\htdocs\mobitrados\application\config/rest.php
INFO - 2020-10-07 18:22:44 --> Helper loaded: url_helper
INFO - 2020-10-07 18:22:44 --> Helper loaded: form_helper
INFO - 2020-10-07 18:22:44 --> Helper loaded: adminurl_helper
INFO - 2020-10-07 18:22:44 --> Helper loaded: site_helper
INFO - 2020-10-07 18:22:45 --> Helper loaded: directory_helper
INFO - 2020-10-07 18:22:45 --> Helper loaded: mail_helper
INFO - 2020-10-07 18:22:45 --> Language file loaded: language/english/api_lang.php
INFO - 2020-10-07 18:22:45 --> Database Driver Class Initialized
INFO - 2020-10-07 18:22:45 --> Email Class Initialized
DEBUG - 2020-10-07 18:22:45 --> Session: "sess_save_path" is empty; using "session.save_path" value from php.ini.
INFO - 2020-10-07 18:22:45 --> Session: Class initialized using 'files' driver.
INFO - 2020-10-07 18:22:45 --> Form Validation Class Initialized
INFO - 2020-10-07 18:22:45 --> Controller Class Initialized
DEBUG - 2020-10-07 18:22:45 --> User_api MX_Controller Initialized
INFO - 2020-10-07 18:22:45 --> Helper loaded: inflector_helper
INFO - 2020-10-07 18:22:45 --> Language file loaded: language/english/rest_controller_lang.php
DEBUG - 2020-10-07 18:22:45 --> File loaded: D:\xampp\htdocs\mobitrados\application\modules/mobi_api/user_api/models/User_api_model.php
ERROR - 2020-10-07 21:52:45 --> Severity: Notice --> Undefined index: access_token D:\xampp\htdocs\mobitrados\application\modules\mobi_api\user_api\controllers\User_api.php 84
INFO - 2020-10-07 21:52:45 --> Final output sent to browser
DEBUG - 2020-10-07 21:52:45 --> Total execution time: 1.8817
INFO - 2020-10-07 18:23:58 --> Config Class Initialized
INFO - 2020-10-07 18:23:59 --> Hooks Class Initialized
DEBUG - 2020-10-07 18:23:59 --> UTF-8 Support Enabled
INFO - 2020-10-07 18:23:59 --> Utf8 Class Initialized
INFO - 2020-10-07 18:23:59 --> URI Class Initialized
INFO - 2020-10-07 18:23:59 --> Router Class Initialized
INFO - 2020-10-07 18:23:59 --> Output Class Initialized
INFO - 2020-10-07 18:23:59 --> Security Class Initialized
DEBUG - 2020-10-07 18:23:59 --> Global POST, GET and COOKIE data sanitized
INFO - 2020-10-07 18:23:59 --> CSRF cookie sent
INFO - 2020-10-07 18:23:59 --> Input Class Initialized
INFO - 2020-10-07 18:23:59 --> Language Class Initialized
INFO - 2020-10-07 18:23:59 --> Language Class Initialized
INFO - 2020-10-07 18:23:59 --> Config Class Initialized
INFO - 2020-10-07 18:23:59 --> Loader Class Initialized
DEBUG - 2020-10-07 18:23:59 --> Config file loaded: D:\xampp\htdocs\mobitrados\application\config/rest.php
INFO - 2020-10-07 18:23:59 --> Helper loaded: url_helper
INFO - 2020-10-07 18:23:59 --> Helper loaded: form_helper
INFO - 2020-10-07 18:24:00 --> Helper loaded: adminurl_helper
INFO - 2020-10-07 18:24:00 --> Helper loaded: site_helper
INFO - 2020-10-07 18:24:00 --> Helper loaded: directory_helper
INFO - 2020-10-07 18:24:00 --> Helper loaded: mail_helper
INFO - 2020-10-07 18:24:00 --> Language file loaded: language/english/api_lang.php
INFO - 2020-10-07 18:24:00 --> Database Driver Class Initialized
INFO - 2020-10-07 18:24:00 --> Email Class Initialized
DEBUG - 2020-10-07 18:24:00 --> Session: "sess_save_path" is empty; using "session.save_path" value from php.ini.
INFO - 2020-10-07 18:24:00 --> Session: Class initialized using 'files' driver.
INFO - 2020-10-07 18:24:00 --> Form Validation Class Initialized
INFO - 2020-10-07 18:24:00 --> Controller Class Initialized
DEBUG - 2020-10-07 18:24:00 --> User_api MX_Controller Initialized
INFO - 2020-10-07 18:24:00 --> Helper loaded: inflector_helper
INFO - 2020-10-07 18:24:00 --> Language file loaded: language/english/rest_controller_lang.php
DEBUG - 2020-10-07 18:24:00 --> File loaded: D:\xampp\htdocs\mobitrados\application\modules/mobi_api/user_api/models/User_api_model.php
INFO - 2020-10-07 18:24:16 --> Config Class Initialized
INFO - 2020-10-07 18:24:16 --> Hooks Class Initialized
DEBUG - 2020-10-07 18:24:16 --> UTF-8 Support Enabled
INFO - 2020-10-07 18:24:16 --> Utf8 Class Initialized
INFO - 2020-10-07 18:24:16 --> URI Class Initialized
INFO - 2020-10-07 18:24:16 --> Router Class Initialized
INFO - 2020-10-07 18:24:16 --> Output Class Initialized
INFO - 2020-10-07 18:24:17 --> Security Class Initialized
DEBUG - 2020-10-07 18:24:17 --> Global POST, GET and COOKIE data sanitized
INFO - 2020-10-07 18:24:17 --> CSRF cookie sent
INFO - 2020-10-07 18:24:17 --> Input Class Initialized
INFO - 2020-10-07 18:24:17 --> Language Class Initialized
INFO - 2020-10-07 18:24:17 --> Language Class Initialized
INFO - 2020-10-07 18:24:17 --> Config Class Initialized
INFO - 2020-10-07 18:24:17 --> Loader Class Initialized
DEBUG - 2020-10-07 18:24:17 --> Config file loaded: D:\xampp\htdocs\mobitrados\application\config/rest.php
INFO - 2020-10-07 18:24:17 --> Helper loaded: url_helper
INFO - 2020-10-07 18:24:17 --> Helper loaded: form_helper
INFO - 2020-10-07 18:24:17 --> Helper loaded: adminurl_helper
INFO - 2020-10-07 18:24:17 --> Helper loaded: site_helper
INFO - 2020-10-07 18:24:17 --> Helper loaded: directory_helper
INFO - 2020-10-07 18:24:17 --> Helper loaded: mail_helper
INFO - 2020-10-07 18:24:17 --> Language file loaded: language/english/api_lang.php
INFO - 2020-10-07 18:24:17 --> Database Driver Class Initialized
INFO - 2020-10-07 18:24:17 --> Email Class Initialized
DEBUG - 2020-10-07 18:24:18 --> Session: "sess_save_path" is empty; using "session.save_path" value from php.ini.
INFO - 2020-10-07 18:24:18 --> Session: Class initialized using 'files' driver.
INFO - 2020-10-07 18:24:18 --> Form Validation Class Initialized
INFO - 2020-10-07 18:24:18 --> Controller Class Initialized
DEBUG - 2020-10-07 18:24:18 --> User_api MX_Controller Initialized
INFO - 2020-10-07 18:24:18 --> Helper loaded: inflector_helper
INFO - 2020-10-07 18:24:18 --> Language file loaded: language/english/rest_controller_lang.php
DEBUG - 2020-10-07 18:24:18 --> File loaded: D:\xampp\htdocs\mobitrados\application\modules/mobi_api/user_api/models/User_api_model.php
INFO - 2020-10-07 18:26:20 --> Config Class Initialized
INFO - 2020-10-07 18:26:20 --> Hooks Class Initialized
DEBUG - 2020-10-07 18:26:20 --> UTF-8 Support Enabled
INFO - 2020-10-07 18:26:20 --> Utf8 Class Initialized
INFO - 2020-10-07 18:26:20 --> URI Class Initialized
INFO - 2020-10-07 18:26:20 --> Router Class Initialized
INFO - 2020-10-07 18:26:20 --> Output Class Initialized
INFO - 2020-10-07 18:26:20 --> Security Class Initialized
DEBUG - 2020-10-07 18:26:20 --> Global POST, GET and COOKIE data sanitized
INFO - 2020-10-07 18:26:20 --> CSRF cookie sent
INFO - 2020-10-07 18:26:20 --> Input Class Initialized
INFO - 2020-10-07 18:26:20 --> Language Class Initialized
INFO - 2020-10-07 18:26:20 --> Language Class Initialized
INFO - 2020-10-07 18:26:20 --> Config Class Initialized
INFO - 2020-10-07 18:26:21 --> Loader Class Initialized
DEBUG - 2020-10-07 18:26:21 --> Config file loaded: D:\xampp\htdocs\mobitrados\application\config/rest.php
INFO - 2020-10-07 18:26:21 --> Helper loaded: url_helper
INFO - 2020-10-07 18:26:21 --> Helper loaded: form_helper
INFO - 2020-10-07 18:26:21 --> Helper loaded: adminurl_helper
INFO - 2020-10-07 18:26:21 --> Helper loaded: site_helper
INFO - 2020-10-07 18:26:21 --> Helper loaded: directory_helper
INFO - 2020-10-07 18:26:21 --> Helper loaded: mail_helper
INFO - 2020-10-07 18:26:21 --> Language file loaded: language/english/api_lang.php
INFO - 2020-10-07 18:26:21 --> Database Driver Class Initialized
INFO - 2020-10-07 18:26:21 --> Email Class Initialized
DEBUG - 2020-10-07 18:26:21 --> Session: "sess_save_path" is empty; using "session.save_path" value from php.ini.
INFO - 2020-10-07 18:26:21 --> Session: Class initialized using 'files' driver.
INFO - 2020-10-07 18:26:21 --> Form Validation Class Initialized
INFO - 2020-10-07 18:26:21 --> Controller Class Initialized
DEBUG - 2020-10-07 18:26:21 --> User_api MX_Controller Initialized
INFO - 2020-10-07 18:26:21 --> Helper loaded: inflector_helper
INFO - 2020-10-07 18:26:21 --> Language file loaded: language/english/rest_controller_lang.php
DEBUG - 2020-10-07 18:26:21 --> File loaded: D:\xampp\htdocs\mobitrados\application\modules/mobi_api/user_api/models/User_api_model.php
ERROR - 2020-10-07 21:56:22 --> Severity: Notice --> Undefined variable: response D:\xampp\htdocs\mobitrados\application\modules\mobi_api\user_api\controllers\User_api.php 108
INFO - 2020-10-07 21:56:22 --> Final output sent to browser
DEBUG - 2020-10-07 21:56:22 --> Total execution time: 1.8126
INFO - 2020-10-07 18:26:37 --> Config Class Initialized
INFO - 2020-10-07 18:26:37 --> Hooks Class Initialized
DEBUG - 2020-10-07 18:26:37 --> UTF-8 Support Enabled
INFO - 2020-10-07 18:26:37 --> Utf8 Class Initialized
INFO - 2020-10-07 18:26:37 --> URI Class Initialized
INFO - 2020-10-07 18:26:37 --> Router Class Initialized
INFO - 2020-10-07 18:26:37 --> Output Class Initialized
INFO - 2020-10-07 18:26:37 --> Security Class Initialized
DEBUG - 2020-10-07 18:26:37 --> Global POST, GET and COOKIE data sanitized
INFO - 2020-10-07 18:26:37 --> CSRF cookie sent
INFO - 2020-10-07 18:26:37 --> Input Class Initialized
INFO - 2020-10-07 18:26:37 --> Language Class Initialized
INFO - 2020-10-07 18:26:37 --> Language Class Initialized
INFO - 2020-10-07 18:26:37 --> Config Class Initialized
INFO - 2020-10-07 18:26:37 --> Loader Class Initialized
DEBUG - 2020-10-07 18:26:37 --> Config file loaded: D:\xampp\htdocs\mobitrados\application\config/rest.php
INFO - 2020-10-07 18:26:37 --> Helper loaded: url_helper
INFO - 2020-10-07 18:26:37 --> Helper loaded: form_helper
INFO - 2020-10-07 18:26:37 --> Helper loaded: adminurl_helper
INFO - 2020-10-07 18:26:38 --> Helper loaded: site_helper
INFO - 2020-10-07 18:26:38 --> Helper loaded: directory_helper
INFO - 2020-10-07 18:26:38 --> Helper loaded: mail_helper
INFO - 2020-10-07 18:26:38 --> Language file loaded: language/english/api_lang.php
INFO - 2020-10-07 18:26:38 --> Database Driver Class Initialized
INFO - 2020-10-07 18:26:38 --> Email Class Initialized
DEBUG - 2020-10-07 18:26:38 --> Session: "sess_save_path" is empty; using "session.save_path" value from php.ini.
INFO - 2020-10-07 18:26:38 --> Session: Class initialized using 'files' driver.
INFO - 2020-10-07 18:26:38 --> Form Validation Class Initialized
INFO - 2020-10-07 18:26:38 --> Controller Class Initialized
DEBUG - 2020-10-07 18:26:38 --> User_api MX_Controller Initialized
INFO - 2020-10-07 18:26:38 --> Helper loaded: inflector_helper
INFO - 2020-10-07 18:26:38 --> Language file loaded: language/english/rest_controller_lang.php
DEBUG - 2020-10-07 18:26:38 --> File loaded: D:\xampp\htdocs\mobitrados\application\modules/mobi_api/user_api/models/User_api_model.php
INFO - 2020-10-07 21:56:38 --> Final output sent to browser
DEBUG - 2020-10-07 21:56:38 --> Total execution time: 1.6796
INFO - 2020-10-07 18:27:29 --> Config Class Initialized
INFO - 2020-10-07 18:27:29 --> Hooks Class Initialized
DEBUG - 2020-10-07 18:27:29 --> UTF-8 Support Enabled
INFO - 2020-10-07 18:27:29 --> Utf8 Class Initialized
INFO - 2020-10-07 18:27:29 --> URI Class Initialized
INFO - 2020-10-07 18:27:29 --> Router Class Initialized
INFO - 2020-10-07 18:27:29 --> Output Class Initialized
INFO - 2020-10-07 18:27:29 --> Security Class Initialized
DEBUG - 2020-10-07 18:27:29 --> Global POST, GET and COOKIE data sanitized
INFO - 2020-10-07 18:27:29 --> CSRF cookie sent
INFO - 2020-10-07 18:27:29 --> Input Class Initialized
INFO - 2020-10-07 18:27:29 --> Language Class Initialized
INFO - 2020-10-07 18:27:29 --> Language Class Initialized
INFO - 2020-10-07 18:27:30 --> Config Class Initialized
INFO - 2020-10-07 18:27:30 --> Loader Class Initialized
DEBUG - 2020-10-07 18:27:30 --> Config file loaded: D:\xampp\htdocs\mobitrados\application\config/rest.php
INFO - 2020-10-07 18:27:30 --> Helper loaded: url_helper
INFO - 2020-10-07 18:27:30 --> Helper loaded: form_helper
INFO - 2020-10-07 18:27:30 --> Helper loaded: adminurl_helper
INFO - 2020-10-07 18:27:30 --> Helper loaded: site_helper
INFO - 2020-10-07 18:27:30 --> Helper loaded: directory_helper
INFO - 2020-10-07 18:27:30 --> Helper loaded: mail_helper
INFO - 2020-10-07 18:27:30 --> Language file loaded: language/english/api_lang.php
INFO - 2020-10-07 18:27:30 --> Database Driver Class Initialized
INFO - 2020-10-07 18:27:30 --> Email Class Initialized
DEBUG - 2020-10-07 18:27:30 --> Session: "sess_save_path" is empty; using "session.save_path" value from php.ini.
INFO - 2020-10-07 18:27:30 --> Session: Class initialized using 'files' driver.
INFO - 2020-10-07 18:27:30 --> Form Validation Class Initialized
INFO - 2020-10-07 18:27:30 --> Controller Class Initialized
DEBUG - 2020-10-07 18:27:30 --> User_api MX_Controller Initialized
INFO - 2020-10-07 18:27:30 --> Helper loaded: inflector_helper
INFO - 2020-10-07 18:27:30 --> Language file loaded: language/english/rest_controller_lang.php
DEBUG - 2020-10-07 18:27:31 --> File loaded: D:\xampp\htdocs\mobitrados\application\modules/mobi_api/user_api/models/User_api_model.php
INFO - 2020-10-07 21:57:31 --> Final output sent to browser
DEBUG - 2020-10-07 21:57:31 --> Total execution time: 1.8349
INFO - 2020-10-07 18:28:01 --> Config Class Initialized
INFO - 2020-10-07 18:28:01 --> Hooks Class Initialized
DEBUG - 2020-10-07 18:28:01 --> UTF-8 Support Enabled
INFO - 2020-10-07 18:28:01 --> Utf8 Class Initialized
INFO - 2020-10-07 18:28:01 --> URI Class Initialized
INFO - 2020-10-07 18:28:01 --> Router Class Initialized
INFO - 2020-10-07 18:28:01 --> Output Class Initialized
INFO - 2020-10-07 18:28:01 --> Security Class Initialized
DEBUG - 2020-10-07 18:28:01 --> Global POST, GET and COOKIE data sanitized
INFO - 2020-10-07 18:28:01 --> CSRF cookie sent
INFO - 2020-10-07 18:28:01 --> Input Class Initialized
INFO - 2020-10-07 18:28:01 --> Language Class Initialized
INFO - 2020-10-07 18:28:01 --> Language Class Initialized
INFO - 2020-10-07 18:28:01 --> Config Class Initialized
INFO - 2020-10-07 18:28:01 --> Loader Class Initialized
DEBUG - 2020-10-07 18:28:02 --> Config file loaded: D:\xampp\htdocs\mobitrados\application\config/rest.php
INFO - 2020-10-07 18:28:02 --> Helper loaded: url_helper
INFO - 2020-10-07 18:28:02 --> Helper loaded: form_helper
INFO - 2020-10-07 18:28:02 --> Helper loaded: adminurl_helper
INFO - 2020-10-07 18:28:02 --> Helper loaded: site_helper
INFO - 2020-10-07 18:28:02 --> Helper loaded: directory_helper
INFO - 2020-10-07 18:28:02 --> Helper loaded: mail_helper
INFO - 2020-10-07 18:28:02 --> Language file loaded: language/english/api_lang.php
INFO - 2020-10-07 18:28:02 --> Database Driver Class Initialized
INFO - 2020-10-07 18:28:02 --> Email Class Initialized
DEBUG - 2020-10-07 18:28:02 --> Session: "sess_save_path" is empty; using "session.save_path" value from php.ini.
INFO - 2020-10-07 18:28:02 --> Session: Class initialized using 'files' driver.
INFO - 2020-10-07 18:28:02 --> Form Validation Class Initialized
INFO - 2020-10-07 18:28:02 --> Controller Class Initialized
DEBUG - 2020-10-07 18:28:02 --> User_api MX_Controller Initialized
INFO - 2020-10-07 18:28:02 --> Helper loaded: inflector_helper
INFO - 2020-10-07 18:28:02 --> Language file loaded: language/english/rest_controller_lang.php
DEBUG - 2020-10-07 18:28:02 --> File loaded: D:\xampp\htdocs\mobitrados\application\modules/mobi_api/user_api/models/User_api_model.php
INFO - 2020-10-07 21:58:03 --> Final output sent to browser
DEBUG - 2020-10-07 21:58:03 --> Total execution time: 1.8434
INFO - 2020-10-07 18:28:42 --> Config Class Initialized
INFO - 2020-10-07 18:28:42 --> Hooks Class Initialized
DEBUG - 2020-10-07 18:28:43 --> UTF-8 Support Enabled
INFO - 2020-10-07 18:28:43 --> Utf8 Class Initialized
INFO - 2020-10-07 18:28:43 --> URI Class Initialized
INFO - 2020-10-07 18:28:43 --> Router Class Initialized
INFO - 2020-10-07 18:28:43 --> Output Class Initialized
INFO - 2020-10-07 18:28:43 --> Security Class Initialized
DEBUG - 2020-10-07 18:28:43 --> Global POST, GET and COOKIE data sanitized
INFO - 2020-10-07 18:28:43 --> CSRF cookie sent
INFO - 2020-10-07 18:28:43 --> Input Class Initialized
INFO - 2020-10-07 18:28:43 --> Language Class Initialized
INFO - 2020-10-07 18:28:43 --> Language Class Initialized
INFO - 2020-10-07 18:28:43 --> Config Class Initialized
INFO - 2020-10-07 18:28:43 --> Loader Class Initialized
DEBUG - 2020-10-07 18:28:43 --> Config file loaded: D:\xampp\htdocs\mobitrados\application\config/rest.php
INFO - 2020-10-07 18:28:43 --> Helper loaded: url_helper
INFO - 2020-10-07 18:28:43 --> Helper loaded: form_helper
INFO - 2020-10-07 18:28:43 --> Helper loaded: adminurl_helper
INFO - 2020-10-07 18:28:43 --> Helper loaded: site_helper
INFO - 2020-10-07 18:28:43 --> Helper loaded: directory_helper
INFO - 2020-10-07 18:28:43 --> Helper loaded: mail_helper
INFO - 2020-10-07 18:28:44 --> Language file loaded: language/english/api_lang.php
INFO - 2020-10-07 18:28:44 --> Database Driver Class Initialized
INFO - 2020-10-07 18:28:44 --> Email Class Initialized
DEBUG - 2020-10-07 18:28:44 --> Session: "sess_save_path" is empty; using "session.save_path" value from php.ini.
INFO - 2020-10-07 18:28:44 --> Session: Class initialized using 'files' driver.
INFO - 2020-10-07 18:28:44 --> Form Validation Class Initialized
INFO - 2020-10-07 18:28:44 --> Controller Class Initialized
DEBUG - 2020-10-07 18:28:44 --> User_api MX_Controller Initialized
INFO - 2020-10-07 18:28:44 --> Helper loaded: inflector_helper
INFO - 2020-10-07 18:28:44 --> Language file loaded: language/english/rest_controller_lang.php
DEBUG - 2020-10-07 18:28:44 --> File loaded: D:\xampp\htdocs\mobitrados\application\modules/mobi_api/user_api/models/User_api_model.php
INFO - 2020-10-07 21:58:44 --> Final output sent to browser
DEBUG - 2020-10-07 21:58:44 --> Total execution time: 1.7662
INFO - 2020-10-07 18:29:04 --> Config Class Initialized
INFO - 2020-10-07 18:29:05 --> Hooks Class Initialized
DEBUG - 2020-10-07 18:29:05 --> UTF-8 Support Enabled
INFO - 2020-10-07 18:29:05 --> Utf8 Class Initialized
INFO - 2020-10-07 18:29:05 --> URI Class Initialized
INFO - 2020-10-07 18:29:05 --> Router Class Initialized
INFO - 2020-10-07 18:29:05 --> Output Class Initialized
INFO - 2020-10-07 18:29:05 --> Security Class Initialized
DEBUG - 2020-10-07 18:29:05 --> Global POST, GET and COOKIE data sanitized
INFO - 2020-10-07 18:29:05 --> CSRF cookie sent
INFO - 2020-10-07 18:29:05 --> Input Class Initialized
INFO - 2020-10-07 18:29:05 --> Language Class Initialized
INFO - 2020-10-07 18:29:05 --> Language Class Initialized
INFO - 2020-10-07 18:29:05 --> Config Class Initialized
INFO - 2020-10-07 18:29:05 --> Loader Class Initialized
DEBUG - 2020-10-07 18:29:05 --> Config file loaded: D:\xampp\htdocs\mobitrados\application\config/rest.php
INFO - 2020-10-07 18:29:05 --> Helper loaded: url_helper
INFO - 2020-10-07 18:29:05 --> Helper loaded: form_helper
INFO - 2020-10-07 18:29:05 --> Helper loaded: adminurl_helper
INFO - 2020-10-07 18:29:05 --> Helper loaded: site_helper
INFO - 2020-10-07 18:29:06 --> Helper loaded: directory_helper
INFO - 2020-10-07 18:29:06 --> Helper loaded: mail_helper
INFO - 2020-10-07 18:29:06 --> Language file loaded: language/english/api_lang.php
INFO - 2020-10-07 18:29:06 --> Database Driver Class Initialized
INFO - 2020-10-07 18:29:06 --> Email Class Initialized
DEBUG - 2020-10-07 18:29:06 --> Session: "sess_save_path" is empty; using "session.save_path" value from php.ini.
INFO - 2020-10-07 18:29:06 --> Session: Class initialized using 'files' driver.
INFO - 2020-10-07 18:29:06 --> Form Validation Class Initialized
INFO - 2020-10-07 18:29:06 --> Controller Class Initialized
DEBUG - 2020-10-07 18:29:06 --> User_api MX_Controller Initialized
INFO - 2020-10-07 18:29:06 --> Helper loaded: inflector_helper
INFO - 2020-10-07 18:29:06 --> Language file loaded: language/english/rest_controller_lang.php
DEBUG - 2020-10-07 18:29:06 --> File loaded: D:\xampp\htdocs\mobitrados\application\modules/mobi_api/user_api/models/User_api_model.php
INFO - 2020-10-07 21:59:06 --> Final output sent to browser
DEBUG - 2020-10-07 21:59:06 --> Total execution time: 1.7030
INFO - 2020-10-07 18:38:02 --> Config Class Initialized
INFO - 2020-10-07 18:38:02 --> Hooks Class Initialized
DEBUG - 2020-10-07 18:38:02 --> UTF-8 Support Enabled
INFO - 2020-10-07 18:38:02 --> Utf8 Class Initialized
INFO - 2020-10-07 18:38:02 --> URI Class Initialized
INFO - 2020-10-07 18:38:02 --> Router Class Initialized
INFO - 2020-10-07 18:38:02 --> Output Class Initialized
INFO - 2020-10-07 18:38:02 --> Security Class Initialized
DEBUG - 2020-10-07 18:38:02 --> Global POST, GET and COOKIE data sanitized
INFO - 2020-10-07 18:38:02 --> CSRF cookie sent
INFO - 2020-10-07 18:38:02 --> Input Class Initialized
INFO - 2020-10-07 18:38:02 --> Language Class Initialized
INFO - 2020-10-07 18:38:02 --> Language Class Initialized
INFO - 2020-10-07 18:38:02 --> Config Class Initialized
INFO - 2020-10-07 18:38:02 --> Loader Class Initialized
DEBUG - 2020-10-07 18:38:03 --> Config file loaded: D:\xampp\htdocs\mobitrados\application\config/rest.php
INFO - 2020-10-07 18:38:03 --> Helper loaded: url_helper
INFO - 2020-10-07 18:38:03 --> Helper loaded: form_helper
INFO - 2020-10-07 18:38:03 --> Helper loaded: adminurl_helper
INFO - 2020-10-07 18:38:03 --> Helper loaded: site_helper
INFO - 2020-10-07 18:38:03 --> Helper loaded: directory_helper
INFO - 2020-10-07 18:38:03 --> Helper loaded: mail_helper
INFO - 2020-10-07 18:38:03 --> Language file loaded: language/english/api_lang.php
INFO - 2020-10-07 18:38:03 --> Database Driver Class Initialized
INFO - 2020-10-07 18:38:03 --> Email Class Initialized
DEBUG - 2020-10-07 18:38:03 --> Session: "sess_save_path" is empty; using "session.save_path" value from php.ini.
INFO - 2020-10-07 18:38:03 --> Session: Class initialized using 'files' driver.
INFO - 2020-10-07 18:38:03 --> Form Validation Class Initialized
INFO - 2020-10-07 18:38:03 --> Controller Class Initialized
DEBUG - 2020-10-07 18:38:03 --> User_api MX_Controller Initialized
INFO - 2020-10-07 18:38:03 --> Helper loaded: inflector_helper
INFO - 2020-10-07 18:38:03 --> Language file loaded: language/english/rest_controller_lang.php
DEBUG - 2020-10-07 18:38:03 --> File loaded: D:\xampp\htdocs\mobitrados\application\modules/mobi_api/user_api/models/User_api_model.php
INFO - 2020-10-07 22:08:03 --> Final output sent to browser
DEBUG - 2020-10-07 22:08:03 --> Total execution time: 1.6918
INFO - 2020-10-07 19:35:08 --> Config Class Initialized
INFO - 2020-10-07 19:35:09 --> Hooks Class Initialized
DEBUG - 2020-10-07 19:35:09 --> UTF-8 Support Enabled
INFO - 2020-10-07 19:35:09 --> Utf8 Class Initialized
INFO - 2020-10-07 19:35:09 --> URI Class Initialized
INFO - 2020-10-07 19:35:09 --> Router Class Initialized
INFO - 2020-10-07 19:35:09 --> Output Class Initialized
INFO - 2020-10-07 19:35:09 --> Security Class Initialized
DEBUG - 2020-10-07 19:35:09 --> Global POST, GET and COOKIE data sanitized
INFO - 2020-10-07 19:35:09 --> CSRF cookie sent
INFO - 2020-10-07 19:35:09 --> Input Class Initialized
INFO - 2020-10-07 19:35:09 --> Language Class Initialized
INFO - 2020-10-07 19:35:09 --> Language Class Initialized
INFO - 2020-10-07 19:35:09 --> Config Class Initialized
INFO - 2020-10-07 19:35:09 --> Loader Class Initialized
DEBUG - 2020-10-07 19:35:09 --> Config file loaded: D:\xampp\htdocs\mobitrados\application\config/rest.php
INFO - 2020-10-07 19:35:09 --> Helper loaded: url_helper
INFO - 2020-10-07 19:35:10 --> Helper loaded: form_helper
INFO - 2020-10-07 19:35:10 --> Helper loaded: adminurl_helper
INFO - 2020-10-07 19:35:10 --> Helper loaded: site_helper
INFO - 2020-10-07 19:35:10 --> Helper loaded: directory_helper
INFO - 2020-10-07 19:35:10 --> Helper loaded: mail_helper
INFO - 2020-10-07 19:35:10 --> Language file loaded: language/english/api_lang.php
INFO - 2020-10-07 19:35:10 --> Database Driver Class Initialized
INFO - 2020-10-07 19:35:10 --> Email Class Initialized
DEBUG - 2020-10-07 19:35:10 --> Session: "sess_save_path" is empty; using "session.save_path" value from php.ini.
INFO - 2020-10-07 19:35:10 --> Session: Class initialized using 'files' driver.
INFO - 2020-10-07 19:35:10 --> Form Validation Class Initialized
INFO - 2020-10-07 19:35:10 --> Controller Class Initialized
DEBUG - 2020-10-07 19:35:10 --> User_api MX_Controller Initialized
INFO - 2020-10-07 19:35:10 --> Helper loaded: inflector_helper
INFO - 2020-10-07 19:35:10 --> Language file loaded: language/english/rest_controller_lang.php
DEBUG - 2020-10-07 19:35:10 --> File loaded: D:\xampp\htdocs\mobitrados\application\modules/mobi_api/user_api/models/User_api_model.php
INFO - 2020-10-07 23:05:10 --> Final output sent to browser
DEBUG - 2020-10-07 23:05:11 --> Total execution time: 2.0185
INFO - 2020-10-07 19:54:10 --> Config Class Initialized
INFO - 2020-10-07 19:54:10 --> Hooks Class Initialized
DEBUG - 2020-10-07 19:54:10 --> UTF-8 Support Enabled
INFO - 2020-10-07 19:54:10 --> Utf8 Class Initialized
INFO - 2020-10-07 19:54:10 --> URI Class Initialized
INFO - 2020-10-07 19:54:10 --> Router Class Initialized
INFO - 2020-10-07 19:54:10 --> Output Class Initialized
INFO - 2020-10-07 19:54:10 --> Security Class Initialized
DEBUG - 2020-10-07 19:54:10 --> Global POST, GET and COOKIE data sanitized
INFO - 2020-10-07 19:54:10 --> CSRF cookie sent
INFO - 2020-10-07 19:54:10 --> Input Class Initialized
INFO - 2020-10-07 19:54:10 --> Language Class Initialized
INFO - 2020-10-07 19:54:10 --> Language Class Initialized
INFO - 2020-10-07 19:54:10 --> Config Class Initialized
INFO - 2020-10-07 19:54:10 --> Loader Class Initialized
DEBUG - 2020-10-07 19:54:10 --> Config file loaded: D:\xampp\htdocs\mobitrados\application\config/rest.php
INFO - 2020-10-07 19:54:11 --> Helper loaded: url_helper
INFO - 2020-10-07 19:54:11 --> Helper loaded: form_helper
INFO - 2020-10-07 19:54:11 --> Helper loaded: adminurl_helper
INFO - 2020-10-07 19:54:11 --> Helper loaded: site_helper
INFO - 2020-10-07 19:54:11 --> Helper loaded: directory_helper
INFO - 2020-10-07 19:54:11 --> Helper loaded: mail_helper
INFO - 2020-10-07 19:54:11 --> Language file loaded: language/english/api_lang.php
INFO - 2020-10-07 19:54:11 --> Database Driver Class Initialized
INFO - 2020-10-07 19:54:11 --> Email Class Initialized
DEBUG - 2020-10-07 19:54:11 --> Session: "sess_save_path" is empty; using "session.save_path" value from php.ini.
INFO - 2020-10-07 19:54:11 --> Session: Class initialized using 'files' driver.
INFO - 2020-10-07 19:54:11 --> Form Validation Class Initialized
INFO - 2020-10-07 19:54:11 --> Controller Class Initialized
DEBUG - 2020-10-07 19:54:11 --> User_api MX_Controller Initialized
INFO - 2020-10-07 19:54:11 --> Helper loaded: inflector_helper
INFO - 2020-10-07 19:54:11 --> Language file loaded: language/english/rest_controller_lang.php
DEBUG - 2020-10-07 19:54:11 --> File loaded: D:\xampp\htdocs\mobitrados\application\modules/mobi_api/user_api/models/User_api_model.php
INFO - 2020-10-07 19:56:49 --> Config Class Initialized
INFO - 2020-10-07 19:56:49 --> Hooks Class Initialized
DEBUG - 2020-10-07 19:56:49 --> UTF-8 Support Enabled
INFO - 2020-10-07 19:56:49 --> Utf8 Class Initialized
INFO - 2020-10-07 19:56:49 --> URI Class Initialized
INFO - 2020-10-07 19:56:50 --> Router Class Initialized
INFO - 2020-10-07 19:56:50 --> Output Class Initialized
INFO - 2020-10-07 19:56:50 --> Security Class Initialized
DEBUG - 2020-10-07 19:56:50 --> Global POST, GET and COOKIE data sanitized
INFO - 2020-10-07 19:56:50 --> CSRF cookie sent
INFO - 2020-10-07 19:56:50 --> Input Class Initialized
INFO - 2020-10-07 19:56:50 --> Language Class Initialized
INFO - 2020-10-07 19:56:50 --> Language Class Initialized
INFO - 2020-10-07 19:56:50 --> Config Class Initialized
INFO - 2020-10-07 19:56:50 --> Loader Class Initialized
DEBUG - 2020-10-07 19:56:50 --> Config file loaded: D:\xampp\htdocs\mobitrados\application\config/rest.php
INFO - 2020-10-07 19:56:50 --> Helper loaded: url_helper
INFO - 2020-10-07 19:56:50 --> Helper loaded: form_helper
INFO - 2020-10-07 19:56:50 --> Helper loaded: adminurl_helper
INFO - 2020-10-07 19:56:50 --> Helper loaded: site_helper
INFO - 2020-10-07 19:56:50 --> Helper loaded: directory_helper
INFO - 2020-10-07 19:56:50 --> Helper loaded: mail_helper
INFO - 2020-10-07 19:56:51 --> Language file loaded: language/english/api_lang.php
INFO - 2020-10-07 19:56:51 --> Database Driver Class Initialized
INFO - 2020-10-07 19:56:51 --> Email Class Initialized
DEBUG - 2020-10-07 19:56:51 --> Session: "sess_save_path" is empty; using "session.save_path" value from php.ini.
INFO - 2020-10-07 19:56:51 --> Session: Class initialized using 'files' driver.
INFO - 2020-10-07 19:56:51 --> Form Validation Class Initialized
INFO - 2020-10-07 19:56:51 --> Controller Class Initialized
DEBUG - 2020-10-07 19:56:51 --> User_api MX_Controller Initialized
INFO - 2020-10-07 19:56:51 --> Helper loaded: inflector_helper
INFO - 2020-10-07 19:56:51 --> Language file loaded: language/english/rest_controller_lang.php
DEBUG - 2020-10-07 19:56:51 --> File loaded: D:\xampp\htdocs\mobitrados\application\modules/mobi_api/user_api/models/User_api_model.php
INFO - 2020-10-07 19:57:01 --> Config Class Initialized
INFO - 2020-10-07 19:57:01 --> Hooks Class Initialized
DEBUG - 2020-10-07 19:57:01 --> UTF-8 Support Enabled
INFO - 2020-10-07 19:57:01 --> Utf8 Class Initialized
INFO - 2020-10-07 19:57:01 --> URI Class Initialized
INFO - 2020-10-07 19:57:01 --> Router Class Initialized
INFO - 2020-10-07 19:57:01 --> Output Class Initialized
INFO - 2020-10-07 19:57:01 --> Security Class Initialized
DEBUG - 2020-10-07 19:57:01 --> Global POST, GET and COOKIE data sanitized
INFO - 2020-10-07 19:57:01 --> CSRF cookie sent
INFO - 2020-10-07 19:57:01 --> Input Class Initialized
INFO - 2020-10-07 19:57:02 --> Language Class Initialized
INFO - 2020-10-07 19:57:02 --> Language Class Initialized
INFO - 2020-10-07 19:57:02 --> Config Class Initialized
INFO - 2020-10-07 19:57:02 --> Loader Class Initialized
DEBUG - 2020-10-07 19:57:02 --> Config file loaded: D:\xampp\htdocs\mobitrados\application\config/rest.php
INFO - 2020-10-07 19:57:02 --> Helper loaded: url_helper
INFO - 2020-10-07 19:57:02 --> Helper loaded: form_helper
INFO - 2020-10-07 19:57:02 --> Helper loaded: adminurl_helper
INFO - 2020-10-07 19:57:02 --> Helper loaded: site_helper
INFO - 2020-10-07 19:57:02 --> Helper loaded: directory_helper
INFO - 2020-10-07 19:57:02 --> Helper loaded: mail_helper
INFO - 2020-10-07 19:57:02 --> Language file loaded: language/english/api_lang.php
INFO - 2020-10-07 19:57:03 --> Database Driver Class Initialized
INFO - 2020-10-07 19:57:03 --> Email Class Initialized
DEBUG - 2020-10-07 19:57:03 --> Session: "sess_save_path" is empty; using "session.save_path" value from php.ini.
INFO - 2020-10-07 19:57:03 --> Session: Class initialized using 'files' driver.
INFO - 2020-10-07 19:57:03 --> Form Validation Class Initialized
INFO - 2020-10-07 19:57:03 --> Controller Class Initialized
DEBUG - 2020-10-07 19:57:03 --> User_api MX_Controller Initialized
INFO - 2020-10-07 19:57:03 --> Helper loaded: inflector_helper
INFO - 2020-10-07 19:57:03 --> Language file loaded: language/english/rest_controller_lang.php
DEBUG - 2020-10-07 19:57:03 --> File loaded: D:\xampp\htdocs\mobitrados\application\modules/mobi_api/user_api/models/User_api_model.php
INFO - 2020-10-07 19:57:41 --> Config Class Initialized
INFO - 2020-10-07 19:57:41 --> Hooks Class Initialized
DEBUG - 2020-10-07 19:57:41 --> UTF-8 Support Enabled
INFO - 2020-10-07 19:57:41 --> Utf8 Class Initialized
INFO - 2020-10-07 19:57:41 --> URI Class Initialized
INFO - 2020-10-07 19:57:41 --> Router Class Initialized
INFO - 2020-10-07 19:57:41 --> Output Class Initialized
INFO - 2020-10-07 19:57:41 --> Security Class Initialized
DEBUG - 2020-10-07 19:57:41 --> Global POST, GET and COOKIE data sanitized
INFO - 2020-10-07 19:57:41 --> CSRF cookie sent
INFO - 2020-10-07 19:57:41 --> Input Class Initialized
INFO - 2020-10-07 19:57:41 --> Language Class Initialized
INFO - 2020-10-07 19:57:42 --> Language Class Initialized
INFO - 2020-10-07 19:57:42 --> Config Class Initialized
INFO - 2020-10-07 19:57:42 --> Loader Class Initialized
DEBUG - 2020-10-07 19:57:42 --> Config file loaded: D:\xampp\htdocs\mobitrados\application\config/rest.php
INFO - 2020-10-07 19:57:42 --> Helper loaded: url_helper
INFO - 2020-10-07 19:57:42 --> Helper loaded: form_helper
INFO - 2020-10-07 19:57:42 --> Helper loaded: adminurl_helper
INFO - 2020-10-07 19:57:42 --> Helper loaded: site_helper
INFO - 2020-10-07 19:57:42 --> Helper loaded: directory_helper
INFO - 2020-10-07 19:57:42 --> Helper loaded: mail_helper
INFO - 2020-10-07 19:57:42 --> Language file loaded: language/english/api_lang.php
INFO - 2020-10-07 19:57:42 --> Database Driver Class Initialized
INFO - 2020-10-07 19:57:42 --> Email Class Initialized
DEBUG - 2020-10-07 19:57:42 --> Session: "sess_save_path" is empty; using "session.save_path" value from php.ini.
INFO - 2020-10-07 19:57:42 --> Session: Class initialized using 'files' driver.
INFO - 2020-10-07 19:57:42 --> Form Validation Class Initialized
INFO - 2020-10-07 19:57:42 --> Controller Class Initialized
DEBUG - 2020-10-07 19:57:42 --> User_api MX_Controller Initialized
INFO - 2020-10-07 19:57:43 --> Helper loaded: inflector_helper
INFO - 2020-10-07 19:57:43 --> Language file loaded: language/english/rest_controller_lang.php
DEBUG - 2020-10-07 19:57:43 --> File loaded: D:\xampp\htdocs\mobitrados\application\modules/mobi_api/user_api/models/User_api_model.php
INFO - 2020-10-07 23:27:43 --> Final output sent to browser
DEBUG - 2020-10-07 23:27:43 --> Total execution time: 1.9137
INFO - 2020-10-07 19:57:50 --> Config Class Initialized
INFO - 2020-10-07 19:57:50 --> Hooks Class Initialized
DEBUG - 2020-10-07 19:57:50 --> UTF-8 Support Enabled
INFO - 2020-10-07 19:57:51 --> Utf8 Class Initialized
INFO - 2020-10-07 19:57:51 --> URI Class Initialized
INFO - 2020-10-07 19:57:51 --> Router Class Initialized
INFO - 2020-10-07 19:57:51 --> Output Class Initialized
INFO - 2020-10-07 19:57:51 --> Security Class Initialized
DEBUG - 2020-10-07 19:57:51 --> Global POST, GET and COOKIE data sanitized
INFO - 2020-10-07 19:57:51 --> CSRF cookie sent
INFO - 2020-10-07 19:57:51 --> Input Class Initialized
INFO - 2020-10-07 19:57:51 --> Language Class Initialized
INFO - 2020-10-07 19:57:51 --> Language Class Initialized
INFO - 2020-10-07 19:57:51 --> Config Class Initialized
INFO - 2020-10-07 19:57:51 --> Loader Class Initialized
DEBUG - 2020-10-07 19:57:51 --> Config file loaded: D:\xampp\htdocs\mobitrados\application\config/rest.php
INFO - 2020-10-07 19:57:51 --> Helper loaded: url_helper
INFO - 2020-10-07 19:57:51 --> Helper loaded: form_helper
INFO - 2020-10-07 19:57:51 --> Helper loaded: adminurl_helper
INFO - 2020-10-07 19:57:51 --> Helper loaded: site_helper
INFO - 2020-10-07 19:57:51 --> Helper loaded: directory_helper
INFO - 2020-10-07 19:57:51 --> Helper loaded: mail_helper
INFO - 2020-10-07 19:57:52 --> Language file loaded: language/english/api_lang.php
INFO - 2020-10-07 19:57:52 --> Database Driver Class Initialized
INFO - 2020-10-07 19:57:52 --> Email Class Initialized
DEBUG - 2020-10-07 19:57:52 --> Session: "sess_save_path" is empty; using "session.save_path" value from php.ini.
INFO - 2020-10-07 19:57:52 --> Session: Class initialized using 'files' driver.
INFO - 2020-10-07 19:57:52 --> Form Validation Class Initialized
INFO - 2020-10-07 19:57:52 --> Controller Class Initialized
DEBUG - 2020-10-07 19:57:52 --> User_api MX_Controller Initialized
INFO - 2020-10-07 19:57:52 --> Helper loaded: inflector_helper
INFO - 2020-10-07 19:57:52 --> Language file loaded: language/english/rest_controller_lang.php
DEBUG - 2020-10-07 19:57:52 --> File loaded: D:\xampp\htdocs\mobitrados\application\modules/mobi_api/user_api/models/User_api_model.php
INFO - 2020-10-07 19:58:51 --> Config Class Initialized
INFO - 2020-10-07 19:58:52 --> Hooks Class Initialized
DEBUG - 2020-10-07 19:58:52 --> UTF-8 Support Enabled
INFO - 2020-10-07 19:58:52 --> Utf8 Class Initialized
INFO - 2020-10-07 19:58:52 --> URI Class Initialized
INFO - 2020-10-07 19:58:52 --> Router Class Initialized
INFO - 2020-10-07 19:58:52 --> Output Class Initialized
INFO - 2020-10-07 19:58:52 --> Security Class Initialized
DEBUG - 2020-10-07 19:58:52 --> Global POST, GET and COOKIE data sanitized
INFO - 2020-10-07 19:58:52 --> CSRF cookie sent
INFO - 2020-10-07 19:58:52 --> Input Class Initialized
INFO - 2020-10-07 19:58:52 --> Language Class Initialized
INFO - 2020-10-07 19:58:52 --> Language Class Initialized
INFO - 2020-10-07 19:58:52 --> Config Class Initialized
INFO - 2020-10-07 19:58:52 --> Loader Class Initialized
DEBUG - 2020-10-07 19:58:52 --> Config file loaded: D:\xampp\htdocs\mobitrados\application\config/rest.php
INFO - 2020-10-07 19:58:52 --> Helper loaded: url_helper
INFO - 2020-10-07 19:58:52 --> Helper loaded: form_helper
INFO - 2020-10-07 19:58:52 --> Helper loaded: adminurl_helper
INFO - 2020-10-07 19:58:52 --> Helper loaded: site_helper
INFO - 2020-10-07 19:58:53 --> Helper loaded: directory_helper
INFO - 2020-10-07 19:58:53 --> Helper loaded: mail_helper
INFO - 2020-10-07 19:58:53 --> Language file loaded: language/english/api_lang.php
INFO - 2020-10-07 19:58:53 --> Database Driver Class Initialized
INFO - 2020-10-07 19:58:53 --> Email Class Initialized
DEBUG - 2020-10-07 19:58:53 --> Session: "sess_save_path" is empty; using "session.save_path" value from php.ini.
INFO - 2020-10-07 19:58:53 --> Session: Class initialized using 'files' driver.
INFO - 2020-10-07 19:58:53 --> Form Validation Class Initialized
INFO - 2020-10-07 19:58:53 --> Controller Class Initialized
DEBUG - 2020-10-07 19:58:53 --> User_api MX_Controller Initialized
INFO - 2020-10-07 19:58:53 --> Helper loaded: inflector_helper
INFO - 2020-10-07 19:58:53 --> Language file loaded: language/english/rest_controller_lang.php
DEBUG - 2020-10-07 19:58:53 --> File loaded: D:\xampp\htdocs\mobitrados\application\modules/mobi_api/user_api/models/User_api_model.php
INFO - 2020-10-07 19:59:25 --> Config Class Initialized
INFO - 2020-10-07 19:59:25 --> Hooks Class Initialized
DEBUG - 2020-10-07 19:59:25 --> UTF-8 Support Enabled
INFO - 2020-10-07 19:59:25 --> Utf8 Class Initialized
INFO - 2020-10-07 19:59:25 --> URI Class Initialized
INFO - 2020-10-07 19:59:25 --> Router Class Initialized
INFO - 2020-10-07 19:59:25 --> Output Class Initialized
INFO - 2020-10-07 19:59:25 --> Security Class Initialized
DEBUG - 2020-10-07 19:59:25 --> Global POST, GET and COOKIE data sanitized
INFO - 2020-10-07 19:59:25 --> CSRF cookie sent
INFO - 2020-10-07 19:59:25 --> Input Class Initialized
INFO - 2020-10-07 19:59:25 --> Language Class Initialized
INFO - 2020-10-07 19:59:26 --> Language Class Initialized
INFO - 2020-10-07 19:59:26 --> Config Class Initialized
INFO - 2020-10-07 19:59:26 --> Loader Class Initialized
DEBUG - 2020-10-07 19:59:26 --> Config file loaded: D:\xampp\htdocs\mobitrados\application\config/rest.php
INFO - 2020-10-07 19:59:26 --> Helper loaded: url_helper
INFO - 2020-10-07 19:59:26 --> Helper loaded: form_helper
INFO - 2020-10-07 19:59:26 --> Helper loaded: adminurl_helper
INFO - 2020-10-07 19:59:26 --> Helper loaded: site_helper
INFO - 2020-10-07 19:59:26 --> Helper loaded: directory_helper
INFO - 2020-10-07 19:59:26 --> Helper loaded: mail_helper
INFO - 2020-10-07 19:59:26 --> Language file loaded: language/english/api_lang.php
INFO - 2020-10-07 19:59:26 --> Database Driver Class Initialized
INFO - 2020-10-07 19:59:26 --> Email Class Initialized
DEBUG - 2020-10-07 19:59:26 --> Session: "sess_save_path" is empty; using "session.save_path" value from php.ini.
INFO - 2020-10-07 19:59:26 --> Session: Class initialized using 'files' driver.
INFO - 2020-10-07 19:59:26 --> Form Validation Class Initialized
INFO - 2020-10-07 19:59:26 --> Controller Class Initialized
DEBUG - 2020-10-07 19:59:26 --> User_api MX_Controller Initialized
INFO - 2020-10-07 19:59:26 --> Helper loaded: inflector_helper
INFO - 2020-10-07 19:59:27 --> Language file loaded: language/english/rest_controller_lang.php
DEBUG - 2020-10-07 19:59:27 --> File loaded: D:\xampp\htdocs\mobitrados\application\modules/mobi_api/user_api/models/User_api_model.php
INFO - 2020-10-07 23:29:27 --> Final output sent to browser
DEBUG - 2020-10-07 23:29:27 --> Total execution time: 1.7249
INFO - 2020-10-07 20:00:28 --> Config Class Initialized
INFO - 2020-10-07 20:00:28 --> Hooks Class Initialized
DEBUG - 2020-10-07 20:00:29 --> UTF-8 Support Enabled
INFO - 2020-10-07 20:00:29 --> Utf8 Class Initialized
INFO - 2020-10-07 20:00:29 --> URI Class Initialized
INFO - 2020-10-07 20:00:29 --> Router Class Initialized
INFO - 2020-10-07 20:00:29 --> Output Class Initialized
INFO - 2020-10-07 20:00:29 --> Security Class Initialized
DEBUG - 2020-10-07 20:00:29 --> Global POST, GET and COOKIE data sanitized
INFO - 2020-10-07 20:00:29 --> CSRF cookie sent
INFO - 2020-10-07 20:00:29 --> Input Class Initialized
INFO - 2020-10-07 20:00:29 --> Language Class Initialized
INFO - 2020-10-07 20:00:29 --> Language Class Initialized
INFO - 2020-10-07 20:00:29 --> Config Class Initialized
INFO - 2020-10-07 20:00:29 --> Loader Class Initialized
DEBUG - 2020-10-07 20:00:29 --> Config file loaded: D:\xampp\htdocs\mobitrados\application\config/rest.php
INFO - 2020-10-07 20:00:29 --> Helper loaded: url_helper
INFO - 2020-10-07 20:00:29 --> Helper loaded: form_helper
INFO - 2020-10-07 20:00:29 --> Helper loaded: adminurl_helper
INFO - 2020-10-07 20:00:29 --> Helper loaded: site_helper
INFO - 2020-10-07 20:00:29 --> Helper loaded: directory_helper
INFO - 2020-10-07 20:00:29 --> Helper loaded: mail_helper
INFO - 2020-10-07 20:00:30 --> Language file loaded: language/english/api_lang.php
INFO - 2020-10-07 20:00:30 --> Database Driver Class Initialized
INFO - 2020-10-07 20:00:30 --> Email Class Initialized
DEBUG - 2020-10-07 20:00:30 --> Session: "sess_save_path" is empty; using "session.save_path" value from php.ini.
INFO - 2020-10-07 20:00:30 --> Session: Class initialized using 'files' driver.
INFO - 2020-10-07 20:00:30 --> Form Validation Class Initialized
INFO - 2020-10-07 20:00:30 --> Controller Class Initialized
DEBUG - 2020-10-07 20:00:30 --> User_api MX_Controller Initialized
INFO - 2020-10-07 20:00:30 --> Helper loaded: inflector_helper
INFO - 2020-10-07 20:00:30 --> Language file loaded: language/english/rest_controller_lang.php
DEBUG - 2020-10-07 20:00:30 --> File loaded: D:\xampp\htdocs\mobitrados\application\modules/mobi_api/user_api/models/User_api_model.php
INFO - 2020-10-07 23:30:30 --> Final output sent to browser
DEBUG - 2020-10-07 23:30:30 --> Total execution time: 1.6846
INFO - 2020-10-07 20:10:23 --> Config Class Initialized
INFO - 2020-10-07 20:10:23 --> Hooks Class Initialized
DEBUG - 2020-10-07 20:10:23 --> UTF-8 Support Enabled
INFO - 2020-10-07 20:10:23 --> Utf8 Class Initialized
INFO - 2020-10-07 20:10:23 --> URI Class Initialized
INFO - 2020-10-07 20:10:23 --> Router Class Initialized
INFO - 2020-10-07 20:10:23 --> Output Class Initialized
INFO - 2020-10-07 20:10:23 --> Security Class Initialized
DEBUG - 2020-10-07 20:10:23 --> Global POST, GET and COOKIE data sanitized
INFO - 2020-10-07 20:10:24 --> CSRF cookie sent
INFO - 2020-10-07 20:10:24 --> Input Class Initialized
INFO - 2020-10-07 20:10:24 --> Language Class Initialized
INFO - 2020-10-07 20:10:24 --> Language Class Initialized
INFO - 2020-10-07 20:10:24 --> Config Class Initialized
INFO - 2020-10-07 20:10:24 --> Loader Class Initialized
DEBUG - 2020-10-07 20:10:24 --> Config file loaded: D:\xampp\htdocs\mobitrados\application\config/rest.php
INFO - 2020-10-07 20:10:24 --> Helper loaded: url_helper
INFO - 2020-10-07 20:10:24 --> Helper loaded: form_helper
INFO - 2020-10-07 20:10:24 --> Helper loaded: adminurl_helper
INFO - 2020-10-07 20:10:24 --> Helper loaded: site_helper
INFO - 2020-10-07 20:10:24 --> Helper loaded: directory_helper
INFO - 2020-10-07 20:10:24 --> Helper loaded: mail_helper
INFO - 2020-10-07 20:10:24 --> Language file loaded: language/english/api_lang.php
INFO - 2020-10-07 20:10:24 --> Database Driver Class Initialized
INFO - 2020-10-07 20:10:24 --> Email Class Initialized
DEBUG - 2020-10-07 20:10:24 --> Session: "sess_save_path" is empty; using "session.save_path" value from php.ini.
INFO - 2020-10-07 20:10:24 --> Session: Class initialized using 'files' driver.
INFO - 2020-10-07 20:10:25 --> Form Validation Class Initialized
INFO - 2020-10-07 20:10:25 --> Controller Class Initialized
DEBUG - 2020-10-07 20:10:25 --> User_api MX_Controller Initialized
INFO - 2020-10-07 20:10:25 --> Helper loaded: inflector_helper
INFO - 2020-10-07 20:10:25 --> Language file loaded: language/english/rest_controller_lang.php
DEBUG - 2020-10-07 20:10:25 --> File loaded: D:\xampp\htdocs\mobitrados\application\modules/mobi_api/user_api/models/User_api_model.php
INFO - 2020-10-07 23:40:25 --> Final output sent to browser
DEBUG - 2020-10-07 23:40:25 --> Total execution time: 1.8178
INFO - 2020-10-07 20:11:01 --> Config Class Initialized
INFO - 2020-10-07 20:11:01 --> Hooks Class Initialized
DEBUG - 2020-10-07 20:11:01 --> UTF-8 Support Enabled
INFO - 2020-10-07 20:11:01 --> Utf8 Class Initialized
INFO - 2020-10-07 20:11:01 --> URI Class Initialized
INFO - 2020-10-07 20:11:01 --> Router Class Initialized
INFO - 2020-10-07 20:11:01 --> Output Class Initialized
INFO - 2020-10-07 20:11:01 --> Security Class Initialized
DEBUG - 2020-10-07 20:11:01 --> Global POST, GET and COOKIE data sanitized
INFO - 2020-10-07 20:11:01 --> CSRF cookie sent
INFO - 2020-10-07 20:11:01 --> Input Class Initialized
INFO - 2020-10-07 20:11:01 --> Language Class Initialized
INFO - 2020-10-07 20:11:01 --> Language Class Initialized
INFO - 2020-10-07 20:11:01 --> Config Class Initialized
INFO - 2020-10-07 20:11:02 --> Loader Class Initialized
DEBUG - 2020-10-07 20:11:02 --> Config file loaded: D:\xampp\htdocs\mobitrados\application\config/rest.php
INFO - 2020-10-07 20:11:02 --> Helper loaded: url_helper
INFO - 2020-10-07 20:11:02 --> Helper loaded: form_helper
INFO - 2020-10-07 20:11:02 --> Helper loaded: adminurl_helper
INFO - 2020-10-07 20:11:02 --> Helper loaded: site_helper
INFO - 2020-10-07 20:11:02 --> Helper loaded: directory_helper
INFO - 2020-10-07 20:11:02 --> Helper loaded: mail_helper
INFO - 2020-10-07 20:11:02 --> Language file loaded: language/english/api_lang.php
INFO - 2020-10-07 20:11:02 --> Database Driver Class Initialized
INFO - 2020-10-07 20:11:02 --> Email Class Initialized
DEBUG - 2020-10-07 20:11:02 --> Session: "sess_save_path" is empty; using "session.save_path" value from php.ini.
INFO - 2020-10-07 20:11:02 --> Session: Class initialized using 'files' driver.
INFO - 2020-10-07 20:11:02 --> Form Validation Class Initialized
INFO - 2020-10-07 20:11:02 --> Controller Class Initialized
DEBUG - 2020-10-07 20:11:02 --> User_api MX_Controller Initialized
INFO - 2020-10-07 20:11:02 --> Helper loaded: inflector_helper
INFO - 2020-10-07 20:11:02 --> Language file loaded: language/english/rest_controller_lang.php
DEBUG - 2020-10-07 20:11:03 --> File loaded: D:\xampp\htdocs\mobitrados\application\modules/mobi_api/user_api/models/User_api_model.php
INFO - 2020-10-07 23:41:03 --> Final output sent to browser
DEBUG - 2020-10-07 23:41:03 --> Total execution time: 1.7606
INFO - 2020-10-07 20:11:15 --> Config Class Initialized
INFO - 2020-10-07 20:11:15 --> Hooks Class Initialized
DEBUG - 2020-10-07 20:11:15 --> UTF-8 Support Enabled
INFO - 2020-10-07 20:11:15 --> Utf8 Class Initialized
INFO - 2020-10-07 20:11:15 --> URI Class Initialized
INFO - 2020-10-07 20:11:15 --> Router Class Initialized
INFO - 2020-10-07 20:11:15 --> Output Class Initialized
INFO - 2020-10-07 20:11:15 --> Security Class Initialized
DEBUG - 2020-10-07 20:11:15 --> Global POST, GET and COOKIE data sanitized
INFO - 2020-10-07 20:11:15 --> CSRF cookie sent
INFO - 2020-10-07 20:11:15 --> Input Class Initialized
INFO - 2020-10-07 20:11:15 --> Language Class Initialized
INFO - 2020-10-07 20:11:15 --> Language Class Initialized
INFO - 2020-10-07 20:11:15 --> Config Class Initialized
INFO - 2020-10-07 20:11:15 --> Loader Class Initialized
DEBUG - 2020-10-07 20:11:15 --> Config file loaded: D:\xampp\htdocs\mobitrados\application\config/rest.php
INFO - 2020-10-07 20:11:15 --> Helper loaded: url_helper
INFO - 2020-10-07 20:11:16 --> Helper loaded: form_helper
INFO - 2020-10-07 20:11:16 --> Helper loaded: adminurl_helper
INFO - 2020-10-07 20:11:16 --> Helper loaded: site_helper
INFO - 2020-10-07 20:11:16 --> Helper loaded: directory_helper
INFO - 2020-10-07 20:11:16 --> Helper loaded: mail_helper
INFO - 2020-10-07 20:11:16 --> Language file loaded: language/english/api_lang.php
INFO - 2020-10-07 20:11:16 --> Database Driver Class Initialized
INFO - 2020-10-07 20:11:16 --> Email Class Initialized
DEBUG - 2020-10-07 20:11:16 --> Session: "sess_save_path" is empty; using "session.save_path" value from php.ini.
INFO - 2020-10-07 20:11:16 --> Session: Class initialized using 'files' driver.
INFO - 2020-10-07 20:11:16 --> Form Validation Class Initialized
INFO - 2020-10-07 20:11:16 --> Controller Class Initialized
DEBUG - 2020-10-07 20:11:16 --> User_api MX_Controller Initialized
INFO - 2020-10-07 20:11:16 --> Helper loaded: inflector_helper
INFO - 2020-10-07 20:11:16 --> Language file loaded: language/english/rest_controller_lang.php
DEBUG - 2020-10-07 20:11:16 --> File loaded: D:\xampp\htdocs\mobitrados\application\modules/mobi_api/user_api/models/User_api_model.php
INFO - 2020-10-07 23:41:16 --> Final output sent to browser
DEBUG - 2020-10-07 23:41:16 --> Total execution time: 1.8497
