INFO - 2020-10-02 07:47:59 --> Config Class Initialized
INFO - 2020-10-02 07:47:59 --> Hooks Class Initialized
DEBUG - 2020-10-02 07:48:00 --> UTF-8 Support Enabled
INFO - 2020-10-02 07:48:00 --> Utf8 Class Initialized
INFO - 2020-10-02 07:48:00 --> URI Class Initialized
INFO - 2020-10-02 07:48:00 --> Router Class Initialized
INFO - 2020-10-02 07:48:00 --> Output Class Initialized
INFO - 2020-10-02 07:48:00 --> Security Class Initialized
DEBUG - 2020-10-02 07:48:00 --> Global POST, GET and COOKIE data sanitized
INFO - 2020-10-02 07:48:00 --> CSRF cookie sent
INFO - 2020-10-02 07:48:00 --> Input Class Initialized
INFO - 2020-10-02 07:48:00 --> Language Class Initialized
INFO - 2020-10-02 07:48:00 --> Language Class Initialized
INFO - 2020-10-02 07:48:00 --> Config Class Initialized
INFO - 2020-10-02 07:48:00 --> Loader Class Initialized
DEBUG - 2020-10-02 07:48:00 --> Config file loaded: D:\xampp\htdocs\mobitrados\application\config/rest.php
INFO - 2020-10-02 07:48:01 --> Helper loaded: url_helper
INFO - 2020-10-02 07:48:01 --> Helper loaded: form_helper
INFO - 2020-10-02 07:48:01 --> Helper loaded: adminurl_helper
INFO - 2020-10-02 07:48:01 --> Helper loaded: site_helper
INFO - 2020-10-02 07:48:01 --> Helper loaded: directory_helper
INFO - 2020-10-02 07:48:01 --> Helper loaded: mail_helper
INFO - 2020-10-02 07:48:01 --> Language file loaded: language/english/api_lang.php
INFO - 2020-10-02 07:48:01 --> Database Driver Class Initialized
INFO - 2020-10-02 07:48:01 --> Email Class Initialized
DEBUG - 2020-10-02 07:48:01 --> Session: "sess_save_path" is empty; using "session.save_path" value from php.ini.
INFO - 2020-10-02 07:48:01 --> Session: Class initialized using 'files' driver.
INFO - 2020-10-02 07:48:01 --> Form Validation Class Initialized
INFO - 2020-10-02 07:48:01 --> Controller Class Initialized
DEBUG - 2020-10-02 07:48:01 --> Public_api MX_Controller Initialized
INFO - 2020-10-02 07:48:01 --> Helper loaded: inflector_helper
INFO - 2020-10-02 07:48:01 --> Language file loaded: language/english/rest_controller_lang.php
DEBUG - 2020-10-02 07:48:01 --> File loaded: D:\xampp\htdocs\mobitrados\application\modules/mobi_api/public_api/models/Public_api_model.php
INFO - 2020-10-02 11:18:01 --> Final output sent to browser
DEBUG - 2020-10-02 11:18:02 --> Total execution time: 2.1515
INFO - 2020-10-02 07:48:28 --> Config Class Initialized
INFO - 2020-10-02 07:48:29 --> Hooks Class Initialized
DEBUG - 2020-10-02 07:48:29 --> UTF-8 Support Enabled
INFO - 2020-10-02 07:48:29 --> Utf8 Class Initialized
INFO - 2020-10-02 07:48:29 --> URI Class Initialized
INFO - 2020-10-02 07:48:29 --> Router Class Initialized
INFO - 2020-10-02 07:48:29 --> Output Class Initialized
INFO - 2020-10-02 07:48:29 --> Security Class Initialized
DEBUG - 2020-10-02 07:48:29 --> Global POST, GET and COOKIE data sanitized
INFO - 2020-10-02 07:48:29 --> CSRF cookie sent
INFO - 2020-10-02 07:48:29 --> Input Class Initialized
INFO - 2020-10-02 07:48:29 --> Language Class Initialized
INFO - 2020-10-02 07:48:29 --> Language Class Initialized
INFO - 2020-10-02 07:48:29 --> Config Class Initialized
INFO - 2020-10-02 07:48:29 --> Loader Class Initialized
DEBUG - 2020-10-02 07:48:29 --> Config file loaded: D:\xampp\htdocs\mobitrados\application\config/rest.php
INFO - 2020-10-02 07:48:29 --> Helper loaded: url_helper
INFO - 2020-10-02 07:48:29 --> Helper loaded: form_helper
INFO - 2020-10-02 07:48:30 --> Helper loaded: adminurl_helper
INFO - 2020-10-02 07:48:30 --> Helper loaded: site_helper
INFO - 2020-10-02 07:48:30 --> Helper loaded: directory_helper
INFO - 2020-10-02 07:48:30 --> Helper loaded: mail_helper
INFO - 2020-10-02 07:48:30 --> Language file loaded: language/english/api_lang.php
INFO - 2020-10-02 07:48:30 --> Database Driver Class Initialized
INFO - 2020-10-02 07:48:30 --> Email Class Initialized
DEBUG - 2020-10-02 07:48:30 --> Session: "sess_save_path" is empty; using "session.save_path" value from php.ini.
INFO - 2020-10-02 07:48:30 --> Session: Class initialized using 'files' driver.
INFO - 2020-10-02 07:48:30 --> Form Validation Class Initialized
INFO - 2020-10-02 07:48:30 --> Controller Class Initialized
DEBUG - 2020-10-02 07:48:30 --> Public_api MX_Controller Initialized
INFO - 2020-10-02 07:48:30 --> Helper loaded: inflector_helper
INFO - 2020-10-02 07:48:30 --> Language file loaded: language/english/rest_controller_lang.php
DEBUG - 2020-10-02 07:48:30 --> File loaded: D:\xampp\htdocs\mobitrados\application\modules/mobi_api/public_api/models/Public_api_model.php
INFO - 2020-10-02 11:18:30 --> Final output sent to browser
DEBUG - 2020-10-02 11:18:30 --> Total execution time: 1.9355
INFO - 2020-10-02 07:48:47 --> Config Class Initialized
INFO - 2020-10-02 07:48:47 --> Hooks Class Initialized
DEBUG - 2020-10-02 07:48:47 --> UTF-8 Support Enabled
INFO - 2020-10-02 07:48:47 --> Utf8 Class Initialized
INFO - 2020-10-02 07:48:48 --> URI Class Initialized
INFO - 2020-10-02 07:48:48 --> Router Class Initialized
INFO - 2020-10-02 07:48:48 --> Output Class Initialized
INFO - 2020-10-02 07:48:48 --> Security Class Initialized
DEBUG - 2020-10-02 07:48:48 --> Global POST, GET and COOKIE data sanitized
INFO - 2020-10-02 07:48:48 --> CSRF cookie sent
INFO - 2020-10-02 07:48:48 --> Input Class Initialized
INFO - 2020-10-02 07:48:48 --> Language Class Initialized
INFO - 2020-10-02 07:48:48 --> Language Class Initialized
INFO - 2020-10-02 07:48:48 --> Config Class Initialized
INFO - 2020-10-02 07:48:48 --> Loader Class Initialized
DEBUG - 2020-10-02 07:48:48 --> Config file loaded: D:\xampp\htdocs\mobitrados\application\config/rest.php
INFO - 2020-10-02 07:48:48 --> Helper loaded: url_helper
INFO - 2020-10-02 07:48:48 --> Helper loaded: form_helper
INFO - 2020-10-02 07:48:48 --> Helper loaded: adminurl_helper
INFO - 2020-10-02 07:48:48 --> Helper loaded: site_helper
INFO - 2020-10-02 07:48:48 --> Helper loaded: directory_helper
INFO - 2020-10-02 07:48:48 --> Helper loaded: mail_helper
INFO - 2020-10-02 07:48:49 --> Language file loaded: language/english/api_lang.php
INFO - 2020-10-02 07:48:49 --> Database Driver Class Initialized
INFO - 2020-10-02 07:48:49 --> Email Class Initialized
DEBUG - 2020-10-02 07:48:49 --> Session: "sess_save_path" is empty; using "session.save_path" value from php.ini.
INFO - 2020-10-02 07:48:49 --> Session: Class initialized using 'files' driver.
INFO - 2020-10-02 07:48:49 --> Form Validation Class Initialized
INFO - 2020-10-02 07:48:49 --> Controller Class Initialized
DEBUG - 2020-10-02 07:48:49 --> Public_api MX_Controller Initialized
INFO - 2020-10-02 07:48:49 --> Helper loaded: inflector_helper
INFO - 2020-10-02 07:48:49 --> Language file loaded: language/english/rest_controller_lang.php
DEBUG - 2020-10-02 07:48:49 --> File loaded: D:\xampp\htdocs\mobitrados\application\modules/mobi_api/public_api/models/Public_api_model.php
INFO - 2020-10-02 11:18:49 --> Final output sent to browser
DEBUG - 2020-10-02 11:18:49 --> Total execution time: 1.9755
INFO - 2020-10-02 07:50:01 --> Config Class Initialized
INFO - 2020-10-02 07:50:02 --> Hooks Class Initialized
DEBUG - 2020-10-02 07:50:02 --> UTF-8 Support Enabled
INFO - 2020-10-02 07:50:02 --> Utf8 Class Initialized
INFO - 2020-10-02 07:50:02 --> URI Class Initialized
INFO - 2020-10-02 07:50:02 --> Router Class Initialized
INFO - 2020-10-02 07:50:02 --> Output Class Initialized
INFO - 2020-10-02 07:50:02 --> Security Class Initialized
DEBUG - 2020-10-02 07:50:02 --> Global POST, GET and COOKIE data sanitized
INFO - 2020-10-02 07:50:02 --> CSRF cookie sent
INFO - 2020-10-02 07:50:02 --> Input Class Initialized
INFO - 2020-10-02 07:50:02 --> Language Class Initialized
INFO - 2020-10-02 07:50:02 --> Language Class Initialized
INFO - 2020-10-02 07:50:02 --> Config Class Initialized
INFO - 2020-10-02 07:50:02 --> Loader Class Initialized
DEBUG - 2020-10-02 07:50:02 --> Config file loaded: D:\xampp\htdocs\mobitrados\application\config/rest.php
INFO - 2020-10-02 07:50:02 --> Helper loaded: url_helper
INFO - 2020-10-02 07:50:02 --> Helper loaded: form_helper
INFO - 2020-10-02 07:50:02 --> Helper loaded: adminurl_helper
INFO - 2020-10-02 07:50:02 --> Helper loaded: site_helper
INFO - 2020-10-02 07:50:02 --> Helper loaded: directory_helper
INFO - 2020-10-02 07:50:03 --> Helper loaded: mail_helper
INFO - 2020-10-02 07:50:03 --> Language file loaded: language/english/api_lang.php
INFO - 2020-10-02 07:50:03 --> Database Driver Class Initialized
INFO - 2020-10-02 07:50:03 --> Email Class Initialized
DEBUG - 2020-10-02 07:50:03 --> Session: "sess_save_path" is empty; using "session.save_path" value from php.ini.
INFO - 2020-10-02 07:50:03 --> Session: Class initialized using 'files' driver.
INFO - 2020-10-02 07:50:03 --> Form Validation Class Initialized
INFO - 2020-10-02 07:50:03 --> Controller Class Initialized
DEBUG - 2020-10-02 07:50:03 --> Public_api MX_Controller Initialized
INFO - 2020-10-02 07:50:03 --> Helper loaded: inflector_helper
INFO - 2020-10-02 07:50:03 --> Language file loaded: language/english/rest_controller_lang.php
DEBUG - 2020-10-02 07:50:03 --> File loaded: D:\xampp\htdocs\mobitrados\application\modules/mobi_api/public_api/models/Public_api_model.php
INFO - 2020-10-02 11:20:03 --> Final output sent to browser
DEBUG - 2020-10-02 11:20:03 --> Total execution time: 1.7385
INFO - 2020-10-02 07:50:16 --> Config Class Initialized
INFO - 2020-10-02 07:50:16 --> Hooks Class Initialized
DEBUG - 2020-10-02 07:50:16 --> UTF-8 Support Enabled
INFO - 2020-10-02 07:50:16 --> Utf8 Class Initialized
INFO - 2020-10-02 07:50:16 --> URI Class Initialized
INFO - 2020-10-02 07:50:16 --> Router Class Initialized
INFO - 2020-10-02 07:50:16 --> Output Class Initialized
INFO - 2020-10-02 07:50:16 --> Security Class Initialized
DEBUG - 2020-10-02 07:50:17 --> Global POST, GET and COOKIE data sanitized
INFO - 2020-10-02 07:50:17 --> CSRF cookie sent
INFO - 2020-10-02 07:50:17 --> Input Class Initialized
INFO - 2020-10-02 07:50:17 --> Language Class Initialized
INFO - 2020-10-02 07:50:17 --> Language Class Initialized
INFO - 2020-10-02 07:50:17 --> Config Class Initialized
INFO - 2020-10-02 07:50:17 --> Loader Class Initialized
DEBUG - 2020-10-02 07:50:17 --> Config file loaded: D:\xampp\htdocs\mobitrados\application\config/rest.php
INFO - 2020-10-02 07:50:17 --> Helper loaded: url_helper
INFO - 2020-10-02 07:50:17 --> Helper loaded: form_helper
INFO - 2020-10-02 07:50:17 --> Helper loaded: adminurl_helper
INFO - 2020-10-02 07:50:17 --> Helper loaded: site_helper
INFO - 2020-10-02 07:50:17 --> Helper loaded: directory_helper
INFO - 2020-10-02 07:50:17 --> Helper loaded: mail_helper
INFO - 2020-10-02 07:50:17 --> Language file loaded: language/english/api_lang.php
INFO - 2020-10-02 07:50:17 --> Database Driver Class Initialized
INFO - 2020-10-02 07:50:17 --> Email Class Initialized
DEBUG - 2020-10-02 07:50:17 --> Session: "sess_save_path" is empty; using "session.save_path" value from php.ini.
INFO - 2020-10-02 07:50:18 --> Session: Class initialized using 'files' driver.
INFO - 2020-10-02 07:50:18 --> Form Validation Class Initialized
INFO - 2020-10-02 07:50:18 --> Controller Class Initialized
DEBUG - 2020-10-02 07:50:18 --> Public_api MX_Controller Initialized
INFO - 2020-10-02 07:50:18 --> Helper loaded: inflector_helper
INFO - 2020-10-02 07:50:18 --> Language file loaded: language/english/rest_controller_lang.php
DEBUG - 2020-10-02 07:50:18 --> File loaded: D:\xampp\htdocs\mobitrados\application\modules/mobi_api/public_api/models/Public_api_model.php
INFO - 2020-10-02 11:20:18 --> Final output sent to browser
DEBUG - 2020-10-02 11:20:18 --> Total execution time: 1.7986
INFO - 2020-10-02 07:51:36 --> Config Class Initialized
INFO - 2020-10-02 07:51:36 --> Hooks Class Initialized
DEBUG - 2020-10-02 07:51:36 --> UTF-8 Support Enabled
INFO - 2020-10-02 07:51:36 --> Utf8 Class Initialized
INFO - 2020-10-02 07:51:36 --> URI Class Initialized
INFO - 2020-10-02 07:51:36 --> Router Class Initialized
INFO - 2020-10-02 07:51:36 --> Output Class Initialized
INFO - 2020-10-02 07:51:36 --> Security Class Initialized
DEBUG - 2020-10-02 07:51:36 --> Global POST, GET and COOKIE data sanitized
INFO - 2020-10-02 07:51:36 --> CSRF cookie sent
INFO - 2020-10-02 07:51:36 --> Input Class Initialized
INFO - 2020-10-02 07:51:37 --> Language Class Initialized
INFO - 2020-10-02 07:51:37 --> Language Class Initialized
INFO - 2020-10-02 07:51:37 --> Config Class Initialized
INFO - 2020-10-02 07:51:37 --> Loader Class Initialized
DEBUG - 2020-10-02 07:51:37 --> Config file loaded: D:\xampp\htdocs\mobitrados\application\config/rest.php
INFO - 2020-10-02 07:51:37 --> Helper loaded: url_helper
INFO - 2020-10-02 07:51:37 --> Helper loaded: form_helper
INFO - 2020-10-02 07:51:37 --> Helper loaded: adminurl_helper
INFO - 2020-10-02 07:51:37 --> Helper loaded: site_helper
INFO - 2020-10-02 07:51:37 --> Helper loaded: directory_helper
INFO - 2020-10-02 07:51:37 --> Helper loaded: mail_helper
INFO - 2020-10-02 07:51:37 --> Language file loaded: language/english/api_lang.php
INFO - 2020-10-02 07:51:37 --> Database Driver Class Initialized
INFO - 2020-10-02 07:51:37 --> Email Class Initialized
DEBUG - 2020-10-02 07:51:37 --> Session: "sess_save_path" is empty; using "session.save_path" value from php.ini.
INFO - 2020-10-02 07:51:37 --> Session: Class initialized using 'files' driver.
INFO - 2020-10-02 07:51:37 --> Form Validation Class Initialized
INFO - 2020-10-02 07:51:38 --> Controller Class Initialized
DEBUG - 2020-10-02 07:51:38 --> Public_api MX_Controller Initialized
INFO - 2020-10-02 07:51:38 --> Helper loaded: inflector_helper
INFO - 2020-10-02 07:51:38 --> Language file loaded: language/english/rest_controller_lang.php
DEBUG - 2020-10-02 07:51:38 --> File loaded: D:\xampp\htdocs\mobitrados\application\modules/mobi_api/public_api/models/Public_api_model.php
INFO - 2020-10-02 11:21:38 --> Final output sent to browser
DEBUG - 2020-10-02 11:21:38 --> Total execution time: 2.0604
INFO - 2020-10-02 07:52:08 --> Config Class Initialized
INFO - 2020-10-02 07:52:08 --> Hooks Class Initialized
DEBUG - 2020-10-02 07:52:08 --> UTF-8 Support Enabled
INFO - 2020-10-02 07:52:08 --> Utf8 Class Initialized
INFO - 2020-10-02 07:52:08 --> URI Class Initialized
INFO - 2020-10-02 07:52:08 --> Router Class Initialized
INFO - 2020-10-02 07:52:08 --> Output Class Initialized
INFO - 2020-10-02 07:52:08 --> Security Class Initialized
DEBUG - 2020-10-02 07:52:08 --> Global POST, GET and COOKIE data sanitized
INFO - 2020-10-02 07:52:08 --> CSRF cookie sent
INFO - 2020-10-02 07:52:09 --> Input Class Initialized
INFO - 2020-10-02 07:52:09 --> Language Class Initialized
INFO - 2020-10-02 07:52:09 --> Language Class Initialized
INFO - 2020-10-02 07:52:09 --> Config Class Initialized
INFO - 2020-10-02 07:52:09 --> Loader Class Initialized
DEBUG - 2020-10-02 07:52:09 --> Config file loaded: D:\xampp\htdocs\mobitrados\application\config/rest.php
INFO - 2020-10-02 07:52:09 --> Helper loaded: url_helper
INFO - 2020-10-02 07:52:09 --> Helper loaded: form_helper
INFO - 2020-10-02 07:52:09 --> Helper loaded: adminurl_helper
INFO - 2020-10-02 07:52:09 --> Helper loaded: site_helper
INFO - 2020-10-02 07:52:09 --> Helper loaded: directory_helper
INFO - 2020-10-02 07:52:09 --> Helper loaded: mail_helper
INFO - 2020-10-02 07:52:09 --> Language file loaded: language/english/api_lang.php
INFO - 2020-10-02 07:52:09 --> Database Driver Class Initialized
INFO - 2020-10-02 07:52:09 --> Email Class Initialized
DEBUG - 2020-10-02 07:52:09 --> Session: "sess_save_path" is empty; using "session.save_path" value from php.ini.
INFO - 2020-10-02 07:52:09 --> Session: Class initialized using 'files' driver.
INFO - 2020-10-02 07:52:10 --> Form Validation Class Initialized
INFO - 2020-10-02 07:52:10 --> Controller Class Initialized
DEBUG - 2020-10-02 07:52:10 --> Public_api MX_Controller Initialized
INFO - 2020-10-02 07:52:10 --> Helper loaded: inflector_helper
INFO - 2020-10-02 07:52:10 --> Language file loaded: language/english/rest_controller_lang.php
DEBUG - 2020-10-02 07:52:10 --> File loaded: D:\xampp\htdocs\mobitrados\application\modules/mobi_api/public_api/models/Public_api_model.php
INFO - 2020-10-02 11:22:10 --> Final output sent to browser
DEBUG - 2020-10-02 11:22:10 --> Total execution time: 1.9459
INFO - 2020-10-02 08:09:36 --> Config Class Initialized
INFO - 2020-10-02 08:09:36 --> Hooks Class Initialized
DEBUG - 2020-10-02 08:09:36 --> UTF-8 Support Enabled
INFO - 2020-10-02 08:09:36 --> Utf8 Class Initialized
INFO - 2020-10-02 08:09:36 --> URI Class Initialized
INFO - 2020-10-02 08:09:36 --> Router Class Initialized
INFO - 2020-10-02 08:09:36 --> Output Class Initialized
INFO - 2020-10-02 08:09:36 --> Security Class Initialized
DEBUG - 2020-10-02 08:09:36 --> Global POST, GET and COOKIE data sanitized
INFO - 2020-10-02 08:09:37 --> CSRF cookie sent
INFO - 2020-10-02 08:09:37 --> Input Class Initialized
INFO - 2020-10-02 08:09:37 --> Language Class Initialized
INFO - 2020-10-02 08:09:37 --> Language Class Initialized
INFO - 2020-10-02 08:09:37 --> Config Class Initialized
INFO - 2020-10-02 08:09:37 --> Loader Class Initialized
DEBUG - 2020-10-02 08:09:37 --> Config file loaded: D:\xampp\htdocs\mobitrados\application\config/rest.php
INFO - 2020-10-02 08:09:37 --> Helper loaded: url_helper
INFO - 2020-10-02 08:09:37 --> Helper loaded: form_helper
INFO - 2020-10-02 08:09:37 --> Helper loaded: adminurl_helper
INFO - 2020-10-02 08:09:37 --> Helper loaded: site_helper
INFO - 2020-10-02 08:09:37 --> Helper loaded: directory_helper
INFO - 2020-10-02 08:09:37 --> Helper loaded: mail_helper
INFO - 2020-10-02 08:09:37 --> Language file loaded: language/english/api_lang.php
INFO - 2020-10-02 08:09:37 --> Database Driver Class Initialized
INFO - 2020-10-02 08:09:37 --> Email Class Initialized
DEBUG - 2020-10-02 08:09:37 --> Session: "sess_save_path" is empty; using "session.save_path" value from php.ini.
INFO - 2020-10-02 08:09:37 --> Session: Class initialized using 'files' driver.
INFO - 2020-10-02 08:09:38 --> Form Validation Class Initialized
INFO - 2020-10-02 08:09:38 --> Controller Class Initialized
DEBUG - 2020-10-02 08:09:38 --> Public_api MX_Controller Initialized
INFO - 2020-10-02 08:09:38 --> Helper loaded: inflector_helper
INFO - 2020-10-02 08:09:38 --> Language file loaded: language/english/rest_controller_lang.php
DEBUG - 2020-10-02 08:09:38 --> File loaded: D:\xampp\htdocs\mobitrados\application\modules/mobi_api/public_api/models/Public_api_model.php
ERROR - 2020-10-02 11:39:38 --> Severity: Notice --> Undefined variable: builder D:\xampp\htdocs\mobitrados\application\modules\mobi_api\public_api\models\Public_api_model.php 8
ERROR - 2020-10-02 11:39:38 --> Severity: Notice --> Trying to get property 'db' of non-object D:\xampp\htdocs\mobitrados\application\modules\mobi_api\public_api\models\Public_api_model.php 8
ERROR - 2020-10-02 11:39:38 --> Severity: error --> Exception: Call to a member function table() on null D:\xampp\htdocs\mobitrados\application\modules\mobi_api\public_api\models\Public_api_model.php 8
INFO - 2020-10-02 08:10:02 --> Config Class Initialized
INFO - 2020-10-02 08:10:02 --> Hooks Class Initialized
DEBUG - 2020-10-02 08:10:02 --> UTF-8 Support Enabled
INFO - 2020-10-02 08:10:02 --> Utf8 Class Initialized
INFO - 2020-10-02 08:10:02 --> URI Class Initialized
INFO - 2020-10-02 08:10:03 --> Router Class Initialized
INFO - 2020-10-02 08:10:03 --> Output Class Initialized
INFO - 2020-10-02 08:10:03 --> Security Class Initialized
DEBUG - 2020-10-02 08:10:03 --> Global POST, GET and COOKIE data sanitized
INFO - 2020-10-02 08:10:03 --> CSRF cookie sent
INFO - 2020-10-02 08:10:03 --> Input Class Initialized
INFO - 2020-10-02 08:10:03 --> Language Class Initialized
INFO - 2020-10-02 08:10:03 --> Language Class Initialized
INFO - 2020-10-02 08:10:03 --> Config Class Initialized
INFO - 2020-10-02 08:10:03 --> Loader Class Initialized
DEBUG - 2020-10-02 08:10:03 --> Config file loaded: D:\xampp\htdocs\mobitrados\application\config/rest.php
INFO - 2020-10-02 08:10:03 --> Helper loaded: url_helper
INFO - 2020-10-02 08:10:03 --> Helper loaded: form_helper
INFO - 2020-10-02 08:10:03 --> Helper loaded: adminurl_helper
INFO - 2020-10-02 08:10:03 --> Helper loaded: site_helper
INFO - 2020-10-02 08:10:03 --> Helper loaded: directory_helper
INFO - 2020-10-02 08:10:03 --> Helper loaded: mail_helper
INFO - 2020-10-02 08:10:03 --> Language file loaded: language/english/api_lang.php
INFO - 2020-10-02 08:10:03 --> Database Driver Class Initialized
INFO - 2020-10-02 08:10:04 --> Email Class Initialized
DEBUG - 2020-10-02 08:10:04 --> Session: "sess_save_path" is empty; using "session.save_path" value from php.ini.
INFO - 2020-10-02 08:10:04 --> Session: Class initialized using 'files' driver.
INFO - 2020-10-02 08:10:04 --> Form Validation Class Initialized
INFO - 2020-10-02 08:10:04 --> Controller Class Initialized
DEBUG - 2020-10-02 08:10:04 --> Public_api MX_Controller Initialized
INFO - 2020-10-02 08:10:04 --> Helper loaded: inflector_helper
INFO - 2020-10-02 08:10:04 --> Language file loaded: language/english/rest_controller_lang.php
DEBUG - 2020-10-02 08:10:04 --> File loaded: D:\xampp\htdocs\mobitrados\application\modules/mobi_api/public_api/models/Public_api_model.php
ERROR - 2020-10-02 11:40:04 --> Severity: error --> Exception: Call to undefined method CI_DB_mysqli_driver::table() D:\xampp\htdocs\mobitrados\application\modules\mobi_api\public_api\models\Public_api_model.php 8
INFO - 2020-10-02 08:10:26 --> Config Class Initialized
INFO - 2020-10-02 08:10:26 --> Hooks Class Initialized
DEBUG - 2020-10-02 08:10:26 --> UTF-8 Support Enabled
INFO - 2020-10-02 08:10:26 --> Utf8 Class Initialized
INFO - 2020-10-02 08:10:26 --> URI Class Initialized
INFO - 2020-10-02 08:10:26 --> Router Class Initialized
INFO - 2020-10-02 08:10:26 --> Output Class Initialized
INFO - 2020-10-02 08:10:26 --> Security Class Initialized
DEBUG - 2020-10-02 08:10:27 --> Global POST, GET and COOKIE data sanitized
INFO - 2020-10-02 08:10:27 --> CSRF cookie sent
INFO - 2020-10-02 08:10:27 --> Input Class Initialized
INFO - 2020-10-02 08:10:27 --> Language Class Initialized
INFO - 2020-10-02 08:10:27 --> Language Class Initialized
INFO - 2020-10-02 08:10:27 --> Config Class Initialized
INFO - 2020-10-02 08:10:27 --> Loader Class Initialized
DEBUG - 2020-10-02 08:10:27 --> Config file loaded: D:\xampp\htdocs\mobitrados\application\config/rest.php
INFO - 2020-10-02 08:10:27 --> Helper loaded: url_helper
INFO - 2020-10-02 08:10:27 --> Helper loaded: form_helper
INFO - 2020-10-02 08:10:27 --> Helper loaded: adminurl_helper
INFO - 2020-10-02 08:10:27 --> Helper loaded: site_helper
INFO - 2020-10-02 08:10:27 --> Helper loaded: directory_helper
INFO - 2020-10-02 08:10:27 --> Helper loaded: mail_helper
INFO - 2020-10-02 08:10:27 --> Language file loaded: language/english/api_lang.php
INFO - 2020-10-02 08:10:27 --> Database Driver Class Initialized
INFO - 2020-10-02 08:10:27 --> Email Class Initialized
DEBUG - 2020-10-02 08:10:27 --> Session: "sess_save_path" is empty; using "session.save_path" value from php.ini.
INFO - 2020-10-02 08:10:27 --> Session: Class initialized using 'files' driver.
INFO - 2020-10-02 08:10:28 --> Form Validation Class Initialized
INFO - 2020-10-02 08:10:28 --> Controller Class Initialized
DEBUG - 2020-10-02 08:10:28 --> Public_api MX_Controller Initialized
INFO - 2020-10-02 08:10:28 --> Helper loaded: inflector_helper
INFO - 2020-10-02 08:10:28 --> Language file loaded: language/english/rest_controller_lang.php
DEBUG - 2020-10-02 08:10:28 --> File loaded: D:\xampp\htdocs\mobitrados\application\modules/mobi_api/public_api/models/Public_api_model.php
ERROR - 2020-10-02 11:40:28 --> Severity: error --> Exception: Call to undefined method Public_api_model::select() D:\xampp\htdocs\mobitrados\application\modules\mobi_api\public_api\models\Public_api_model.php 9
INFO - 2020-10-02 08:11:53 --> Config Class Initialized
INFO - 2020-10-02 08:11:53 --> Hooks Class Initialized
DEBUG - 2020-10-02 08:11:53 --> UTF-8 Support Enabled
INFO - 2020-10-02 08:11:53 --> Utf8 Class Initialized
INFO - 2020-10-02 08:11:53 --> URI Class Initialized
INFO - 2020-10-02 08:11:54 --> Router Class Initialized
INFO - 2020-10-02 08:11:54 --> Output Class Initialized
INFO - 2020-10-02 08:11:54 --> Security Class Initialized
DEBUG - 2020-10-02 08:11:54 --> Global POST, GET and COOKIE data sanitized
INFO - 2020-10-02 08:11:54 --> CSRF cookie sent
INFO - 2020-10-02 08:11:54 --> Input Class Initialized
INFO - 2020-10-02 08:11:54 --> Language Class Initialized
INFO - 2020-10-02 08:11:54 --> Language Class Initialized
INFO - 2020-10-02 08:11:54 --> Config Class Initialized
INFO - 2020-10-02 08:11:54 --> Loader Class Initialized
DEBUG - 2020-10-02 08:11:54 --> Config file loaded: D:\xampp\htdocs\mobitrados\application\config/rest.php
INFO - 2020-10-02 08:11:54 --> Helper loaded: url_helper
INFO - 2020-10-02 08:11:54 --> Helper loaded: form_helper
INFO - 2020-10-02 08:11:54 --> Helper loaded: adminurl_helper
INFO - 2020-10-02 08:11:54 --> Helper loaded: site_helper
INFO - 2020-10-02 08:11:54 --> Helper loaded: directory_helper
INFO - 2020-10-02 08:11:54 --> Helper loaded: mail_helper
INFO - 2020-10-02 08:11:54 --> Language file loaded: language/english/api_lang.php
INFO - 2020-10-02 08:11:55 --> Database Driver Class Initialized
INFO - 2020-10-02 08:11:55 --> Email Class Initialized
DEBUG - 2020-10-02 08:11:55 --> Session: "sess_save_path" is empty; using "session.save_path" value from php.ini.
INFO - 2020-10-02 08:11:55 --> Session: Class initialized using 'files' driver.
INFO - 2020-10-02 08:11:55 --> Form Validation Class Initialized
INFO - 2020-10-02 08:11:55 --> Controller Class Initialized
DEBUG - 2020-10-02 08:11:55 --> Public_api MX_Controller Initialized
INFO - 2020-10-02 08:11:55 --> Helper loaded: inflector_helper
INFO - 2020-10-02 08:11:55 --> Language file loaded: language/english/rest_controller_lang.php
DEBUG - 2020-10-02 08:11:55 --> File loaded: D:\xampp\htdocs\mobitrados\application\modules/mobi_api/public_api/models/Public_api_model.php
ERROR - 2020-10-02 11:41:55 --> Severity: error --> Exception: Call to undefined method Public_api_model::select() D:\xampp\htdocs\mobitrados\application\modules\mobi_api\public_api\models\Public_api_model.php 8
INFO - 2020-10-02 08:12:10 --> Config Class Initialized
INFO - 2020-10-02 08:12:10 --> Hooks Class Initialized
DEBUG - 2020-10-02 08:12:10 --> UTF-8 Support Enabled
INFO - 2020-10-02 08:12:10 --> Utf8 Class Initialized
INFO - 2020-10-02 08:12:10 --> URI Class Initialized
INFO - 2020-10-02 08:12:10 --> Router Class Initialized
INFO - 2020-10-02 08:12:10 --> Output Class Initialized
INFO - 2020-10-02 08:12:10 --> Security Class Initialized
DEBUG - 2020-10-02 08:12:10 --> Global POST, GET and COOKIE data sanitized
INFO - 2020-10-02 08:12:10 --> CSRF cookie sent
INFO - 2020-10-02 08:12:11 --> Input Class Initialized
INFO - 2020-10-02 08:12:11 --> Language Class Initialized
INFO - 2020-10-02 08:12:11 --> Language Class Initialized
INFO - 2020-10-02 08:12:11 --> Config Class Initialized
INFO - 2020-10-02 08:12:11 --> Loader Class Initialized
DEBUG - 2020-10-02 08:12:11 --> Config file loaded: D:\xampp\htdocs\mobitrados\application\config/rest.php
INFO - 2020-10-02 08:12:11 --> Helper loaded: url_helper
INFO - 2020-10-02 08:12:11 --> Helper loaded: form_helper
INFO - 2020-10-02 08:12:11 --> Helper loaded: adminurl_helper
INFO - 2020-10-02 08:12:11 --> Helper loaded: site_helper
INFO - 2020-10-02 08:12:11 --> Helper loaded: directory_helper
INFO - 2020-10-02 08:12:11 --> Helper loaded: mail_helper
INFO - 2020-10-02 08:12:11 --> Language file loaded: language/english/api_lang.php
INFO - 2020-10-02 08:12:11 --> Database Driver Class Initialized
INFO - 2020-10-02 08:12:11 --> Email Class Initialized
DEBUG - 2020-10-02 08:12:11 --> Session: "sess_save_path" is empty; using "session.save_path" value from php.ini.
INFO - 2020-10-02 08:12:11 --> Session: Class initialized using 'files' driver.
INFO - 2020-10-02 08:12:11 --> Form Validation Class Initialized
INFO - 2020-10-02 08:12:11 --> Controller Class Initialized
DEBUG - 2020-10-02 08:12:11 --> Public_api MX_Controller Initialized
INFO - 2020-10-02 08:12:12 --> Helper loaded: inflector_helper
INFO - 2020-10-02 08:12:12 --> Language file loaded: language/english/rest_controller_lang.php
DEBUG - 2020-10-02 08:12:12 --> File loaded: D:\xampp\htdocs\mobitrados\application\modules/mobi_api/public_api/models/Public_api_model.php
ERROR - 2020-10-02 11:42:12 --> Severity: error --> Exception: Call to undefined method CI_DB_mysqli_driver::result() D:\xampp\htdocs\mobitrados\application\modules\mobi_api\public_api\controllers\Public_api.php 32
INFO - 2020-10-02 08:13:52 --> Config Class Initialized
INFO - 2020-10-02 08:13:52 --> Hooks Class Initialized
DEBUG - 2020-10-02 08:13:52 --> UTF-8 Support Enabled
INFO - 2020-10-02 08:13:53 --> Utf8 Class Initialized
INFO - 2020-10-02 08:13:53 --> URI Class Initialized
INFO - 2020-10-02 08:13:53 --> Router Class Initialized
INFO - 2020-10-02 08:13:53 --> Output Class Initialized
INFO - 2020-10-02 08:13:53 --> Security Class Initialized
DEBUG - 2020-10-02 08:13:53 --> Global POST, GET and COOKIE data sanitized
INFO - 2020-10-02 08:13:53 --> CSRF cookie sent
INFO - 2020-10-02 08:13:53 --> Input Class Initialized
INFO - 2020-10-02 08:13:53 --> Language Class Initialized
INFO - 2020-10-02 08:13:53 --> Language Class Initialized
INFO - 2020-10-02 08:13:53 --> Config Class Initialized
INFO - 2020-10-02 08:13:53 --> Loader Class Initialized
DEBUG - 2020-10-02 08:13:53 --> Config file loaded: D:\xampp\htdocs\mobitrados\application\config/rest.php
INFO - 2020-10-02 08:13:53 --> Helper loaded: url_helper
INFO - 2020-10-02 08:13:53 --> Helper loaded: form_helper
INFO - 2020-10-02 08:13:53 --> Helper loaded: adminurl_helper
INFO - 2020-10-02 08:13:53 --> Helper loaded: site_helper
INFO - 2020-10-02 08:13:53 --> Helper loaded: directory_helper
INFO - 2020-10-02 08:13:53 --> Helper loaded: mail_helper
INFO - 2020-10-02 08:13:54 --> Language file loaded: language/english/api_lang.php
INFO - 2020-10-02 08:13:54 --> Database Driver Class Initialized
INFO - 2020-10-02 08:13:54 --> Email Class Initialized
DEBUG - 2020-10-02 08:13:54 --> Session: "sess_save_path" is empty; using "session.save_path" value from php.ini.
INFO - 2020-10-02 08:13:54 --> Session: Class initialized using 'files' driver.
INFO - 2020-10-02 08:13:54 --> Form Validation Class Initialized
INFO - 2020-10-02 08:13:54 --> Controller Class Initialized
DEBUG - 2020-10-02 08:13:54 --> Public_api MX_Controller Initialized
INFO - 2020-10-02 08:13:54 --> Helper loaded: inflector_helper
INFO - 2020-10-02 08:13:54 --> Language file loaded: language/english/rest_controller_lang.php
DEBUG - 2020-10-02 08:13:54 --> File loaded: D:\xampp\htdocs\mobitrados\application\modules/mobi_api/public_api/models/Public_api_model.php
INFO - 2020-10-02 11:43:54 --> Final output sent to browser
DEBUG - 2020-10-02 11:43:54 --> Total execution time: 1.8155
INFO - 2020-10-02 08:43:45 --> Config Class Initialized
INFO - 2020-10-02 08:43:45 --> Hooks Class Initialized
DEBUG - 2020-10-02 08:43:45 --> UTF-8 Support Enabled
INFO - 2020-10-02 08:43:45 --> Utf8 Class Initialized
INFO - 2020-10-02 08:43:45 --> URI Class Initialized
INFO - 2020-10-02 08:43:45 --> Router Class Initialized
INFO - 2020-10-02 08:43:46 --> Output Class Initialized
INFO - 2020-10-02 08:43:46 --> Security Class Initialized
DEBUG - 2020-10-02 08:43:46 --> Global POST, GET and COOKIE data sanitized
INFO - 2020-10-02 08:43:46 --> CSRF cookie sent
INFO - 2020-10-02 08:43:46 --> Input Class Initialized
INFO - 2020-10-02 08:43:46 --> Language Class Initialized
INFO - 2020-10-02 08:43:46 --> Language Class Initialized
INFO - 2020-10-02 08:43:46 --> Config Class Initialized
INFO - 2020-10-02 08:43:46 --> Loader Class Initialized
DEBUG - 2020-10-02 08:43:46 --> Config file loaded: D:\xampp\htdocs\mobitrados\application\config/rest.php
INFO - 2020-10-02 08:43:46 --> Helper loaded: url_helper
INFO - 2020-10-02 08:43:46 --> Helper loaded: form_helper
INFO - 2020-10-02 08:43:46 --> Helper loaded: adminurl_helper
INFO - 2020-10-02 08:43:46 --> Helper loaded: site_helper
INFO - 2020-10-02 08:43:46 --> Helper loaded: directory_helper
INFO - 2020-10-02 08:43:46 --> Helper loaded: mail_helper
INFO - 2020-10-02 08:43:47 --> Language file loaded: language/english/api_lang.php
INFO - 2020-10-02 08:43:47 --> Database Driver Class Initialized
INFO - 2020-10-02 08:43:47 --> Email Class Initialized
DEBUG - 2020-10-02 08:43:47 --> Session: "sess_save_path" is empty; using "session.save_path" value from php.ini.
INFO - 2020-10-02 08:43:47 --> Session: Class initialized using 'files' driver.
INFO - 2020-10-02 08:43:47 --> Form Validation Class Initialized
INFO - 2020-10-02 08:43:47 --> Controller Class Initialized
DEBUG - 2020-10-02 08:43:47 --> Public_api MX_Controller Initialized
INFO - 2020-10-02 08:43:47 --> Helper loaded: inflector_helper
INFO - 2020-10-02 08:43:47 --> Language file loaded: language/english/rest_controller_lang.php
DEBUG - 2020-10-02 08:43:47 --> File loaded: D:\xampp\htdocs\mobitrados\application\modules/mobi_api/public_api/models/Public_api_model.php
INFO - 2020-10-02 12:13:47 --> Final output sent to browser
DEBUG - 2020-10-02 12:13:47 --> Total execution time: 2.4890
INFO - 2020-10-02 17:55:56 --> Config Class Initialized
INFO - 2020-10-02 17:55:56 --> Hooks Class Initialized
DEBUG - 2020-10-02 17:55:56 --> UTF-8 Support Enabled
INFO - 2020-10-02 17:55:56 --> Utf8 Class Initialized
INFO - 2020-10-02 17:55:56 --> URI Class Initialized
DEBUG - 2020-10-02 17:55:56 --> No URI present. Default controller set.
INFO - 2020-10-02 17:55:56 --> Router Class Initialized
INFO - 2020-10-02 17:55:56 --> Output Class Initialized
INFO - 2020-10-02 17:55:56 --> Security Class Initialized
DEBUG - 2020-10-02 17:55:57 --> Global POST, GET and COOKIE data sanitized
INFO - 2020-10-02 17:55:57 --> CSRF cookie sent
INFO - 2020-10-02 17:55:57 --> Input Class Initialized
INFO - 2020-10-02 17:55:57 --> Language Class Initialized
INFO - 2020-10-02 17:55:57 --> Language Class Initialized
INFO - 2020-10-02 17:55:57 --> Config Class Initialized
INFO - 2020-10-02 17:55:57 --> Loader Class Initialized
DEBUG - 2020-10-02 17:55:57 --> Config file loaded: D:\xampp\htdocs\mobitrados\application\config/rest.php
INFO - 2020-10-02 17:55:57 --> Helper loaded: url_helper
INFO - 2020-10-02 17:55:57 --> Helper loaded: form_helper
INFO - 2020-10-02 17:55:57 --> Helper loaded: adminurl_helper
INFO - 2020-10-02 17:55:57 --> Helper loaded: site_helper
INFO - 2020-10-02 17:55:57 --> Helper loaded: directory_helper
INFO - 2020-10-02 17:55:57 --> Helper loaded: mail_helper
INFO - 2020-10-02 17:55:57 --> Language file loaded: language/english/api_lang.php
INFO - 2020-10-02 17:55:57 --> Database Driver Class Initialized
INFO - 2020-10-02 17:55:57 --> Email Class Initialized
DEBUG - 2020-10-02 17:55:58 --> Session: "sess_save_path" is empty; using "session.save_path" value from php.ini.
INFO - 2020-10-02 17:55:58 --> Session: Class initialized using 'files' driver.
INFO - 2020-10-02 17:55:58 --> Form Validation Class Initialized
INFO - 2020-10-02 17:55:58 --> Controller Class Initialized
DEBUG - 2020-10-02 17:55:58 --> Web MX_Controller Initialized
DEBUG - 2020-10-02 17:55:58 --> File loaded: D:\xampp\htdocs\mobitrados\application\modules/website/web/views/sections/header.php
DEBUG - 2020-10-02 17:55:58 --> File loaded: D:\xampp\htdocs\mobitrados\application\modules/website/web/views/home.php
DEBUG - 2020-10-02 17:55:58 --> File loaded: D:\xampp\htdocs\mobitrados\application\modules/website/web/views/sections/footer.php
INFO - 2020-10-02 17:55:58 --> Final output sent to browser
DEBUG - 2020-10-02 17:55:58 --> Total execution time: 1.9720
INFO - 2020-10-02 17:56:00 --> Config Class Initialized
INFO - 2020-10-02 17:56:00 --> Hooks Class Initialized
DEBUG - 2020-10-02 17:56:00 --> UTF-8 Support Enabled
INFO - 2020-10-02 17:56:00 --> Utf8 Class Initialized
INFO - 2020-10-02 17:56:00 --> URI Class Initialized
INFO - 2020-10-02 17:56:00 --> Router Class Initialized
INFO - 2020-10-02 17:56:00 --> Output Class Initialized
INFO - 2020-10-02 17:56:00 --> Security Class Initialized
DEBUG - 2020-10-02 17:56:00 --> Global POST, GET and COOKIE data sanitized
INFO - 2020-10-02 17:56:00 --> CSRF cookie sent
INFO - 2020-10-02 17:56:00 --> Input Class Initialized
INFO - 2020-10-02 17:56:00 --> Language Class Initialized
INFO - 2020-10-02 17:56:00 --> Language Class Initialized
INFO - 2020-10-02 17:56:00 --> Config Class Initialized
INFO - 2020-10-02 17:56:01 --> Loader Class Initialized
DEBUG - 2020-10-02 17:56:01 --> Config file loaded: D:\xampp\htdocs\mobitrados\application\config/rest.php
INFO - 2020-10-02 17:56:01 --> Helper loaded: url_helper
INFO - 2020-10-02 17:56:01 --> Helper loaded: form_helper
INFO - 2020-10-02 17:56:01 --> Helper loaded: adminurl_helper
INFO - 2020-10-02 17:56:01 --> Helper loaded: site_helper
INFO - 2020-10-02 17:56:01 --> Helper loaded: directory_helper
INFO - 2020-10-02 17:56:01 --> Helper loaded: mail_helper
INFO - 2020-10-02 17:56:01 --> Language file loaded: language/english/api_lang.php
INFO - 2020-10-02 17:56:01 --> Database Driver Class Initialized
INFO - 2020-10-02 17:56:01 --> Email Class Initialized
DEBUG - 2020-10-02 17:56:01 --> Session: "sess_save_path" is empty; using "session.save_path" value from php.ini.
INFO - 2020-10-02 17:56:01 --> Session: Class initialized using 'files' driver.
INFO - 2020-10-02 17:56:01 --> Form Validation Class Initialized
INFO - 2020-10-02 17:56:01 --> Controller Class Initialized
DEBUG - 2020-10-02 17:56:01 --> Web MX_Controller Initialized
DEBUG - 2020-10-02 17:56:01 --> File loaded: D:\xampp\htdocs\mobitrados\application\modules/website/web/views/sections/header.php
DEBUG - 2020-10-02 17:56:01 --> File loaded: D:\xampp\htdocs\mobitrados\application\modules/website/web/views/404.php
DEBUG - 2020-10-02 17:56:02 --> File loaded: D:\xampp\htdocs\mobitrados\application\modules/website/web/views/sections/footer.php
INFO - 2020-10-02 17:56:02 --> Final output sent to browser
DEBUG - 2020-10-02 17:56:02 --> Total execution time: 2.0150
INFO - 2020-10-02 17:56:03 --> Config Class Initialized
INFO - 2020-10-02 17:56:03 --> Hooks Class Initialized
DEBUG - 2020-10-02 17:56:03 --> UTF-8 Support Enabled
INFO - 2020-10-02 17:56:03 --> Utf8 Class Initialized
INFO - 2020-10-02 17:56:03 --> URI Class Initialized
INFO - 2020-10-02 17:56:03 --> Router Class Initialized
INFO - 2020-10-02 17:56:04 --> Output Class Initialized
INFO - 2020-10-02 17:56:04 --> Security Class Initialized
DEBUG - 2020-10-02 17:56:04 --> Global POST, GET and COOKIE data sanitized
INFO - 2020-10-02 17:56:04 --> CSRF cookie sent
INFO - 2020-10-02 17:56:04 --> Input Class Initialized
INFO - 2020-10-02 17:56:04 --> Language Class Initialized
INFO - 2020-10-02 17:56:04 --> Language Class Initialized
INFO - 2020-10-02 17:56:04 --> Config Class Initialized
INFO - 2020-10-02 17:56:04 --> Loader Class Initialized
DEBUG - 2020-10-02 17:56:05 --> Config file loaded: D:\xampp\htdocs\mobitrados\application\config/rest.php
INFO - 2020-10-02 17:56:05 --> Helper loaded: url_helper
INFO - 2020-10-02 17:56:05 --> Helper loaded: form_helper
INFO - 2020-10-02 17:56:05 --> Helper loaded: adminurl_helper
INFO - 2020-10-02 17:56:05 --> Helper loaded: site_helper
INFO - 2020-10-02 17:56:05 --> Helper loaded: directory_helper
INFO - 2020-10-02 17:56:05 --> Helper loaded: mail_helper
INFO - 2020-10-02 17:56:05 --> Language file loaded: language/english/api_lang.php
INFO - 2020-10-02 17:56:05 --> Database Driver Class Initialized
INFO - 2020-10-02 17:56:05 --> Email Class Initialized
DEBUG - 2020-10-02 17:56:05 --> Session: "sess_save_path" is empty; using "session.save_path" value from php.ini.
INFO - 2020-10-02 17:56:05 --> Session: Class initialized using 'files' driver.
INFO - 2020-10-02 17:56:05 --> Form Validation Class Initialized
INFO - 2020-10-02 17:56:05 --> Controller Class Initialized
DEBUG - 2020-10-02 17:56:05 --> Web MX_Controller Initialized
DEBUG - 2020-10-02 17:56:06 --> File loaded: D:\xampp\htdocs\mobitrados\application\modules/website/web/views/sections/header.php
DEBUG - 2020-10-02 17:56:06 --> File loaded: D:\xampp\htdocs\mobitrados\application\modules/website/web/views/404.php
DEBUG - 2020-10-02 17:56:06 --> File loaded: D:\xampp\htdocs\mobitrados\application\modules/website/web/views/sections/footer.php
INFO - 2020-10-02 17:56:06 --> Final output sent to browser
DEBUG - 2020-10-02 17:56:06 --> Total execution time: 2.6980
INFO - 2020-10-02 18:09:33 --> Config Class Initialized
INFO - 2020-10-02 18:09:33 --> Hooks Class Initialized
DEBUG - 2020-10-02 18:09:33 --> UTF-8 Support Enabled
INFO - 2020-10-02 18:09:33 --> Utf8 Class Initialized
INFO - 2020-10-02 18:09:33 --> URI Class Initialized
INFO - 2020-10-02 18:09:33 --> Router Class Initialized
INFO - 2020-10-02 18:09:33 --> Output Class Initialized
INFO - 2020-10-02 18:09:33 --> Security Class Initialized
DEBUG - 2020-10-02 18:09:33 --> Global POST, GET and COOKIE data sanitized
INFO - 2020-10-02 18:09:33 --> CSRF cookie sent
INFO - 2020-10-02 18:09:33 --> Input Class Initialized
INFO - 2020-10-02 18:09:33 --> Language Class Initialized
INFO - 2020-10-02 18:09:33 --> Language Class Initialized
INFO - 2020-10-02 18:09:33 --> Config Class Initialized
INFO - 2020-10-02 18:09:33 --> Loader Class Initialized
DEBUG - 2020-10-02 18:09:33 --> Config file loaded: D:\xampp\htdocs\mobitrados\application\config/rest.php
INFO - 2020-10-02 18:09:34 --> Helper loaded: url_helper
INFO - 2020-10-02 18:09:34 --> Helper loaded: form_helper
INFO - 2020-10-02 18:09:34 --> Helper loaded: adminurl_helper
INFO - 2020-10-02 18:09:34 --> Helper loaded: site_helper
INFO - 2020-10-02 18:09:34 --> Helper loaded: directory_helper
INFO - 2020-10-02 18:09:34 --> Helper loaded: mail_helper
INFO - 2020-10-02 18:09:34 --> Language file loaded: language/english/api_lang.php
INFO - 2020-10-02 18:09:34 --> Database Driver Class Initialized
INFO - 2020-10-02 18:09:34 --> Email Class Initialized
DEBUG - 2020-10-02 18:09:34 --> Session: "sess_save_path" is empty; using "session.save_path" value from php.ini.
INFO - 2020-10-02 18:09:34 --> Session: Class initialized using 'files' driver.
INFO - 2020-10-02 18:09:34 --> Form Validation Class Initialized
INFO - 2020-10-02 18:09:34 --> Controller Class Initialized
DEBUG - 2020-10-02 18:09:34 --> Public_api MX_Controller Initialized
INFO - 2020-10-02 18:09:34 --> Helper loaded: inflector_helper
INFO - 2020-10-02 18:09:34 --> Language file loaded: language/english/rest_controller_lang.php
DEBUG - 2020-10-02 18:09:34 --> File loaded: D:\xampp\htdocs\mobitrados\application\modules/mobi_api/public_api/models/Public_api_model.php
INFO - 2020-10-02 21:39:34 --> Final output sent to browser
DEBUG - 2020-10-02 21:39:35 --> Total execution time: 1.7375
INFO - 2020-10-02 18:10:38 --> Config Class Initialized
INFO - 2020-10-02 18:10:38 --> Hooks Class Initialized
DEBUG - 2020-10-02 18:10:38 --> UTF-8 Support Enabled
INFO - 2020-10-02 18:10:38 --> Utf8 Class Initialized
INFO - 2020-10-02 18:10:38 --> URI Class Initialized
INFO - 2020-10-02 18:10:38 --> Router Class Initialized
INFO - 2020-10-02 18:10:38 --> Output Class Initialized
INFO - 2020-10-02 18:10:38 --> Security Class Initialized
DEBUG - 2020-10-02 18:10:38 --> Global POST, GET and COOKIE data sanitized
INFO - 2020-10-02 18:10:38 --> CSRF cookie sent
INFO - 2020-10-02 18:10:38 --> Input Class Initialized
INFO - 2020-10-02 18:10:38 --> Language Class Initialized
INFO - 2020-10-02 18:10:38 --> Language Class Initialized
INFO - 2020-10-02 18:10:39 --> Config Class Initialized
INFO - 2020-10-02 18:10:39 --> Loader Class Initialized
DEBUG - 2020-10-02 18:10:39 --> Config file loaded: D:\xampp\htdocs\mobitrados\application\config/rest.php
INFO - 2020-10-02 18:10:39 --> Helper loaded: url_helper
INFO - 2020-10-02 18:10:39 --> Helper loaded: form_helper
INFO - 2020-10-02 18:10:39 --> Helper loaded: adminurl_helper
INFO - 2020-10-02 18:10:39 --> Helper loaded: site_helper
INFO - 2020-10-02 18:10:39 --> Helper loaded: directory_helper
INFO - 2020-10-02 18:10:39 --> Helper loaded: mail_helper
INFO - 2020-10-02 18:10:39 --> Language file loaded: language/english/api_lang.php
INFO - 2020-10-02 18:10:39 --> Database Driver Class Initialized
INFO - 2020-10-02 18:10:39 --> Email Class Initialized
DEBUG - 2020-10-02 18:10:39 --> Session: "sess_save_path" is empty; using "session.save_path" value from php.ini.
INFO - 2020-10-02 18:10:39 --> Session: Class initialized using 'files' driver.
INFO - 2020-10-02 18:10:39 --> Form Validation Class Initialized
INFO - 2020-10-02 18:10:39 --> Controller Class Initialized
DEBUG - 2020-10-02 18:10:39 --> Public_api MX_Controller Initialized
INFO - 2020-10-02 18:10:39 --> Helper loaded: inflector_helper
INFO - 2020-10-02 18:10:39 --> Language file loaded: language/english/rest_controller_lang.php
DEBUG - 2020-10-02 18:10:40 --> File loaded: D:\xampp\htdocs\mobitrados\application\modules/mobi_api/public_api/models/Public_api_model.php
INFO - 2020-10-02 21:40:40 --> Final output sent to browser
DEBUG - 2020-10-02 21:40:40 --> Total execution time: 1.8611
INFO - 2020-10-02 18:10:56 --> Config Class Initialized
INFO - 2020-10-02 18:10:56 --> Hooks Class Initialized
DEBUG - 2020-10-02 18:10:56 --> UTF-8 Support Enabled
INFO - 2020-10-02 18:10:56 --> Utf8 Class Initialized
INFO - 2020-10-02 18:10:56 --> URI Class Initialized
INFO - 2020-10-02 18:10:56 --> Router Class Initialized
INFO - 2020-10-02 18:10:56 --> Output Class Initialized
INFO - 2020-10-02 18:10:56 --> Security Class Initialized
DEBUG - 2020-10-02 18:10:56 --> Global POST, GET and COOKIE data sanitized
INFO - 2020-10-02 18:10:56 --> CSRF cookie sent
INFO - 2020-10-02 18:10:56 --> Input Class Initialized
INFO - 2020-10-02 18:10:56 --> Language Class Initialized
INFO - 2020-10-02 18:10:56 --> Language Class Initialized
INFO - 2020-10-02 18:10:56 --> Config Class Initialized
INFO - 2020-10-02 18:10:56 --> Loader Class Initialized
DEBUG - 2020-10-02 18:10:56 --> Config file loaded: D:\xampp\htdocs\mobitrados\application\config/rest.php
INFO - 2020-10-02 18:10:56 --> Helper loaded: url_helper
INFO - 2020-10-02 18:10:57 --> Helper loaded: form_helper
INFO - 2020-10-02 18:10:57 --> Helper loaded: adminurl_helper
INFO - 2020-10-02 18:10:57 --> Helper loaded: site_helper
INFO - 2020-10-02 18:10:57 --> Helper loaded: directory_helper
INFO - 2020-10-02 18:10:57 --> Helper loaded: mail_helper
INFO - 2020-10-02 18:10:57 --> Language file loaded: language/english/api_lang.php
INFO - 2020-10-02 18:10:57 --> Database Driver Class Initialized
INFO - 2020-10-02 18:10:57 --> Email Class Initialized
DEBUG - 2020-10-02 18:10:57 --> Session: "sess_save_path" is empty; using "session.save_path" value from php.ini.
INFO - 2020-10-02 18:10:57 --> Session: Class initialized using 'files' driver.
INFO - 2020-10-02 18:10:57 --> Form Validation Class Initialized
INFO - 2020-10-02 18:10:57 --> Controller Class Initialized
DEBUG - 2020-10-02 18:10:57 --> Public_api MX_Controller Initialized
INFO - 2020-10-02 18:10:57 --> Helper loaded: inflector_helper
INFO - 2020-10-02 18:10:57 --> Language file loaded: language/english/rest_controller_lang.php
DEBUG - 2020-10-02 18:10:57 --> File loaded: D:\xampp\htdocs\mobitrados\application\modules/mobi_api/public_api/models/Public_api_model.php
INFO - 2020-10-02 21:40:57 --> Final output sent to browser
DEBUG - 2020-10-02 21:40:57 --> Total execution time: 1.7252
INFO - 2020-10-02 18:11:09 --> Config Class Initialized
INFO - 2020-10-02 18:11:09 --> Hooks Class Initialized
DEBUG - 2020-10-02 18:11:09 --> UTF-8 Support Enabled
INFO - 2020-10-02 18:11:09 --> Utf8 Class Initialized
INFO - 2020-10-02 18:11:09 --> URI Class Initialized
INFO - 2020-10-02 18:11:09 --> Router Class Initialized
INFO - 2020-10-02 18:11:09 --> Output Class Initialized
INFO - 2020-10-02 18:11:09 --> Security Class Initialized
DEBUG - 2020-10-02 18:11:09 --> Global POST, GET and COOKIE data sanitized
INFO - 2020-10-02 18:11:09 --> CSRF cookie sent
INFO - 2020-10-02 18:11:09 --> Input Class Initialized
INFO - 2020-10-02 18:11:09 --> Language Class Initialized
INFO - 2020-10-02 18:11:09 --> Language Class Initialized
INFO - 2020-10-02 18:11:10 --> Config Class Initialized
INFO - 2020-10-02 18:11:10 --> Loader Class Initialized
DEBUG - 2020-10-02 18:11:10 --> Config file loaded: D:\xampp\htdocs\mobitrados\application\config/rest.php
INFO - 2020-10-02 18:11:10 --> Helper loaded: url_helper
INFO - 2020-10-02 18:11:10 --> Helper loaded: form_helper
INFO - 2020-10-02 18:11:10 --> Helper loaded: adminurl_helper
INFO - 2020-10-02 18:11:10 --> Helper loaded: site_helper
INFO - 2020-10-02 18:11:10 --> Helper loaded: directory_helper
INFO - 2020-10-02 18:11:10 --> Helper loaded: mail_helper
INFO - 2020-10-02 18:11:10 --> Language file loaded: language/english/api_lang.php
INFO - 2020-10-02 18:11:10 --> Database Driver Class Initialized
INFO - 2020-10-02 18:11:10 --> Email Class Initialized
DEBUG - 2020-10-02 18:11:10 --> Session: "sess_save_path" is empty; using "session.save_path" value from php.ini.
INFO - 2020-10-02 18:11:10 --> Session: Class initialized using 'files' driver.
INFO - 2020-10-02 18:11:10 --> Form Validation Class Initialized
INFO - 2020-10-02 18:11:10 --> Controller Class Initialized
DEBUG - 2020-10-02 18:11:10 --> Public_api MX_Controller Initialized
INFO - 2020-10-02 18:11:10 --> Helper loaded: inflector_helper
INFO - 2020-10-02 18:11:10 --> Language file loaded: language/english/rest_controller_lang.php
DEBUG - 2020-10-02 18:11:10 --> File loaded: D:\xampp\htdocs\mobitrados\application\modules/mobi_api/public_api/models/Public_api_model.php
INFO - 2020-10-02 21:41:11 --> Final output sent to browser
DEBUG - 2020-10-02 21:41:11 --> Total execution time: 1.7077
INFO - 2020-10-02 18:18:58 --> Config Class Initialized
INFO - 2020-10-02 18:18:58 --> Hooks Class Initialized
DEBUG - 2020-10-02 18:18:58 --> UTF-8 Support Enabled
INFO - 2020-10-02 18:18:58 --> Utf8 Class Initialized
INFO - 2020-10-02 18:18:58 --> URI Class Initialized
INFO - 2020-10-02 18:18:58 --> Router Class Initialized
INFO - 2020-10-02 18:18:58 --> Output Class Initialized
INFO - 2020-10-02 18:18:58 --> Security Class Initialized
DEBUG - 2020-10-02 18:18:58 --> Global POST, GET and COOKIE data sanitized
INFO - 2020-10-02 18:18:58 --> CSRF cookie sent
INFO - 2020-10-02 18:18:58 --> Input Class Initialized
INFO - 2020-10-02 18:18:59 --> Language Class Initialized
INFO - 2020-10-02 18:18:59 --> Language Class Initialized
INFO - 2020-10-02 18:18:59 --> Config Class Initialized
INFO - 2020-10-02 18:18:59 --> Loader Class Initialized
DEBUG - 2020-10-02 18:18:59 --> Config file loaded: D:\xampp\htdocs\mobitrados\application\config/rest.php
INFO - 2020-10-02 18:18:59 --> Helper loaded: url_helper
INFO - 2020-10-02 18:18:59 --> Helper loaded: form_helper
INFO - 2020-10-02 18:18:59 --> Helper loaded: adminurl_helper
INFO - 2020-10-02 18:18:59 --> Helper loaded: site_helper
INFO - 2020-10-02 18:18:59 --> Helper loaded: directory_helper
INFO - 2020-10-02 18:18:59 --> Helper loaded: mail_helper
INFO - 2020-10-02 18:18:59 --> Language file loaded: language/english/api_lang.php
INFO - 2020-10-02 18:18:59 --> Database Driver Class Initialized
INFO - 2020-10-02 18:18:59 --> Email Class Initialized
DEBUG - 2020-10-02 18:18:59 --> Session: "sess_save_path" is empty; using "session.save_path" value from php.ini.
INFO - 2020-10-02 18:18:59 --> Session: Class initialized using 'files' driver.
INFO - 2020-10-02 18:18:59 --> Form Validation Class Initialized
INFO - 2020-10-02 18:18:59 --> Controller Class Initialized
DEBUG - 2020-10-02 18:18:59 --> Public_api MX_Controller Initialized
INFO - 2020-10-02 18:18:59 --> Helper loaded: inflector_helper
INFO - 2020-10-02 18:19:00 --> Language file loaded: language/english/rest_controller_lang.php
DEBUG - 2020-10-02 18:19:00 --> File loaded: D:\xampp\htdocs\mobitrados\application\modules/mobi_api/public_api/models/Public_api_model.php
INFO - 2020-10-02 21:49:00 --> Final output sent to browser
DEBUG - 2020-10-02 21:49:00 --> Total execution time: 1.7693
INFO - 2020-10-02 18:19:42 --> Config Class Initialized
INFO - 2020-10-02 18:19:42 --> Hooks Class Initialized
DEBUG - 2020-10-02 18:19:42 --> UTF-8 Support Enabled
INFO - 2020-10-02 18:19:42 --> Utf8 Class Initialized
INFO - 2020-10-02 18:19:42 --> URI Class Initialized
INFO - 2020-10-02 18:19:43 --> Router Class Initialized
INFO - 2020-10-02 18:19:43 --> Output Class Initialized
INFO - 2020-10-02 18:19:43 --> Security Class Initialized
DEBUG - 2020-10-02 18:19:43 --> Global POST, GET and COOKIE data sanitized
INFO - 2020-10-02 18:19:43 --> CSRF cookie sent
INFO - 2020-10-02 18:19:43 --> Input Class Initialized
INFO - 2020-10-02 18:19:43 --> Language Class Initialized
INFO - 2020-10-02 18:19:43 --> Language Class Initialized
INFO - 2020-10-02 18:19:43 --> Config Class Initialized
INFO - 2020-10-02 18:19:43 --> Loader Class Initialized
DEBUG - 2020-10-02 18:19:43 --> Config file loaded: D:\xampp\htdocs\mobitrados\application\config/rest.php
INFO - 2020-10-02 18:19:43 --> Helper loaded: url_helper
INFO - 2020-10-02 18:19:43 --> Helper loaded: form_helper
INFO - 2020-10-02 18:19:43 --> Helper loaded: adminurl_helper
INFO - 2020-10-02 18:19:43 --> Helper loaded: site_helper
INFO - 2020-10-02 18:19:43 --> Helper loaded: directory_helper
INFO - 2020-10-02 18:19:43 --> Helper loaded: mail_helper
INFO - 2020-10-02 18:19:43 --> Language file loaded: language/english/api_lang.php
INFO - 2020-10-02 18:19:43 --> Database Driver Class Initialized
INFO - 2020-10-02 18:19:43 --> Email Class Initialized
DEBUG - 2020-10-02 18:19:44 --> Session: "sess_save_path" is empty; using "session.save_path" value from php.ini.
INFO - 2020-10-02 18:19:44 --> Session: Class initialized using 'files' driver.
INFO - 2020-10-02 18:19:44 --> Form Validation Class Initialized
INFO - 2020-10-02 18:19:44 --> Controller Class Initialized
DEBUG - 2020-10-02 18:19:44 --> Public_api MX_Controller Initialized
INFO - 2020-10-02 18:19:44 --> Helper loaded: inflector_helper
INFO - 2020-10-02 18:19:44 --> Language file loaded: language/english/rest_controller_lang.php
DEBUG - 2020-10-02 18:19:44 --> File loaded: D:\xampp\htdocs\mobitrados\application\modules/mobi_api/public_api/models/Public_api_model.php
INFO - 2020-10-02 21:49:44 --> Final output sent to browser
DEBUG - 2020-10-02 21:49:44 --> Total execution time: 1.7143
INFO - 2020-10-02 18:27:36 --> Config Class Initialized
INFO - 2020-10-02 18:27:36 --> Hooks Class Initialized
DEBUG - 2020-10-02 18:27:36 --> UTF-8 Support Enabled
INFO - 2020-10-02 18:27:36 --> Utf8 Class Initialized
INFO - 2020-10-02 18:27:36 --> URI Class Initialized
INFO - 2020-10-02 18:27:36 --> Router Class Initialized
INFO - 2020-10-02 18:27:36 --> Output Class Initialized
INFO - 2020-10-02 18:27:36 --> Security Class Initialized
DEBUG - 2020-10-02 18:27:36 --> Global POST, GET and COOKIE data sanitized
INFO - 2020-10-02 18:27:36 --> CSRF cookie sent
INFO - 2020-10-02 18:27:36 --> Input Class Initialized
INFO - 2020-10-02 18:27:36 --> Language Class Initialized
INFO - 2020-10-02 18:27:36 --> Language Class Initialized
INFO - 2020-10-02 18:27:36 --> Config Class Initialized
INFO - 2020-10-02 18:27:36 --> Loader Class Initialized
DEBUG - 2020-10-02 18:27:36 --> Config file loaded: D:\xampp\htdocs\mobitrados\application\config/rest.php
INFO - 2020-10-02 18:27:36 --> Helper loaded: url_helper
INFO - 2020-10-02 18:27:36 --> Helper loaded: form_helper
INFO - 2020-10-02 18:27:37 --> Helper loaded: adminurl_helper
INFO - 2020-10-02 18:27:37 --> Helper loaded: site_helper
INFO - 2020-10-02 18:27:37 --> Helper loaded: directory_helper
INFO - 2020-10-02 18:27:37 --> Helper loaded: mail_helper
INFO - 2020-10-02 18:27:37 --> Language file loaded: language/english/api_lang.php
INFO - 2020-10-02 18:27:37 --> Database Driver Class Initialized
INFO - 2020-10-02 18:27:37 --> Email Class Initialized
DEBUG - 2020-10-02 18:27:37 --> Session: "sess_save_path" is empty; using "session.save_path" value from php.ini.
INFO - 2020-10-02 18:27:37 --> Session: Class initialized using 'files' driver.
INFO - 2020-10-02 18:27:37 --> Form Validation Class Initialized
INFO - 2020-10-02 18:27:37 --> Controller Class Initialized
DEBUG - 2020-10-02 18:27:37 --> Public_api MX_Controller Initialized
INFO - 2020-10-02 18:27:37 --> Helper loaded: inflector_helper
INFO - 2020-10-02 18:27:37 --> Language file loaded: language/english/rest_controller_lang.php
DEBUG - 2020-10-02 18:27:37 --> File loaded: D:\xampp\htdocs\mobitrados\application\modules/mobi_api/public_api/models/Public_api_model.php
INFO - 2020-10-02 21:57:37 --> Final output sent to browser
DEBUG - 2020-10-02 21:57:37 --> Total execution time: 1.7171
INFO - 2020-10-02 18:32:32 --> Config Class Initialized
INFO - 2020-10-02 18:32:32 --> Hooks Class Initialized
DEBUG - 2020-10-02 18:32:32 --> UTF-8 Support Enabled
INFO - 2020-10-02 18:32:32 --> Utf8 Class Initialized
INFO - 2020-10-02 18:32:32 --> URI Class Initialized
INFO - 2020-10-02 18:32:32 --> Router Class Initialized
INFO - 2020-10-02 18:32:32 --> Output Class Initialized
INFO - 2020-10-02 18:32:32 --> Security Class Initialized
DEBUG - 2020-10-02 18:32:32 --> Global POST, GET and COOKIE data sanitized
INFO - 2020-10-02 18:32:33 --> CSRF cookie sent
INFO - 2020-10-02 18:32:33 --> Input Class Initialized
INFO - 2020-10-02 18:32:33 --> Language Class Initialized
INFO - 2020-10-02 18:32:33 --> Language Class Initialized
INFO - 2020-10-02 18:32:33 --> Config Class Initialized
INFO - 2020-10-02 18:32:33 --> Loader Class Initialized
DEBUG - 2020-10-02 18:32:33 --> Config file loaded: D:\xampp\htdocs\mobitrados\application\config/rest.php
INFO - 2020-10-02 18:32:33 --> Helper loaded: url_helper
INFO - 2020-10-02 18:32:33 --> Helper loaded: form_helper
INFO - 2020-10-02 18:32:33 --> Helper loaded: adminurl_helper
INFO - 2020-10-02 18:32:33 --> Helper loaded: site_helper
INFO - 2020-10-02 18:32:33 --> Helper loaded: directory_helper
INFO - 2020-10-02 18:32:33 --> Helper loaded: mail_helper
INFO - 2020-10-02 18:32:33 --> Language file loaded: language/english/api_lang.php
INFO - 2020-10-02 18:32:33 --> Database Driver Class Initialized
INFO - 2020-10-02 18:32:33 --> Email Class Initialized
DEBUG - 2020-10-02 18:32:33 --> Session: "sess_save_path" is empty; using "session.save_path" value from php.ini.
INFO - 2020-10-02 18:32:33 --> Session: Class initialized using 'files' driver.
INFO - 2020-10-02 18:32:33 --> Form Validation Class Initialized
INFO - 2020-10-02 18:32:33 --> Controller Class Initialized
DEBUG - 2020-10-02 18:32:34 --> Public_api MX_Controller Initialized
INFO - 2020-10-02 18:32:34 --> Helper loaded: inflector_helper
INFO - 2020-10-02 18:32:34 --> Language file loaded: language/english/rest_controller_lang.php
DEBUG - 2020-10-02 18:32:34 --> File loaded: D:\xampp\htdocs\mobitrados\application\modules/mobi_api/public_api/models/Public_api_model.php
ERROR - 2020-10-02 22:02:34 --> Severity: Notice --> Undefined variable: products D:\xampp\htdocs\mobitrados\application\modules\mobi_api\public_api\controllers\Public_api.php 65
ERROR - 2020-10-02 22:02:34 --> Severity: error --> Exception: Call to a member function result() on null D:\xampp\htdocs\mobitrados\application\modules\mobi_api\public_api\controllers\Public_api.php 65
INFO - 2020-10-02 18:32:43 --> Config Class Initialized
INFO - 2020-10-02 18:32:43 --> Hooks Class Initialized
DEBUG - 2020-10-02 18:32:43 --> UTF-8 Support Enabled
INFO - 2020-10-02 18:32:43 --> Utf8 Class Initialized
INFO - 2020-10-02 18:32:43 --> URI Class Initialized
INFO - 2020-10-02 18:32:43 --> Router Class Initialized
INFO - 2020-10-02 18:32:43 --> Output Class Initialized
INFO - 2020-10-02 18:32:43 --> Security Class Initialized
DEBUG - 2020-10-02 18:32:43 --> Global POST, GET and COOKIE data sanitized
INFO - 2020-10-02 18:32:43 --> CSRF cookie sent
INFO - 2020-10-02 18:32:43 --> Input Class Initialized
INFO - 2020-10-02 18:32:43 --> Language Class Initialized
INFO - 2020-10-02 18:32:43 --> Language Class Initialized
INFO - 2020-10-02 18:32:43 --> Config Class Initialized
INFO - 2020-10-02 18:32:44 --> Loader Class Initialized
DEBUG - 2020-10-02 18:32:44 --> Config file loaded: D:\xampp\htdocs\mobitrados\application\config/rest.php
INFO - 2020-10-02 18:32:44 --> Helper loaded: url_helper
INFO - 2020-10-02 18:32:44 --> Helper loaded: form_helper
INFO - 2020-10-02 18:32:44 --> Helper loaded: adminurl_helper
INFO - 2020-10-02 18:32:44 --> Helper loaded: site_helper
INFO - 2020-10-02 18:32:44 --> Helper loaded: directory_helper
INFO - 2020-10-02 18:32:44 --> Helper loaded: mail_helper
INFO - 2020-10-02 18:32:44 --> Language file loaded: language/english/api_lang.php
INFO - 2020-10-02 18:32:44 --> Database Driver Class Initialized
INFO - 2020-10-02 18:32:44 --> Email Class Initialized
DEBUG - 2020-10-02 18:32:44 --> Session: "sess_save_path" is empty; using "session.save_path" value from php.ini.
INFO - 2020-10-02 18:32:44 --> Session: Class initialized using 'files' driver.
INFO - 2020-10-02 18:32:44 --> Form Validation Class Initialized
INFO - 2020-10-02 18:32:44 --> Controller Class Initialized
DEBUG - 2020-10-02 18:32:44 --> Public_api MX_Controller Initialized
INFO - 2020-10-02 18:32:44 --> Helper loaded: inflector_helper
INFO - 2020-10-02 18:32:44 --> Language file loaded: language/english/rest_controller_lang.php
DEBUG - 2020-10-02 18:32:44 --> File loaded: D:\xampp\htdocs\mobitrados\application\modules/mobi_api/public_api/models/Public_api_model.php
INFO - 2020-10-02 22:02:45 --> Final output sent to browser
DEBUG - 2020-10-02 22:02:45 --> Total execution time: 1.7247
INFO - 2020-10-02 18:33:42 --> Config Class Initialized
INFO - 2020-10-02 18:33:42 --> Hooks Class Initialized
DEBUG - 2020-10-02 18:33:42 --> UTF-8 Support Enabled
INFO - 2020-10-02 18:33:42 --> Utf8 Class Initialized
INFO - 2020-10-02 18:33:42 --> URI Class Initialized
INFO - 2020-10-02 18:33:42 --> Router Class Initialized
INFO - 2020-10-02 18:33:42 --> Output Class Initialized
INFO - 2020-10-02 18:33:42 --> Security Class Initialized
DEBUG - 2020-10-02 18:33:42 --> Global POST, GET and COOKIE data sanitized
INFO - 2020-10-02 18:33:42 --> CSRF cookie sent
INFO - 2020-10-02 18:33:42 --> Input Class Initialized
INFO - 2020-10-02 18:33:42 --> Language Class Initialized
INFO - 2020-10-02 18:33:42 --> Language Class Initialized
INFO - 2020-10-02 18:33:42 --> Config Class Initialized
INFO - 2020-10-02 18:33:42 --> Loader Class Initialized
DEBUG - 2020-10-02 18:33:42 --> Config file loaded: D:\xampp\htdocs\mobitrados\application\config/rest.php
INFO - 2020-10-02 18:33:43 --> Helper loaded: url_helper
INFO - 2020-10-02 18:33:43 --> Helper loaded: form_helper
INFO - 2020-10-02 18:33:43 --> Helper loaded: adminurl_helper
INFO - 2020-10-02 18:33:43 --> Helper loaded: site_helper
INFO - 2020-10-02 18:33:43 --> Helper loaded: directory_helper
INFO - 2020-10-02 18:33:43 --> Helper loaded: mail_helper
INFO - 2020-10-02 18:33:43 --> Language file loaded: language/english/api_lang.php
INFO - 2020-10-02 18:33:43 --> Database Driver Class Initialized
INFO - 2020-10-02 18:33:43 --> Email Class Initialized
DEBUG - 2020-10-02 18:33:43 --> Session: "sess_save_path" is empty; using "session.save_path" value from php.ini.
INFO - 2020-10-02 18:33:43 --> Session: Class initialized using 'files' driver.
INFO - 2020-10-02 18:33:43 --> Form Validation Class Initialized
INFO - 2020-10-02 18:33:43 --> Controller Class Initialized
DEBUG - 2020-10-02 18:33:43 --> Public_api MX_Controller Initialized
INFO - 2020-10-02 18:33:43 --> Helper loaded: inflector_helper
INFO - 2020-10-02 18:33:43 --> Language file loaded: language/english/rest_controller_lang.php
DEBUG - 2020-10-02 18:33:43 --> File loaded: D:\xampp\htdocs\mobitrados\application\modules/mobi_api/public_api/models/Public_api_model.php
ERROR - 2020-10-02 22:03:43 --> Severity: Notice --> Undefined index: tax_id D:\xampp\htdocs\mobitrados\application\modules\mobi_api\public_api\controllers\Public_api.php 69
INFO - 2020-10-02 22:03:43 --> Final output sent to browser
DEBUG - 2020-10-02 22:03:43 --> Total execution time: 1.7553
INFO - 2020-10-02 18:34:22 --> Config Class Initialized
INFO - 2020-10-02 18:34:22 --> Hooks Class Initialized
DEBUG - 2020-10-02 18:34:22 --> UTF-8 Support Enabled
INFO - 2020-10-02 18:34:22 --> Utf8 Class Initialized
INFO - 2020-10-02 18:34:22 --> URI Class Initialized
INFO - 2020-10-02 18:34:22 --> Router Class Initialized
INFO - 2020-10-02 18:34:22 --> Output Class Initialized
INFO - 2020-10-02 18:34:22 --> Security Class Initialized
DEBUG - 2020-10-02 18:34:22 --> Global POST, GET and COOKIE data sanitized
INFO - 2020-10-02 18:34:22 --> CSRF cookie sent
INFO - 2020-10-02 18:34:22 --> Input Class Initialized
INFO - 2020-10-02 18:34:22 --> Language Class Initialized
INFO - 2020-10-02 18:34:23 --> Language Class Initialized
INFO - 2020-10-02 18:34:23 --> Config Class Initialized
INFO - 2020-10-02 18:34:23 --> Loader Class Initialized
DEBUG - 2020-10-02 18:34:23 --> Config file loaded: D:\xampp\htdocs\mobitrados\application\config/rest.php
INFO - 2020-10-02 18:34:23 --> Helper loaded: url_helper
INFO - 2020-10-02 18:34:23 --> Helper loaded: form_helper
INFO - 2020-10-02 18:34:23 --> Helper loaded: adminurl_helper
INFO - 2020-10-02 18:34:23 --> Helper loaded: site_helper
INFO - 2020-10-02 18:34:23 --> Helper loaded: directory_helper
INFO - 2020-10-02 18:34:23 --> Helper loaded: mail_helper
INFO - 2020-10-02 18:34:23 --> Language file loaded: language/english/api_lang.php
INFO - 2020-10-02 18:34:23 --> Database Driver Class Initialized
INFO - 2020-10-02 18:34:23 --> Email Class Initialized
DEBUG - 2020-10-02 18:34:23 --> Session: "sess_save_path" is empty; using "session.save_path" value from php.ini.
INFO - 2020-10-02 18:34:23 --> Session: Class initialized using 'files' driver.
INFO - 2020-10-02 18:34:23 --> Form Validation Class Initialized
INFO - 2020-10-02 18:34:23 --> Controller Class Initialized
DEBUG - 2020-10-02 18:34:23 --> Public_api MX_Controller Initialized
INFO - 2020-10-02 18:34:23 --> Helper loaded: inflector_helper
INFO - 2020-10-02 18:34:23 --> Language file loaded: language/english/rest_controller_lang.php
DEBUG - 2020-10-02 18:34:24 --> File loaded: D:\xampp\htdocs\mobitrados\application\modules/mobi_api/public_api/models/Public_api_model.php
INFO - 2020-10-02 22:04:24 --> Final output sent to browser
DEBUG - 2020-10-02 22:04:24 --> Total execution time: 1.7089
INFO - 2020-10-02 18:34:50 --> Config Class Initialized
INFO - 2020-10-02 18:34:50 --> Hooks Class Initialized
DEBUG - 2020-10-02 18:34:50 --> UTF-8 Support Enabled
INFO - 2020-10-02 18:34:50 --> Utf8 Class Initialized
INFO - 2020-10-02 18:34:50 --> URI Class Initialized
INFO - 2020-10-02 18:34:50 --> Router Class Initialized
INFO - 2020-10-02 18:34:50 --> Output Class Initialized
INFO - 2020-10-02 18:34:50 --> Security Class Initialized
DEBUG - 2020-10-02 18:34:50 --> Global POST, GET and COOKIE data sanitized
INFO - 2020-10-02 18:34:51 --> CSRF cookie sent
INFO - 2020-10-02 18:34:51 --> Input Class Initialized
INFO - 2020-10-02 18:34:51 --> Language Class Initialized
INFO - 2020-10-02 18:34:51 --> Language Class Initialized
INFO - 2020-10-02 18:34:51 --> Config Class Initialized
INFO - 2020-10-02 18:34:51 --> Loader Class Initialized
DEBUG - 2020-10-02 18:34:51 --> Config file loaded: D:\xampp\htdocs\mobitrados\application\config/rest.php
INFO - 2020-10-02 18:34:51 --> Helper loaded: url_helper
INFO - 2020-10-02 18:34:51 --> Helper loaded: form_helper
INFO - 2020-10-02 18:34:51 --> Helper loaded: adminurl_helper
INFO - 2020-10-02 18:34:51 --> Helper loaded: site_helper
INFO - 2020-10-02 18:34:51 --> Helper loaded: directory_helper
INFO - 2020-10-02 18:34:51 --> Helper loaded: mail_helper
INFO - 2020-10-02 18:34:51 --> Language file loaded: language/english/api_lang.php
INFO - 2020-10-02 18:34:51 --> Database Driver Class Initialized
INFO - 2020-10-02 18:34:51 --> Email Class Initialized
DEBUG - 2020-10-02 18:34:51 --> Session: "sess_save_path" is empty; using "session.save_path" value from php.ini.
INFO - 2020-10-02 18:34:51 --> Session: Class initialized using 'files' driver.
INFO - 2020-10-02 18:34:51 --> Form Validation Class Initialized
INFO - 2020-10-02 18:34:51 --> Controller Class Initialized
DEBUG - 2020-10-02 18:34:52 --> Public_api MX_Controller Initialized
INFO - 2020-10-02 18:34:52 --> Helper loaded: inflector_helper
INFO - 2020-10-02 18:34:52 --> Language file loaded: language/english/rest_controller_lang.php
DEBUG - 2020-10-02 18:34:52 --> File loaded: D:\xampp\htdocs\mobitrados\application\modules/mobi_api/public_api/models/Public_api_model.php
INFO - 2020-10-02 22:04:52 --> Final output sent to browser
DEBUG - 2020-10-02 22:04:52 --> Total execution time: 1.7544
INFO - 2020-10-02 18:36:29 --> Config Class Initialized
INFO - 2020-10-02 18:36:29 --> Hooks Class Initialized
DEBUG - 2020-10-02 18:36:29 --> UTF-8 Support Enabled
INFO - 2020-10-02 18:36:29 --> Utf8 Class Initialized
INFO - 2020-10-02 18:36:29 --> URI Class Initialized
INFO - 2020-10-02 18:36:29 --> Router Class Initialized
INFO - 2020-10-02 18:36:29 --> Output Class Initialized
INFO - 2020-10-02 18:36:30 --> Security Class Initialized
DEBUG - 2020-10-02 18:36:30 --> Global POST, GET and COOKIE data sanitized
INFO - 2020-10-02 18:36:30 --> CSRF cookie sent
INFO - 2020-10-02 18:36:30 --> Input Class Initialized
INFO - 2020-10-02 18:36:30 --> Language Class Initialized
INFO - 2020-10-02 18:36:30 --> Language Class Initialized
INFO - 2020-10-02 18:36:30 --> Config Class Initialized
INFO - 2020-10-02 18:36:30 --> Loader Class Initialized
DEBUG - 2020-10-02 18:36:30 --> Config file loaded: D:\xampp\htdocs\mobitrados\application\config/rest.php
INFO - 2020-10-02 18:36:30 --> Helper loaded: url_helper
INFO - 2020-10-02 18:36:30 --> Helper loaded: form_helper
INFO - 2020-10-02 18:36:30 --> Helper loaded: adminurl_helper
INFO - 2020-10-02 18:36:30 --> Helper loaded: site_helper
INFO - 2020-10-02 18:36:30 --> Helper loaded: directory_helper
INFO - 2020-10-02 18:36:30 --> Helper loaded: mail_helper
INFO - 2020-10-02 18:36:30 --> Language file loaded: language/english/api_lang.php
INFO - 2020-10-02 18:36:30 --> Database Driver Class Initialized
INFO - 2020-10-02 18:36:30 --> Email Class Initialized
DEBUG - 2020-10-02 18:36:31 --> Session: "sess_save_path" is empty; using "session.save_path" value from php.ini.
INFO - 2020-10-02 18:36:31 --> Session: Class initialized using 'files' driver.
INFO - 2020-10-02 18:36:31 --> Form Validation Class Initialized
INFO - 2020-10-02 18:36:31 --> Controller Class Initialized
DEBUG - 2020-10-02 18:36:31 --> Public_api MX_Controller Initialized
INFO - 2020-10-02 18:36:31 --> Helper loaded: inflector_helper
INFO - 2020-10-02 18:36:31 --> Language file loaded: language/english/rest_controller_lang.php
DEBUG - 2020-10-02 18:36:31 --> File loaded: D:\xampp\htdocs\mobitrados\application\modules/mobi_api/public_api/models/Public_api_model.php
ERROR - 2020-10-02 22:06:31 --> Severity: error --> Exception: Cannot use object of type stdClass as array D:\xampp\htdocs\mobitrados\application\modules\mobi_api\public_api\controllers\Public_api.php 71
INFO - 2020-10-02 18:36:52 --> Config Class Initialized
INFO - 2020-10-02 18:36:52 --> Hooks Class Initialized
DEBUG - 2020-10-02 18:36:52 --> UTF-8 Support Enabled
INFO - 2020-10-02 18:36:52 --> Utf8 Class Initialized
INFO - 2020-10-02 18:36:52 --> URI Class Initialized
INFO - 2020-10-02 18:36:52 --> Router Class Initialized
INFO - 2020-10-02 18:36:52 --> Output Class Initialized
INFO - 2020-10-02 18:36:52 --> Security Class Initialized
DEBUG - 2020-10-02 18:36:52 --> Global POST, GET and COOKIE data sanitized
INFO - 2020-10-02 18:36:52 --> CSRF cookie sent
INFO - 2020-10-02 18:36:52 --> Input Class Initialized
INFO - 2020-10-02 18:36:52 --> Language Class Initialized
INFO - 2020-10-02 18:36:52 --> Language Class Initialized
INFO - 2020-10-02 18:36:52 --> Config Class Initialized
INFO - 2020-10-02 18:36:52 --> Loader Class Initialized
DEBUG - 2020-10-02 18:36:52 --> Config file loaded: D:\xampp\htdocs\mobitrados\application\config/rest.php
INFO - 2020-10-02 18:36:52 --> Helper loaded: url_helper
INFO - 2020-10-02 18:36:52 --> Helper loaded: form_helper
INFO - 2020-10-02 18:36:53 --> Helper loaded: adminurl_helper
INFO - 2020-10-02 18:36:53 --> Helper loaded: site_helper
INFO - 2020-10-02 18:36:53 --> Helper loaded: directory_helper
INFO - 2020-10-02 18:36:53 --> Helper loaded: mail_helper
INFO - 2020-10-02 18:36:53 --> Language file loaded: language/english/api_lang.php
INFO - 2020-10-02 18:36:53 --> Database Driver Class Initialized
INFO - 2020-10-02 18:36:53 --> Email Class Initialized
DEBUG - 2020-10-02 18:36:53 --> Session: "sess_save_path" is empty; using "session.save_path" value from php.ini.
INFO - 2020-10-02 18:36:53 --> Session: Class initialized using 'files' driver.
INFO - 2020-10-02 18:36:53 --> Form Validation Class Initialized
INFO - 2020-10-02 18:36:53 --> Controller Class Initialized
DEBUG - 2020-10-02 18:36:53 --> Public_api MX_Controller Initialized
INFO - 2020-10-02 18:36:53 --> Helper loaded: inflector_helper
INFO - 2020-10-02 18:36:53 --> Language file loaded: language/english/rest_controller_lang.php
DEBUG - 2020-10-02 18:36:53 --> File loaded: D:\xampp\htdocs\mobitrados\application\modules/mobi_api/public_api/models/Public_api_model.php
INFO - 2020-10-02 22:06:53 --> Final output sent to browser
DEBUG - 2020-10-02 22:06:53 --> Total execution time: 1.7904
INFO - 2020-10-02 18:37:19 --> Config Class Initialized
INFO - 2020-10-02 18:37:20 --> Hooks Class Initialized
DEBUG - 2020-10-02 18:37:20 --> UTF-8 Support Enabled
INFO - 2020-10-02 18:37:20 --> Utf8 Class Initialized
INFO - 2020-10-02 18:37:20 --> URI Class Initialized
INFO - 2020-10-02 18:37:20 --> Router Class Initialized
INFO - 2020-10-02 18:37:20 --> Output Class Initialized
INFO - 2020-10-02 18:37:20 --> Security Class Initialized
DEBUG - 2020-10-02 18:37:20 --> Global POST, GET and COOKIE data sanitized
INFO - 2020-10-02 18:37:20 --> CSRF cookie sent
INFO - 2020-10-02 18:37:20 --> Input Class Initialized
INFO - 2020-10-02 18:37:20 --> Language Class Initialized
INFO - 2020-10-02 18:37:20 --> Language Class Initialized
INFO - 2020-10-02 18:37:20 --> Config Class Initialized
INFO - 2020-10-02 18:37:20 --> Loader Class Initialized
DEBUG - 2020-10-02 18:37:20 --> Config file loaded: D:\xampp\htdocs\mobitrados\application\config/rest.php
INFO - 2020-10-02 18:37:20 --> Helper loaded: url_helper
INFO - 2020-10-02 18:37:20 --> Helper loaded: form_helper
INFO - 2020-10-02 18:37:20 --> Helper loaded: adminurl_helper
INFO - 2020-10-02 18:37:21 --> Helper loaded: site_helper
INFO - 2020-10-02 18:37:21 --> Helper loaded: directory_helper
INFO - 2020-10-02 18:37:21 --> Helper loaded: mail_helper
INFO - 2020-10-02 18:37:21 --> Language file loaded: language/english/api_lang.php
INFO - 2020-10-02 18:37:21 --> Database Driver Class Initialized
INFO - 2020-10-02 18:37:21 --> Email Class Initialized
DEBUG - 2020-10-02 18:37:21 --> Session: "sess_save_path" is empty; using "session.save_path" value from php.ini.
INFO - 2020-10-02 18:37:21 --> Session: Class initialized using 'files' driver.
INFO - 2020-10-02 18:37:21 --> Form Validation Class Initialized
INFO - 2020-10-02 18:37:21 --> Controller Class Initialized
DEBUG - 2020-10-02 18:37:21 --> Public_api MX_Controller Initialized
INFO - 2020-10-02 18:37:21 --> Helper loaded: inflector_helper
INFO - 2020-10-02 18:37:21 --> Language file loaded: language/english/rest_controller_lang.php
DEBUG - 2020-10-02 18:37:21 --> File loaded: D:\xampp\htdocs\mobitrados\application\modules/mobi_api/public_api/models/Public_api_model.php
ERROR - 2020-10-02 22:07:22 --> Severity: error --> Exception: Cannot use object of type stdClass as array D:\xampp\htdocs\mobitrados\application\modules\mobi_api\public_api\controllers\Public_api.php 71
INFO - 2020-10-02 18:37:31 --> Config Class Initialized
INFO - 2020-10-02 18:37:31 --> Hooks Class Initialized
DEBUG - 2020-10-02 18:37:31 --> UTF-8 Support Enabled
INFO - 2020-10-02 18:37:31 --> Utf8 Class Initialized
INFO - 2020-10-02 18:37:31 --> URI Class Initialized
INFO - 2020-10-02 18:37:31 --> Router Class Initialized
INFO - 2020-10-02 18:37:31 --> Output Class Initialized
INFO - 2020-10-02 18:37:31 --> Security Class Initialized
DEBUG - 2020-10-02 18:37:31 --> Global POST, GET and COOKIE data sanitized
INFO - 2020-10-02 18:37:31 --> CSRF cookie sent
INFO - 2020-10-02 18:37:31 --> Input Class Initialized
INFO - 2020-10-02 18:37:31 --> Language Class Initialized
INFO - 2020-10-02 18:37:31 --> Language Class Initialized
INFO - 2020-10-02 18:37:32 --> Config Class Initialized
INFO - 2020-10-02 18:37:32 --> Loader Class Initialized
DEBUG - 2020-10-02 18:37:32 --> Config file loaded: D:\xampp\htdocs\mobitrados\application\config/rest.php
INFO - 2020-10-02 18:37:32 --> Helper loaded: url_helper
INFO - 2020-10-02 18:37:32 --> Helper loaded: form_helper
INFO - 2020-10-02 18:37:32 --> Helper loaded: adminurl_helper
INFO - 2020-10-02 18:37:32 --> Helper loaded: site_helper
INFO - 2020-10-02 18:37:32 --> Helper loaded: directory_helper
INFO - 2020-10-02 18:37:32 --> Helper loaded: mail_helper
INFO - 2020-10-02 18:37:32 --> Language file loaded: language/english/api_lang.php
INFO - 2020-10-02 18:37:32 --> Database Driver Class Initialized
INFO - 2020-10-02 18:37:32 --> Email Class Initialized
DEBUG - 2020-10-02 18:37:32 --> Session: "sess_save_path" is empty; using "session.save_path" value from php.ini.
INFO - 2020-10-02 18:37:32 --> Session: Class initialized using 'files' driver.
INFO - 2020-10-02 18:37:32 --> Form Validation Class Initialized
INFO - 2020-10-02 18:37:32 --> Controller Class Initialized
DEBUG - 2020-10-02 18:37:32 --> Public_api MX_Controller Initialized
INFO - 2020-10-02 18:37:32 --> Helper loaded: inflector_helper
INFO - 2020-10-02 18:37:32 --> Language file loaded: language/english/rest_controller_lang.php
DEBUG - 2020-10-02 18:37:32 --> File loaded: D:\xampp\htdocs\mobitrados\application\modules/mobi_api/public_api/models/Public_api_model.php
ERROR - 2020-10-02 22:07:33 --> Severity: error --> Exception: Cannot use object of type stdClass as array D:\xampp\htdocs\mobitrados\application\modules\mobi_api\public_api\controllers\Public_api.php 71
INFO - 2020-10-02 18:40:10 --> Config Class Initialized
INFO - 2020-10-02 18:40:10 --> Hooks Class Initialized
DEBUG - 2020-10-02 18:40:10 --> UTF-8 Support Enabled
INFO - 2020-10-02 18:40:10 --> Utf8 Class Initialized
INFO - 2020-10-02 18:40:11 --> URI Class Initialized
INFO - 2020-10-02 18:40:11 --> Router Class Initialized
INFO - 2020-10-02 18:40:11 --> Output Class Initialized
INFO - 2020-10-02 18:40:11 --> Security Class Initialized
DEBUG - 2020-10-02 18:40:11 --> Global POST, GET and COOKIE data sanitized
INFO - 2020-10-02 18:40:11 --> CSRF cookie sent
INFO - 2020-10-02 18:40:11 --> Input Class Initialized
INFO - 2020-10-02 18:40:11 --> Language Class Initialized
INFO - 2020-10-02 18:40:11 --> Language Class Initialized
INFO - 2020-10-02 18:40:11 --> Config Class Initialized
INFO - 2020-10-02 18:40:11 --> Loader Class Initialized
DEBUG - 2020-10-02 18:40:11 --> Config file loaded: D:\xampp\htdocs\mobitrados\application\config/rest.php
INFO - 2020-10-02 18:40:11 --> Helper loaded: url_helper
INFO - 2020-10-02 18:40:11 --> Helper loaded: form_helper
INFO - 2020-10-02 18:40:11 --> Helper loaded: adminurl_helper
INFO - 2020-10-02 18:40:11 --> Helper loaded: site_helper
INFO - 2020-10-02 18:40:11 --> Helper loaded: directory_helper
INFO - 2020-10-02 18:40:11 --> Helper loaded: mail_helper
INFO - 2020-10-02 18:40:12 --> Language file loaded: language/english/api_lang.php
INFO - 2020-10-02 18:40:12 --> Database Driver Class Initialized
INFO - 2020-10-02 18:40:12 --> Email Class Initialized
DEBUG - 2020-10-02 18:40:12 --> Session: "sess_save_path" is empty; using "session.save_path" value from php.ini.
INFO - 2020-10-02 18:40:12 --> Session: Class initialized using 'files' driver.
INFO - 2020-10-02 18:40:12 --> Form Validation Class Initialized
INFO - 2020-10-02 18:40:12 --> Controller Class Initialized
DEBUG - 2020-10-02 18:40:12 --> Public_api MX_Controller Initialized
INFO - 2020-10-02 18:40:12 --> Helper loaded: inflector_helper
INFO - 2020-10-02 18:40:12 --> Language file loaded: language/english/rest_controller_lang.php
DEBUG - 2020-10-02 18:40:12 --> File loaded: D:\xampp\htdocs\mobitrados\application\modules/mobi_api/public_api/models/Public_api_model.php
ERROR - 2020-10-02 22:10:13 --> Severity: error --> Exception: Cannot use object of type stdClass as array D:\xampp\htdocs\mobitrados\application\modules\mobi_api\public_api\controllers\Public_api.php 71
INFO - 2020-10-02 18:40:20 --> Config Class Initialized
INFO - 2020-10-02 18:40:20 --> Hooks Class Initialized
DEBUG - 2020-10-02 18:40:20 --> UTF-8 Support Enabled
INFO - 2020-10-02 18:40:20 --> Utf8 Class Initialized
INFO - 2020-10-02 18:40:20 --> URI Class Initialized
INFO - 2020-10-02 18:40:20 --> Router Class Initialized
INFO - 2020-10-02 18:40:20 --> Output Class Initialized
INFO - 2020-10-02 18:40:20 --> Security Class Initialized
DEBUG - 2020-10-02 18:40:20 --> Global POST, GET and COOKIE data sanitized
INFO - 2020-10-02 18:40:20 --> CSRF cookie sent
INFO - 2020-10-02 18:40:20 --> Input Class Initialized
INFO - 2020-10-02 18:40:20 --> Language Class Initialized
INFO - 2020-10-02 18:40:20 --> Language Class Initialized
INFO - 2020-10-02 18:40:20 --> Config Class Initialized
INFO - 2020-10-02 18:40:21 --> Loader Class Initialized
DEBUG - 2020-10-02 18:40:21 --> Config file loaded: D:\xampp\htdocs\mobitrados\application\config/rest.php
INFO - 2020-10-02 18:40:21 --> Helper loaded: url_helper
INFO - 2020-10-02 18:40:21 --> Helper loaded: form_helper
INFO - 2020-10-02 18:40:21 --> Helper loaded: adminurl_helper
INFO - 2020-10-02 18:40:21 --> Helper loaded: site_helper
INFO - 2020-10-02 18:40:21 --> Helper loaded: directory_helper
INFO - 2020-10-02 18:40:21 --> Helper loaded: mail_helper
INFO - 2020-10-02 18:40:21 --> Language file loaded: language/english/api_lang.php
INFO - 2020-10-02 18:40:21 --> Database Driver Class Initialized
INFO - 2020-10-02 18:40:21 --> Email Class Initialized
DEBUG - 2020-10-02 18:40:21 --> Session: "sess_save_path" is empty; using "session.save_path" value from php.ini.
INFO - 2020-10-02 18:40:21 --> Session: Class initialized using 'files' driver.
INFO - 2020-10-02 18:40:21 --> Form Validation Class Initialized
INFO - 2020-10-02 18:40:21 --> Controller Class Initialized
DEBUG - 2020-10-02 18:40:21 --> Public_api MX_Controller Initialized
INFO - 2020-10-02 18:40:21 --> Helper loaded: inflector_helper
INFO - 2020-10-02 18:40:21 --> Language file loaded: language/english/rest_controller_lang.php
DEBUG - 2020-10-02 18:40:21 --> File loaded: D:\xampp\htdocs\mobitrados\application\modules/mobi_api/public_api/models/Public_api_model.php
ERROR - 2020-10-02 22:10:22 --> Severity: error --> Exception: Cannot use object of type stdClass as array D:\xampp\htdocs\mobitrados\application\modules\mobi_api\public_api\controllers\Public_api.php 71
INFO - 2020-10-02 18:41:44 --> Config Class Initialized
INFO - 2020-10-02 18:41:44 --> Hooks Class Initialized
DEBUG - 2020-10-02 18:41:44 --> UTF-8 Support Enabled
INFO - 2020-10-02 18:41:44 --> Utf8 Class Initialized
INFO - 2020-10-02 18:41:44 --> URI Class Initialized
INFO - 2020-10-02 18:41:44 --> Router Class Initialized
INFO - 2020-10-02 18:41:44 --> Output Class Initialized
INFO - 2020-10-02 18:41:44 --> Security Class Initialized
DEBUG - 2020-10-02 18:41:44 --> Global POST, GET and COOKIE data sanitized
INFO - 2020-10-02 18:41:44 --> CSRF cookie sent
INFO - 2020-10-02 18:41:44 --> Input Class Initialized
INFO - 2020-10-02 18:41:44 --> Language Class Initialized
INFO - 2020-10-02 18:41:44 --> Language Class Initialized
INFO - 2020-10-02 18:41:44 --> Config Class Initialized
INFO - 2020-10-02 18:41:44 --> Loader Class Initialized
DEBUG - 2020-10-02 18:41:44 --> Config file loaded: D:\xampp\htdocs\mobitrados\application\config/rest.php
INFO - 2020-10-02 18:41:44 --> Helper loaded: url_helper
INFO - 2020-10-02 18:41:45 --> Helper loaded: form_helper
INFO - 2020-10-02 18:41:45 --> Helper loaded: adminurl_helper
INFO - 2020-10-02 18:41:45 --> Helper loaded: site_helper
INFO - 2020-10-02 18:41:45 --> Helper loaded: directory_helper
INFO - 2020-10-02 18:41:45 --> Helper loaded: mail_helper
INFO - 2020-10-02 18:41:45 --> Language file loaded: language/english/api_lang.php
INFO - 2020-10-02 18:41:45 --> Database Driver Class Initialized
INFO - 2020-10-02 18:41:45 --> Email Class Initialized
DEBUG - 2020-10-02 18:41:45 --> Session: "sess_save_path" is empty; using "session.save_path" value from php.ini.
INFO - 2020-10-02 18:41:45 --> Session: Class initialized using 'files' driver.
INFO - 2020-10-02 18:41:45 --> Form Validation Class Initialized
INFO - 2020-10-02 18:41:45 --> Controller Class Initialized
DEBUG - 2020-10-02 18:41:45 --> Public_api MX_Controller Initialized
INFO - 2020-10-02 18:41:45 --> Helper loaded: inflector_helper
INFO - 2020-10-02 18:41:45 --> Language file loaded: language/english/rest_controller_lang.php
DEBUG - 2020-10-02 18:41:45 --> File loaded: D:\xampp\htdocs\mobitrados\application\modules/mobi_api/public_api/models/Public_api_model.php
INFO - 2020-10-02 22:11:45 --> Final output sent to browser
DEBUG - 2020-10-02 22:11:45 --> Total execution time: 1.7350
INFO - 2020-10-02 18:43:31 --> Config Class Initialized
INFO - 2020-10-02 18:43:31 --> Hooks Class Initialized
DEBUG - 2020-10-02 18:43:31 --> UTF-8 Support Enabled
INFO - 2020-10-02 18:43:32 --> Utf8 Class Initialized
INFO - 2020-10-02 18:43:32 --> URI Class Initialized
INFO - 2020-10-02 18:43:32 --> Router Class Initialized
INFO - 2020-10-02 18:43:32 --> Output Class Initialized
INFO - 2020-10-02 18:43:32 --> Security Class Initialized
DEBUG - 2020-10-02 18:43:32 --> Global POST, GET and COOKIE data sanitized
INFO - 2020-10-02 18:43:32 --> CSRF cookie sent
INFO - 2020-10-02 18:43:32 --> Input Class Initialized
INFO - 2020-10-02 18:43:32 --> Language Class Initialized
INFO - 2020-10-02 18:43:32 --> Language Class Initialized
INFO - 2020-10-02 18:43:32 --> Config Class Initialized
INFO - 2020-10-02 18:43:32 --> Loader Class Initialized
DEBUG - 2020-10-02 18:43:32 --> Config file loaded: D:\xampp\htdocs\mobitrados\application\config/rest.php
INFO - 2020-10-02 18:43:32 --> Helper loaded: url_helper
INFO - 2020-10-02 18:43:32 --> Helper loaded: form_helper
INFO - 2020-10-02 18:43:32 --> Helper loaded: adminurl_helper
INFO - 2020-10-02 18:43:32 --> Helper loaded: site_helper
INFO - 2020-10-02 18:43:32 --> Helper loaded: directory_helper
INFO - 2020-10-02 18:43:32 --> Helper loaded: mail_helper
INFO - 2020-10-02 18:43:33 --> Language file loaded: language/english/api_lang.php
INFO - 2020-10-02 18:43:33 --> Database Driver Class Initialized
INFO - 2020-10-02 18:43:33 --> Email Class Initialized
DEBUG - 2020-10-02 18:43:33 --> Session: "sess_save_path" is empty; using "session.save_path" value from php.ini.
INFO - 2020-10-02 18:43:33 --> Session: Class initialized using 'files' driver.
INFO - 2020-10-02 18:43:33 --> Form Validation Class Initialized
INFO - 2020-10-02 18:43:33 --> Controller Class Initialized
DEBUG - 2020-10-02 18:43:33 --> Public_api MX_Controller Initialized
INFO - 2020-10-02 18:43:33 --> Helper loaded: inflector_helper
INFO - 2020-10-02 18:43:33 --> Language file loaded: language/english/rest_controller_lang.php
DEBUG - 2020-10-02 18:43:33 --> File loaded: D:\xampp\htdocs\mobitrados\application\modules/mobi_api/public_api/models/Public_api_model.php
ERROR - 2020-10-02 22:13:33 --> Severity: Notice --> Undefined variable: response D:\xampp\htdocs\mobitrados\application\modules\mobi_api\public_api\controllers\Public_api.php 68
ERROR - 2020-10-02 22:13:33 --> Severity: Notice --> Trying to get property 'tax_id' of non-object D:\xampp\htdocs\mobitrados\application\modules\mobi_api\public_api\controllers\Public_api.php 68
ERROR - 2020-10-02 22:13:33 --> Query error: You have an error in your SQL syntax; check the manual that corresponds to your MariaDB server version for the right syntax to use near '' at line 1 - Invalid query: SELECT tax_value FROM tax_master  where id=
INFO - 2020-10-02 22:13:33 --> Language file loaded: language/english/db_lang.php
INFO - 2020-10-02 18:43:52 --> Config Class Initialized
INFO - 2020-10-02 18:43:52 --> Hooks Class Initialized
DEBUG - 2020-10-02 18:43:52 --> UTF-8 Support Enabled
INFO - 2020-10-02 18:43:52 --> Utf8 Class Initialized
INFO - 2020-10-02 18:43:52 --> URI Class Initialized
INFO - 2020-10-02 18:43:52 --> Router Class Initialized
INFO - 2020-10-02 18:43:52 --> Output Class Initialized
INFO - 2020-10-02 18:43:52 --> Security Class Initialized
DEBUG - 2020-10-02 18:43:52 --> Global POST, GET and COOKIE data sanitized
INFO - 2020-10-02 18:43:52 --> CSRF cookie sent
INFO - 2020-10-02 18:43:52 --> Input Class Initialized
INFO - 2020-10-02 18:43:53 --> Language Class Initialized
INFO - 2020-10-02 18:43:53 --> Language Class Initialized
INFO - 2020-10-02 18:43:53 --> Config Class Initialized
INFO - 2020-10-02 18:43:53 --> Loader Class Initialized
DEBUG - 2020-10-02 18:43:53 --> Config file loaded: D:\xampp\htdocs\mobitrados\application\config/rest.php
INFO - 2020-10-02 18:43:53 --> Helper loaded: url_helper
INFO - 2020-10-02 18:43:53 --> Helper loaded: form_helper
INFO - 2020-10-02 18:43:53 --> Helper loaded: adminurl_helper
INFO - 2020-10-02 18:43:53 --> Helper loaded: site_helper
INFO - 2020-10-02 18:43:53 --> Helper loaded: directory_helper
INFO - 2020-10-02 18:43:53 --> Helper loaded: mail_helper
INFO - 2020-10-02 18:43:53 --> Language file loaded: language/english/api_lang.php
INFO - 2020-10-02 18:43:53 --> Database Driver Class Initialized
INFO - 2020-10-02 18:43:53 --> Email Class Initialized
DEBUG - 2020-10-02 18:43:53 --> Session: "sess_save_path" is empty; using "session.save_path" value from php.ini.
INFO - 2020-10-02 18:43:53 --> Session: Class initialized using 'files' driver.
INFO - 2020-10-02 18:43:53 --> Form Validation Class Initialized
INFO - 2020-10-02 18:43:53 --> Controller Class Initialized
DEBUG - 2020-10-02 18:43:53 --> Public_api MX_Controller Initialized
INFO - 2020-10-02 18:43:53 --> Helper loaded: inflector_helper
INFO - 2020-10-02 18:43:54 --> Language file loaded: language/english/rest_controller_lang.php
DEBUG - 2020-10-02 18:43:54 --> File loaded: D:\xampp\htdocs\mobitrados\application\modules/mobi_api/public_api/models/Public_api_model.php
INFO - 2020-10-02 22:13:54 --> Final output sent to browser
DEBUG - 2020-10-02 22:13:54 --> Total execution time: 1.7323
INFO - 2020-10-02 18:45:35 --> Config Class Initialized
INFO - 2020-10-02 18:45:36 --> Hooks Class Initialized
DEBUG - 2020-10-02 18:45:36 --> UTF-8 Support Enabled
INFO - 2020-10-02 18:45:36 --> Utf8 Class Initialized
INFO - 2020-10-02 18:45:36 --> URI Class Initialized
INFO - 2020-10-02 18:45:36 --> Router Class Initialized
INFO - 2020-10-02 18:45:36 --> Output Class Initialized
INFO - 2020-10-02 18:45:36 --> Security Class Initialized
DEBUG - 2020-10-02 18:45:36 --> Global POST, GET and COOKIE data sanitized
INFO - 2020-10-02 18:45:36 --> CSRF cookie sent
INFO - 2020-10-02 18:45:36 --> Input Class Initialized
INFO - 2020-10-02 18:45:36 --> Language Class Initialized
INFO - 2020-10-02 18:45:36 --> Language Class Initialized
INFO - 2020-10-02 18:45:36 --> Config Class Initialized
INFO - 2020-10-02 18:45:36 --> Loader Class Initialized
DEBUG - 2020-10-02 18:45:36 --> Config file loaded: D:\xampp\htdocs\mobitrados\application\config/rest.php
INFO - 2020-10-02 18:45:36 --> Helper loaded: url_helper
INFO - 2020-10-02 18:45:36 --> Helper loaded: form_helper
INFO - 2020-10-02 18:45:36 --> Helper loaded: adminurl_helper
INFO - 2020-10-02 18:45:37 --> Helper loaded: site_helper
INFO - 2020-10-02 18:45:37 --> Helper loaded: directory_helper
INFO - 2020-10-02 18:45:37 --> Helper loaded: mail_helper
INFO - 2020-10-02 18:45:37 --> Language file loaded: language/english/api_lang.php
INFO - 2020-10-02 18:45:37 --> Database Driver Class Initialized
INFO - 2020-10-02 18:45:37 --> Email Class Initialized
DEBUG - 2020-10-02 18:45:37 --> Session: "sess_save_path" is empty; using "session.save_path" value from php.ini.
INFO - 2020-10-02 18:45:37 --> Session: Class initialized using 'files' driver.
INFO - 2020-10-02 18:45:37 --> Form Validation Class Initialized
INFO - 2020-10-02 18:45:37 --> Controller Class Initialized
DEBUG - 2020-10-02 18:45:37 --> Public_api MX_Controller Initialized
INFO - 2020-10-02 18:45:37 --> Helper loaded: inflector_helper
INFO - 2020-10-02 18:45:37 --> Language file loaded: language/english/rest_controller_lang.php
DEBUG - 2020-10-02 18:45:37 --> File loaded: D:\xampp\htdocs\mobitrados\application\modules/mobi_api/public_api/models/Public_api_model.php
INFO - 2020-10-02 22:15:37 --> Final output sent to browser
DEBUG - 2020-10-02 22:15:37 --> Total execution time: 1.8146
INFO - 2020-10-02 18:46:02 --> Config Class Initialized
INFO - 2020-10-02 18:46:02 --> Hooks Class Initialized
DEBUG - 2020-10-02 18:46:02 --> UTF-8 Support Enabled
INFO - 2020-10-02 18:46:02 --> Utf8 Class Initialized
INFO - 2020-10-02 18:46:02 --> URI Class Initialized
INFO - 2020-10-02 18:46:02 --> Router Class Initialized
INFO - 2020-10-02 18:46:02 --> Output Class Initialized
INFO - 2020-10-02 18:46:02 --> Security Class Initialized
DEBUG - 2020-10-02 18:46:02 --> Global POST, GET and COOKIE data sanitized
INFO - 2020-10-02 18:46:02 --> CSRF cookie sent
INFO - 2020-10-02 18:46:02 --> Input Class Initialized
INFO - 2020-10-02 18:46:02 --> Language Class Initialized
INFO - 2020-10-02 18:46:02 --> Language Class Initialized
INFO - 2020-10-02 18:46:02 --> Config Class Initialized
INFO - 2020-10-02 18:46:02 --> Loader Class Initialized
DEBUG - 2020-10-02 18:46:02 --> Config file loaded: D:\xampp\htdocs\mobitrados\application\config/rest.php
INFO - 2020-10-02 18:46:02 --> Helper loaded: url_helper
INFO - 2020-10-02 18:46:03 --> Helper loaded: form_helper
INFO - 2020-10-02 18:46:03 --> Helper loaded: adminurl_helper
INFO - 2020-10-02 18:46:03 --> Helper loaded: site_helper
INFO - 2020-10-02 18:46:03 --> Helper loaded: directory_helper
INFO - 2020-10-02 18:46:03 --> Helper loaded: mail_helper
INFO - 2020-10-02 18:46:03 --> Language file loaded: language/english/api_lang.php
INFO - 2020-10-02 18:46:03 --> Database Driver Class Initialized
INFO - 2020-10-02 18:46:03 --> Email Class Initialized
DEBUG - 2020-10-02 18:46:03 --> Session: "sess_save_path" is empty; using "session.save_path" value from php.ini.
INFO - 2020-10-02 18:46:03 --> Session: Class initialized using 'files' driver.
INFO - 2020-10-02 18:46:03 --> Form Validation Class Initialized
INFO - 2020-10-02 18:46:03 --> Controller Class Initialized
DEBUG - 2020-10-02 18:46:03 --> Public_api MX_Controller Initialized
INFO - 2020-10-02 18:46:03 --> Helper loaded: inflector_helper
INFO - 2020-10-02 18:46:03 --> Language file loaded: language/english/rest_controller_lang.php
DEBUG - 2020-10-02 18:46:03 --> File loaded: D:\xampp\htdocs\mobitrados\application\modules/mobi_api/public_api/models/Public_api_model.php
INFO - 2020-10-02 22:16:03 --> Final output sent to browser
DEBUG - 2020-10-02 22:16:03 --> Total execution time: 1.6893
