INFO - 2020-10-06 16:15:13 --> Config Class Initialized
INFO - 2020-10-06 16:15:13 --> Hooks Class Initialized
DEBUG - 2020-10-06 16:15:13 --> UTF-8 Support Enabled
INFO - 2020-10-06 16:15:13 --> Utf8 Class Initialized
INFO - 2020-10-06 16:15:13 --> URI Class Initialized
INFO - 2020-10-06 16:15:13 --> Router Class Initialized
INFO - 2020-10-06 16:15:13 --> Output Class Initialized
INFO - 2020-10-06 16:15:13 --> Security Class Initialized
DEBUG - 2020-10-06 16:15:13 --> Global POST, GET and COOKIE data sanitized
INFO - 2020-10-06 16:15:13 --> CSRF cookie sent
INFO - 2020-10-06 16:15:13 --> Input Class Initialized
INFO - 2020-10-06 16:15:13 --> Language Class Initialized
INFO - 2020-10-06 16:15:13 --> Language Class Initialized
INFO - 2020-10-06 16:15:13 --> Config Class Initialized
INFO - 2020-10-06 16:15:13 --> Loader Class Initialized
DEBUG - 2020-10-06 16:15:13 --> Config file loaded: D:\xampp\htdocs\mobitrados\application\config/rest.php
INFO - 2020-10-06 16:15:13 --> Helper loaded: url_helper
INFO - 2020-10-06 16:15:14 --> Helper loaded: form_helper
INFO - 2020-10-06 16:15:14 --> Helper loaded: adminurl_helper
INFO - 2020-10-06 16:15:14 --> Helper loaded: site_helper
INFO - 2020-10-06 16:15:14 --> Helper loaded: directory_helper
INFO - 2020-10-06 16:15:14 --> Helper loaded: mail_helper
INFO - 2020-10-06 16:15:14 --> Language file loaded: language/english/api_lang.php
INFO - 2020-10-06 16:15:14 --> Database Driver Class Initialized
INFO - 2020-10-06 16:15:14 --> Email Class Initialized
DEBUG - 2020-10-06 16:15:14 --> Session: "sess_save_path" is empty; using "session.save_path" value from php.ini.
INFO - 2020-10-06 16:15:14 --> Session: Class initialized using 'files' driver.
INFO - 2020-10-06 16:15:14 --> Form Validation Class Initialized
INFO - 2020-10-06 16:15:14 --> Controller Class Initialized
DEBUG - 2020-10-06 16:15:14 --> User_api MX_Controller Initialized
INFO - 2020-10-06 16:15:14 --> Helper loaded: inflector_helper
INFO - 2020-10-06 16:15:14 --> Language file loaded: language/english/rest_controller_lang.php
DEBUG - 2020-10-06 16:15:14 --> File loaded: D:\xampp\htdocs\mobitrados\application\modules/mobi_api/user_api/models/User_api_model.php
INFO - 2020-10-06 19:45:14 --> Final output sent to browser
DEBUG - 2020-10-06 19:45:14 --> Total execution time: 1.7816
INFO - 2020-10-06 16:15:45 --> Config Class Initialized
INFO - 2020-10-06 16:15:45 --> Hooks Class Initialized
DEBUG - 2020-10-06 16:15:45 --> UTF-8 Support Enabled
INFO - 2020-10-06 16:15:45 --> Utf8 Class Initialized
INFO - 2020-10-06 16:15:45 --> URI Class Initialized
INFO - 2020-10-06 16:15:45 --> Router Class Initialized
INFO - 2020-10-06 16:15:46 --> Output Class Initialized
INFO - 2020-10-06 16:15:46 --> Security Class Initialized
DEBUG - 2020-10-06 16:15:46 --> Global POST, GET and COOKIE data sanitized
INFO - 2020-10-06 16:15:46 --> CSRF cookie sent
INFO - 2020-10-06 16:15:46 --> Input Class Initialized
INFO - 2020-10-06 16:15:46 --> Language Class Initialized
INFO - 2020-10-06 16:15:46 --> Language Class Initialized
INFO - 2020-10-06 16:15:46 --> Config Class Initialized
INFO - 2020-10-06 16:15:46 --> Loader Class Initialized
DEBUG - 2020-10-06 16:15:46 --> Config file loaded: D:\xampp\htdocs\mobitrados\application\config/rest.php
INFO - 2020-10-06 16:15:46 --> Helper loaded: url_helper
INFO - 2020-10-06 16:15:46 --> Helper loaded: form_helper
INFO - 2020-10-06 16:15:46 --> Helper loaded: adminurl_helper
INFO - 2020-10-06 16:15:46 --> Helper loaded: site_helper
INFO - 2020-10-06 16:15:46 --> Helper loaded: directory_helper
INFO - 2020-10-06 16:15:46 --> Helper loaded: mail_helper
INFO - 2020-10-06 16:15:46 --> Language file loaded: language/english/api_lang.php
INFO - 2020-10-06 16:15:46 --> Database Driver Class Initialized
INFO - 2020-10-06 16:15:47 --> Email Class Initialized
DEBUG - 2020-10-06 16:15:47 --> Session: "sess_save_path" is empty; using "session.save_path" value from php.ini.
INFO - 2020-10-06 16:15:47 --> Session: Class initialized using 'files' driver.
INFO - 2020-10-06 16:15:47 --> Form Validation Class Initialized
INFO - 2020-10-06 16:15:47 --> Controller Class Initialized
DEBUG - 2020-10-06 16:15:47 --> User_api MX_Controller Initialized
INFO - 2020-10-06 16:15:47 --> Helper loaded: inflector_helper
INFO - 2020-10-06 16:15:47 --> Language file loaded: language/english/rest_controller_lang.php
DEBUG - 2020-10-06 16:15:47 --> File loaded: D:\xampp\htdocs\mobitrados\application\modules/mobi_api/user_api/models/User_api_model.php
INFO - 2020-10-06 19:45:47 --> Final output sent to browser
DEBUG - 2020-10-06 19:45:47 --> Total execution time: 1.7394
INFO - 2020-10-06 16:26:48 --> Config Class Initialized
INFO - 2020-10-06 16:26:48 --> Hooks Class Initialized
DEBUG - 2020-10-06 16:26:48 --> UTF-8 Support Enabled
INFO - 2020-10-06 16:26:48 --> Utf8 Class Initialized
INFO - 2020-10-06 16:26:49 --> URI Class Initialized
INFO - 2020-10-06 16:26:49 --> Router Class Initialized
INFO - 2020-10-06 16:26:49 --> Output Class Initialized
INFO - 2020-10-06 16:26:49 --> Security Class Initialized
DEBUG - 2020-10-06 16:26:49 --> Global POST, GET and COOKIE data sanitized
INFO - 2020-10-06 16:26:49 --> CSRF cookie sent
INFO - 2020-10-06 16:27:31 --> Config Class Initialized
INFO - 2020-10-06 16:27:31 --> Hooks Class Initialized
DEBUG - 2020-10-06 16:27:31 --> UTF-8 Support Enabled
INFO - 2020-10-06 16:27:31 --> Utf8 Class Initialized
INFO - 2020-10-06 16:27:31 --> URI Class Initialized
INFO - 2020-10-06 16:27:31 --> Router Class Initialized
INFO - 2020-10-06 16:27:31 --> Output Class Initialized
INFO - 2020-10-06 16:27:31 --> Security Class Initialized
DEBUG - 2020-10-06 16:27:32 --> Global POST, GET and COOKIE data sanitized
INFO - 2020-10-06 16:27:32 --> CSRF cookie sent
INFO - 2020-10-06 16:27:48 --> Config Class Initialized
INFO - 2020-10-06 16:27:48 --> Hooks Class Initialized
DEBUG - 2020-10-06 16:27:48 --> UTF-8 Support Enabled
INFO - 2020-10-06 16:27:48 --> Utf8 Class Initialized
INFO - 2020-10-06 16:27:49 --> URI Class Initialized
INFO - 2020-10-06 16:27:49 --> Router Class Initialized
INFO - 2020-10-06 16:27:49 --> Output Class Initialized
INFO - 2020-10-06 16:27:49 --> Security Class Initialized
DEBUG - 2020-10-06 16:27:49 --> Global POST, GET and COOKIE data sanitized
INFO - 2020-10-06 16:27:49 --> Input Class Initialized
INFO - 2020-10-06 16:27:49 --> Language Class Initialized
INFO - 2020-10-06 16:27:49 --> Language Class Initialized
INFO - 2020-10-06 16:27:49 --> Config Class Initialized
INFO - 2020-10-06 16:27:49 --> Loader Class Initialized
DEBUG - 2020-10-06 16:27:49 --> Config file loaded: D:\xampp\htdocs\mobitrados\application\config/rest.php
INFO - 2020-10-06 16:27:49 --> Helper loaded: url_helper
INFO - 2020-10-06 16:27:49 --> Helper loaded: form_helper
INFO - 2020-10-06 16:27:49 --> Helper loaded: adminurl_helper
INFO - 2020-10-06 16:27:49 --> Helper loaded: site_helper
INFO - 2020-10-06 16:27:49 --> Helper loaded: directory_helper
INFO - 2020-10-06 16:27:49 --> Helper loaded: mail_helper
INFO - 2020-10-06 16:27:49 --> Language file loaded: language/english/api_lang.php
INFO - 2020-10-06 16:27:50 --> Database Driver Class Initialized
INFO - 2020-10-06 16:27:50 --> Email Class Initialized
DEBUG - 2020-10-06 16:27:50 --> Session: "sess_save_path" is empty; using "session.save_path" value from php.ini.
INFO - 2020-10-06 16:27:50 --> Session: Class initialized using 'files' driver.
INFO - 2020-10-06 16:27:50 --> Form Validation Class Initialized
INFO - 2020-10-06 16:27:50 --> Controller Class Initialized
DEBUG - 2020-10-06 16:27:50 --> User_api MX_Controller Initialized
INFO - 2020-10-06 16:27:50 --> Helper loaded: inflector_helper
INFO - 2020-10-06 16:27:50 --> Language file loaded: language/english/rest_controller_lang.php
DEBUG - 2020-10-06 16:27:50 --> File loaded: D:\xampp\htdocs\mobitrados\application\modules/mobi_api/user_api/models/User_api_model.php
INFO - 2020-10-06 19:57:50 --> Final output sent to browser
DEBUG - 2020-10-06 19:57:50 --> Total execution time: 1.8813
INFO - 2020-10-06 16:28:47 --> Config Class Initialized
INFO - 2020-10-06 16:28:47 --> Hooks Class Initialized
DEBUG - 2020-10-06 16:28:47 --> UTF-8 Support Enabled
INFO - 2020-10-06 16:28:47 --> Utf8 Class Initialized
INFO - 2020-10-06 16:28:47 --> URI Class Initialized
INFO - 2020-10-06 16:28:47 --> Router Class Initialized
INFO - 2020-10-06 16:28:47 --> Output Class Initialized
INFO - 2020-10-06 16:28:47 --> Security Class Initialized
DEBUG - 2020-10-06 16:28:47 --> Global POST, GET and COOKIE data sanitized
INFO - 2020-10-06 16:28:47 --> CSRF cookie sent
INFO - 2020-10-06 16:28:55 --> Config Class Initialized
INFO - 2020-10-06 16:28:55 --> Hooks Class Initialized
DEBUG - 2020-10-06 16:28:55 --> UTF-8 Support Enabled
INFO - 2020-10-06 16:28:55 --> Utf8 Class Initialized
INFO - 2020-10-06 16:28:55 --> URI Class Initialized
INFO - 2020-10-06 16:28:55 --> Router Class Initialized
INFO - 2020-10-06 16:28:55 --> Output Class Initialized
INFO - 2020-10-06 16:28:56 --> Security Class Initialized
DEBUG - 2020-10-06 16:28:56 --> Global POST, GET and COOKIE data sanitized
INFO - 2020-10-06 16:28:56 --> CSRF cookie sent
INFO - 2020-10-06 16:28:56 --> Input Class Initialized
INFO - 2020-10-06 16:28:56 --> Language Class Initialized
INFO - 2020-10-06 16:28:56 --> Language Class Initialized
INFO - 2020-10-06 16:28:56 --> Config Class Initialized
INFO - 2020-10-06 16:28:56 --> Loader Class Initialized
DEBUG - 2020-10-06 16:28:56 --> Config file loaded: D:\xampp\htdocs\mobitrados\application\config/rest.php
INFO - 2020-10-06 16:28:56 --> Helper loaded: url_helper
INFO - 2020-10-06 16:28:56 --> Helper loaded: form_helper
INFO - 2020-10-06 16:28:56 --> Helper loaded: adminurl_helper
INFO - 2020-10-06 16:28:56 --> Helper loaded: site_helper
INFO - 2020-10-06 16:28:56 --> Helper loaded: directory_helper
INFO - 2020-10-06 16:28:56 --> Helper loaded: mail_helper
INFO - 2020-10-06 16:28:56 --> Language file loaded: language/english/api_lang.php
INFO - 2020-10-06 16:28:56 --> Database Driver Class Initialized
INFO - 2020-10-06 16:28:57 --> Email Class Initialized
DEBUG - 2020-10-06 16:28:57 --> Session: "sess_save_path" is empty; using "session.save_path" value from php.ini.
INFO - 2020-10-06 16:28:57 --> Session: Class initialized using 'files' driver.
INFO - 2020-10-06 16:28:57 --> Form Validation Class Initialized
INFO - 2020-10-06 16:28:57 --> Controller Class Initialized
DEBUG - 2020-10-06 16:28:57 --> User_api MX_Controller Initialized
INFO - 2020-10-06 16:28:57 --> Helper loaded: inflector_helper
INFO - 2020-10-06 16:28:57 --> Language file loaded: language/english/rest_controller_lang.php
DEBUG - 2020-10-06 16:28:57 --> File loaded: D:\xampp\htdocs\mobitrados\application\modules/mobi_api/user_api/models/User_api_model.php
INFO - 2020-10-06 19:58:57 --> Final output sent to browser
DEBUG - 2020-10-06 19:58:57 --> Total execution time: 1.9347
INFO - 2020-10-06 16:30:30 --> Config Class Initialized
INFO - 2020-10-06 16:30:30 --> Hooks Class Initialized
DEBUG - 2020-10-06 16:30:30 --> UTF-8 Support Enabled
INFO - 2020-10-06 16:30:30 --> Utf8 Class Initialized
INFO - 2020-10-06 16:30:30 --> URI Class Initialized
INFO - 2020-10-06 16:30:30 --> Router Class Initialized
INFO - 2020-10-06 16:30:30 --> Output Class Initialized
INFO - 2020-10-06 16:30:30 --> Security Class Initialized
DEBUG - 2020-10-06 16:30:30 --> Global POST, GET and COOKIE data sanitized
INFO - 2020-10-06 16:30:30 --> CSRF cookie sent
INFO - 2020-10-06 16:30:41 --> Config Class Initialized
INFO - 2020-10-06 16:30:41 --> Hooks Class Initialized
DEBUG - 2020-10-06 16:30:41 --> UTF-8 Support Enabled
INFO - 2020-10-06 16:30:41 --> Utf8 Class Initialized
INFO - 2020-10-06 16:30:41 --> URI Class Initialized
INFO - 2020-10-06 16:30:41 --> Router Class Initialized
INFO - 2020-10-06 16:30:41 --> Output Class Initialized
INFO - 2020-10-06 16:30:41 --> Security Class Initialized
DEBUG - 2020-10-06 16:30:41 --> Global POST, GET and COOKIE data sanitized
INFO - 2020-10-06 16:30:42 --> Input Class Initialized
INFO - 2020-10-06 16:30:42 --> Language Class Initialized
INFO - 2020-10-06 16:30:42 --> Language Class Initialized
INFO - 2020-10-06 16:30:42 --> Config Class Initialized
INFO - 2020-10-06 16:30:42 --> Loader Class Initialized
DEBUG - 2020-10-06 16:30:42 --> Config file loaded: D:\xampp\htdocs\mobitrados\application\config/rest.php
INFO - 2020-10-06 16:30:42 --> Helper loaded: url_helper
INFO - 2020-10-06 16:30:42 --> Helper loaded: form_helper
INFO - 2020-10-06 16:30:42 --> Helper loaded: adminurl_helper
INFO - 2020-10-06 16:30:42 --> Helper loaded: site_helper
INFO - 2020-10-06 16:30:42 --> Helper loaded: directory_helper
INFO - 2020-10-06 16:30:42 --> Helper loaded: mail_helper
INFO - 2020-10-06 16:30:42 --> Language file loaded: language/english/api_lang.php
INFO - 2020-10-06 16:30:42 --> Database Driver Class Initialized
INFO - 2020-10-06 16:30:42 --> Email Class Initialized
DEBUG - 2020-10-06 16:30:42 --> Session: "sess_save_path" is empty; using "session.save_path" value from php.ini.
INFO - 2020-10-06 16:30:42 --> Session: Class initialized using 'files' driver.
INFO - 2020-10-06 16:30:42 --> Form Validation Class Initialized
INFO - 2020-10-06 16:30:43 --> Controller Class Initialized
DEBUG - 2020-10-06 16:30:43 --> User_api MX_Controller Initialized
INFO - 2020-10-06 16:30:43 --> Helper loaded: inflector_helper
INFO - 2020-10-06 16:30:43 --> Language file loaded: language/english/rest_controller_lang.php
DEBUG - 2020-10-06 16:30:43 --> File loaded: D:\xampp\htdocs\mobitrados\application\modules/mobi_api/user_api/models/User_api_model.php
INFO - 2020-10-06 20:00:43 --> Final output sent to browser
DEBUG - 2020-10-06 20:00:43 --> Total execution time: 1.8916
INFO - 2020-10-06 16:31:16 --> Config Class Initialized
INFO - 2020-10-06 16:31:16 --> Hooks Class Initialized
DEBUG - 2020-10-06 16:31:16 --> UTF-8 Support Enabled
INFO - 2020-10-06 16:31:16 --> Utf8 Class Initialized
INFO - 2020-10-06 16:31:16 --> URI Class Initialized
INFO - 2020-10-06 16:31:16 --> Router Class Initialized
INFO - 2020-10-06 16:31:16 --> Output Class Initialized
INFO - 2020-10-06 16:31:16 --> Security Class Initialized
DEBUG - 2020-10-06 16:31:16 --> Global POST, GET and COOKIE data sanitized
INFO - 2020-10-06 16:31:16 --> Input Class Initialized
INFO - 2020-10-06 16:31:16 --> Language Class Initialized
INFO - 2020-10-06 16:31:16 --> Language Class Initialized
INFO - 2020-10-06 16:31:16 --> Config Class Initialized
INFO - 2020-10-06 16:31:16 --> Loader Class Initialized
DEBUG - 2020-10-06 16:31:17 --> Config file loaded: D:\xampp\htdocs\mobitrados\application\config/rest.php
INFO - 2020-10-06 16:31:17 --> Helper loaded: url_helper
INFO - 2020-10-06 16:31:17 --> Helper loaded: form_helper
INFO - 2020-10-06 16:31:17 --> Helper loaded: adminurl_helper
INFO - 2020-10-06 16:31:17 --> Helper loaded: site_helper
INFO - 2020-10-06 16:31:17 --> Helper loaded: directory_helper
INFO - 2020-10-06 16:31:17 --> Helper loaded: mail_helper
INFO - 2020-10-06 16:31:17 --> Language file loaded: language/english/api_lang.php
INFO - 2020-10-06 16:31:17 --> Database Driver Class Initialized
INFO - 2020-10-06 16:31:17 --> Email Class Initialized
DEBUG - 2020-10-06 16:31:17 --> Session: "sess_save_path" is empty; using "session.save_path" value from php.ini.
INFO - 2020-10-06 16:31:17 --> Session: Class initialized using 'files' driver.
INFO - 2020-10-06 16:31:17 --> Form Validation Class Initialized
INFO - 2020-10-06 16:31:17 --> Controller Class Initialized
DEBUG - 2020-10-06 16:31:17 --> User_api MX_Controller Initialized
INFO - 2020-10-06 16:31:17 --> Helper loaded: inflector_helper
INFO - 2020-10-06 16:31:17 --> Language file loaded: language/english/rest_controller_lang.php
DEBUG - 2020-10-06 16:31:18 --> File loaded: D:\xampp\htdocs\mobitrados\application\modules/mobi_api/user_api/models/User_api_model.php
INFO - 2020-10-06 20:01:18 --> Final output sent to browser
DEBUG - 2020-10-06 20:01:18 --> Total execution time: 1.7930
INFO - 2020-10-06 16:34:10 --> Config Class Initialized
INFO - 2020-10-06 16:34:10 --> Hooks Class Initialized
DEBUG - 2020-10-06 16:34:10 --> UTF-8 Support Enabled
INFO - 2020-10-06 16:34:10 --> Utf8 Class Initialized
INFO - 2020-10-06 16:34:10 --> URI Class Initialized
INFO - 2020-10-06 16:34:10 --> Router Class Initialized
INFO - 2020-10-06 16:34:11 --> Output Class Initialized
INFO - 2020-10-06 16:34:11 --> Security Class Initialized
DEBUG - 2020-10-06 16:34:11 --> Global POST, GET and COOKIE data sanitized
INFO - 2020-10-06 16:34:11 --> Input Class Initialized
INFO - 2020-10-06 16:34:11 --> Language Class Initialized
INFO - 2020-10-06 16:34:11 --> Language Class Initialized
INFO - 2020-10-06 16:34:11 --> Config Class Initialized
INFO - 2020-10-06 16:34:11 --> Loader Class Initialized
DEBUG - 2020-10-06 16:34:11 --> Config file loaded: D:\xampp\htdocs\mobitrados\application\config/rest.php
INFO - 2020-10-06 16:34:11 --> Helper loaded: url_helper
INFO - 2020-10-06 16:34:11 --> Helper loaded: form_helper
INFO - 2020-10-06 16:34:11 --> Helper loaded: adminurl_helper
INFO - 2020-10-06 16:34:11 --> Helper loaded: site_helper
INFO - 2020-10-06 16:34:11 --> Helper loaded: directory_helper
INFO - 2020-10-06 16:34:11 --> Helper loaded: mail_helper
INFO - 2020-10-06 16:34:11 --> Language file loaded: language/english/api_lang.php
INFO - 2020-10-06 16:34:11 --> Database Driver Class Initialized
INFO - 2020-10-06 16:34:12 --> Email Class Initialized
DEBUG - 2020-10-06 16:34:12 --> Session: "sess_save_path" is empty; using "session.save_path" value from php.ini.
INFO - 2020-10-06 16:34:12 --> Session: Class initialized using 'files' driver.
INFO - 2020-10-06 16:34:12 --> Form Validation Class Initialized
INFO - 2020-10-06 16:34:12 --> Controller Class Initialized
DEBUG - 2020-10-06 16:34:12 --> User_api MX_Controller Initialized
INFO - 2020-10-06 16:34:12 --> Helper loaded: inflector_helper
INFO - 2020-10-06 16:34:12 --> Language file loaded: language/english/rest_controller_lang.php
DEBUG - 2020-10-06 16:34:12 --> File loaded: D:\xampp\htdocs\mobitrados\application\modules/mobi_api/user_api/models/User_api_model.php
INFO - 2020-10-06 20:04:12 --> Final output sent to browser
DEBUG - 2020-10-06 20:04:12 --> Total execution time: 1.8004
INFO - 2020-10-06 16:35:05 --> Config Class Initialized
INFO - 2020-10-06 16:35:05 --> Hooks Class Initialized
DEBUG - 2020-10-06 16:35:05 --> UTF-8 Support Enabled
INFO - 2020-10-06 16:35:05 --> Utf8 Class Initialized
INFO - 2020-10-06 16:35:05 --> URI Class Initialized
INFO - 2020-10-06 16:35:05 --> Router Class Initialized
INFO - 2020-10-06 16:35:05 --> Output Class Initialized
INFO - 2020-10-06 16:35:05 --> Security Class Initialized
DEBUG - 2020-10-06 16:35:05 --> Global POST, GET and COOKIE data sanitized
INFO - 2020-10-06 16:35:05 --> Input Class Initialized
INFO - 2020-10-06 16:35:05 --> Language Class Initialized
INFO - 2020-10-06 16:35:05 --> Language Class Initialized
INFO - 2020-10-06 16:35:05 --> Config Class Initialized
INFO - 2020-10-06 16:35:05 --> Loader Class Initialized
DEBUG - 2020-10-06 16:35:05 --> Config file loaded: D:\xampp\htdocs\mobitrados\application\config/rest.php
INFO - 2020-10-06 16:35:06 --> Helper loaded: url_helper
INFO - 2020-10-06 16:35:06 --> Helper loaded: form_helper
INFO - 2020-10-06 16:35:06 --> Helper loaded: adminurl_helper
INFO - 2020-10-06 16:35:06 --> Helper loaded: site_helper
INFO - 2020-10-06 16:35:06 --> Helper loaded: directory_helper
INFO - 2020-10-06 16:35:06 --> Helper loaded: mail_helper
INFO - 2020-10-06 16:35:06 --> Language file loaded: language/english/api_lang.php
INFO - 2020-10-06 16:35:06 --> Database Driver Class Initialized
INFO - 2020-10-06 16:35:06 --> Email Class Initialized
DEBUG - 2020-10-06 16:35:06 --> Session: "sess_save_path" is empty; using "session.save_path" value from php.ini.
INFO - 2020-10-06 16:35:06 --> Session: Class initialized using 'files' driver.
INFO - 2020-10-06 16:35:06 --> Form Validation Class Initialized
INFO - 2020-10-06 16:35:06 --> Controller Class Initialized
DEBUG - 2020-10-06 16:35:06 --> User_api MX_Controller Initialized
INFO - 2020-10-06 16:35:06 --> Helper loaded: inflector_helper
INFO - 2020-10-06 16:35:06 --> Language file loaded: language/english/rest_controller_lang.php
DEBUG - 2020-10-06 16:35:06 --> File loaded: D:\xampp\htdocs\mobitrados\application\modules/mobi_api/user_api/models/User_api_model.php
INFO - 2020-10-06 20:05:07 --> Final output sent to browser
DEBUG - 2020-10-06 20:05:07 --> Total execution time: 1.8338
INFO - 2020-10-06 16:36:17 --> Config Class Initialized
INFO - 2020-10-06 16:36:17 --> Hooks Class Initialized
DEBUG - 2020-10-06 16:36:17 --> UTF-8 Support Enabled
INFO - 2020-10-06 16:36:17 --> Utf8 Class Initialized
INFO - 2020-10-06 16:36:17 --> URI Class Initialized
INFO - 2020-10-06 16:36:17 --> Router Class Initialized
INFO - 2020-10-06 16:36:17 --> Output Class Initialized
INFO - 2020-10-06 16:36:17 --> Security Class Initialized
DEBUG - 2020-10-06 16:36:17 --> Global POST, GET and COOKIE data sanitized
INFO - 2020-10-06 16:36:17 --> Input Class Initialized
INFO - 2020-10-06 16:36:17 --> Language Class Initialized
INFO - 2020-10-06 16:36:17 --> Language Class Initialized
INFO - 2020-10-06 16:36:17 --> Config Class Initialized
INFO - 2020-10-06 16:36:17 --> Loader Class Initialized
DEBUG - 2020-10-06 16:36:17 --> Config file loaded: D:\xampp\htdocs\mobitrados\application\config/rest.php
INFO - 2020-10-06 16:36:18 --> Helper loaded: url_helper
INFO - 2020-10-06 16:36:18 --> Helper loaded: form_helper
INFO - 2020-10-06 16:36:18 --> Helper loaded: adminurl_helper
INFO - 2020-10-06 16:36:18 --> Helper loaded: site_helper
INFO - 2020-10-06 16:36:18 --> Helper loaded: directory_helper
INFO - 2020-10-06 16:36:18 --> Helper loaded: mail_helper
INFO - 2020-10-06 16:36:18 --> Language file loaded: language/english/api_lang.php
INFO - 2020-10-06 16:36:18 --> Database Driver Class Initialized
INFO - 2020-10-06 16:36:18 --> Email Class Initialized
DEBUG - 2020-10-06 16:36:18 --> Session: "sess_save_path" is empty; using "session.save_path" value from php.ini.
INFO - 2020-10-06 16:36:18 --> Session: Class initialized using 'files' driver.
INFO - 2020-10-06 16:36:18 --> Form Validation Class Initialized
INFO - 2020-10-06 16:36:18 --> Controller Class Initialized
DEBUG - 2020-10-06 16:36:18 --> User_api MX_Controller Initialized
INFO - 2020-10-06 16:36:18 --> Helper loaded: inflector_helper
INFO - 2020-10-06 16:36:18 --> Language file loaded: language/english/rest_controller_lang.php
DEBUG - 2020-10-06 16:36:18 --> File loaded: D:\xampp\htdocs\mobitrados\application\modules/mobi_api/user_api/models/User_api_model.php
INFO - 2020-10-06 20:06:18 --> Final output sent to browser
DEBUG - 2020-10-06 20:06:18 --> Total execution time: 1.7050
INFO - 2020-10-06 16:36:29 --> Config Class Initialized
INFO - 2020-10-06 16:36:29 --> Hooks Class Initialized
DEBUG - 2020-10-06 16:36:29 --> UTF-8 Support Enabled
INFO - 2020-10-06 16:36:29 --> Utf8 Class Initialized
INFO - 2020-10-06 16:36:29 --> URI Class Initialized
INFO - 2020-10-06 16:36:29 --> Router Class Initialized
INFO - 2020-10-06 16:36:29 --> Output Class Initialized
INFO - 2020-10-06 16:36:29 --> Security Class Initialized
DEBUG - 2020-10-06 16:36:29 --> Global POST, GET and COOKIE data sanitized
INFO - 2020-10-06 16:36:29 --> Input Class Initialized
INFO - 2020-10-06 16:36:29 --> Language Class Initialized
INFO - 2020-10-06 16:36:30 --> Language Class Initialized
INFO - 2020-10-06 16:36:30 --> Config Class Initialized
INFO - 2020-10-06 16:36:30 --> Loader Class Initialized
DEBUG - 2020-10-06 16:36:30 --> Config file loaded: D:\xampp\htdocs\mobitrados\application\config/rest.php
INFO - 2020-10-06 16:36:30 --> Helper loaded: url_helper
INFO - 2020-10-06 16:36:30 --> Helper loaded: form_helper
INFO - 2020-10-06 16:36:30 --> Helper loaded: adminurl_helper
INFO - 2020-10-06 16:36:30 --> Helper loaded: site_helper
INFO - 2020-10-06 16:36:30 --> Helper loaded: directory_helper
INFO - 2020-10-06 16:36:30 --> Helper loaded: mail_helper
INFO - 2020-10-06 16:36:30 --> Language file loaded: language/english/api_lang.php
INFO - 2020-10-06 16:36:30 --> Database Driver Class Initialized
INFO - 2020-10-06 16:36:30 --> Email Class Initialized
DEBUG - 2020-10-06 16:36:30 --> Session: "sess_save_path" is empty; using "session.save_path" value from php.ini.
INFO - 2020-10-06 16:36:30 --> Session: Class initialized using 'files' driver.
INFO - 2020-10-06 16:36:30 --> Form Validation Class Initialized
INFO - 2020-10-06 16:36:30 --> Controller Class Initialized
DEBUG - 2020-10-06 16:36:30 --> User_api MX_Controller Initialized
INFO - 2020-10-06 16:36:31 --> Helper loaded: inflector_helper
INFO - 2020-10-06 16:36:31 --> Language file loaded: language/english/rest_controller_lang.php
DEBUG - 2020-10-06 16:36:31 --> File loaded: D:\xampp\htdocs\mobitrados\application\modules/mobi_api/user_api/models/User_api_model.php
INFO - 2020-10-06 20:06:31 --> Final output sent to browser
DEBUG - 2020-10-06 20:06:31 --> Total execution time: 1.7007
INFO - 2020-10-06 16:37:01 --> Config Class Initialized
INFO - 2020-10-06 16:37:01 --> Hooks Class Initialized
DEBUG - 2020-10-06 16:37:02 --> UTF-8 Support Enabled
INFO - 2020-10-06 16:37:02 --> Utf8 Class Initialized
INFO - 2020-10-06 16:37:02 --> URI Class Initialized
INFO - 2020-10-06 16:37:02 --> Router Class Initialized
INFO - 2020-10-06 16:37:02 --> Output Class Initialized
INFO - 2020-10-06 16:37:02 --> Security Class Initialized
DEBUG - 2020-10-06 16:37:02 --> Global POST, GET and COOKIE data sanitized
INFO - 2020-10-06 16:37:02 --> Input Class Initialized
INFO - 2020-10-06 16:37:02 --> Language Class Initialized
INFO - 2020-10-06 16:37:02 --> Language Class Initialized
INFO - 2020-10-06 16:37:02 --> Config Class Initialized
INFO - 2020-10-06 16:37:02 --> Loader Class Initialized
DEBUG - 2020-10-06 16:37:02 --> Config file loaded: D:\xampp\htdocs\mobitrados\application\config/rest.php
INFO - 2020-10-06 16:37:02 --> Helper loaded: url_helper
INFO - 2020-10-06 16:37:02 --> Helper loaded: form_helper
INFO - 2020-10-06 16:37:02 --> Helper loaded: adminurl_helper
INFO - 2020-10-06 16:37:02 --> Helper loaded: site_helper
INFO - 2020-10-06 16:37:02 --> Helper loaded: directory_helper
INFO - 2020-10-06 16:37:02 --> Helper loaded: mail_helper
INFO - 2020-10-06 16:37:03 --> Language file loaded: language/english/api_lang.php
INFO - 2020-10-06 16:37:03 --> Database Driver Class Initialized
INFO - 2020-10-06 16:37:03 --> Email Class Initialized
DEBUG - 2020-10-06 16:37:03 --> Session: "sess_save_path" is empty; using "session.save_path" value from php.ini.
INFO - 2020-10-06 16:37:03 --> Session: Class initialized using 'files' driver.
INFO - 2020-10-06 16:37:03 --> Form Validation Class Initialized
INFO - 2020-10-06 16:37:03 --> Controller Class Initialized
DEBUG - 2020-10-06 16:37:03 --> User_api MX_Controller Initialized
INFO - 2020-10-06 16:37:03 --> Helper loaded: inflector_helper
INFO - 2020-10-06 16:37:03 --> Language file loaded: language/english/rest_controller_lang.php
DEBUG - 2020-10-06 16:37:03 --> File loaded: D:\xampp\htdocs\mobitrados\application\modules/mobi_api/user_api/models/User_api_model.php
INFO - 2020-10-06 20:07:03 --> Final output sent to browser
DEBUG - 2020-10-06 20:07:03 --> Total execution time: 1.7181
INFO - 2020-10-06 16:37:21 --> Config Class Initialized
INFO - 2020-10-06 16:37:21 --> Hooks Class Initialized
DEBUG - 2020-10-06 16:37:21 --> UTF-8 Support Enabled
INFO - 2020-10-06 16:37:21 --> Utf8 Class Initialized
INFO - 2020-10-06 16:37:21 --> URI Class Initialized
INFO - 2020-10-06 16:37:21 --> Router Class Initialized
INFO - 2020-10-06 16:37:21 --> Output Class Initialized
INFO - 2020-10-06 16:37:21 --> Security Class Initialized
DEBUG - 2020-10-06 16:37:21 --> Global POST, GET and COOKIE data sanitized
INFO - 2020-10-06 16:37:21 --> Input Class Initialized
INFO - 2020-10-06 16:37:21 --> Language Class Initialized
INFO - 2020-10-06 16:37:21 --> Language Class Initialized
INFO - 2020-10-06 16:37:21 --> Config Class Initialized
INFO - 2020-10-06 16:37:21 --> Loader Class Initialized
DEBUG - 2020-10-06 16:37:21 --> Config file loaded: D:\xampp\htdocs\mobitrados\application\config/rest.php
INFO - 2020-10-06 16:37:21 --> Helper loaded: url_helper
INFO - 2020-10-06 16:37:22 --> Helper loaded: form_helper
INFO - 2020-10-06 16:37:22 --> Helper loaded: adminurl_helper
INFO - 2020-10-06 16:37:22 --> Helper loaded: site_helper
INFO - 2020-10-06 16:37:22 --> Helper loaded: directory_helper
INFO - 2020-10-06 16:37:22 --> Helper loaded: mail_helper
INFO - 2020-10-06 16:37:22 --> Language file loaded: language/english/api_lang.php
INFO - 2020-10-06 16:37:22 --> Database Driver Class Initialized
INFO - 2020-10-06 16:37:22 --> Email Class Initialized
DEBUG - 2020-10-06 16:37:22 --> Session: "sess_save_path" is empty; using "session.save_path" value from php.ini.
INFO - 2020-10-06 16:37:22 --> Session: Class initialized using 'files' driver.
INFO - 2020-10-06 16:37:22 --> Form Validation Class Initialized
INFO - 2020-10-06 16:37:22 --> Controller Class Initialized
DEBUG - 2020-10-06 16:37:22 --> User_api MX_Controller Initialized
INFO - 2020-10-06 16:37:22 --> Helper loaded: inflector_helper
INFO - 2020-10-06 16:37:22 --> Language file loaded: language/english/rest_controller_lang.php
DEBUG - 2020-10-06 16:37:22 --> File loaded: D:\xampp\htdocs\mobitrados\application\modules/mobi_api/user_api/models/User_api_model.php
INFO - 2020-10-06 20:07:22 --> Final output sent to browser
DEBUG - 2020-10-06 20:07:22 --> Total execution time: 1.6697
INFO - 2020-10-06 16:57:13 --> Config Class Initialized
INFO - 2020-10-06 16:57:13 --> Hooks Class Initialized
DEBUG - 2020-10-06 16:57:13 --> UTF-8 Support Enabled
INFO - 2020-10-06 16:57:13 --> Utf8 Class Initialized
INFO - 2020-10-06 16:57:13 --> URI Class Initialized
INFO - 2020-10-06 16:57:14 --> Router Class Initialized
INFO - 2020-10-06 16:57:14 --> Output Class Initialized
INFO - 2020-10-06 16:57:14 --> Security Class Initialized
DEBUG - 2020-10-06 16:57:14 --> Global POST, GET and COOKIE data sanitized
INFO - 2020-10-06 16:57:14 --> Input Class Initialized
INFO - 2020-10-06 16:57:14 --> Language Class Initialized
INFO - 2020-10-06 16:57:14 --> Language Class Initialized
INFO - 2020-10-06 16:57:14 --> Config Class Initialized
INFO - 2020-10-06 16:57:14 --> Loader Class Initialized
DEBUG - 2020-10-06 16:57:14 --> Config file loaded: D:\xampp\htdocs\mobitrados\application\config/rest.php
INFO - 2020-10-06 16:57:14 --> Helper loaded: url_helper
INFO - 2020-10-06 16:57:14 --> Helper loaded: form_helper
INFO - 2020-10-06 16:57:14 --> Helper loaded: adminurl_helper
INFO - 2020-10-06 16:57:14 --> Helper loaded: site_helper
INFO - 2020-10-06 16:57:14 --> Helper loaded: directory_helper
INFO - 2020-10-06 16:57:14 --> Helper loaded: mail_helper
INFO - 2020-10-06 16:57:14 --> Language file loaded: language/english/api_lang.php
INFO - 2020-10-06 16:57:14 --> Database Driver Class Initialized
INFO - 2020-10-06 16:57:15 --> Email Class Initialized
DEBUG - 2020-10-06 16:57:15 --> Session: "sess_save_path" is empty; using "session.save_path" value from php.ini.
INFO - 2020-10-06 16:57:15 --> Session: Class initialized using 'files' driver.
INFO - 2020-10-06 16:57:15 --> Form Validation Class Initialized
INFO - 2020-10-06 16:57:15 --> Controller Class Initialized
DEBUG - 2020-10-06 16:57:15 --> User_api MX_Controller Initialized
INFO - 2020-10-06 16:57:15 --> Helper loaded: inflector_helper
INFO - 2020-10-06 16:57:15 --> Language file loaded: language/english/rest_controller_lang.php
DEBUG - 2020-10-06 16:57:15 --> File loaded: D:\xampp\htdocs\mobitrados\application\modules/mobi_api/user_api/models/User_api_model.php
ERROR - 2020-10-06 20:27:15 --> Severity: Notice --> Undefined variable: query D:\xampp\htdocs\mobitrados\application\modules\mobi_api\user_api\models\User_api_model.php 36
ERROR - 2020-10-06 20:27:16 --> Severity: error --> Exception: Call to a member function num_rows() on null D:\xampp\htdocs\mobitrados\application\modules\mobi_api\user_api\models\User_api_model.php 36
INFO - 2020-10-06 16:57:31 --> Config Class Initialized
INFO - 2020-10-06 16:57:32 --> Hooks Class Initialized
DEBUG - 2020-10-06 16:57:32 --> UTF-8 Support Enabled
INFO - 2020-10-06 16:57:32 --> Utf8 Class Initialized
INFO - 2020-10-06 16:57:32 --> URI Class Initialized
INFO - 2020-10-06 16:57:32 --> Router Class Initialized
INFO - 2020-10-06 16:57:32 --> Output Class Initialized
INFO - 2020-10-06 16:57:32 --> Security Class Initialized
DEBUG - 2020-10-06 16:57:32 --> Global POST, GET and COOKIE data sanitized
INFO - 2020-10-06 16:57:32 --> Input Class Initialized
INFO - 2020-10-06 16:57:32 --> Language Class Initialized
INFO - 2020-10-06 16:57:32 --> Language Class Initialized
INFO - 2020-10-06 16:57:32 --> Config Class Initialized
INFO - 2020-10-06 16:57:32 --> Loader Class Initialized
DEBUG - 2020-10-06 16:57:32 --> Config file loaded: D:\xampp\htdocs\mobitrados\application\config/rest.php
INFO - 2020-10-06 16:57:32 --> Helper loaded: url_helper
INFO - 2020-10-06 16:57:32 --> Helper loaded: form_helper
INFO - 2020-10-06 16:57:32 --> Helper loaded: adminurl_helper
INFO - 2020-10-06 16:57:32 --> Helper loaded: site_helper
INFO - 2020-10-06 16:57:32 --> Helper loaded: directory_helper
INFO - 2020-10-06 16:57:32 --> Helper loaded: mail_helper
INFO - 2020-10-06 16:57:33 --> Language file loaded: language/english/api_lang.php
INFO - 2020-10-06 16:57:33 --> Database Driver Class Initialized
INFO - 2020-10-06 16:57:33 --> Email Class Initialized
DEBUG - 2020-10-06 16:57:33 --> Session: "sess_save_path" is empty; using "session.save_path" value from php.ini.
INFO - 2020-10-06 16:57:33 --> Session: Class initialized using 'files' driver.
INFO - 2020-10-06 16:57:33 --> Form Validation Class Initialized
INFO - 2020-10-06 16:57:33 --> Controller Class Initialized
DEBUG - 2020-10-06 16:57:33 --> User_api MX_Controller Initialized
INFO - 2020-10-06 16:57:33 --> Helper loaded: inflector_helper
INFO - 2020-10-06 16:57:33 --> Language file loaded: language/english/rest_controller_lang.php
DEBUG - 2020-10-06 16:57:33 --> File loaded: D:\xampp\htdocs\mobitrados\application\modules/mobi_api/user_api/models/User_api_model.php
INFO - 2020-10-06 20:27:33 --> Final output sent to browser
DEBUG - 2020-10-06 20:27:33 --> Total execution time: 1.6750
INFO - 2020-10-06 16:57:43 --> Config Class Initialized
INFO - 2020-10-06 16:57:43 --> Hooks Class Initialized
DEBUG - 2020-10-06 16:57:43 --> UTF-8 Support Enabled
INFO - 2020-10-06 16:57:43 --> Utf8 Class Initialized
INFO - 2020-10-06 16:57:43 --> URI Class Initialized
INFO - 2020-10-06 16:57:43 --> Router Class Initialized
INFO - 2020-10-06 16:57:43 --> Output Class Initialized
INFO - 2020-10-06 16:57:43 --> Security Class Initialized
DEBUG - 2020-10-06 16:57:43 --> Global POST, GET and COOKIE data sanitized
INFO - 2020-10-06 16:57:44 --> Input Class Initialized
INFO - 2020-10-06 16:57:44 --> Language Class Initialized
INFO - 2020-10-06 16:57:44 --> Language Class Initialized
INFO - 2020-10-06 16:57:44 --> Config Class Initialized
INFO - 2020-10-06 16:57:44 --> Loader Class Initialized
DEBUG - 2020-10-06 16:57:44 --> Config file loaded: D:\xampp\htdocs\mobitrados\application\config/rest.php
INFO - 2020-10-06 16:57:44 --> Helper loaded: url_helper
INFO - 2020-10-06 16:57:44 --> Helper loaded: form_helper
INFO - 2020-10-06 16:57:44 --> Helper loaded: adminurl_helper
INFO - 2020-10-06 16:57:44 --> Helper loaded: site_helper
INFO - 2020-10-06 16:57:44 --> Helper loaded: directory_helper
INFO - 2020-10-06 16:57:44 --> Helper loaded: mail_helper
INFO - 2020-10-06 16:57:44 --> Language file loaded: language/english/api_lang.php
INFO - 2020-10-06 16:57:44 --> Database Driver Class Initialized
INFO - 2020-10-06 16:57:44 --> Email Class Initialized
DEBUG - 2020-10-06 16:57:44 --> Session: "sess_save_path" is empty; using "session.save_path" value from php.ini.
INFO - 2020-10-06 16:57:44 --> Session: Class initialized using 'files' driver.
INFO - 2020-10-06 16:57:44 --> Form Validation Class Initialized
INFO - 2020-10-06 16:57:45 --> Controller Class Initialized
DEBUG - 2020-10-06 16:57:45 --> User_api MX_Controller Initialized
INFO - 2020-10-06 16:57:45 --> Helper loaded: inflector_helper
INFO - 2020-10-06 16:57:45 --> Language file loaded: language/english/rest_controller_lang.php
DEBUG - 2020-10-06 16:57:45 --> File loaded: D:\xampp\htdocs\mobitrados\application\modules/mobi_api/user_api/models/User_api_model.php
INFO - 2020-10-06 20:27:45 --> Final output sent to browser
DEBUG - 2020-10-06 20:27:45 --> Total execution time: 1.8408
INFO - 2020-10-06 16:58:29 --> Config Class Initialized
INFO - 2020-10-06 16:58:29 --> Hooks Class Initialized
DEBUG - 2020-10-06 16:58:29 --> UTF-8 Support Enabled
INFO - 2020-10-06 16:58:29 --> Utf8 Class Initialized
INFO - 2020-10-06 16:58:29 --> URI Class Initialized
INFO - 2020-10-06 16:58:29 --> Router Class Initialized
INFO - 2020-10-06 16:58:29 --> Output Class Initialized
INFO - 2020-10-06 16:58:29 --> Security Class Initialized
DEBUG - 2020-10-06 16:58:29 --> Global POST, GET and COOKIE data sanitized
INFO - 2020-10-06 16:58:29 --> Input Class Initialized
INFO - 2020-10-06 16:58:29 --> Language Class Initialized
INFO - 2020-10-06 16:58:29 --> Language Class Initialized
INFO - 2020-10-06 16:58:29 --> Config Class Initialized
INFO - 2020-10-06 16:58:29 --> Loader Class Initialized
DEBUG - 2020-10-06 16:58:29 --> Config file loaded: D:\xampp\htdocs\mobitrados\application\config/rest.php
INFO - 2020-10-06 16:58:29 --> Helper loaded: url_helper
INFO - 2020-10-06 16:58:30 --> Helper loaded: form_helper
INFO - 2020-10-06 16:58:30 --> Helper loaded: adminurl_helper
INFO - 2020-10-06 16:58:30 --> Helper loaded: site_helper
INFO - 2020-10-06 16:58:30 --> Helper loaded: directory_helper
INFO - 2020-10-06 16:58:30 --> Helper loaded: mail_helper
INFO - 2020-10-06 16:58:30 --> Language file loaded: language/english/api_lang.php
INFO - 2020-10-06 16:58:30 --> Database Driver Class Initialized
INFO - 2020-10-06 16:58:30 --> Email Class Initialized
DEBUG - 2020-10-06 16:58:30 --> Session: "sess_save_path" is empty; using "session.save_path" value from php.ini.
INFO - 2020-10-06 16:58:30 --> Session: Class initialized using 'files' driver.
INFO - 2020-10-06 16:58:30 --> Form Validation Class Initialized
INFO - 2020-10-06 16:58:30 --> Controller Class Initialized
DEBUG - 2020-10-06 16:58:30 --> User_api MX_Controller Initialized
INFO - 2020-10-06 16:58:30 --> Helper loaded: inflector_helper
INFO - 2020-10-06 16:58:30 --> Language file loaded: language/english/rest_controller_lang.php
DEBUG - 2020-10-06 16:58:30 --> File loaded: D:\xampp\htdocs\mobitrados\application\modules/mobi_api/user_api/models/User_api_model.php
INFO - 2020-10-06 20:28:30 --> Final output sent to browser
DEBUG - 2020-10-06 20:28:30 --> Total execution time: 1.8351
INFO - 2020-10-06 17:00:36 --> Config Class Initialized
INFO - 2020-10-06 17:00:36 --> Hooks Class Initialized
DEBUG - 2020-10-06 17:00:36 --> UTF-8 Support Enabled
INFO - 2020-10-06 17:00:36 --> Utf8 Class Initialized
INFO - 2020-10-06 17:00:36 --> URI Class Initialized
INFO - 2020-10-06 17:00:36 --> Router Class Initialized
INFO - 2020-10-06 17:00:37 --> Output Class Initialized
INFO - 2020-10-06 17:00:37 --> Security Class Initialized
DEBUG - 2020-10-06 17:00:37 --> Global POST, GET and COOKIE data sanitized
INFO - 2020-10-06 17:00:37 --> Input Class Initialized
INFO - 2020-10-06 17:00:37 --> Language Class Initialized
INFO - 2020-10-06 17:00:37 --> Language Class Initialized
INFO - 2020-10-06 17:00:37 --> Config Class Initialized
INFO - 2020-10-06 17:00:37 --> Loader Class Initialized
DEBUG - 2020-10-06 17:00:37 --> Config file loaded: D:\xampp\htdocs\mobitrados\application\config/rest.php
INFO - 2020-10-06 17:00:37 --> Helper loaded: url_helper
INFO - 2020-10-06 17:00:37 --> Helper loaded: form_helper
INFO - 2020-10-06 17:00:37 --> Helper loaded: adminurl_helper
INFO - 2020-10-06 17:00:37 --> Helper loaded: site_helper
INFO - 2020-10-06 17:00:37 --> Helper loaded: directory_helper
INFO - 2020-10-06 17:00:37 --> Helper loaded: mail_helper
INFO - 2020-10-06 17:00:37 --> Language file loaded: language/english/api_lang.php
INFO - 2020-10-06 17:00:37 --> Database Driver Class Initialized
INFO - 2020-10-06 17:00:37 --> Email Class Initialized
DEBUG - 2020-10-06 17:00:38 --> Session: "sess_save_path" is empty; using "session.save_path" value from php.ini.
INFO - 2020-10-06 17:00:38 --> Session: Class initialized using 'files' driver.
INFO - 2020-10-06 17:00:38 --> Form Validation Class Initialized
INFO - 2020-10-06 17:00:38 --> Controller Class Initialized
DEBUG - 2020-10-06 17:00:38 --> User_api MX_Controller Initialized
INFO - 2020-10-06 17:00:38 --> Helper loaded: inflector_helper
INFO - 2020-10-06 17:00:38 --> Language file loaded: language/english/rest_controller_lang.php
DEBUG - 2020-10-06 17:00:38 --> File loaded: D:\xampp\htdocs\mobitrados\application\modules/mobi_api/user_api/models/User_api_model.php
INFO - 2020-10-06 20:30:38 --> Final output sent to browser
DEBUG - 2020-10-06 20:30:38 --> Total execution time: 1.8049
INFO - 2020-10-06 17:00:47 --> Config Class Initialized
INFO - 2020-10-06 17:00:47 --> Hooks Class Initialized
DEBUG - 2020-10-06 17:00:47 --> UTF-8 Support Enabled
INFO - 2020-10-06 17:00:47 --> Utf8 Class Initialized
INFO - 2020-10-06 17:00:48 --> URI Class Initialized
INFO - 2020-10-06 17:00:48 --> Router Class Initialized
INFO - 2020-10-06 17:00:48 --> Output Class Initialized
INFO - 2020-10-06 17:00:48 --> Security Class Initialized
DEBUG - 2020-10-06 17:00:48 --> Global POST, GET and COOKIE data sanitized
INFO - 2020-10-06 17:00:48 --> Input Class Initialized
INFO - 2020-10-06 17:00:48 --> Language Class Initialized
INFO - 2020-10-06 17:00:48 --> Language Class Initialized
INFO - 2020-10-06 17:00:48 --> Config Class Initialized
INFO - 2020-10-06 17:00:48 --> Loader Class Initialized
DEBUG - 2020-10-06 17:00:48 --> Config file loaded: D:\xampp\htdocs\mobitrados\application\config/rest.php
INFO - 2020-10-06 17:00:48 --> Helper loaded: url_helper
INFO - 2020-10-06 17:00:48 --> Helper loaded: form_helper
INFO - 2020-10-06 17:00:48 --> Helper loaded: adminurl_helper
INFO - 2020-10-06 17:00:48 --> Helper loaded: site_helper
INFO - 2020-10-06 17:00:48 --> Helper loaded: directory_helper
INFO - 2020-10-06 17:00:48 --> Helper loaded: mail_helper
INFO - 2020-10-06 17:00:48 --> Language file loaded: language/english/api_lang.php
INFO - 2020-10-06 17:00:49 --> Database Driver Class Initialized
INFO - 2020-10-06 17:00:49 --> Email Class Initialized
DEBUG - 2020-10-06 17:00:49 --> Session: "sess_save_path" is empty; using "session.save_path" value from php.ini.
INFO - 2020-10-06 17:00:49 --> Session: Class initialized using 'files' driver.
INFO - 2020-10-06 17:00:49 --> Form Validation Class Initialized
INFO - 2020-10-06 17:00:49 --> Controller Class Initialized
DEBUG - 2020-10-06 17:00:49 --> User_api MX_Controller Initialized
INFO - 2020-10-06 17:00:49 --> Helper loaded: inflector_helper
INFO - 2020-10-06 17:00:49 --> Language file loaded: language/english/rest_controller_lang.php
DEBUG - 2020-10-06 17:00:49 --> File loaded: D:\xampp\htdocs\mobitrados\application\modules/mobi_api/user_api/models/User_api_model.php
INFO - 2020-10-06 20:30:49 --> Final output sent to browser
DEBUG - 2020-10-06 20:30:49 --> Total execution time: 1.7918
INFO - 2020-10-06 17:01:05 --> Config Class Initialized
INFO - 2020-10-06 17:01:05 --> Hooks Class Initialized
DEBUG - 2020-10-06 17:01:05 --> UTF-8 Support Enabled
INFO - 2020-10-06 17:01:05 --> Utf8 Class Initialized
INFO - 2020-10-06 17:01:05 --> URI Class Initialized
INFO - 2020-10-06 17:01:05 --> Router Class Initialized
INFO - 2020-10-06 17:01:05 --> Output Class Initialized
INFO - 2020-10-06 17:01:05 --> Security Class Initialized
DEBUG - 2020-10-06 17:01:05 --> Global POST, GET and COOKIE data sanitized
INFO - 2020-10-06 17:01:05 --> Input Class Initialized
INFO - 2020-10-06 17:01:05 --> Language Class Initialized
INFO - 2020-10-06 17:01:05 --> Language Class Initialized
INFO - 2020-10-06 17:01:05 --> Config Class Initialized
INFO - 2020-10-06 17:01:05 --> Loader Class Initialized
DEBUG - 2020-10-06 17:01:05 --> Config file loaded: D:\xampp\htdocs\mobitrados\application\config/rest.php
INFO - 2020-10-06 17:01:06 --> Helper loaded: url_helper
INFO - 2020-10-06 17:01:06 --> Helper loaded: form_helper
INFO - 2020-10-06 17:01:06 --> Helper loaded: adminurl_helper
INFO - 2020-10-06 17:01:06 --> Helper loaded: site_helper
INFO - 2020-10-06 17:01:06 --> Helper loaded: directory_helper
INFO - 2020-10-06 17:01:06 --> Helper loaded: mail_helper
INFO - 2020-10-06 17:01:06 --> Language file loaded: language/english/api_lang.php
INFO - 2020-10-06 17:01:06 --> Database Driver Class Initialized
INFO - 2020-10-06 17:01:06 --> Email Class Initialized
DEBUG - 2020-10-06 17:01:06 --> Session: "sess_save_path" is empty; using "session.save_path" value from php.ini.
INFO - 2020-10-06 17:01:06 --> Session: Class initialized using 'files' driver.
INFO - 2020-10-06 17:01:06 --> Form Validation Class Initialized
INFO - 2020-10-06 17:01:06 --> Controller Class Initialized
DEBUG - 2020-10-06 17:01:06 --> User_api MX_Controller Initialized
INFO - 2020-10-06 17:01:06 --> Helper loaded: inflector_helper
INFO - 2020-10-06 17:01:06 --> Language file loaded: language/english/rest_controller_lang.php
DEBUG - 2020-10-06 17:01:06 --> File loaded: D:\xampp\htdocs\mobitrados\application\modules/mobi_api/user_api/models/User_api_model.php
ERROR - 2020-10-06 20:31:06 --> Severity: Notice --> Undefined variable: token D:\xampp\htdocs\mobitrados\application\modules\mobi_api\user_api\controllers\User_api.php 49
ERROR - 2020-10-06 20:31:07 --> Severity: Notice --> Undefined variable: token D:\xampp\htdocs\mobitrados\application\modules\mobi_api\user_api\controllers\User_api.php 54
INFO - 2020-10-06 20:31:07 --> Final output sent to browser
DEBUG - 2020-10-06 20:31:07 --> Total execution time: 1.9931
INFO - 2020-10-06 17:01:49 --> Config Class Initialized
INFO - 2020-10-06 17:01:49 --> Hooks Class Initialized
DEBUG - 2020-10-06 17:01:49 --> UTF-8 Support Enabled
INFO - 2020-10-06 17:01:49 --> Utf8 Class Initialized
INFO - 2020-10-06 17:01:49 --> URI Class Initialized
INFO - 2020-10-06 17:01:49 --> Router Class Initialized
INFO - 2020-10-06 17:01:49 --> Output Class Initialized
INFO - 2020-10-06 17:01:49 --> Security Class Initialized
DEBUG - 2020-10-06 17:01:49 --> Global POST, GET and COOKIE data sanitized
INFO - 2020-10-06 17:01:49 --> Input Class Initialized
INFO - 2020-10-06 17:01:49 --> Language Class Initialized
INFO - 2020-10-06 17:01:49 --> Language Class Initialized
INFO - 2020-10-06 17:01:49 --> Config Class Initialized
INFO - 2020-10-06 17:01:49 --> Loader Class Initialized
DEBUG - 2020-10-06 17:01:50 --> Config file loaded: D:\xampp\htdocs\mobitrados\application\config/rest.php
INFO - 2020-10-06 17:01:50 --> Helper loaded: url_helper
INFO - 2020-10-06 17:01:50 --> Helper loaded: form_helper
INFO - 2020-10-06 17:01:50 --> Helper loaded: adminurl_helper
INFO - 2020-10-06 17:01:50 --> Helper loaded: site_helper
INFO - 2020-10-06 17:01:50 --> Helper loaded: directory_helper
INFO - 2020-10-06 17:01:50 --> Helper loaded: mail_helper
INFO - 2020-10-06 17:01:50 --> Language file loaded: language/english/api_lang.php
INFO - 2020-10-06 17:01:50 --> Database Driver Class Initialized
INFO - 2020-10-06 17:01:50 --> Email Class Initialized
DEBUG - 2020-10-06 17:01:50 --> Session: "sess_save_path" is empty; using "session.save_path" value from php.ini.
INFO - 2020-10-06 17:01:50 --> Session: Class initialized using 'files' driver.
INFO - 2020-10-06 17:01:50 --> Form Validation Class Initialized
INFO - 2020-10-06 17:01:50 --> Controller Class Initialized
DEBUG - 2020-10-06 17:01:50 --> User_api MX_Controller Initialized
INFO - 2020-10-06 17:01:50 --> Helper loaded: inflector_helper
INFO - 2020-10-06 17:01:50 --> Language file loaded: language/english/rest_controller_lang.php
DEBUG - 2020-10-06 17:01:51 --> File loaded: D:\xampp\htdocs\mobitrados\application\modules/mobi_api/user_api/models/User_api_model.php
ERROR - 2020-10-06 20:31:51 --> Severity: Notice --> Undefined variable: token D:\xampp\htdocs\mobitrados\application\modules\mobi_api\user_api\controllers\User_api.php 54
INFO - 2020-10-06 20:31:51 --> Final output sent to browser
DEBUG - 2020-10-06 20:31:51 --> Total execution time: 1.8867
INFO - 2020-10-06 17:02:08 --> Config Class Initialized
INFO - 2020-10-06 17:02:08 --> Hooks Class Initialized
DEBUG - 2020-10-06 17:02:08 --> UTF-8 Support Enabled
INFO - 2020-10-06 17:02:09 --> Utf8 Class Initialized
INFO - 2020-10-06 17:02:09 --> URI Class Initialized
INFO - 2020-10-06 17:02:09 --> Router Class Initialized
INFO - 2020-10-06 17:02:09 --> Output Class Initialized
INFO - 2020-10-06 17:02:09 --> Security Class Initialized
DEBUG - 2020-10-06 17:02:09 --> Global POST, GET and COOKIE data sanitized
INFO - 2020-10-06 17:02:09 --> Input Class Initialized
INFO - 2020-10-06 17:02:09 --> Language Class Initialized
INFO - 2020-10-06 17:02:09 --> Language Class Initialized
INFO - 2020-10-06 17:02:09 --> Config Class Initialized
INFO - 2020-10-06 17:02:09 --> Loader Class Initialized
DEBUG - 2020-10-06 17:02:09 --> Config file loaded: D:\xampp\htdocs\mobitrados\application\config/rest.php
INFO - 2020-10-06 17:02:09 --> Helper loaded: url_helper
INFO - 2020-10-06 17:02:09 --> Helper loaded: form_helper
INFO - 2020-10-06 17:02:09 --> Helper loaded: adminurl_helper
INFO - 2020-10-06 17:02:09 --> Helper loaded: site_helper
INFO - 2020-10-06 17:02:09 --> Helper loaded: directory_helper
INFO - 2020-10-06 17:02:09 --> Helper loaded: mail_helper
INFO - 2020-10-06 17:02:10 --> Language file loaded: language/english/api_lang.php
INFO - 2020-10-06 17:02:10 --> Database Driver Class Initialized
INFO - 2020-10-06 17:02:10 --> Email Class Initialized
DEBUG - 2020-10-06 17:02:10 --> Session: "sess_save_path" is empty; using "session.save_path" value from php.ini.
INFO - 2020-10-06 17:02:10 --> Session: Class initialized using 'files' driver.
INFO - 2020-10-06 17:02:10 --> Form Validation Class Initialized
INFO - 2020-10-06 17:02:10 --> Controller Class Initialized
DEBUG - 2020-10-06 17:02:10 --> User_api MX_Controller Initialized
INFO - 2020-10-06 17:02:10 --> Helper loaded: inflector_helper
INFO - 2020-10-06 17:02:10 --> Language file loaded: language/english/rest_controller_lang.php
DEBUG - 2020-10-06 17:02:10 --> File loaded: D:\xampp\htdocs\mobitrados\application\modules/mobi_api/user_api/models/User_api_model.php
INFO - 2020-10-06 20:32:10 --> Final output sent to browser
DEBUG - 2020-10-06 20:32:10 --> Total execution time: 1.7573
INFO - 2020-10-06 17:03:26 --> Config Class Initialized
INFO - 2020-10-06 17:03:26 --> Hooks Class Initialized
DEBUG - 2020-10-06 17:03:26 --> UTF-8 Support Enabled
INFO - 2020-10-06 17:03:26 --> Utf8 Class Initialized
INFO - 2020-10-06 17:03:26 --> URI Class Initialized
INFO - 2020-10-06 17:03:26 --> Router Class Initialized
INFO - 2020-10-06 17:03:26 --> Output Class Initialized
INFO - 2020-10-06 17:03:26 --> Security Class Initialized
DEBUG - 2020-10-06 17:03:26 --> Global POST, GET and COOKIE data sanitized
INFO - 2020-10-06 17:03:26 --> Input Class Initialized
INFO - 2020-10-06 17:03:26 --> Language Class Initialized
INFO - 2020-10-06 17:03:26 --> Language Class Initialized
INFO - 2020-10-06 17:03:26 --> Config Class Initialized
INFO - 2020-10-06 17:03:26 --> Loader Class Initialized
DEBUG - 2020-10-06 17:03:26 --> Config file loaded: D:\xampp\htdocs\mobitrados\application\config/rest.php
INFO - 2020-10-06 17:03:27 --> Helper loaded: url_helper
INFO - 2020-10-06 17:03:27 --> Helper loaded: form_helper
INFO - 2020-10-06 17:03:27 --> Helper loaded: adminurl_helper
INFO - 2020-10-06 17:03:27 --> Helper loaded: site_helper
INFO - 2020-10-06 17:03:27 --> Helper loaded: directory_helper
INFO - 2020-10-06 17:03:27 --> Helper loaded: mail_helper
INFO - 2020-10-06 17:03:27 --> Language file loaded: language/english/api_lang.php
INFO - 2020-10-06 17:03:27 --> Database Driver Class Initialized
INFO - 2020-10-06 17:03:27 --> Email Class Initialized
DEBUG - 2020-10-06 17:03:27 --> Session: "sess_save_path" is empty; using "session.save_path" value from php.ini.
INFO - 2020-10-06 17:03:27 --> Session: Class initialized using 'files' driver.
INFO - 2020-10-06 17:03:27 --> Form Validation Class Initialized
INFO - 2020-10-06 17:03:27 --> Controller Class Initialized
DEBUG - 2020-10-06 17:03:27 --> User_api MX_Controller Initialized
INFO - 2020-10-06 17:03:27 --> Helper loaded: inflector_helper
INFO - 2020-10-06 17:03:27 --> Language file loaded: language/english/rest_controller_lang.php
DEBUG - 2020-10-06 17:03:27 --> File loaded: D:\xampp\htdocs\mobitrados\application\modules/mobi_api/user_api/models/User_api_model.php
INFO - 2020-10-06 20:33:27 --> Final output sent to browser
DEBUG - 2020-10-06 20:33:28 --> Total execution time: 1.8135
INFO - 2020-10-06 17:17:35 --> Config Class Initialized
INFO - 2020-10-06 17:17:35 --> Hooks Class Initialized
DEBUG - 2020-10-06 17:17:36 --> UTF-8 Support Enabled
INFO - 2020-10-06 17:17:36 --> Utf8 Class Initialized
INFO - 2020-10-06 17:17:36 --> URI Class Initialized
INFO - 2020-10-06 17:17:36 --> Router Class Initialized
INFO - 2020-10-06 17:17:36 --> Output Class Initialized
INFO - 2020-10-06 17:17:36 --> Security Class Initialized
DEBUG - 2020-10-06 17:17:36 --> Global POST, GET and COOKIE data sanitized
INFO - 2020-10-06 17:17:36 --> CSRF cookie sent
INFO - 2020-10-06 17:17:36 --> Input Class Initialized
INFO - 2020-10-06 17:17:36 --> Language Class Initialized
INFO - 2020-10-06 17:17:36 --> Language Class Initialized
INFO - 2020-10-06 17:17:36 --> Config Class Initialized
INFO - 2020-10-06 17:17:36 --> Loader Class Initialized
DEBUG - 2020-10-06 17:17:36 --> Config file loaded: D:\xampp\htdocs\mobitrados\application\config/rest.php
INFO - 2020-10-06 17:17:36 --> Helper loaded: url_helper
INFO - 2020-10-06 17:17:36 --> Helper loaded: form_helper
INFO - 2020-10-06 17:17:37 --> Helper loaded: adminurl_helper
INFO - 2020-10-06 17:17:37 --> Helper loaded: site_helper
INFO - 2020-10-06 17:17:37 --> Helper loaded: directory_helper
INFO - 2020-10-06 17:17:37 --> Helper loaded: mail_helper
INFO - 2020-10-06 17:17:37 --> Language file loaded: language/english/api_lang.php
INFO - 2020-10-06 17:17:37 --> Database Driver Class Initialized
INFO - 2020-10-06 17:17:37 --> Email Class Initialized
DEBUG - 2020-10-06 17:17:37 --> Session: "sess_save_path" is empty; using "session.save_path" value from php.ini.
INFO - 2020-10-06 17:17:37 --> Session: Class initialized using 'files' driver.
INFO - 2020-10-06 17:17:37 --> Form Validation Class Initialized
INFO - 2020-10-06 17:17:37 --> Controller Class Initialized
DEBUG - 2020-10-06 17:17:37 --> User_api MX_Controller Initialized
INFO - 2020-10-06 17:17:37 --> Helper loaded: inflector_helper
INFO - 2020-10-06 17:17:37 --> Language file loaded: language/english/rest_controller_lang.php
DEBUG - 2020-10-06 17:17:38 --> File loaded: D:\xampp\htdocs\mobitrados\application\modules/mobi_api/user_api/models/User_api_model.php
ERROR - 2020-10-06 20:47:38 --> Severity: Notice --> Array to string conversion D:\xampp\htdocs\mobitrados\application\modules\mobi_api\user_api\controllers\User_api.php 78
INFO - 2020-10-06 20:47:38 --> Final output sent to browser
DEBUG - 2020-10-06 20:47:38 --> Total execution time: 2.2644
INFO - 2020-10-06 17:17:58 --> Config Class Initialized
INFO - 2020-10-06 17:17:58 --> Hooks Class Initialized
DEBUG - 2020-10-06 17:17:58 --> UTF-8 Support Enabled
INFO - 2020-10-06 17:17:58 --> Utf8 Class Initialized
INFO - 2020-10-06 17:17:58 --> URI Class Initialized
INFO - 2020-10-06 17:17:58 --> Router Class Initialized
INFO - 2020-10-06 17:17:58 --> Output Class Initialized
INFO - 2020-10-06 17:17:58 --> Security Class Initialized
DEBUG - 2020-10-06 17:17:58 --> Global POST, GET and COOKIE data sanitized
INFO - 2020-10-06 17:17:58 --> CSRF cookie sent
INFO - 2020-10-06 17:17:58 --> Input Class Initialized
INFO - 2020-10-06 17:17:58 --> Language Class Initialized
INFO - 2020-10-06 17:17:59 --> Language Class Initialized
INFO - 2020-10-06 17:17:59 --> Config Class Initialized
INFO - 2020-10-06 17:17:59 --> Loader Class Initialized
DEBUG - 2020-10-06 17:17:59 --> Config file loaded: D:\xampp\htdocs\mobitrados\application\config/rest.php
INFO - 2020-10-06 17:17:59 --> Helper loaded: url_helper
INFO - 2020-10-06 17:17:59 --> Helper loaded: form_helper
INFO - 2020-10-06 17:17:59 --> Helper loaded: adminurl_helper
INFO - 2020-10-06 17:17:59 --> Helper loaded: site_helper
INFO - 2020-10-06 17:17:59 --> Helper loaded: directory_helper
INFO - 2020-10-06 17:17:59 --> Helper loaded: mail_helper
INFO - 2020-10-06 17:17:59 --> Language file loaded: language/english/api_lang.php
INFO - 2020-10-06 17:17:59 --> Database Driver Class Initialized
INFO - 2020-10-06 17:17:59 --> Email Class Initialized
DEBUG - 2020-10-06 17:17:59 --> Session: "sess_save_path" is empty; using "session.save_path" value from php.ini.
INFO - 2020-10-06 17:17:59 --> Session: Class initialized using 'files' driver.
INFO - 2020-10-06 17:17:59 --> Form Validation Class Initialized
INFO - 2020-10-06 17:17:59 --> Controller Class Initialized
DEBUG - 2020-10-06 17:17:59 --> User_api MX_Controller Initialized
INFO - 2020-10-06 17:17:59 --> Helper loaded: inflector_helper
INFO - 2020-10-06 17:17:59 --> Language file loaded: language/english/rest_controller_lang.php
DEBUG - 2020-10-06 17:18:00 --> File loaded: D:\xampp\htdocs\mobitrados\application\modules/mobi_api/user_api/models/User_api_model.php
INFO - 2020-10-06 20:48:00 --> Final output sent to browser
DEBUG - 2020-10-06 20:48:00 --> Total execution time: 1.7092
INFO - 2020-10-06 17:18:26 --> Config Class Initialized
INFO - 2020-10-06 17:18:26 --> Hooks Class Initialized
DEBUG - 2020-10-06 17:18:26 --> UTF-8 Support Enabled
INFO - 2020-10-06 17:18:26 --> Utf8 Class Initialized
INFO - 2020-10-06 17:18:26 --> URI Class Initialized
INFO - 2020-10-06 17:18:26 --> Router Class Initialized
INFO - 2020-10-06 17:18:26 --> Output Class Initialized
INFO - 2020-10-06 17:18:26 --> Security Class Initialized
DEBUG - 2020-10-06 17:18:26 --> Global POST, GET and COOKIE data sanitized
INFO - 2020-10-06 17:18:27 --> CSRF cookie sent
INFO - 2020-10-06 17:18:27 --> Input Class Initialized
INFO - 2020-10-06 17:18:27 --> Language Class Initialized
INFO - 2020-10-06 17:18:27 --> Language Class Initialized
INFO - 2020-10-06 17:18:27 --> Config Class Initialized
INFO - 2020-10-06 17:18:27 --> Loader Class Initialized
DEBUG - 2020-10-06 17:18:27 --> Config file loaded: D:\xampp\htdocs\mobitrados\application\config/rest.php
INFO - 2020-10-06 17:18:27 --> Helper loaded: url_helper
INFO - 2020-10-06 17:18:27 --> Helper loaded: form_helper
INFO - 2020-10-06 17:18:27 --> Helper loaded: adminurl_helper
INFO - 2020-10-06 17:18:27 --> Helper loaded: site_helper
INFO - 2020-10-06 17:18:27 --> Helper loaded: directory_helper
INFO - 2020-10-06 17:18:27 --> Helper loaded: mail_helper
INFO - 2020-10-06 17:18:27 --> Language file loaded: language/english/api_lang.php
INFO - 2020-10-06 17:18:27 --> Database Driver Class Initialized
INFO - 2020-10-06 17:18:27 --> Email Class Initialized
DEBUG - 2020-10-06 17:18:27 --> Session: "sess_save_path" is empty; using "session.save_path" value from php.ini.
INFO - 2020-10-06 17:18:27 --> Session: Class initialized using 'files' driver.
INFO - 2020-10-06 17:18:27 --> Form Validation Class Initialized
INFO - 2020-10-06 17:18:27 --> Controller Class Initialized
DEBUG - 2020-10-06 17:18:28 --> User_api MX_Controller Initialized
INFO - 2020-10-06 17:18:28 --> Helper loaded: inflector_helper
INFO - 2020-10-06 17:18:28 --> Language file loaded: language/english/rest_controller_lang.php
DEBUG - 2020-10-06 17:18:28 --> File loaded: D:\xampp\htdocs\mobitrados\application\modules/mobi_api/user_api/models/User_api_model.php
INFO - 2020-10-06 20:48:28 --> Final output sent to browser
DEBUG - 2020-10-06 20:48:28 --> Total execution time: 1.6781
INFO - 2020-10-06 17:19:10 --> Config Class Initialized
INFO - 2020-10-06 17:19:10 --> Hooks Class Initialized
DEBUG - 2020-10-06 17:19:10 --> UTF-8 Support Enabled
INFO - 2020-10-06 17:19:10 --> Utf8 Class Initialized
INFO - 2020-10-06 17:19:10 --> URI Class Initialized
INFO - 2020-10-06 17:19:10 --> Router Class Initialized
INFO - 2020-10-06 17:19:10 --> Output Class Initialized
INFO - 2020-10-06 17:19:10 --> Security Class Initialized
DEBUG - 2020-10-06 17:19:10 --> Global POST, GET and COOKIE data sanitized
INFO - 2020-10-06 17:19:11 --> CSRF cookie sent
INFO - 2020-10-06 17:19:11 --> Input Class Initialized
INFO - 2020-10-06 17:19:11 --> Language Class Initialized
INFO - 2020-10-06 17:19:11 --> Language Class Initialized
INFO - 2020-10-06 17:19:11 --> Config Class Initialized
INFO - 2020-10-06 17:19:11 --> Loader Class Initialized
DEBUG - 2020-10-06 17:19:11 --> Config file loaded: D:\xampp\htdocs\mobitrados\application\config/rest.php
INFO - 2020-10-06 17:19:11 --> Helper loaded: url_helper
INFO - 2020-10-06 17:19:11 --> Helper loaded: form_helper
INFO - 2020-10-06 17:19:11 --> Helper loaded: adminurl_helper
INFO - 2020-10-06 17:19:11 --> Helper loaded: site_helper
INFO - 2020-10-06 17:19:11 --> Helper loaded: directory_helper
INFO - 2020-10-06 17:19:11 --> Helper loaded: mail_helper
INFO - 2020-10-06 17:19:11 --> Language file loaded: language/english/api_lang.php
INFO - 2020-10-06 17:19:11 --> Database Driver Class Initialized
INFO - 2020-10-06 17:19:11 --> Email Class Initialized
DEBUG - 2020-10-06 17:19:11 --> Session: "sess_save_path" is empty; using "session.save_path" value from php.ini.
INFO - 2020-10-06 17:19:12 --> Session: Class initialized using 'files' driver.
INFO - 2020-10-06 17:19:12 --> Form Validation Class Initialized
INFO - 2020-10-06 17:19:12 --> Controller Class Initialized
DEBUG - 2020-10-06 17:19:12 --> User_api MX_Controller Initialized
INFO - 2020-10-06 17:19:12 --> Helper loaded: inflector_helper
INFO - 2020-10-06 17:19:12 --> Language file loaded: language/english/rest_controller_lang.php
DEBUG - 2020-10-06 17:19:12 --> File loaded: D:\xampp\htdocs\mobitrados\application\modules/mobi_api/user_api/models/User_api_model.php
INFO - 2020-10-06 20:49:12 --> Final output sent to browser
DEBUG - 2020-10-06 20:49:12 --> Total execution time: 1.9956
INFO - 2020-10-06 17:20:12 --> Config Class Initialized
INFO - 2020-10-06 17:20:12 --> Hooks Class Initialized
DEBUG - 2020-10-06 17:20:12 --> UTF-8 Support Enabled
INFO - 2020-10-06 17:20:12 --> Utf8 Class Initialized
INFO - 2020-10-06 17:20:12 --> URI Class Initialized
INFO - 2020-10-06 17:20:12 --> Router Class Initialized
INFO - 2020-10-06 17:20:12 --> Output Class Initialized
INFO - 2020-10-06 17:20:12 --> Security Class Initialized
DEBUG - 2020-10-06 17:20:12 --> Global POST, GET and COOKIE data sanitized
INFO - 2020-10-06 17:20:12 --> CSRF cookie sent
INFO - 2020-10-06 17:20:12 --> Input Class Initialized
INFO - 2020-10-06 17:20:12 --> Language Class Initialized
INFO - 2020-10-06 17:20:12 --> Language Class Initialized
INFO - 2020-10-06 17:20:12 --> Config Class Initialized
INFO - 2020-10-06 17:20:12 --> Loader Class Initialized
DEBUG - 2020-10-06 17:20:12 --> Config file loaded: D:\xampp\htdocs\mobitrados\application\config/rest.php
INFO - 2020-10-06 17:20:13 --> Helper loaded: url_helper
INFO - 2020-10-06 17:20:13 --> Helper loaded: form_helper
INFO - 2020-10-06 17:20:13 --> Helper loaded: adminurl_helper
INFO - 2020-10-06 17:20:13 --> Helper loaded: site_helper
INFO - 2020-10-06 17:20:13 --> Helper loaded: directory_helper
INFO - 2020-10-06 17:20:13 --> Helper loaded: mail_helper
INFO - 2020-10-06 17:20:13 --> Language file loaded: language/english/api_lang.php
INFO - 2020-10-06 17:20:13 --> Database Driver Class Initialized
INFO - 2020-10-06 17:20:13 --> Email Class Initialized
DEBUG - 2020-10-06 17:20:13 --> Session: "sess_save_path" is empty; using "session.save_path" value from php.ini.
INFO - 2020-10-06 17:20:13 --> Session: Class initialized using 'files' driver.
INFO - 2020-10-06 17:20:13 --> Form Validation Class Initialized
INFO - 2020-10-06 17:20:13 --> Controller Class Initialized
DEBUG - 2020-10-06 17:20:13 --> User_api MX_Controller Initialized
INFO - 2020-10-06 17:20:13 --> Helper loaded: inflector_helper
INFO - 2020-10-06 17:20:13 --> Language file loaded: language/english/rest_controller_lang.php
DEBUG - 2020-10-06 17:20:13 --> File loaded: D:\xampp\htdocs\mobitrados\application\modules/mobi_api/user_api/models/User_api_model.php
INFO - 2020-10-06 20:50:13 --> Final output sent to browser
DEBUG - 2020-10-06 20:50:13 --> Total execution time: 1.6613
