INFO - 2020-10-11 15:12:39 --> Config Class Initialized
INFO - 2020-10-11 15:12:39 --> Hooks Class Initialized
DEBUG - 2020-10-11 15:12:39 --> UTF-8 Support Enabled
INFO - 2020-10-11 15:12:39 --> Utf8 Class Initialized
INFO - 2020-10-11 15:12:39 --> URI Class Initialized
INFO - 2020-10-11 15:12:40 --> Router Class Initialized
INFO - 2020-10-11 15:12:40 --> Output Class Initialized
INFO - 2020-10-11 15:12:40 --> Security Class Initialized
DEBUG - 2020-10-11 15:12:40 --> Global POST, GET and COOKIE data sanitized
INFO - 2020-10-11 15:12:40 --> CSRF cookie sent
INFO - 2020-10-11 15:12:40 --> Input Class Initialized
INFO - 2020-10-11 15:12:40 --> Language Class Initialized
INFO - 2020-10-11 15:12:40 --> Language Class Initialized
INFO - 2020-10-11 15:12:40 --> Config Class Initialized
INFO - 2020-10-11 15:12:40 --> Loader Class Initialized
DEBUG - 2020-10-11 15:12:40 --> Config file loaded: D:\xampp\htdocs\mobitrados\application\config/rest.php
INFO - 2020-10-11 15:12:40 --> Helper loaded: url_helper
INFO - 2020-10-11 15:12:40 --> Helper loaded: form_helper
INFO - 2020-10-11 15:12:40 --> Helper loaded: adminurl_helper
INFO - 2020-10-11 15:12:40 --> Helper loaded: site_helper
INFO - 2020-10-11 15:12:40 --> Helper loaded: directory_helper
INFO - 2020-10-11 15:12:40 --> Helper loaded: mail_helper
INFO - 2020-10-11 15:12:40 --> Language file loaded: language/english/api_lang.php
INFO - 2020-10-11 15:12:40 --> Database Driver Class Initialized
INFO - 2020-10-11 15:12:40 --> Email Class Initialized
DEBUG - 2020-10-11 15:12:40 --> Session: "sess_save_path" is empty; using "session.save_path" value from php.ini.
INFO - 2020-10-11 15:12:40 --> Session: Class initialized using 'files' driver.
INFO - 2020-10-11 15:12:40 --> Form Validation Class Initialized
INFO - 2020-10-11 15:12:41 --> Controller Class Initialized
DEBUG - 2020-10-11 15:12:41 --> Public_api MX_Controller Initialized
INFO - 2020-10-11 15:12:41 --> Helper loaded: inflector_helper
INFO - 2020-10-11 15:12:41 --> Language file loaded: language/english/rest_controller_lang.php
DEBUG - 2020-10-11 15:12:41 --> File loaded: D:\xampp\htdocs\mobitrados\application\modules/mobi_api/public_api/models/Public_api_model.php
INFO - 2020-10-11 18:42:41 --> Final output sent to browser
DEBUG - 2020-10-11 18:42:41 --> Total execution time: 1.4980
