INFO - 2020-10-09 16:22:02 --> Config Class Initialized
INFO - 2020-10-09 16:22:02 --> Hooks Class Initialized
DEBUG - 2020-10-09 16:22:02 --> UTF-8 Support Enabled
INFO - 2020-10-09 16:22:02 --> Utf8 Class Initialized
INFO - 2020-10-09 16:22:02 --> URI Class Initialized
INFO - 2020-10-09 16:22:02 --> Router Class Initialized
INFO - 2020-10-09 16:22:02 --> Output Class Initialized
INFO - 2020-10-09 16:22:03 --> Security Class Initialized
DEBUG - 2020-10-09 16:22:03 --> Global POST, GET and COOKIE data sanitized
INFO - 2020-10-09 16:22:03 --> Input Class Initialized
INFO - 2020-10-09 16:22:03 --> Language Class Initialized
INFO - 2020-10-09 16:22:03 --> Language Class Initialized
INFO - 2020-10-09 16:22:03 --> Config Class Initialized
INFO - 2020-10-09 16:22:03 --> Loader Class Initialized
DEBUG - 2020-10-09 16:22:03 --> Config file loaded: D:\xampp\htdocs\mobitrados\application\config/rest.php
INFO - 2020-10-09 16:22:03 --> Helper loaded: url_helper
INFO - 2020-10-09 16:22:03 --> Helper loaded: form_helper
INFO - 2020-10-09 16:22:03 --> Helper loaded: adminurl_helper
INFO - 2020-10-09 16:22:03 --> Helper loaded: site_helper
INFO - 2020-10-09 16:22:03 --> Helper loaded: directory_helper
INFO - 2020-10-09 16:22:03 --> Helper loaded: mail_helper
INFO - 2020-10-09 16:22:03 --> Language file loaded: language/english/api_lang.php
INFO - 2020-10-09 16:22:03 --> Database Driver Class Initialized
INFO - 2020-10-09 16:22:03 --> Email Class Initialized
DEBUG - 2020-10-09 16:22:03 --> Session: "sess_save_path" is empty; using "session.save_path" value from php.ini.
INFO - 2020-10-09 16:22:04 --> Session: Class initialized using 'files' driver.
INFO - 2020-10-09 16:22:04 --> Form Validation Class Initialized
INFO - 2020-10-09 16:22:04 --> Controller Class Initialized
DEBUG - 2020-10-09 16:22:04 --> User_api MX_Controller Initialized
INFO - 2020-10-09 16:22:04 --> Helper loaded: inflector_helper
INFO - 2020-10-09 16:22:04 --> Language file loaded: language/english/rest_controller_lang.php
DEBUG - 2020-10-09 16:22:04 --> File loaded: D:\xampp\htdocs\mobitrados\application\modules/mobi_api/user_api/models/User_api_model.php
INFO - 2020-10-09 19:52:04 --> Final output sent to browser
DEBUG - 2020-10-09 19:52:04 --> Total execution time: 1.9401
INFO - 2020-10-09 16:22:26 --> Config Class Initialized
INFO - 2020-10-09 16:22:26 --> Hooks Class Initialized
DEBUG - 2020-10-09 16:22:26 --> UTF-8 Support Enabled
INFO - 2020-10-09 16:22:26 --> Utf8 Class Initialized
INFO - 2020-10-09 16:22:26 --> URI Class Initialized
INFO - 2020-10-09 16:22:26 --> Router Class Initialized
INFO - 2020-10-09 16:22:26 --> Output Class Initialized
INFO - 2020-10-09 16:22:26 --> Security Class Initialized
DEBUG - 2020-10-09 16:22:26 --> Global POST, GET and COOKIE data sanitized
INFO - 2020-10-09 16:22:26 --> Input Class Initialized
INFO - 2020-10-09 16:22:26 --> Language Class Initialized
INFO - 2020-10-09 16:22:26 --> Language Class Initialized
INFO - 2020-10-09 16:22:26 --> Config Class Initialized
INFO - 2020-10-09 16:22:26 --> Loader Class Initialized
DEBUG - 2020-10-09 16:22:26 --> Config file loaded: D:\xampp\htdocs\mobitrados\application\config/rest.php
INFO - 2020-10-09 16:22:26 --> Helper loaded: url_helper
INFO - 2020-10-09 16:22:27 --> Helper loaded: form_helper
INFO - 2020-10-09 16:22:27 --> Helper loaded: adminurl_helper
INFO - 2020-10-09 16:22:27 --> Helper loaded: site_helper
INFO - 2020-10-09 16:22:27 --> Helper loaded: directory_helper
INFO - 2020-10-09 16:22:27 --> Helper loaded: mail_helper
INFO - 2020-10-09 16:22:27 --> Language file loaded: language/english/api_lang.php
INFO - 2020-10-09 16:22:27 --> Database Driver Class Initialized
INFO - 2020-10-09 16:22:27 --> Email Class Initialized
DEBUG - 2020-10-09 16:22:27 --> Session: "sess_save_path" is empty; using "session.save_path" value from php.ini.
INFO - 2020-10-09 16:22:27 --> Session: Class initialized using 'files' driver.
INFO - 2020-10-09 16:22:27 --> Form Validation Class Initialized
INFO - 2020-10-09 16:22:27 --> Controller Class Initialized
DEBUG - 2020-10-09 16:22:27 --> User_api MX_Controller Initialized
INFO - 2020-10-09 16:22:27 --> Helper loaded: inflector_helper
INFO - 2020-10-09 16:22:27 --> Language file loaded: language/english/rest_controller_lang.php
DEBUG - 2020-10-09 16:22:27 --> File loaded: D:\xampp\htdocs\mobitrados\application\modules/mobi_api/user_api/models/User_api_model.php
INFO - 2020-10-09 19:52:27 --> Final output sent to browser
DEBUG - 2020-10-09 19:52:27 --> Total execution time: 1.8164
INFO - 2020-10-09 16:22:41 --> Config Class Initialized
INFO - 2020-10-09 16:22:41 --> Hooks Class Initialized
DEBUG - 2020-10-09 16:22:41 --> UTF-8 Support Enabled
INFO - 2020-10-09 16:22:41 --> Utf8 Class Initialized
INFO - 2020-10-09 16:22:41 --> URI Class Initialized
INFO - 2020-10-09 16:22:41 --> Router Class Initialized
INFO - 2020-10-09 16:22:41 --> Output Class Initialized
INFO - 2020-10-09 16:22:41 --> Security Class Initialized
DEBUG - 2020-10-09 16:22:41 --> Global POST, GET and COOKIE data sanitized
INFO - 2020-10-09 16:22:41 --> CSRF cookie sent
INFO - 2020-10-09 16:22:42 --> Input Class Initialized
INFO - 2020-10-09 16:22:42 --> Language Class Initialized
INFO - 2020-10-09 16:22:42 --> Language Class Initialized
INFO - 2020-10-09 16:22:42 --> Config Class Initialized
INFO - 2020-10-09 16:22:42 --> Loader Class Initialized
DEBUG - 2020-10-09 16:22:42 --> Config file loaded: D:\xampp\htdocs\mobitrados\application\config/rest.php
INFO - 2020-10-09 16:22:42 --> Helper loaded: url_helper
INFO - 2020-10-09 16:22:42 --> Helper loaded: form_helper
INFO - 2020-10-09 16:22:42 --> Helper loaded: adminurl_helper
INFO - 2020-10-09 16:22:42 --> Helper loaded: site_helper
INFO - 2020-10-09 16:22:42 --> Helper loaded: directory_helper
INFO - 2020-10-09 16:22:42 --> Helper loaded: mail_helper
INFO - 2020-10-09 16:22:42 --> Language file loaded: language/english/api_lang.php
INFO - 2020-10-09 16:22:42 --> Database Driver Class Initialized
INFO - 2020-10-09 16:22:42 --> Email Class Initialized
DEBUG - 2020-10-09 16:22:42 --> Session: "sess_save_path" is empty; using "session.save_path" value from php.ini.
INFO - 2020-10-09 16:22:42 --> Session: Class initialized using 'files' driver.
INFO - 2020-10-09 16:22:43 --> Form Validation Class Initialized
INFO - 2020-10-09 16:22:43 --> Controller Class Initialized
DEBUG - 2020-10-09 16:22:43 --> User_api MX_Controller Initialized
INFO - 2020-10-09 16:22:43 --> Helper loaded: inflector_helper
INFO - 2020-10-09 16:22:43 --> Language file loaded: language/english/rest_controller_lang.php
DEBUG - 2020-10-09 16:22:43 --> File loaded: D:\xampp\htdocs\mobitrados\application\modules/mobi_api/user_api/models/User_api_model.php
INFO - 2020-10-09 19:52:43 --> Final output sent to browser
DEBUG - 2020-10-09 19:52:43 --> Total execution time: 1.9608
INFO - 2020-10-09 16:22:54 --> Config Class Initialized
INFO - 2020-10-09 16:22:54 --> Hooks Class Initialized
DEBUG - 2020-10-09 16:22:54 --> UTF-8 Support Enabled
INFO - 2020-10-09 16:22:54 --> Utf8 Class Initialized
INFO - 2020-10-09 16:22:55 --> URI Class Initialized
INFO - 2020-10-09 16:22:55 --> Router Class Initialized
INFO - 2020-10-09 16:22:55 --> Output Class Initialized
INFO - 2020-10-09 16:22:55 --> Security Class Initialized
DEBUG - 2020-10-09 16:22:55 --> Global POST, GET and COOKIE data sanitized
INFO - 2020-10-09 16:22:55 --> CSRF cookie sent
INFO - 2020-10-09 16:22:56 --> Input Class Initialized
INFO - 2020-10-09 16:22:56 --> Language Class Initialized
INFO - 2020-10-09 16:22:56 --> Language Class Initialized
INFO - 2020-10-09 16:22:56 --> Config Class Initialized
INFO - 2020-10-09 16:22:57 --> Loader Class Initialized
DEBUG - 2020-10-09 16:22:57 --> Config file loaded: D:\xampp\htdocs\mobitrados\application\config/rest.php
INFO - 2020-10-09 16:22:57 --> Helper loaded: url_helper
INFO - 2020-10-09 16:22:57 --> Helper loaded: form_helper
INFO - 2020-10-09 16:22:57 --> Helper loaded: adminurl_helper
INFO - 2020-10-09 16:22:57 --> Helper loaded: site_helper
INFO - 2020-10-09 16:22:57 --> Helper loaded: directory_helper
INFO - 2020-10-09 16:22:57 --> Helper loaded: mail_helper
INFO - 2020-10-09 16:22:57 --> Language file loaded: language/english/api_lang.php
INFO - 2020-10-09 16:22:57 --> Database Driver Class Initialized
INFO - 2020-10-09 16:22:57 --> Email Class Initialized
DEBUG - 2020-10-09 16:22:58 --> Session: "sess_save_path" is empty; using "session.save_path" value from php.ini.
INFO - 2020-10-09 16:22:58 --> Session: Class initialized using 'files' driver.
INFO - 2020-10-09 16:22:58 --> Form Validation Class Initialized
INFO - 2020-10-09 16:22:58 --> Controller Class Initialized
DEBUG - 2020-10-09 16:22:58 --> User_api MX_Controller Initialized
INFO - 2020-10-09 16:22:58 --> Helper loaded: inflector_helper
INFO - 2020-10-09 16:22:58 --> Language file loaded: language/english/rest_controller_lang.php
DEBUG - 2020-10-09 16:22:58 --> File loaded: D:\xampp\htdocs\mobitrados\application\modules/mobi_api/user_api/models/User_api_model.php
INFO - 2020-10-09 19:52:58 --> Final output sent to browser
DEBUG - 2020-10-09 19:52:58 --> Total execution time: 3.7870
INFO - 2020-10-09 16:23:10 --> Config Class Initialized
INFO - 2020-10-09 16:23:10 --> Hooks Class Initialized
DEBUG - 2020-10-09 16:23:11 --> UTF-8 Support Enabled
INFO - 2020-10-09 16:23:11 --> Utf8 Class Initialized
INFO - 2020-10-09 16:23:11 --> URI Class Initialized
INFO - 2020-10-09 16:23:11 --> Router Class Initialized
INFO - 2020-10-09 16:23:11 --> Output Class Initialized
INFO - 2020-10-09 16:23:11 --> Security Class Initialized
DEBUG - 2020-10-09 16:23:11 --> Global POST, GET and COOKIE data sanitized
INFO - 2020-10-09 16:23:11 --> CSRF cookie sent
INFO - 2020-10-09 16:23:11 --> Input Class Initialized
INFO - 2020-10-09 16:23:11 --> Language Class Initialized
INFO - 2020-10-09 16:23:11 --> Language Class Initialized
INFO - 2020-10-09 16:23:11 --> Config Class Initialized
INFO - 2020-10-09 16:23:11 --> Loader Class Initialized
DEBUG - 2020-10-09 16:23:11 --> Config file loaded: D:\xampp\htdocs\mobitrados\application\config/rest.php
INFO - 2020-10-09 16:23:11 --> Helper loaded: url_helper
INFO - 2020-10-09 16:23:11 --> Helper loaded: form_helper
INFO - 2020-10-09 16:23:11 --> Helper loaded: adminurl_helper
INFO - 2020-10-09 16:23:11 --> Helper loaded: site_helper
INFO - 2020-10-09 16:23:11 --> Helper loaded: directory_helper
INFO - 2020-10-09 16:23:12 --> Helper loaded: mail_helper
INFO - 2020-10-09 16:23:12 --> Language file loaded: language/english/api_lang.php
INFO - 2020-10-09 16:23:12 --> Database Driver Class Initialized
INFO - 2020-10-09 16:23:12 --> Email Class Initialized
DEBUG - 2020-10-09 16:23:12 --> Session: "sess_save_path" is empty; using "session.save_path" value from php.ini.
INFO - 2020-10-09 16:23:12 --> Session: Class initialized using 'files' driver.
INFO - 2020-10-09 16:23:12 --> Form Validation Class Initialized
INFO - 2020-10-09 16:23:12 --> Controller Class Initialized
DEBUG - 2020-10-09 16:23:12 --> User_api MX_Controller Initialized
INFO - 2020-10-09 16:23:12 --> Helper loaded: inflector_helper
INFO - 2020-10-09 16:23:12 --> Language file loaded: language/english/rest_controller_lang.php
DEBUG - 2020-10-09 16:23:12 --> File loaded: D:\xampp\htdocs\mobitrados\application\modules/mobi_api/user_api/models/User_api_model.php
INFO - 2020-10-09 19:53:12 --> Final output sent to browser
DEBUG - 2020-10-09 19:53:12 --> Total execution time: 1.8194
INFO - 2020-10-09 16:24:06 --> Config Class Initialized
INFO - 2020-10-09 16:24:06 --> Hooks Class Initialized
DEBUG - 2020-10-09 16:24:06 --> UTF-8 Support Enabled
INFO - 2020-10-09 16:24:06 --> Utf8 Class Initialized
INFO - 2020-10-09 16:24:06 --> URI Class Initialized
INFO - 2020-10-09 16:24:06 --> Router Class Initialized
INFO - 2020-10-09 16:24:06 --> Output Class Initialized
INFO - 2020-10-09 16:24:06 --> Security Class Initialized
DEBUG - 2020-10-09 16:24:06 --> Global POST, GET and COOKIE data sanitized
INFO - 2020-10-09 16:24:06 --> CSRF cookie sent
INFO - 2020-10-09 16:24:06 --> Input Class Initialized
INFO - 2020-10-09 16:24:06 --> Language Class Initialized
INFO - 2020-10-09 16:24:06 --> Language Class Initialized
INFO - 2020-10-09 16:24:07 --> Config Class Initialized
INFO - 2020-10-09 16:24:07 --> Loader Class Initialized
DEBUG - 2020-10-09 16:24:07 --> Config file loaded: D:\xampp\htdocs\mobitrados\application\config/rest.php
INFO - 2020-10-09 16:24:07 --> Helper loaded: url_helper
INFO - 2020-10-09 16:24:07 --> Helper loaded: form_helper
INFO - 2020-10-09 16:24:07 --> Helper loaded: adminurl_helper
INFO - 2020-10-09 16:24:07 --> Helper loaded: site_helper
INFO - 2020-10-09 16:24:07 --> Helper loaded: directory_helper
INFO - 2020-10-09 16:24:07 --> Helper loaded: mail_helper
INFO - 2020-10-09 16:24:07 --> Language file loaded: language/english/api_lang.php
INFO - 2020-10-09 16:24:07 --> Database Driver Class Initialized
INFO - 2020-10-09 16:24:07 --> Email Class Initialized
DEBUG - 2020-10-09 16:24:07 --> Session: "sess_save_path" is empty; using "session.save_path" value from php.ini.
INFO - 2020-10-09 16:24:07 --> Session: Class initialized using 'files' driver.
INFO - 2020-10-09 16:24:07 --> Form Validation Class Initialized
INFO - 2020-10-09 16:24:07 --> Controller Class Initialized
DEBUG - 2020-10-09 16:24:07 --> User_api MX_Controller Initialized
INFO - 2020-10-09 16:24:07 --> Helper loaded: inflector_helper
INFO - 2020-10-09 16:24:08 --> Language file loaded: language/english/rest_controller_lang.php
DEBUG - 2020-10-09 16:24:08 --> File loaded: D:\xampp\htdocs\mobitrados\application\modules/mobi_api/user_api/models/User_api_model.php
INFO - 2020-10-09 19:54:08 --> Final output sent to browser
DEBUG - 2020-10-09 19:54:08 --> Total execution time: 1.8496
INFO - 2020-10-09 16:24:35 --> Config Class Initialized
INFO - 2020-10-09 16:24:35 --> Hooks Class Initialized
DEBUG - 2020-10-09 16:24:35 --> UTF-8 Support Enabled
INFO - 2020-10-09 16:24:35 --> Utf8 Class Initialized
INFO - 2020-10-09 16:24:35 --> URI Class Initialized
INFO - 2020-10-09 16:24:35 --> Router Class Initialized
INFO - 2020-10-09 16:24:35 --> Output Class Initialized
INFO - 2020-10-09 16:24:35 --> Security Class Initialized
DEBUG - 2020-10-09 16:24:35 --> Global POST, GET and COOKIE data sanitized
INFO - 2020-10-09 16:24:35 --> CSRF cookie sent
INFO - 2020-10-09 16:24:35 --> Input Class Initialized
INFO - 2020-10-09 16:24:35 --> Language Class Initialized
INFO - 2020-10-09 16:24:35 --> Language Class Initialized
INFO - 2020-10-09 16:24:36 --> Config Class Initialized
INFO - 2020-10-09 16:24:36 --> Loader Class Initialized
DEBUG - 2020-10-09 16:24:36 --> Config file loaded: D:\xampp\htdocs\mobitrados\application\config/rest.php
INFO - 2020-10-09 16:24:36 --> Helper loaded: url_helper
INFO - 2020-10-09 16:24:36 --> Helper loaded: form_helper
INFO - 2020-10-09 16:24:36 --> Helper loaded: adminurl_helper
INFO - 2020-10-09 16:24:36 --> Helper loaded: site_helper
INFO - 2020-10-09 16:24:36 --> Helper loaded: directory_helper
INFO - 2020-10-09 16:24:36 --> Helper loaded: mail_helper
INFO - 2020-10-09 16:24:36 --> Language file loaded: language/english/api_lang.php
INFO - 2020-10-09 16:24:36 --> Database Driver Class Initialized
INFO - 2020-10-09 16:24:36 --> Email Class Initialized
DEBUG - 2020-10-09 16:24:36 --> Session: "sess_save_path" is empty; using "session.save_path" value from php.ini.
INFO - 2020-10-09 16:24:36 --> Session: Class initialized using 'files' driver.
INFO - 2020-10-09 16:24:36 --> Form Validation Class Initialized
INFO - 2020-10-09 16:24:36 --> Controller Class Initialized
DEBUG - 2020-10-09 16:24:36 --> User_api MX_Controller Initialized
INFO - 2020-10-09 16:24:36 --> Helper loaded: inflector_helper
INFO - 2020-10-09 16:24:36 --> Language file loaded: language/english/rest_controller_lang.php
DEBUG - 2020-10-09 16:24:37 --> File loaded: D:\xampp\htdocs\mobitrados\application\modules/mobi_api/user_api/models/User_api_model.php
INFO - 2020-10-09 19:54:37 --> Final output sent to browser
DEBUG - 2020-10-09 19:54:37 --> Total execution time: 1.8012
INFO - 2020-10-09 16:40:21 --> Config Class Initialized
INFO - 2020-10-09 16:40:21 --> Hooks Class Initialized
DEBUG - 2020-10-09 16:40:21 --> UTF-8 Support Enabled
INFO - 2020-10-09 16:40:21 --> Utf8 Class Initialized
INFO - 2020-10-09 16:40:21 --> URI Class Initialized
INFO - 2020-10-09 16:40:21 --> Router Class Initialized
INFO - 2020-10-09 16:40:21 --> Output Class Initialized
INFO - 2020-10-09 16:40:21 --> Security Class Initialized
DEBUG - 2020-10-09 16:40:21 --> Global POST, GET and COOKIE data sanitized
INFO - 2020-10-09 16:40:21 --> CSRF cookie sent
INFO - 2020-10-09 16:40:21 --> Input Class Initialized
INFO - 2020-10-09 16:40:21 --> Language Class Initialized
INFO - 2020-10-09 16:40:21 --> Language Class Initialized
INFO - 2020-10-09 16:40:21 --> Config Class Initialized
INFO - 2020-10-09 16:40:21 --> Loader Class Initialized
DEBUG - 2020-10-09 16:40:21 --> Config file loaded: D:\xampp\htdocs\mobitrados\application\config/rest.php
INFO - 2020-10-09 16:40:21 --> Helper loaded: url_helper
INFO - 2020-10-09 16:40:22 --> Helper loaded: form_helper
INFO - 2020-10-09 16:40:22 --> Helper loaded: adminurl_helper
INFO - 2020-10-09 16:40:22 --> Helper loaded: site_helper
INFO - 2020-10-09 16:40:22 --> Helper loaded: directory_helper
INFO - 2020-10-09 16:40:22 --> Helper loaded: mail_helper
INFO - 2020-10-09 16:40:22 --> Language file loaded: language/english/api_lang.php
INFO - 2020-10-09 16:40:22 --> Database Driver Class Initialized
INFO - 2020-10-09 16:40:22 --> Email Class Initialized
DEBUG - 2020-10-09 16:40:22 --> Session: "sess_save_path" is empty; using "session.save_path" value from php.ini.
INFO - 2020-10-09 16:40:22 --> Session: Class initialized using 'files' driver.
INFO - 2020-10-09 16:40:22 --> Form Validation Class Initialized
INFO - 2020-10-09 16:40:22 --> Controller Class Initialized
DEBUG - 2020-10-09 16:40:22 --> User_api MX_Controller Initialized
INFO - 2020-10-09 16:40:22 --> Helper loaded: inflector_helper
INFO - 2020-10-09 16:40:22 --> Language file loaded: language/english/rest_controller_lang.php
DEBUG - 2020-10-09 16:40:22 --> File loaded: D:\xampp\htdocs\mobitrados\application\modules/mobi_api/user_api/models/User_api_model.php
ERROR - 2020-10-09 20:10:22 --> Query error: You have an error in your SQL syntax; check the manual that corresponds to your MariaDB server version for the right syntax to use near 'p.product_dispn,p.mrp,p.selling_price,p.available_stock,p.product_catogory,
...' at line 1 - Invalid query: SELECT  p.pr_id,p.product_name,ct.qty as cart_qty p.product_dispn,p.mrp,p.selling_price,p.available_stock,p.product_catogory,
        CONCAT('http://localhost/mobitrados/',pdi.image_path) as product_image,pdi.img_id
        FROM  cart ct
        INNER JOIN  products p  ON p.pr_id=ct.product_id
        INNER JOIN product_catogory pc ON  p.product_catogory=pc.pcid
        INNER JOIN
           (
               SELECT product_id,  image_path,max(img_id) img_id
               FROM product_images
               GROUP BY product_id
           ) pdi ON pdi.product_id = p.pr_id

        WHERE p.display_status=1 AND p.is_deleted=0
        AND pc.display_status=1 AND pc.is_deleted=0 AND ct.user_id=1 ORDER BY ct.id  ASC 
INFO - 2020-10-09 20:10:22 --> Language file loaded: language/english/db_lang.php
INFO - 2020-10-09 16:41:44 --> Config Class Initialized
INFO - 2020-10-09 16:41:44 --> Hooks Class Initialized
DEBUG - 2020-10-09 16:41:44 --> UTF-8 Support Enabled
INFO - 2020-10-09 16:41:45 --> Utf8 Class Initialized
INFO - 2020-10-09 16:41:45 --> URI Class Initialized
INFO - 2020-10-09 16:41:45 --> Router Class Initialized
INFO - 2020-10-09 16:41:45 --> Output Class Initialized
INFO - 2020-10-09 16:41:45 --> Security Class Initialized
DEBUG - 2020-10-09 16:41:45 --> Global POST, GET and COOKIE data sanitized
INFO - 2020-10-09 16:41:45 --> CSRF cookie sent
INFO - 2020-10-09 16:41:45 --> Input Class Initialized
INFO - 2020-10-09 16:41:45 --> Language Class Initialized
INFO - 2020-10-09 16:41:45 --> Language Class Initialized
INFO - 2020-10-09 16:41:45 --> Config Class Initialized
INFO - 2020-10-09 16:41:45 --> Loader Class Initialized
DEBUG - 2020-10-09 16:41:45 --> Config file loaded: D:\xampp\htdocs\mobitrados\application\config/rest.php
INFO - 2020-10-09 16:41:45 --> Helper loaded: url_helper
INFO - 2020-10-09 16:41:45 --> Helper loaded: form_helper
INFO - 2020-10-09 16:41:45 --> Helper loaded: adminurl_helper
INFO - 2020-10-09 16:41:45 --> Helper loaded: site_helper
INFO - 2020-10-09 16:41:45 --> Helper loaded: directory_helper
INFO - 2020-10-09 16:41:46 --> Helper loaded: mail_helper
INFO - 2020-10-09 16:41:46 --> Language file loaded: language/english/api_lang.php
INFO - 2020-10-09 16:41:46 --> Database Driver Class Initialized
INFO - 2020-10-09 16:41:46 --> Email Class Initialized
DEBUG - 2020-10-09 16:41:46 --> Session: "sess_save_path" is empty; using "session.save_path" value from php.ini.
INFO - 2020-10-09 16:41:46 --> Session: Class initialized using 'files' driver.
INFO - 2020-10-09 16:41:46 --> Form Validation Class Initialized
INFO - 2020-10-09 16:41:46 --> Controller Class Initialized
DEBUG - 2020-10-09 16:41:46 --> User_api MX_Controller Initialized
INFO - 2020-10-09 16:41:46 --> Helper loaded: inflector_helper
INFO - 2020-10-09 16:41:46 --> Language file loaded: language/english/rest_controller_lang.php
DEBUG - 2020-10-09 16:41:46 --> File loaded: D:\xampp\htdocs\mobitrados\application\modules/mobi_api/user_api/models/User_api_model.php
INFO - 2020-10-09 20:11:46 --> Final output sent to browser
DEBUG - 2020-10-09 20:11:46 --> Total execution time: 1.8963
INFO - 2020-10-09 16:42:28 --> Config Class Initialized
INFO - 2020-10-09 16:42:28 --> Hooks Class Initialized
DEBUG - 2020-10-09 16:42:29 --> UTF-8 Support Enabled
INFO - 2020-10-09 16:42:29 --> Utf8 Class Initialized
INFO - 2020-10-09 16:42:29 --> URI Class Initialized
INFO - 2020-10-09 16:42:29 --> Router Class Initialized
INFO - 2020-10-09 16:42:29 --> Output Class Initialized
INFO - 2020-10-09 16:42:29 --> Security Class Initialized
DEBUG - 2020-10-09 16:42:29 --> Global POST, GET and COOKIE data sanitized
INFO - 2020-10-09 16:42:29 --> CSRF cookie sent
INFO - 2020-10-09 16:42:29 --> Input Class Initialized
INFO - 2020-10-09 16:42:29 --> Language Class Initialized
INFO - 2020-10-09 16:42:29 --> Language Class Initialized
INFO - 2020-10-09 16:42:29 --> Config Class Initialized
INFO - 2020-10-09 16:42:29 --> Loader Class Initialized
DEBUG - 2020-10-09 16:42:29 --> Config file loaded: D:\xampp\htdocs\mobitrados\application\config/rest.php
INFO - 2020-10-09 16:42:30 --> Helper loaded: url_helper
INFO - 2020-10-09 16:42:30 --> Helper loaded: form_helper
INFO - 2020-10-09 16:42:30 --> Helper loaded: adminurl_helper
INFO - 2020-10-09 16:42:30 --> Helper loaded: site_helper
INFO - 2020-10-09 16:42:30 --> Helper loaded: directory_helper
INFO - 2020-10-09 16:42:30 --> Helper loaded: mail_helper
INFO - 2020-10-09 16:42:30 --> Language file loaded: language/english/api_lang.php
INFO - 2020-10-09 16:42:30 --> Database Driver Class Initialized
INFO - 2020-10-09 16:42:30 --> Email Class Initialized
DEBUG - 2020-10-09 16:42:30 --> Session: "sess_save_path" is empty; using "session.save_path" value from php.ini.
INFO - 2020-10-09 16:42:30 --> Session: Class initialized using 'files' driver.
INFO - 2020-10-09 16:42:30 --> Form Validation Class Initialized
INFO - 2020-10-09 16:42:30 --> Controller Class Initialized
DEBUG - 2020-10-09 16:42:30 --> User_api MX_Controller Initialized
INFO - 2020-10-09 16:42:31 --> Helper loaded: inflector_helper
INFO - 2020-10-09 16:42:31 --> Language file loaded: language/english/rest_controller_lang.php
DEBUG - 2020-10-09 16:42:31 --> File loaded: D:\xampp\htdocs\mobitrados\application\modules/mobi_api/user_api/models/User_api_model.php
INFO - 2020-10-09 20:12:31 --> Final output sent to browser
DEBUG - 2020-10-09 20:12:31 --> Total execution time: 2.3740
INFO - 2020-10-09 16:42:54 --> Config Class Initialized
INFO - 2020-10-09 16:42:54 --> Hooks Class Initialized
DEBUG - 2020-10-09 16:42:55 --> UTF-8 Support Enabled
INFO - 2020-10-09 16:42:55 --> Utf8 Class Initialized
INFO - 2020-10-09 16:42:55 --> URI Class Initialized
INFO - 2020-10-09 16:42:55 --> Router Class Initialized
INFO - 2020-10-09 16:42:55 --> Output Class Initialized
INFO - 2020-10-09 16:42:55 --> Security Class Initialized
DEBUG - 2020-10-09 16:42:55 --> Global POST, GET and COOKIE data sanitized
INFO - 2020-10-09 16:42:55 --> CSRF cookie sent
INFO - 2020-10-09 16:42:55 --> Input Class Initialized
INFO - 2020-10-09 16:42:55 --> Language Class Initialized
INFO - 2020-10-09 16:42:55 --> Language Class Initialized
INFO - 2020-10-09 16:42:55 --> Config Class Initialized
INFO - 2020-10-09 16:42:55 --> Loader Class Initialized
DEBUG - 2020-10-09 16:42:55 --> Config file loaded: D:\xampp\htdocs\mobitrados\application\config/rest.php
INFO - 2020-10-09 16:42:55 --> Helper loaded: url_helper
INFO - 2020-10-09 16:42:55 --> Helper loaded: form_helper
INFO - 2020-10-09 16:42:55 --> Helper loaded: adminurl_helper
INFO - 2020-10-09 16:42:55 --> Helper loaded: site_helper
INFO - 2020-10-09 16:42:55 --> Helper loaded: directory_helper
INFO - 2020-10-09 16:42:56 --> Helper loaded: mail_helper
INFO - 2020-10-09 16:42:56 --> Language file loaded: language/english/api_lang.php
INFO - 2020-10-09 16:42:56 --> Database Driver Class Initialized
INFO - 2020-10-09 16:42:56 --> Email Class Initialized
DEBUG - 2020-10-09 16:42:56 --> Session: "sess_save_path" is empty; using "session.save_path" value from php.ini.
INFO - 2020-10-09 16:42:56 --> Session: Class initialized using 'files' driver.
INFO - 2020-10-09 16:42:56 --> Form Validation Class Initialized
INFO - 2020-10-09 16:42:56 --> Controller Class Initialized
DEBUG - 2020-10-09 16:42:56 --> User_api MX_Controller Initialized
INFO - 2020-10-09 16:42:56 --> Helper loaded: inflector_helper
INFO - 2020-10-09 16:42:56 --> Language file loaded: language/english/rest_controller_lang.php
DEBUG - 2020-10-09 16:42:56 --> File loaded: D:\xampp\htdocs\mobitrados\application\modules/mobi_api/user_api/models/User_api_model.php
INFO - 2020-10-09 20:12:56 --> Final output sent to browser
DEBUG - 2020-10-09 20:12:56 --> Total execution time: 1.9508
INFO - 2020-10-09 16:43:00 --> Config Class Initialized
INFO - 2020-10-09 16:43:00 --> Hooks Class Initialized
DEBUG - 2020-10-09 16:43:00 --> UTF-8 Support Enabled
INFO - 2020-10-09 16:43:00 --> Utf8 Class Initialized
INFO - 2020-10-09 16:43:00 --> URI Class Initialized
INFO - 2020-10-09 16:43:00 --> Router Class Initialized
INFO - 2020-10-09 16:43:00 --> Output Class Initialized
INFO - 2020-10-09 16:43:00 --> Security Class Initialized
DEBUG - 2020-10-09 16:43:00 --> Global POST, GET and COOKIE data sanitized
INFO - 2020-10-09 16:43:00 --> Input Class Initialized
INFO - 2020-10-09 16:43:00 --> Language Class Initialized
INFO - 2020-10-09 16:43:00 --> Language Class Initialized
INFO - 2020-10-09 16:43:00 --> Config Class Initialized
INFO - 2020-10-09 16:43:00 --> Loader Class Initialized
DEBUG - 2020-10-09 16:43:00 --> Config file loaded: D:\xampp\htdocs\mobitrados\application\config/rest.php
INFO - 2020-10-09 16:43:00 --> Helper loaded: url_helper
INFO - 2020-10-09 16:43:00 --> Helper loaded: form_helper
INFO - 2020-10-09 16:43:01 --> Helper loaded: adminurl_helper
INFO - 2020-10-09 16:43:01 --> Helper loaded: site_helper
INFO - 2020-10-09 16:43:01 --> Helper loaded: directory_helper
INFO - 2020-10-09 16:43:01 --> Helper loaded: mail_helper
INFO - 2020-10-09 16:43:01 --> Language file loaded: language/english/api_lang.php
INFO - 2020-10-09 16:43:01 --> Database Driver Class Initialized
INFO - 2020-10-09 16:43:01 --> Email Class Initialized
DEBUG - 2020-10-09 16:43:01 --> Session: "sess_save_path" is empty; using "session.save_path" value from php.ini.
INFO - 2020-10-09 16:43:01 --> Session: Class initialized using 'files' driver.
INFO - 2020-10-09 16:43:01 --> Form Validation Class Initialized
INFO - 2020-10-09 16:43:01 --> Controller Class Initialized
DEBUG - 2020-10-09 16:43:01 --> User_api MX_Controller Initialized
INFO - 2020-10-09 16:43:01 --> Helper loaded: inflector_helper
INFO - 2020-10-09 16:43:01 --> Language file loaded: language/english/rest_controller_lang.php
DEBUG - 2020-10-09 16:43:01 --> File loaded: D:\xampp\htdocs\mobitrados\application\modules/mobi_api/user_api/models/User_api_model.php
INFO - 2020-10-09 20:13:01 --> Final output sent to browser
DEBUG - 2020-10-09 20:13:01 --> Total execution time: 1.7983
INFO - 2020-10-09 16:43:13 --> Config Class Initialized
INFO - 2020-10-09 16:43:13 --> Hooks Class Initialized
DEBUG - 2020-10-09 16:43:13 --> UTF-8 Support Enabled
INFO - 2020-10-09 16:43:13 --> Utf8 Class Initialized
INFO - 2020-10-09 16:43:13 --> URI Class Initialized
INFO - 2020-10-09 16:43:13 --> Router Class Initialized
INFO - 2020-10-09 16:43:13 --> Output Class Initialized
INFO - 2020-10-09 16:43:13 --> Security Class Initialized
DEBUG - 2020-10-09 16:43:13 --> Global POST, GET and COOKIE data sanitized
INFO - 2020-10-09 16:43:13 --> CSRF cookie sent
INFO - 2020-10-09 16:43:13 --> Input Class Initialized
INFO - 2020-10-09 16:43:13 --> Language Class Initialized
INFO - 2020-10-09 16:43:14 --> Language Class Initialized
INFO - 2020-10-09 16:43:14 --> Config Class Initialized
INFO - 2020-10-09 16:43:14 --> Loader Class Initialized
DEBUG - 2020-10-09 16:43:14 --> Config file loaded: D:\xampp\htdocs\mobitrados\application\config/rest.php
INFO - 2020-10-09 16:43:14 --> Helper loaded: url_helper
INFO - 2020-10-09 16:43:14 --> Helper loaded: form_helper
INFO - 2020-10-09 16:43:14 --> Helper loaded: adminurl_helper
INFO - 2020-10-09 16:43:14 --> Helper loaded: site_helper
INFO - 2020-10-09 16:43:14 --> Helper loaded: directory_helper
INFO - 2020-10-09 16:43:14 --> Helper loaded: mail_helper
INFO - 2020-10-09 16:43:14 --> Language file loaded: language/english/api_lang.php
INFO - 2020-10-09 16:43:14 --> Database Driver Class Initialized
INFO - 2020-10-09 16:43:14 --> Email Class Initialized
DEBUG - 2020-10-09 16:43:14 --> Session: "sess_save_path" is empty; using "session.save_path" value from php.ini.
INFO - 2020-10-09 16:43:14 --> Session: Class initialized using 'files' driver.
INFO - 2020-10-09 16:43:14 --> Form Validation Class Initialized
INFO - 2020-10-09 16:43:14 --> Controller Class Initialized
DEBUG - 2020-10-09 16:43:14 --> User_api MX_Controller Initialized
INFO - 2020-10-09 16:43:15 --> Helper loaded: inflector_helper
INFO - 2020-10-09 16:43:15 --> Language file loaded: language/english/rest_controller_lang.php
DEBUG - 2020-10-09 16:43:15 --> File loaded: D:\xampp\htdocs\mobitrados\application\modules/mobi_api/user_api/models/User_api_model.php
INFO - 2020-10-09 20:13:15 --> Final output sent to browser
DEBUG - 2020-10-09 20:13:15 --> Total execution time: 1.8584
INFO - 2020-10-09 16:46:44 --> Config Class Initialized
INFO - 2020-10-09 16:46:44 --> Hooks Class Initialized
DEBUG - 2020-10-09 16:46:44 --> UTF-8 Support Enabled
INFO - 2020-10-09 16:46:44 --> Utf8 Class Initialized
INFO - 2020-10-09 16:46:44 --> URI Class Initialized
INFO - 2020-10-09 16:46:44 --> Router Class Initialized
INFO - 2020-10-09 16:46:44 --> Output Class Initialized
INFO - 2020-10-09 16:46:44 --> Security Class Initialized
DEBUG - 2020-10-09 16:46:44 --> Global POST, GET and COOKIE data sanitized
INFO - 2020-10-09 16:46:44 --> CSRF cookie sent
INFO - 2020-10-09 16:46:44 --> Input Class Initialized
INFO - 2020-10-09 16:46:44 --> Language Class Initialized
INFO - 2020-10-09 16:46:44 --> Language Class Initialized
INFO - 2020-10-09 16:46:44 --> Config Class Initialized
INFO - 2020-10-09 16:46:44 --> Loader Class Initialized
DEBUG - 2020-10-09 16:46:44 --> Config file loaded: D:\xampp\htdocs\mobitrados\application\config/rest.php
INFO - 2020-10-09 16:46:44 --> Helper loaded: url_helper
INFO - 2020-10-09 16:46:44 --> Helper loaded: form_helper
INFO - 2020-10-09 16:46:44 --> Helper loaded: adminurl_helper
INFO - 2020-10-09 16:46:45 --> Helper loaded: site_helper
INFO - 2020-10-09 16:46:45 --> Helper loaded: directory_helper
INFO - 2020-10-09 16:46:45 --> Helper loaded: mail_helper
INFO - 2020-10-09 16:46:45 --> Language file loaded: language/english/api_lang.php
INFO - 2020-10-09 16:46:45 --> Database Driver Class Initialized
INFO - 2020-10-09 16:46:45 --> Email Class Initialized
DEBUG - 2020-10-09 16:46:45 --> Session: "sess_save_path" is empty; using "session.save_path" value from php.ini.
INFO - 2020-10-09 16:46:45 --> Session: Class initialized using 'files' driver.
INFO - 2020-10-09 16:46:45 --> Form Validation Class Initialized
INFO - 2020-10-09 16:46:45 --> Controller Class Initialized
DEBUG - 2020-10-09 16:46:45 --> User_api MX_Controller Initialized
INFO - 2020-10-09 16:46:45 --> Helper loaded: inflector_helper
INFO - 2020-10-09 16:46:45 --> Language file loaded: language/english/rest_controller_lang.php
DEBUG - 2020-10-09 16:46:45 --> File loaded: D:\xampp\htdocs\mobitrados\application\modules/mobi_api/user_api/models/User_api_model.php
INFO - 2020-10-09 20:16:45 --> Final output sent to browser
DEBUG - 2020-10-09 20:16:45 --> Total execution time: 1.8675
INFO - 2020-10-09 16:46:55 --> Config Class Initialized
INFO - 2020-10-09 16:46:55 --> Hooks Class Initialized
DEBUG - 2020-10-09 16:46:55 --> UTF-8 Support Enabled
INFO - 2020-10-09 16:46:55 --> Utf8 Class Initialized
INFO - 2020-10-09 16:46:55 --> URI Class Initialized
INFO - 2020-10-09 16:46:55 --> Router Class Initialized
INFO - 2020-10-09 16:46:55 --> Output Class Initialized
INFO - 2020-10-09 16:46:55 --> Security Class Initialized
DEBUG - 2020-10-09 16:46:55 --> Global POST, GET and COOKIE data sanitized
INFO - 2020-10-09 16:46:56 --> CSRF cookie sent
INFO - 2020-10-09 16:46:56 --> Input Class Initialized
INFO - 2020-10-09 16:46:56 --> Language Class Initialized
INFO - 2020-10-09 16:46:56 --> Language Class Initialized
INFO - 2020-10-09 16:46:56 --> Config Class Initialized
INFO - 2020-10-09 16:46:56 --> Loader Class Initialized
DEBUG - 2020-10-09 16:46:56 --> Config file loaded: D:\xampp\htdocs\mobitrados\application\config/rest.php
INFO - 2020-10-09 16:46:56 --> Helper loaded: url_helper
INFO - 2020-10-09 16:46:56 --> Helper loaded: form_helper
INFO - 2020-10-09 16:46:56 --> Helper loaded: adminurl_helper
INFO - 2020-10-09 16:46:56 --> Helper loaded: site_helper
INFO - 2020-10-09 16:46:56 --> Helper loaded: directory_helper
INFO - 2020-10-09 16:46:56 --> Helper loaded: mail_helper
INFO - 2020-10-09 16:46:56 --> Language file loaded: language/english/api_lang.php
INFO - 2020-10-09 16:46:56 --> Database Driver Class Initialized
INFO - 2020-10-09 16:46:56 --> Email Class Initialized
DEBUG - 2020-10-09 16:46:56 --> Session: "sess_save_path" is empty; using "session.save_path" value from php.ini.
INFO - 2020-10-09 16:46:56 --> Session: Class initialized using 'files' driver.
INFO - 2020-10-09 16:46:57 --> Form Validation Class Initialized
INFO - 2020-10-09 16:46:57 --> Controller Class Initialized
DEBUG - 2020-10-09 16:46:57 --> User_api MX_Controller Initialized
INFO - 2020-10-09 16:46:57 --> Helper loaded: inflector_helper
INFO - 2020-10-09 16:46:57 --> Language file loaded: language/english/rest_controller_lang.php
DEBUG - 2020-10-09 16:46:57 --> File loaded: D:\xampp\htdocs\mobitrados\application\modules/mobi_api/user_api/models/User_api_model.php
INFO - 2020-10-09 20:16:57 --> Final output sent to browser
DEBUG - 2020-10-09 20:16:57 --> Total execution time: 1.8568
INFO - 2020-10-09 16:47:08 --> Config Class Initialized
INFO - 2020-10-09 16:47:08 --> Hooks Class Initialized
DEBUG - 2020-10-09 16:47:08 --> UTF-8 Support Enabled
INFO - 2020-10-09 16:47:08 --> Utf8 Class Initialized
INFO - 2020-10-09 16:47:08 --> URI Class Initialized
INFO - 2020-10-09 16:47:08 --> Router Class Initialized
INFO - 2020-10-09 16:47:08 --> Output Class Initialized
INFO - 2020-10-09 16:47:08 --> Security Class Initialized
DEBUG - 2020-10-09 16:47:08 --> Global POST, GET and COOKIE data sanitized
INFO - 2020-10-09 16:47:08 --> CSRF cookie sent
INFO - 2020-10-09 16:47:08 --> Input Class Initialized
INFO - 2020-10-09 16:47:08 --> Language Class Initialized
INFO - 2020-10-09 16:47:08 --> Language Class Initialized
INFO - 2020-10-09 16:47:09 --> Config Class Initialized
INFO - 2020-10-09 16:47:09 --> Loader Class Initialized
DEBUG - 2020-10-09 16:47:09 --> Config file loaded: D:\xampp\htdocs\mobitrados\application\config/rest.php
INFO - 2020-10-09 16:47:09 --> Helper loaded: url_helper
INFO - 2020-10-09 16:47:09 --> Helper loaded: form_helper
INFO - 2020-10-09 16:47:09 --> Helper loaded: adminurl_helper
INFO - 2020-10-09 16:47:09 --> Helper loaded: site_helper
INFO - 2020-10-09 16:47:09 --> Helper loaded: directory_helper
INFO - 2020-10-09 16:47:09 --> Helper loaded: mail_helper
INFO - 2020-10-09 16:47:09 --> Language file loaded: language/english/api_lang.php
INFO - 2020-10-09 16:47:09 --> Database Driver Class Initialized
INFO - 2020-10-09 16:47:09 --> Email Class Initialized
DEBUG - 2020-10-09 16:47:09 --> Session: "sess_save_path" is empty; using "session.save_path" value from php.ini.
INFO - 2020-10-09 16:47:09 --> Session: Class initialized using 'files' driver.
INFO - 2020-10-09 16:47:09 --> Form Validation Class Initialized
INFO - 2020-10-09 16:47:09 --> Controller Class Initialized
DEBUG - 2020-10-09 16:47:09 --> User_api MX_Controller Initialized
INFO - 2020-10-09 16:47:09 --> Helper loaded: inflector_helper
INFO - 2020-10-09 16:47:09 --> Language file loaded: language/english/rest_controller_lang.php
DEBUG - 2020-10-09 16:47:10 --> File loaded: D:\xampp\htdocs\mobitrados\application\modules/mobi_api/user_api/models/User_api_model.php
INFO - 2020-10-09 20:17:10 --> Final output sent to browser
DEBUG - 2020-10-09 20:17:10 --> Total execution time: 1.7591
INFO - 2020-10-09 16:48:08 --> Config Class Initialized
INFO - 2020-10-09 16:48:08 --> Hooks Class Initialized
DEBUG - 2020-10-09 16:48:08 --> UTF-8 Support Enabled
INFO - 2020-10-09 16:48:09 --> Utf8 Class Initialized
INFO - 2020-10-09 16:48:09 --> URI Class Initialized
INFO - 2020-10-09 16:48:09 --> Router Class Initialized
INFO - 2020-10-09 16:48:09 --> Output Class Initialized
INFO - 2020-10-09 16:48:09 --> Security Class Initialized
DEBUG - 2020-10-09 16:48:09 --> Global POST, GET and COOKIE data sanitized
INFO - 2020-10-09 16:48:09 --> CSRF cookie sent
INFO - 2020-10-09 16:48:09 --> Input Class Initialized
INFO - 2020-10-09 16:48:09 --> Language Class Initialized
INFO - 2020-10-09 16:48:09 --> Language Class Initialized
INFO - 2020-10-09 16:48:09 --> Config Class Initialized
INFO - 2020-10-09 16:48:09 --> Loader Class Initialized
DEBUG - 2020-10-09 16:48:09 --> Config file loaded: D:\xampp\htdocs\mobitrados\application\config/rest.php
INFO - 2020-10-09 16:48:09 --> Helper loaded: url_helper
INFO - 2020-10-09 16:48:09 --> Helper loaded: form_helper
INFO - 2020-10-09 16:48:09 --> Helper loaded: adminurl_helper
INFO - 2020-10-09 16:48:09 --> Helper loaded: site_helper
INFO - 2020-10-09 16:48:09 --> Helper loaded: directory_helper
INFO - 2020-10-09 16:48:09 --> Helper loaded: mail_helper
INFO - 2020-10-09 16:48:10 --> Language file loaded: language/english/api_lang.php
INFO - 2020-10-09 16:48:10 --> Database Driver Class Initialized
INFO - 2020-10-09 16:48:10 --> Email Class Initialized
DEBUG - 2020-10-09 16:48:10 --> Session: "sess_save_path" is empty; using "session.save_path" value from php.ini.
INFO - 2020-10-09 16:48:10 --> Session: Class initialized using 'files' driver.
INFO - 2020-10-09 16:48:10 --> Form Validation Class Initialized
INFO - 2020-10-09 16:48:10 --> Controller Class Initialized
DEBUG - 2020-10-09 16:48:10 --> User_api MX_Controller Initialized
INFO - 2020-10-09 16:48:10 --> Helper loaded: inflector_helper
INFO - 2020-10-09 16:48:10 --> Language file loaded: language/english/rest_controller_lang.php
DEBUG - 2020-10-09 16:48:10 --> File loaded: D:\xampp\htdocs\mobitrados\application\modules/mobi_api/user_api/models/User_api_model.php
INFO - 2020-10-09 20:18:10 --> Final output sent to browser
DEBUG - 2020-10-09 20:18:10 --> Total execution time: 1.8121
INFO - 2020-10-09 16:52:09 --> Config Class Initialized
INFO - 2020-10-09 16:52:09 --> Hooks Class Initialized
DEBUG - 2020-10-09 16:52:09 --> UTF-8 Support Enabled
INFO - 2020-10-09 16:52:09 --> Utf8 Class Initialized
INFO - 2020-10-09 16:52:09 --> URI Class Initialized
INFO - 2020-10-09 16:52:09 --> Router Class Initialized
INFO - 2020-10-09 16:52:09 --> Output Class Initialized
INFO - 2020-10-09 16:52:09 --> Security Class Initialized
DEBUG - 2020-10-09 16:52:09 --> Global POST, GET and COOKIE data sanitized
INFO - 2020-10-09 16:52:09 --> CSRF cookie sent
INFO - 2020-10-09 16:52:09 --> Input Class Initialized
INFO - 2020-10-09 16:52:09 --> Language Class Initialized
INFO - 2020-10-09 16:52:09 --> Language Class Initialized
INFO - 2020-10-09 16:52:09 --> Config Class Initialized
INFO - 2020-10-09 16:52:09 --> Loader Class Initialized
DEBUG - 2020-10-09 16:52:09 --> Config file loaded: D:\xampp\htdocs\mobitrados\application\config/rest.php
INFO - 2020-10-09 16:52:09 --> Helper loaded: url_helper
INFO - 2020-10-09 16:52:09 --> Helper loaded: form_helper
INFO - 2020-10-09 16:52:10 --> Helper loaded: adminurl_helper
INFO - 2020-10-09 16:52:10 --> Helper loaded: site_helper
INFO - 2020-10-09 16:52:10 --> Helper loaded: directory_helper
INFO - 2020-10-09 16:52:10 --> Helper loaded: mail_helper
INFO - 2020-10-09 16:52:10 --> Language file loaded: language/english/api_lang.php
INFO - 2020-10-09 16:52:10 --> Database Driver Class Initialized
INFO - 2020-10-09 16:52:10 --> Email Class Initialized
DEBUG - 2020-10-09 16:52:10 --> Session: "sess_save_path" is empty; using "session.save_path" value from php.ini.
INFO - 2020-10-09 16:52:10 --> Session: Class initialized using 'files' driver.
INFO - 2020-10-09 16:52:10 --> Form Validation Class Initialized
INFO - 2020-10-09 16:52:10 --> Controller Class Initialized
DEBUG - 2020-10-09 16:52:10 --> Home MX_Controller Initialized
DEBUG - 2020-10-09 16:52:10 --> File loaded: D:\xampp\htdocs\mobitrados\application\modules/admin/home/views/login.php
INFO - 2020-10-09 16:52:10 --> Final output sent to browser
DEBUG - 2020-10-09 16:52:10 --> Total execution time: 1.7453
INFO - 2020-10-09 16:52:12 --> Config Class Initialized
INFO - 2020-10-09 16:52:12 --> Hooks Class Initialized
DEBUG - 2020-10-09 16:52:12 --> UTF-8 Support Enabled
INFO - 2020-10-09 16:52:12 --> Utf8 Class Initialized
INFO - 2020-10-09 16:52:12 --> URI Class Initialized
INFO - 2020-10-09 16:52:12 --> Router Class Initialized
INFO - 2020-10-09 16:52:12 --> Output Class Initialized
INFO - 2020-10-09 16:52:12 --> Security Class Initialized
DEBUG - 2020-10-09 16:52:12 --> Global POST, GET and COOKIE data sanitized
INFO - 2020-10-09 16:52:12 --> CSRF cookie sent
INFO - 2020-10-09 16:52:13 --> Input Class Initialized
INFO - 2020-10-09 16:52:13 --> Language Class Initialized
INFO - 2020-10-09 16:52:13 --> Language Class Initialized
INFO - 2020-10-09 16:52:13 --> Config Class Initialized
INFO - 2020-10-09 16:52:13 --> Loader Class Initialized
DEBUG - 2020-10-09 16:52:13 --> Config file loaded: D:\xampp\htdocs\mobitrados\application\config/rest.php
INFO - 2020-10-09 16:52:13 --> Helper loaded: url_helper
INFO - 2020-10-09 16:52:13 --> Helper loaded: form_helper
INFO - 2020-10-09 16:52:13 --> Helper loaded: adminurl_helper
INFO - 2020-10-09 16:52:13 --> Helper loaded: site_helper
INFO - 2020-10-09 16:52:13 --> Helper loaded: directory_helper
INFO - 2020-10-09 16:52:13 --> Helper loaded: mail_helper
INFO - 2020-10-09 16:52:13 --> Language file loaded: language/english/api_lang.php
INFO - 2020-10-09 16:52:13 --> Database Driver Class Initialized
INFO - 2020-10-09 16:52:13 --> Email Class Initialized
DEBUG - 2020-10-09 16:52:13 --> Session: "sess_save_path" is empty; using "session.save_path" value from php.ini.
INFO - 2020-10-09 16:52:13 --> Session: Class initialized using 'files' driver.
INFO - 2020-10-09 16:52:14 --> Form Validation Class Initialized
INFO - 2020-10-09 16:52:14 --> Controller Class Initialized
DEBUG - 2020-10-09 16:52:14 --> Home MX_Controller Initialized
DEBUG - 2020-10-09 16:52:14 --> File loaded: D:\xampp\htdocs\mobitrados\application\modules/admin/home/views/login.php
INFO - 2020-10-09 16:52:14 --> Final output sent to browser
DEBUG - 2020-10-09 16:52:14 --> Total execution time: 1.8540
INFO - 2020-10-09 16:52:24 --> Config Class Initialized
INFO - 2020-10-09 16:52:24 --> Hooks Class Initialized
DEBUG - 2020-10-09 16:52:25 --> UTF-8 Support Enabled
INFO - 2020-10-09 16:52:25 --> Utf8 Class Initialized
INFO - 2020-10-09 16:52:25 --> URI Class Initialized
INFO - 2020-10-09 16:52:25 --> Router Class Initialized
INFO - 2020-10-09 16:52:25 --> Output Class Initialized
INFO - 2020-10-09 16:52:25 --> Security Class Initialized
DEBUG - 2020-10-09 16:52:25 --> Global POST, GET and COOKIE data sanitized
INFO - 2020-10-09 16:52:25 --> CSRF cookie sent
INFO - 2020-10-09 16:52:25 --> CSRF token verified
INFO - 2020-10-09 16:52:25 --> Input Class Initialized
INFO - 2020-10-09 16:52:25 --> Language Class Initialized
INFO - 2020-10-09 16:52:25 --> Language Class Initialized
INFO - 2020-10-09 16:52:25 --> Config Class Initialized
INFO - 2020-10-09 16:52:25 --> Loader Class Initialized
DEBUG - 2020-10-09 16:52:25 --> Config file loaded: D:\xampp\htdocs\mobitrados\application\config/rest.php
INFO - 2020-10-09 16:52:25 --> Helper loaded: url_helper
INFO - 2020-10-09 16:52:25 --> Helper loaded: form_helper
INFO - 2020-10-09 16:52:25 --> Helper loaded: adminurl_helper
INFO - 2020-10-09 16:52:25 --> Helper loaded: site_helper
INFO - 2020-10-09 16:52:25 --> Helper loaded: directory_helper
INFO - 2020-10-09 16:52:26 --> Helper loaded: mail_helper
INFO - 2020-10-09 16:52:26 --> Language file loaded: language/english/api_lang.php
INFO - 2020-10-09 16:52:26 --> Database Driver Class Initialized
INFO - 2020-10-09 16:52:26 --> Email Class Initialized
DEBUG - 2020-10-09 16:52:26 --> Session: "sess_save_path" is empty; using "session.save_path" value from php.ini.
INFO - 2020-10-09 16:52:26 --> Session: Class initialized using 'files' driver.
INFO - 2020-10-09 16:52:26 --> Form Validation Class Initialized
INFO - 2020-10-09 16:52:26 --> Controller Class Initialized
DEBUG - 2020-10-09 16:52:26 --> Home MX_Controller Initialized
INFO - 2020-10-09 16:52:26 --> Language file loaded: language/english/form_validation_lang.php
DEBUG - 2020-10-09 16:52:26 --> File loaded: D:\xampp\htdocs\mobitrados\application\modules/admin/home/models/Login.php
INFO - 2020-10-09 16:52:27 --> Config Class Initialized
INFO - 2020-10-09 16:52:27 --> Hooks Class Initialized
DEBUG - 2020-10-09 16:52:27 --> UTF-8 Support Enabled
INFO - 2020-10-09 16:52:27 --> Utf8 Class Initialized
INFO - 2020-10-09 16:52:27 --> URI Class Initialized
INFO - 2020-10-09 16:52:27 --> Router Class Initialized
INFO - 2020-10-09 16:52:27 --> Output Class Initialized
INFO - 2020-10-09 16:52:27 --> Security Class Initialized
DEBUG - 2020-10-09 16:52:27 --> Global POST, GET and COOKIE data sanitized
INFO - 2020-10-09 16:52:27 --> CSRF cookie sent
INFO - 2020-10-09 16:52:27 --> Input Class Initialized
INFO - 2020-10-09 16:52:27 --> Language Class Initialized
INFO - 2020-10-09 16:52:27 --> Language Class Initialized
INFO - 2020-10-09 16:52:27 --> Config Class Initialized
INFO - 2020-10-09 16:52:27 --> Loader Class Initialized
DEBUG - 2020-10-09 16:52:27 --> Config file loaded: D:\xampp\htdocs\mobitrados\application\config/rest.php
INFO - 2020-10-09 16:52:27 --> Helper loaded: url_helper
INFO - 2020-10-09 16:52:28 --> Helper loaded: form_helper
INFO - 2020-10-09 16:52:28 --> Helper loaded: adminurl_helper
INFO - 2020-10-09 16:52:28 --> Helper loaded: site_helper
INFO - 2020-10-09 16:52:28 --> Helper loaded: directory_helper
INFO - 2020-10-09 16:52:28 --> Helper loaded: mail_helper
INFO - 2020-10-09 16:52:28 --> Language file loaded: language/english/api_lang.php
INFO - 2020-10-09 16:52:28 --> Database Driver Class Initialized
INFO - 2020-10-09 16:52:28 --> Email Class Initialized
DEBUG - 2020-10-09 16:52:28 --> Session: "sess_save_path" is empty; using "session.save_path" value from php.ini.
INFO - 2020-10-09 16:52:28 --> Session: Class initialized using 'files' driver.
INFO - 2020-10-09 16:52:28 --> Form Validation Class Initialized
INFO - 2020-10-09 16:52:28 --> Controller Class Initialized
DEBUG - 2020-10-09 16:52:28 --> Dashboard MX_Controller Initialized
DEBUG - 2020-10-09 16:52:28 --> File loaded: D:\xampp\htdocs\mobitrados\application\controllers/../modules/admin/template/controllers/Template.php
DEBUG - 2020-10-09 16:52:28 --> Template MX_Controller Initialized
DEBUG - 2020-10-09 16:52:28 --> File loaded: D:\xampp\htdocs\mobitrados\application\modules/admin/template/views/sidebar.php
DEBUG - 2020-10-09 16:52:28 --> File loaded: D:\xampp\htdocs\mobitrados\application\modules/admin/template/views/navbar.php
DEBUG - 2020-10-09 16:52:28 --> File loaded: D:\xampp\htdocs\mobitrados\application\modules/admin/template/views/page_maker_header.php
DEBUG - 2020-10-09 16:52:29 --> File loaded: D:\xampp\htdocs\mobitrados\application\modules/admin/template/views/javafns.php
DEBUG - 2020-10-09 16:52:29 --> File loaded: D:\xampp\htdocs\mobitrados\application\modules/admin/dashboard/views/home.php
DEBUG - 2020-10-09 16:52:29 --> File loaded: D:\xampp\htdocs\mobitrados\application\modules/admin/template/views/page_maker_footer.php
INFO - 2020-10-09 16:52:29 --> Final output sent to browser
DEBUG - 2020-10-09 16:52:29 --> Total execution time: 2.1016
INFO - 2020-10-09 16:53:02 --> Config Class Initialized
INFO - 2020-10-09 16:53:03 --> Hooks Class Initialized
DEBUG - 2020-10-09 16:53:03 --> UTF-8 Support Enabled
INFO - 2020-10-09 16:53:03 --> Utf8 Class Initialized
INFO - 2020-10-09 16:53:03 --> URI Class Initialized
INFO - 2020-10-09 16:53:03 --> Router Class Initialized
INFO - 2020-10-09 16:53:03 --> Output Class Initialized
INFO - 2020-10-09 16:53:03 --> Security Class Initialized
DEBUG - 2020-10-09 16:53:03 --> Global POST, GET and COOKIE data sanitized
INFO - 2020-10-09 16:53:03 --> CSRF cookie sent
INFO - 2020-10-09 16:53:03 --> Input Class Initialized
INFO - 2020-10-09 16:53:03 --> Language Class Initialized
INFO - 2020-10-09 16:53:03 --> Language Class Initialized
INFO - 2020-10-09 16:53:03 --> Config Class Initialized
INFO - 2020-10-09 16:53:03 --> Loader Class Initialized
DEBUG - 2020-10-09 16:53:03 --> Config file loaded: D:\xampp\htdocs\mobitrados\application\config/rest.php
INFO - 2020-10-09 16:53:03 --> Helper loaded: url_helper
INFO - 2020-10-09 16:53:03 --> Helper loaded: form_helper
INFO - 2020-10-09 16:53:03 --> Helper loaded: adminurl_helper
INFO - 2020-10-09 16:53:03 --> Helper loaded: site_helper
INFO - 2020-10-09 16:53:03 --> Helper loaded: directory_helper
INFO - 2020-10-09 16:53:03 --> Helper loaded: mail_helper
INFO - 2020-10-09 16:53:04 --> Language file loaded: language/english/api_lang.php
INFO - 2020-10-09 16:53:04 --> Database Driver Class Initialized
INFO - 2020-10-09 16:53:04 --> Email Class Initialized
DEBUG - 2020-10-09 16:53:04 --> Session: "sess_save_path" is empty; using "session.save_path" value from php.ini.
INFO - 2020-10-09 16:53:04 --> Session: Class initialized using 'files' driver.
INFO - 2020-10-09 16:53:04 --> Form Validation Class Initialized
INFO - 2020-10-09 16:53:04 --> Controller Class Initialized
DEBUG - 2020-10-09 16:53:04 --> Category MX_Controller Initialized
DEBUG - 2020-10-09 16:53:04 --> File loaded: D:\xampp\htdocs\mobitrados\application\controllers/../modules/admin/template/controllers/Template.php
DEBUG - 2020-10-09 16:53:04 --> Template MX_Controller Initialized
DEBUG - 2020-10-09 16:53:04 --> File loaded: D:\xampp\htdocs\mobitrados\application\modules/admin/template/views/sidebar.php
DEBUG - 2020-10-09 16:53:04 --> File loaded: D:\xampp\htdocs\mobitrados\application\modules/admin/template/views/navbar.php
DEBUG - 2020-10-09 16:53:04 --> File loaded: D:\xampp\htdocs\mobitrados\application\modules/admin/template/views/page_maker_header.php
DEBUG - 2020-10-09 16:53:04 --> File loaded: D:\xampp\htdocs\mobitrados\application\modules/admin/template/views/javafns.php
DEBUG - 2020-10-09 16:53:04 --> File loaded: D:\xampp\htdocs\mobitrados\application\modules/admin/category/views/home.php
DEBUG - 2020-10-09 16:53:04 --> File loaded: D:\xampp\htdocs\mobitrados\application\modules/admin/template/views/page_maker_footer.php
INFO - 2020-10-09 16:53:04 --> Final output sent to browser
DEBUG - 2020-10-09 16:53:04 --> Total execution time: 1.9130
INFO - 2020-10-09 16:53:06 --> Config Class Initialized
INFO - 2020-10-09 16:53:06 --> Hooks Class Initialized
DEBUG - 2020-10-09 16:53:06 --> UTF-8 Support Enabled
INFO - 2020-10-09 16:53:06 --> Utf8 Class Initialized
INFO - 2020-10-09 16:53:06 --> URI Class Initialized
INFO - 2020-10-09 16:53:06 --> Router Class Initialized
INFO - 2020-10-09 16:53:06 --> Output Class Initialized
INFO - 2020-10-09 16:53:06 --> Security Class Initialized
DEBUG - 2020-10-09 16:53:06 --> Global POST, GET and COOKIE data sanitized
INFO - 2020-10-09 16:53:06 --> CSRF cookie sent
INFO - 2020-10-09 16:53:06 --> CSRF token verified
INFO - 2020-10-09 16:53:06 --> Input Class Initialized
INFO - 2020-10-09 16:53:06 --> Language Class Initialized
INFO - 2020-10-09 16:53:06 --> Language Class Initialized
INFO - 2020-10-09 16:53:07 --> Config Class Initialized
INFO - 2020-10-09 16:53:07 --> Loader Class Initialized
DEBUG - 2020-10-09 16:53:07 --> Config file loaded: D:\xampp\htdocs\mobitrados\application\config/rest.php
INFO - 2020-10-09 16:53:07 --> Helper loaded: url_helper
INFO - 2020-10-09 16:53:07 --> Helper loaded: form_helper
INFO - 2020-10-09 16:53:07 --> Helper loaded: adminurl_helper
INFO - 2020-10-09 16:53:07 --> Helper loaded: site_helper
INFO - 2020-10-09 16:53:07 --> Helper loaded: directory_helper
INFO - 2020-10-09 16:53:07 --> Helper loaded: mail_helper
INFO - 2020-10-09 16:53:07 --> Language file loaded: language/english/api_lang.php
INFO - 2020-10-09 16:53:07 --> Database Driver Class Initialized
INFO - 2020-10-09 16:53:07 --> Email Class Initialized
DEBUG - 2020-10-09 16:53:07 --> Session: "sess_save_path" is empty; using "session.save_path" value from php.ini.
INFO - 2020-10-09 16:53:07 --> Session: Class initialized using 'files' driver.
INFO - 2020-10-09 16:53:07 --> Form Validation Class Initialized
INFO - 2020-10-09 16:53:07 --> Controller Class Initialized
DEBUG - 2020-10-09 16:53:07 --> Category MX_Controller Initialized
DEBUG - 2020-10-09 16:53:07 --> File loaded: D:\xampp\htdocs\mobitrados\application\controllers/../modules/admin/template/controllers/Template.php
DEBUG - 2020-10-09 16:53:07 --> Template MX_Controller Initialized
DEBUG - 2020-10-09 16:53:07 --> File loaded: D:\xampp\htdocs\mobitrados\application\modules/admin/category/models/Catagorymodel.php
INFO - 2020-10-09 16:53:07 --> Final output sent to browser
DEBUG - 2020-10-09 16:53:08 --> Total execution time: 1.6438
INFO - 2020-10-09 17:06:07 --> Config Class Initialized
INFO - 2020-10-09 17:06:07 --> Hooks Class Initialized
DEBUG - 2020-10-09 17:06:07 --> UTF-8 Support Enabled
INFO - 2020-10-09 17:06:07 --> Utf8 Class Initialized
INFO - 2020-10-09 17:06:07 --> URI Class Initialized
INFO - 2020-10-09 17:06:07 --> Router Class Initialized
INFO - 2020-10-09 17:06:07 --> Output Class Initialized
INFO - 2020-10-09 17:06:07 --> Security Class Initialized
DEBUG - 2020-10-09 17:06:07 --> Global POST, GET and COOKIE data sanitized
INFO - 2020-10-09 17:06:07 --> CSRF cookie sent
INFO - 2020-10-09 17:06:07 --> Input Class Initialized
INFO - 2020-10-09 17:06:07 --> Language Class Initialized
INFO - 2020-10-09 17:06:07 --> Language Class Initialized
INFO - 2020-10-09 17:06:07 --> Config Class Initialized
INFO - 2020-10-09 17:06:07 --> Loader Class Initialized
DEBUG - 2020-10-09 17:06:07 --> Config file loaded: D:\xampp\htdocs\mobitrados\application\config/rest.php
INFO - 2020-10-09 17:06:08 --> Helper loaded: url_helper
INFO - 2020-10-09 17:06:08 --> Helper loaded: form_helper
INFO - 2020-10-09 17:06:08 --> Helper loaded: adminurl_helper
INFO - 2020-10-09 17:06:08 --> Helper loaded: site_helper
INFO - 2020-10-09 17:06:08 --> Helper loaded: directory_helper
INFO - 2020-10-09 17:06:08 --> Helper loaded: mail_helper
INFO - 2020-10-09 17:06:08 --> Language file loaded: language/english/api_lang.php
INFO - 2020-10-09 17:06:08 --> Database Driver Class Initialized
INFO - 2020-10-09 17:06:08 --> Email Class Initialized
DEBUG - 2020-10-09 17:06:08 --> Session: "sess_save_path" is empty; using "session.save_path" value from php.ini.
INFO - 2020-10-09 17:06:08 --> Session: Class initialized using 'files' driver.
INFO - 2020-10-09 17:06:08 --> Form Validation Class Initialized
INFO - 2020-10-09 17:06:08 --> Controller Class Initialized
DEBUG - 2020-10-09 17:06:08 --> Manage_app MX_Controller Initialized
DEBUG - 2020-10-09 17:06:08 --> File loaded: D:\xampp\htdocs\mobitrados\application\controllers/../modules/admin/template/controllers/Template.php
DEBUG - 2020-10-09 17:06:08 --> Template MX_Controller Initialized
DEBUG - 2020-10-09 17:06:08 --> File loaded: D:\xampp\htdocs\mobitrados\application\modules/admin/manage_app/models/Manage_app_m.php
DEBUG - 2020-10-09 17:06:08 --> File loaded: D:\xampp\htdocs\mobitrados\application\modules/admin/template/views/sidebar.php
DEBUG - 2020-10-09 17:06:08 --> File loaded: D:\xampp\htdocs\mobitrados\application\modules/admin/template/views/navbar.php
DEBUG - 2020-10-09 17:06:09 --> File loaded: D:\xampp\htdocs\mobitrados\application\modules/admin/template/views/page_maker_header.php
DEBUG - 2020-10-09 17:06:09 --> File loaded: D:\xampp\htdocs\mobitrados\application\modules/admin/template/views/javafns.php
DEBUG - 2020-10-09 17:06:09 --> File loaded: D:\xampp\htdocs\mobitrados\application\modules/admin/template/views/dataTable.php
DEBUG - 2020-10-09 17:06:09 --> File loaded: D:\xampp\htdocs\mobitrados\application\modules/admin/manage_app/views/banner_upload.php
DEBUG - 2020-10-09 17:06:09 --> File loaded: D:\xampp\htdocs\mobitrados\application\modules/admin/template/views/page_maker_footer.php
INFO - 2020-10-09 17:06:09 --> Final output sent to browser
DEBUG - 2020-10-09 17:06:09 --> Total execution time: 2.2006
INFO - 2020-10-09 17:06:10 --> Config Class Initialized
INFO - 2020-10-09 17:06:10 --> Hooks Class Initialized
DEBUG - 2020-10-09 17:06:10 --> UTF-8 Support Enabled
INFO - 2020-10-09 17:06:10 --> Utf8 Class Initialized
INFO - 2020-10-09 17:06:10 --> URI Class Initialized
INFO - 2020-10-09 17:06:10 --> Router Class Initialized
INFO - 2020-10-09 17:06:11 --> Output Class Initialized
INFO - 2020-10-09 17:06:11 --> Security Class Initialized
DEBUG - 2020-10-09 17:06:11 --> Global POST, GET and COOKIE data sanitized
INFO - 2020-10-09 17:06:11 --> CSRF cookie sent
INFO - 2020-10-09 17:06:11 --> CSRF token verified
INFO - 2020-10-09 17:06:11 --> Input Class Initialized
INFO - 2020-10-09 17:06:11 --> Language Class Initialized
INFO - 2020-10-09 17:06:11 --> Language Class Initialized
INFO - 2020-10-09 17:06:11 --> Config Class Initialized
INFO - 2020-10-09 17:06:11 --> Loader Class Initialized
DEBUG - 2020-10-09 17:06:11 --> Config file loaded: D:\xampp\htdocs\mobitrados\application\config/rest.php
INFO - 2020-10-09 17:06:11 --> Helper loaded: url_helper
INFO - 2020-10-09 17:06:11 --> Helper loaded: form_helper
INFO - 2020-10-09 17:06:11 --> Helper loaded: adminurl_helper
INFO - 2020-10-09 17:06:11 --> Helper loaded: site_helper
INFO - 2020-10-09 17:06:11 --> Helper loaded: directory_helper
INFO - 2020-10-09 17:06:11 --> Helper loaded: mail_helper
INFO - 2020-10-09 17:06:11 --> Language file loaded: language/english/api_lang.php
INFO - 2020-10-09 17:06:11 --> Database Driver Class Initialized
INFO - 2020-10-09 17:06:11 --> Email Class Initialized
DEBUG - 2020-10-09 17:06:12 --> Session: "sess_save_path" is empty; using "session.save_path" value from php.ini.
INFO - 2020-10-09 17:06:12 --> Session: Class initialized using 'files' driver.
INFO - 2020-10-09 17:06:12 --> Form Validation Class Initialized
INFO - 2020-10-09 17:06:12 --> Controller Class Initialized
DEBUG - 2020-10-09 17:06:12 --> Manage_app MX_Controller Initialized
DEBUG - 2020-10-09 17:06:12 --> File loaded: D:\xampp\htdocs\mobitrados\application\controllers/../modules/admin/template/controllers/Template.php
DEBUG - 2020-10-09 17:06:12 --> Template MX_Controller Initialized
DEBUG - 2020-10-09 17:06:12 --> File loaded: D:\xampp\htdocs\mobitrados\application\modules/admin/manage_app/models/Manage_app_m.php
INFO - 2020-10-09 17:06:12 --> Final output sent to browser
DEBUG - 2020-10-09 17:06:12 --> Total execution time: 1.6712
