INFO - 2020-10-19 17:01:19 --> Config Class Initialized
INFO - 2020-10-19 17:01:19 --> Hooks Class Initialized
DEBUG - 2020-10-19 17:01:19 --> UTF-8 Support Enabled
INFO - 2020-10-19 17:01:19 --> Utf8 Class Initialized
INFO - 2020-10-19 17:01:19 --> URI Class Initialized
INFO - 2020-10-19 17:01:19 --> Router Class Initialized
INFO - 2020-10-19 17:01:20 --> Output Class Initialized
INFO - 2020-10-19 17:01:20 --> Security Class Initialized
DEBUG - 2020-10-19 17:01:20 --> Global POST, GET and COOKIE data sanitized
INFO - 2020-10-19 17:01:20 --> CSRF cookie sent
INFO - 2020-10-19 17:01:20 --> Input Class Initialized
INFO - 2020-10-19 17:01:20 --> Language Class Initialized
INFO - 2020-10-19 17:01:20 --> Language Class Initialized
INFO - 2020-10-19 17:01:20 --> Config Class Initialized
INFO - 2020-10-19 17:01:20 --> Loader Class Initialized
DEBUG - 2020-10-19 17:01:20 --> Config file loaded: D:\xampp\htdocs\mobitrados\application\config/rest.php
INFO - 2020-10-19 17:01:20 --> Helper loaded: url_helper
INFO - 2020-10-19 17:01:20 --> Helper loaded: form_helper
INFO - 2020-10-19 17:01:20 --> Helper loaded: adminurl_helper
INFO - 2020-10-19 17:01:20 --> Helper loaded: site_helper
INFO - 2020-10-19 17:01:20 --> Helper loaded: directory_helper
INFO - 2020-10-19 17:01:20 --> Helper loaded: mail_helper
INFO - 2020-10-19 17:01:20 --> Language file loaded: language/english/api_lang.php
INFO - 2020-10-19 17:01:21 --> Database Driver Class Initialized
INFO - 2020-10-19 17:01:22 --> Email Class Initialized
DEBUG - 2020-10-19 17:01:22 --> Session: "sess_save_path" is empty; using "session.save_path" value from php.ini.
INFO - 2020-10-19 17:01:22 --> Session: Class initialized using 'files' driver.
INFO - 2020-10-19 17:01:22 --> Form Validation Class Initialized
INFO - 2020-10-19 17:01:22 --> Controller Class Initialized
DEBUG - 2020-10-19 17:01:22 --> Public_api MX_Controller Initialized
INFO - 2020-10-19 17:01:22 --> Helper loaded: inflector_helper
INFO - 2020-10-19 17:01:22 --> Language file loaded: language/english/rest_controller_lang.php
DEBUG - 2020-10-19 17:01:22 --> File loaded: D:\xampp\htdocs\mobitrados\application\modules/mobi_api/public_api/models/Public_api_model.php
INFO - 2020-10-19 20:31:22 --> Final output sent to browser
DEBUG - 2020-10-19 20:31:22 --> Total execution time: 3.0118
INFO - 2020-10-19 17:01:27 --> Config Class Initialized
INFO - 2020-10-19 17:01:27 --> Hooks Class Initialized
DEBUG - 2020-10-19 17:01:27 --> UTF-8 Support Enabled
INFO - 2020-10-19 17:01:27 --> Utf8 Class Initialized
INFO - 2020-10-19 17:01:27 --> URI Class Initialized
INFO - 2020-10-19 17:01:27 --> Router Class Initialized
INFO - 2020-10-19 17:01:27 --> Output Class Initialized
INFO - 2020-10-19 17:01:27 --> Security Class Initialized
DEBUG - 2020-10-19 17:01:27 --> Global POST, GET and COOKIE data sanitized
INFO - 2020-10-19 17:01:27 --> CSRF cookie sent
INFO - 2020-10-19 17:01:27 --> Input Class Initialized
INFO - 2020-10-19 17:01:27 --> Language Class Initialized
INFO - 2020-10-19 17:01:27 --> Language Class Initialized
INFO - 2020-10-19 17:01:27 --> Config Class Initialized
INFO - 2020-10-19 17:01:27 --> Loader Class Initialized
DEBUG - 2020-10-19 17:01:27 --> Config file loaded: D:\xampp\htdocs\mobitrados\application\config/rest.php
INFO - 2020-10-19 17:01:27 --> Helper loaded: url_helper
INFO - 2020-10-19 17:01:28 --> Helper loaded: form_helper
INFO - 2020-10-19 17:01:28 --> Helper loaded: adminurl_helper
INFO - 2020-10-19 17:01:28 --> Helper loaded: site_helper
INFO - 2020-10-19 17:01:28 --> Helper loaded: directory_helper
INFO - 2020-10-19 17:01:28 --> Helper loaded: mail_helper
INFO - 2020-10-19 17:01:28 --> Language file loaded: language/english/api_lang.php
INFO - 2020-10-19 17:01:28 --> Database Driver Class Initialized
INFO - 2020-10-19 17:01:28 --> Email Class Initialized
DEBUG - 2020-10-19 17:01:28 --> Session: "sess_save_path" is empty; using "session.save_path" value from php.ini.
INFO - 2020-10-19 17:01:28 --> Session: Class initialized using 'files' driver.
INFO - 2020-10-19 17:01:28 --> Form Validation Class Initialized
INFO - 2020-10-19 17:01:28 --> Controller Class Initialized
DEBUG - 2020-10-19 17:01:28 --> Public_api MX_Controller Initialized
INFO - 2020-10-19 17:01:28 --> Helper loaded: inflector_helper
INFO - 2020-10-19 17:01:28 --> Language file loaded: language/english/rest_controller_lang.php
DEBUG - 2020-10-19 17:01:28 --> File loaded: D:\xampp\htdocs\mobitrados\application\modules/mobi_api/public_api/models/Public_api_model.php
INFO - 2020-10-19 20:31:28 --> Final output sent to browser
DEBUG - 2020-10-19 20:31:28 --> Total execution time: 1.8633
INFO - 2020-10-19 17:02:45 --> Config Class Initialized
INFO - 2020-10-19 17:02:45 --> Hooks Class Initialized
DEBUG - 2020-10-19 17:02:45 --> UTF-8 Support Enabled
INFO - 2020-10-19 17:02:45 --> Utf8 Class Initialized
INFO - 2020-10-19 17:02:45 --> URI Class Initialized
INFO - 2020-10-19 17:02:45 --> Router Class Initialized
INFO - 2020-10-19 17:02:45 --> Output Class Initialized
INFO - 2020-10-19 17:02:45 --> Security Class Initialized
DEBUG - 2020-10-19 17:02:45 --> Global POST, GET and COOKIE data sanitized
INFO - 2020-10-19 17:02:46 --> CSRF cookie sent
INFO - 2020-10-19 17:02:46 --> Input Class Initialized
INFO - 2020-10-19 17:02:46 --> Language Class Initialized
INFO - 2020-10-19 17:02:46 --> Language Class Initialized
INFO - 2020-10-19 17:02:46 --> Config Class Initialized
INFO - 2020-10-19 17:02:46 --> Loader Class Initialized
DEBUG - 2020-10-19 17:02:46 --> Config file loaded: D:\xampp\htdocs\mobitrados\application\config/rest.php
INFO - 2020-10-19 17:02:46 --> Helper loaded: url_helper
INFO - 2020-10-19 17:02:46 --> Helper loaded: form_helper
INFO - 2020-10-19 17:02:46 --> Helper loaded: adminurl_helper
INFO - 2020-10-19 17:02:46 --> Helper loaded: site_helper
INFO - 2020-10-19 17:02:46 --> Helper loaded: directory_helper
INFO - 2020-10-19 17:02:46 --> Helper loaded: mail_helper
INFO - 2020-10-19 17:02:46 --> Language file loaded: language/english/api_lang.php
INFO - 2020-10-19 17:02:46 --> Database Driver Class Initialized
INFO - 2020-10-19 17:02:46 --> Email Class Initialized
DEBUG - 2020-10-19 17:02:46 --> Session: "sess_save_path" is empty; using "session.save_path" value from php.ini.
INFO - 2020-10-19 17:02:46 --> Session: Class initialized using 'files' driver.
INFO - 2020-10-19 17:02:46 --> Form Validation Class Initialized
INFO - 2020-10-19 17:02:46 --> Controller Class Initialized
DEBUG - 2020-10-19 17:02:47 --> Public_api MX_Controller Initialized
INFO - 2020-10-19 17:02:47 --> Helper loaded: inflector_helper
INFO - 2020-10-19 17:02:47 --> Language file loaded: language/english/rest_controller_lang.php
DEBUG - 2020-10-19 17:02:47 --> File loaded: D:\xampp\htdocs\mobitrados\application\modules/mobi_api/public_api/models/Public_api_model.php
INFO - 2020-10-19 20:32:47 --> Final output sent to browser
DEBUG - 2020-10-19 20:32:47 --> Total execution time: 1.7244
