INFO - 2020-10-03 07:34:07 --> Config Class Initialized
INFO - 2020-10-03 07:34:07 --> Hooks Class Initialized
DEBUG - 2020-10-03 07:34:07 --> UTF-8 Support Enabled
INFO - 2020-10-03 07:34:08 --> Utf8 Class Initialized
INFO - 2020-10-03 07:34:08 --> URI Class Initialized
INFO - 2020-10-03 07:34:08 --> Router Class Initialized
INFO - 2020-10-03 07:34:08 --> Output Class Initialized
INFO - 2020-10-03 07:34:08 --> Security Class Initialized
DEBUG - 2020-10-03 07:34:08 --> Global POST, GET and COOKIE data sanitized
INFO - 2020-10-03 07:34:08 --> CSRF cookie sent
INFO - 2020-10-03 07:34:08 --> Input Class Initialized
INFO - 2020-10-03 07:34:08 --> Language Class Initialized
INFO - 2020-10-03 07:34:09 --> Language Class Initialized
INFO - 2020-10-03 07:34:09 --> Config Class Initialized
INFO - 2020-10-03 07:34:09 --> Loader Class Initialized
DEBUG - 2020-10-03 07:34:09 --> Config file loaded: D:\xampp\htdocs\mobitrados\application\config/rest.php
INFO - 2020-10-03 07:34:09 --> Helper loaded: url_helper
INFO - 2020-10-03 07:34:09 --> Helper loaded: form_helper
INFO - 2020-10-03 07:34:10 --> Helper loaded: adminurl_helper
INFO - 2020-10-03 07:34:10 --> Helper loaded: site_helper
INFO - 2020-10-03 07:34:10 --> Helper loaded: directory_helper
INFO - 2020-10-03 07:34:10 --> Helper loaded: mail_helper
INFO - 2020-10-03 07:34:10 --> Language file loaded: language/english/api_lang.php
INFO - 2020-10-03 07:34:10 --> Database Driver Class Initialized
ERROR - 2020-10-03 07:34:14 --> Severity: Warning --> mysqli::real_connect(): (HY000/2002): No connection could be made because the target machine actively refused it.
 D:\xampp\htdocs\mobitrados\system\database\drivers\mysqli\mysqli_driver.php 203
ERROR - 2020-10-03 07:34:14 --> Unable to connect to the database
INFO - 2020-10-03 07:34:14 --> Language file loaded: language/english/db_lang.php
