INFO - 2020-10-15 17:37:46 --> Config Class Initialized
INFO - 2020-10-15 17:37:46 --> Hooks Class Initialized
DEBUG - 2020-10-15 17:37:46 --> UTF-8 Support Enabled
INFO - 2020-10-15 17:37:46 --> Utf8 Class Initialized
INFO - 2020-10-15 17:37:46 --> URI Class Initialized
INFO - 2020-10-15 17:37:46 --> Router Class Initialized
INFO - 2020-10-15 17:37:46 --> Output Class Initialized
INFO - 2020-10-15 17:37:47 --> Security Class Initialized
DEBUG - 2020-10-15 17:37:47 --> Global POST, GET and COOKIE data sanitized
INFO - 2020-10-15 17:37:47 --> Input Class Initialized
INFO - 2020-10-15 17:37:47 --> Language Class Initialized
INFO - 2020-10-15 17:37:47 --> Language Class Initialized
INFO - 2020-10-15 17:37:47 --> Config Class Initialized
INFO - 2020-10-15 17:37:47 --> Loader Class Initialized
DEBUG - 2020-10-15 17:37:47 --> Config file loaded: D:\xampp\htdocs\mobitrados\application\config/rest.php
INFO - 2020-10-15 17:37:47 --> Helper loaded: url_helper
INFO - 2020-10-15 17:37:47 --> Helper loaded: form_helper
INFO - 2020-10-15 17:37:47 --> Helper loaded: adminurl_helper
INFO - 2020-10-15 17:37:47 --> Helper loaded: site_helper
INFO - 2020-10-15 17:37:47 --> Helper loaded: directory_helper
INFO - 2020-10-15 17:37:47 --> Helper loaded: mail_helper
INFO - 2020-10-15 17:37:47 --> Language file loaded: language/english/api_lang.php
INFO - 2020-10-15 17:37:47 --> Database Driver Class Initialized
INFO - 2020-10-15 17:37:47 --> Email Class Initialized
DEBUG - 2020-10-15 17:37:47 --> Session: "sess_save_path" is empty; using "session.save_path" value from php.ini.
INFO - 2020-10-15 17:37:47 --> Session: Class initialized using 'files' driver.
INFO - 2020-10-15 17:37:48 --> Form Validation Class Initialized
INFO - 2020-10-15 17:37:48 --> Controller Class Initialized
DEBUG - 2020-10-15 17:37:48 --> User_api MX_Controller Initialized
INFO - 2020-10-15 17:37:48 --> Helper loaded: inflector_helper
INFO - 2020-10-15 17:37:48 --> Language file loaded: language/english/rest_controller_lang.php
DEBUG - 2020-10-15 17:37:48 --> File loaded: D:\xampp\htdocs\mobitrados\application\modules/mobi_api/user_api/models/User_api_model.php
INFO - 2020-10-15 21:07:48 --> Final output sent to browser
DEBUG - 2020-10-15 21:07:48 --> Total execution time: 1.7579
