INFO - 2020-08-11 05:48:12 --> Config Class Initialized
INFO - 2020-08-11 05:48:12 --> Hooks Class Initialized
DEBUG - 2020-08-11 05:48:12 --> UTF-8 Support Enabled
INFO - 2020-08-11 05:48:12 --> Utf8 Class Initialized
INFO - 2020-08-11 05:48:12 --> URI Class Initialized
INFO - 2020-08-11 05:48:12 --> Router Class Initialized
INFO - 2020-08-11 05:48:13 --> Output Class Initialized
INFO - 2020-08-11 05:48:13 --> Security Class Initialized
DEBUG - 2020-08-11 05:48:13 --> Global POST, GET and COOKIE data sanitized
INFO - 2020-08-11 05:48:13 --> CSRF cookie sent
INFO - 2020-08-11 05:48:13 --> Input Class Initialized
INFO - 2020-08-11 05:48:14 --> Language Class Initialized
INFO - 2020-08-11 05:48:14 --> Language Class Initialized
INFO - 2020-08-11 05:48:14 --> Config Class Initialized
INFO - 2020-08-11 05:48:14 --> Loader Class Initialized
DEBUG - 2020-08-11 05:48:15 --> Config file loaded: D:\xampp\htdocs\mobitrados\application\config/rest.php
INFO - 2020-08-11 05:48:15 --> Helper loaded: url_helper
INFO - 2020-08-11 05:48:15 --> Helper loaded: form_helper
INFO - 2020-08-11 05:48:15 --> Helper loaded: adminurl_helper
INFO - 2020-08-11 05:48:15 --> Helper loaded: site_helper
INFO - 2020-08-11 05:48:16 --> Helper loaded: directory_helper
INFO - 2020-08-11 05:48:16 --> Helper loaded: mail_helper
INFO - 2020-08-11 05:48:16 --> Language file loaded: language/english/api_lang.php
INFO - 2020-08-11 05:48:16 --> Database Driver Class Initialized
INFO - 2020-08-11 05:48:16 --> Email Class Initialized
DEBUG - 2020-08-11 05:48:17 --> Session: "sess_save_path" is empty; using "session.save_path" value from php.ini.
INFO - 2020-08-11 05:48:17 --> Session: Class initialized using 'files' driver.
INFO - 2020-08-11 05:48:17 --> Form Validation Class Initialized
INFO - 2020-08-11 05:48:17 --> Controller Class Initialized
DEBUG - 2020-08-11 05:48:17 --> Home MX_Controller Initialized
DEBUG - 2020-08-11 05:48:17 --> File loaded: D:\xampp\htdocs\mobitrados\application\modules/admin/home/views/login.php
INFO - 2020-08-11 05:48:17 --> Final output sent to browser
DEBUG - 2020-08-11 05:48:17 --> Total execution time: 5.7645
INFO - 2020-08-11 05:48:19 --> Config Class Initialized
INFO - 2020-08-11 05:48:19 --> Hooks Class Initialized
DEBUG - 2020-08-11 05:48:19 --> UTF-8 Support Enabled
INFO - 2020-08-11 05:48:20 --> Utf8 Class Initialized
INFO - 2020-08-11 05:48:20 --> URI Class Initialized
INFO - 2020-08-11 05:48:20 --> Router Class Initialized
INFO - 2020-08-11 05:48:20 --> Output Class Initialized
INFO - 2020-08-11 05:48:20 --> Security Class Initialized
DEBUG - 2020-08-11 05:48:20 --> Global POST, GET and COOKIE data sanitized
INFO - 2020-08-11 05:48:21 --> CSRF cookie sent
INFO - 2020-08-11 05:48:21 --> Input Class Initialized
INFO - 2020-08-11 05:48:21 --> Language Class Initialized
INFO - 2020-08-11 05:48:21 --> Language Class Initialized
INFO - 2020-08-11 05:48:21 --> Config Class Initialized
INFO - 2020-08-11 05:48:21 --> Loader Class Initialized
DEBUG - 2020-08-11 05:48:21 --> Config file loaded: D:\xampp\htdocs\mobitrados\application\config/rest.php
INFO - 2020-08-11 05:48:22 --> Helper loaded: url_helper
INFO - 2020-08-11 05:48:22 --> Helper loaded: form_helper
INFO - 2020-08-11 05:48:22 --> Helper loaded: adminurl_helper
INFO - 2020-08-11 05:48:22 --> Helper loaded: site_helper
INFO - 2020-08-11 05:48:22 --> Helper loaded: directory_helper
INFO - 2020-08-11 05:48:22 --> Helper loaded: mail_helper
INFO - 2020-08-11 05:48:23 --> Language file loaded: language/english/api_lang.php
INFO - 2020-08-11 05:48:23 --> Database Driver Class Initialized
INFO - 2020-08-11 05:48:23 --> Email Class Initialized
DEBUG - 2020-08-11 05:48:23 --> Session: "sess_save_path" is empty; using "session.save_path" value from php.ini.
INFO - 2020-08-11 05:48:23 --> Session: Class initialized using 'files' driver.
INFO - 2020-08-11 05:48:23 --> Form Validation Class Initialized
INFO - 2020-08-11 05:48:23 --> Controller Class Initialized
DEBUG - 2020-08-11 05:48:24 --> Home MX_Controller Initialized
DEBUG - 2020-08-11 05:48:24 --> File loaded: D:\xampp\htdocs\mobitrados\application\modules/admin/home/views/login.php
INFO - 2020-08-11 05:48:24 --> Final output sent to browser
DEBUG - 2020-08-11 05:48:24 --> Total execution time: 4.9837
INFO - 2020-08-11 05:49:11 --> Config Class Initialized
INFO - 2020-08-11 05:49:11 --> Hooks Class Initialized
DEBUG - 2020-08-11 05:49:11 --> UTF-8 Support Enabled
INFO - 2020-08-11 05:49:11 --> Utf8 Class Initialized
INFO - 2020-08-11 05:49:12 --> URI Class Initialized
INFO - 2020-08-11 05:49:12 --> Router Class Initialized
INFO - 2020-08-11 05:49:12 --> Output Class Initialized
INFO - 2020-08-11 05:49:12 --> Security Class Initialized
DEBUG - 2020-08-11 05:49:12 --> Global POST, GET and COOKIE data sanitized
INFO - 2020-08-11 05:49:12 --> CSRF cookie sent
INFO - 2020-08-11 05:49:12 --> CSRF token verified
INFO - 2020-08-11 05:49:12 --> Input Class Initialized
INFO - 2020-08-11 05:49:12 --> Language Class Initialized
INFO - 2020-08-11 05:49:13 --> Language Class Initialized
INFO - 2020-08-11 05:49:13 --> Config Class Initialized
INFO - 2020-08-11 05:49:13 --> Loader Class Initialized
DEBUG - 2020-08-11 05:49:13 --> Config file loaded: D:\xampp\htdocs\mobitrados\application\config/rest.php
INFO - 2020-08-11 05:49:13 --> Helper loaded: url_helper
INFO - 2020-08-11 05:49:13 --> Helper loaded: form_helper
INFO - 2020-08-11 05:49:13 --> Helper loaded: adminurl_helper
INFO - 2020-08-11 05:49:13 --> Helper loaded: site_helper
INFO - 2020-08-11 05:49:14 --> Helper loaded: directory_helper
INFO - 2020-08-11 05:49:14 --> Helper loaded: mail_helper
INFO - 2020-08-11 05:49:14 --> Language file loaded: language/english/api_lang.php
INFO - 2020-08-11 05:49:14 --> Database Driver Class Initialized
INFO - 2020-08-11 05:49:14 --> Email Class Initialized
DEBUG - 2020-08-11 05:49:14 --> Session: "sess_save_path" is empty; using "session.save_path" value from php.ini.
INFO - 2020-08-11 05:49:15 --> Session: Class initialized using 'files' driver.
INFO - 2020-08-11 05:49:15 --> Form Validation Class Initialized
INFO - 2020-08-11 05:49:15 --> Controller Class Initialized
DEBUG - 2020-08-11 05:49:15 --> Home MX_Controller Initialized
INFO - 2020-08-11 05:49:15 --> Language file loaded: language/english/form_validation_lang.php
DEBUG - 2020-08-11 05:49:16 --> File loaded: D:\xampp\htdocs\mobitrados\application\modules/admin/home/models/Login.php
INFO - 2020-08-11 05:49:30 --> Config Class Initialized
INFO - 2020-08-11 05:49:30 --> Hooks Class Initialized
DEBUG - 2020-08-11 05:49:30 --> UTF-8 Support Enabled
INFO - 2020-08-11 05:49:30 --> Utf8 Class Initialized
INFO - 2020-08-11 05:49:31 --> URI Class Initialized
INFO - 2020-08-11 05:49:31 --> Router Class Initialized
INFO - 2020-08-11 05:49:31 --> Output Class Initialized
INFO - 2020-08-11 05:49:31 --> Security Class Initialized
DEBUG - 2020-08-11 05:49:31 --> Global POST, GET and COOKIE data sanitized
INFO - 2020-08-11 05:49:31 --> CSRF cookie sent
INFO - 2020-08-11 05:49:32 --> Input Class Initialized
INFO - 2020-08-11 05:49:32 --> Language Class Initialized
INFO - 2020-08-11 05:49:32 --> Language Class Initialized
INFO - 2020-08-11 05:49:32 --> Config Class Initialized
INFO - 2020-08-11 05:49:32 --> Loader Class Initialized
DEBUG - 2020-08-11 05:49:32 --> Config file loaded: D:\xampp\htdocs\mobitrados\application\config/rest.php
INFO - 2020-08-11 05:49:32 --> Helper loaded: url_helper
INFO - 2020-08-11 05:49:32 --> Helper loaded: form_helper
INFO - 2020-08-11 05:49:32 --> Helper loaded: adminurl_helper
INFO - 2020-08-11 05:49:32 --> Helper loaded: site_helper
INFO - 2020-08-11 05:49:33 --> Helper loaded: directory_helper
INFO - 2020-08-11 05:49:33 --> Helper loaded: mail_helper
INFO - 2020-08-11 05:49:33 --> Language file loaded: language/english/api_lang.php
INFO - 2020-08-11 05:49:33 --> Database Driver Class Initialized
INFO - 2020-08-11 05:49:33 --> Email Class Initialized
DEBUG - 2020-08-11 05:49:33 --> Session: "sess_save_path" is empty; using "session.save_path" value from php.ini.
INFO - 2020-08-11 05:49:33 --> Session: Class initialized using 'files' driver.
INFO - 2020-08-11 05:49:33 --> Form Validation Class Initialized
INFO - 2020-08-11 05:49:34 --> Controller Class Initialized
DEBUG - 2020-08-11 05:49:34 --> Home MX_Controller Initialized
DEBUG - 2020-08-11 05:49:34 --> File loaded: D:\xampp\htdocs\mobitrados\application\modules/admin/home/views/login.php
INFO - 2020-08-11 05:49:34 --> Final output sent to browser
DEBUG - 2020-08-11 05:49:34 --> Total execution time: 4.1888
INFO - 2020-08-11 05:49:36 --> Config Class Initialized
INFO - 2020-08-11 05:49:36 --> Hooks Class Initialized
DEBUG - 2020-08-11 05:49:36 --> UTF-8 Support Enabled
INFO - 2020-08-11 05:49:36 --> Utf8 Class Initialized
INFO - 2020-08-11 05:49:37 --> URI Class Initialized
INFO - 2020-08-11 05:49:37 --> Router Class Initialized
INFO - 2020-08-11 05:49:37 --> Output Class Initialized
INFO - 2020-08-11 05:49:37 --> Security Class Initialized
DEBUG - 2020-08-11 05:49:37 --> Global POST, GET and COOKIE data sanitized
INFO - 2020-08-11 05:49:37 --> CSRF cookie sent
INFO - 2020-08-11 05:49:37 --> Input Class Initialized
INFO - 2020-08-11 05:49:38 --> Language Class Initialized
INFO - 2020-08-11 05:49:38 --> Language Class Initialized
INFO - 2020-08-11 05:49:38 --> Config Class Initialized
INFO - 2020-08-11 05:49:38 --> Loader Class Initialized
DEBUG - 2020-08-11 05:49:38 --> Config file loaded: D:\xampp\htdocs\mobitrados\application\config/rest.php
INFO - 2020-08-11 05:49:39 --> Helper loaded: url_helper
INFO - 2020-08-11 05:49:39 --> Helper loaded: form_helper
INFO - 2020-08-11 05:49:39 --> Helper loaded: adminurl_helper
INFO - 2020-08-11 05:49:39 --> Helper loaded: site_helper
INFO - 2020-08-11 05:49:39 --> Helper loaded: directory_helper
INFO - 2020-08-11 05:49:40 --> Helper loaded: mail_helper
INFO - 2020-08-11 05:49:40 --> Language file loaded: language/english/api_lang.php
INFO - 2020-08-11 05:49:40 --> Database Driver Class Initialized
INFO - 2020-08-11 05:49:40 --> Email Class Initialized
DEBUG - 2020-08-11 05:49:40 --> Session: "sess_save_path" is empty; using "session.save_path" value from php.ini.
INFO - 2020-08-11 05:49:40 --> Session: Class initialized using 'files' driver.
INFO - 2020-08-11 05:49:41 --> Form Validation Class Initialized
INFO - 2020-08-11 05:49:41 --> Controller Class Initialized
DEBUG - 2020-08-11 05:49:41 --> Home MX_Controller Initialized
DEBUG - 2020-08-11 05:49:41 --> File loaded: D:\xampp\htdocs\mobitrados\application\modules/admin/home/views/login.php
INFO - 2020-08-11 05:49:41 --> Final output sent to browser
DEBUG - 2020-08-11 05:49:41 --> Total execution time: 5.4314
INFO - 2020-08-11 05:49:59 --> Config Class Initialized
INFO - 2020-08-11 05:49:59 --> Hooks Class Initialized
DEBUG - 2020-08-11 05:49:59 --> UTF-8 Support Enabled
INFO - 2020-08-11 05:49:59 --> Utf8 Class Initialized
INFO - 2020-08-11 05:50:00 --> URI Class Initialized
INFO - 2020-08-11 05:50:00 --> Router Class Initialized
INFO - 2020-08-11 05:50:00 --> Output Class Initialized
INFO - 2020-08-11 05:50:00 --> Security Class Initialized
DEBUG - 2020-08-11 05:50:00 --> Global POST, GET and COOKIE data sanitized
INFO - 2020-08-11 05:50:00 --> CSRF cookie sent
INFO - 2020-08-11 05:50:01 --> CSRF token verified
INFO - 2020-08-11 05:50:01 --> Input Class Initialized
INFO - 2020-08-11 05:50:01 --> Language Class Initialized
INFO - 2020-08-11 05:50:01 --> Language Class Initialized
INFO - 2020-08-11 05:50:01 --> Config Class Initialized
INFO - 2020-08-11 05:50:01 --> Loader Class Initialized
DEBUG - 2020-08-11 05:50:02 --> Config file loaded: D:\xampp\htdocs\mobitrados\application\config/rest.php
INFO - 2020-08-11 05:50:02 --> Helper loaded: url_helper
INFO - 2020-08-11 05:50:02 --> Helper loaded: form_helper
INFO - 2020-08-11 05:50:02 --> Helper loaded: adminurl_helper
INFO - 2020-08-11 05:50:02 --> Helper loaded: site_helper
INFO - 2020-08-11 05:50:02 --> Helper loaded: directory_helper
INFO - 2020-08-11 05:50:02 --> Helper loaded: mail_helper
INFO - 2020-08-11 05:50:03 --> Language file loaded: language/english/api_lang.php
INFO - 2020-08-11 05:50:03 --> Database Driver Class Initialized
INFO - 2020-08-11 05:50:03 --> Email Class Initialized
DEBUG - 2020-08-11 05:50:03 --> Session: "sess_save_path" is empty; using "session.save_path" value from php.ini.
INFO - 2020-08-11 05:50:03 --> Session: Class initialized using 'files' driver.
INFO - 2020-08-11 05:50:03 --> Form Validation Class Initialized
INFO - 2020-08-11 05:50:04 --> Controller Class Initialized
DEBUG - 2020-08-11 05:50:04 --> Home MX_Controller Initialized
INFO - 2020-08-11 05:50:04 --> Language file loaded: language/english/form_validation_lang.php
DEBUG - 2020-08-11 05:50:04 --> File loaded: D:\xampp\htdocs\mobitrados\application\modules/admin/home/models/Login.php
INFO - 2020-08-11 05:50:05 --> Config Class Initialized
INFO - 2020-08-11 05:50:05 --> Hooks Class Initialized
DEBUG - 2020-08-11 05:50:05 --> UTF-8 Support Enabled
INFO - 2020-08-11 05:50:05 --> Utf8 Class Initialized
INFO - 2020-08-11 05:50:05 --> URI Class Initialized
INFO - 2020-08-11 05:50:05 --> Router Class Initialized
INFO - 2020-08-11 05:50:05 --> Output Class Initialized
INFO - 2020-08-11 05:50:06 --> Security Class Initialized
DEBUG - 2020-08-11 05:50:06 --> Global POST, GET and COOKIE data sanitized
INFO - 2020-08-11 05:50:06 --> CSRF cookie sent
INFO - 2020-08-11 05:50:06 --> Input Class Initialized
INFO - 2020-08-11 05:50:06 --> Language Class Initialized
INFO - 2020-08-11 05:50:06 --> Language Class Initialized
INFO - 2020-08-11 05:50:06 --> Config Class Initialized
INFO - 2020-08-11 05:50:07 --> Loader Class Initialized
DEBUG - 2020-08-11 05:50:07 --> Config file loaded: D:\xampp\htdocs\mobitrados\application\config/rest.php
INFO - 2020-08-11 05:50:07 --> Helper loaded: url_helper
INFO - 2020-08-11 05:50:07 --> Helper loaded: form_helper
INFO - 2020-08-11 05:50:07 --> Helper loaded: adminurl_helper
INFO - 2020-08-11 05:50:07 --> Helper loaded: site_helper
INFO - 2020-08-11 05:50:07 --> Helper loaded: directory_helper
INFO - 2020-08-11 05:50:08 --> Helper loaded: mail_helper
INFO - 2020-08-11 05:50:08 --> Language file loaded: language/english/api_lang.php
INFO - 2020-08-11 05:50:08 --> Database Driver Class Initialized
INFO - 2020-08-11 05:50:08 --> Email Class Initialized
DEBUG - 2020-08-11 05:50:08 --> Session: "sess_save_path" is empty; using "session.save_path" value from php.ini.
INFO - 2020-08-11 05:50:08 --> Session: Class initialized using 'files' driver.
INFO - 2020-08-11 05:50:09 --> Form Validation Class Initialized
INFO - 2020-08-11 05:50:09 --> Controller Class Initialized
DEBUG - 2020-08-11 05:50:09 --> Dashboard MX_Controller Initialized
DEBUG - 2020-08-11 05:50:09 --> File loaded: D:\xampp\htdocs\mobitrados\application\controllers/../modules/admin/template/controllers/Template.php
DEBUG - 2020-08-11 05:50:09 --> Template MX_Controller Initialized
DEBUG - 2020-08-11 05:50:09 --> File loaded: D:\xampp\htdocs\mobitrados\application\modules/admin/template/views/sidebar.php
DEBUG - 2020-08-11 05:50:10 --> File loaded: D:\xampp\htdocs\mobitrados\application\modules/admin/template/views/navbar.php
DEBUG - 2020-08-11 05:50:10 --> File loaded: D:\xampp\htdocs\mobitrados\application\modules/admin/template/views/page_maker_header.php
DEBUG - 2020-08-11 05:50:10 --> File loaded: D:\xampp\htdocs\mobitrados\application\modules/admin/template/views/javafns.php
DEBUG - 2020-08-11 05:50:10 --> File loaded: D:\xampp\htdocs\mobitrados\application\modules/admin/dashboard/views/home.php
DEBUG - 2020-08-11 05:50:10 --> File loaded: D:\xampp\htdocs\mobitrados\application\modules/admin/template/views/page_maker_footer.php
INFO - 2020-08-11 05:50:10 --> Final output sent to browser
DEBUG - 2020-08-11 05:50:11 --> Total execution time: 5.7712
INFO - 2020-08-11 05:50:20 --> Config Class Initialized
INFO - 2020-08-11 05:50:20 --> Hooks Class Initialized
DEBUG - 2020-08-11 05:50:21 --> UTF-8 Support Enabled
INFO - 2020-08-11 05:50:21 --> Utf8 Class Initialized
INFO - 2020-08-11 05:50:21 --> URI Class Initialized
INFO - 2020-08-11 05:50:21 --> Router Class Initialized
INFO - 2020-08-11 05:50:21 --> Output Class Initialized
INFO - 2020-08-11 05:50:21 --> Security Class Initialized
DEBUG - 2020-08-11 05:50:22 --> Global POST, GET and COOKIE data sanitized
INFO - 2020-08-11 05:50:22 --> CSRF cookie sent
INFO - 2020-08-11 05:50:22 --> Input Class Initialized
INFO - 2020-08-11 05:50:22 --> Language Class Initialized
INFO - 2020-08-11 05:50:22 --> Language Class Initialized
INFO - 2020-08-11 05:50:22 --> Config Class Initialized
INFO - 2020-08-11 05:50:23 --> Loader Class Initialized
DEBUG - 2020-08-11 05:50:23 --> Config file loaded: D:\xampp\htdocs\mobitrados\application\config/rest.php
INFO - 2020-08-11 05:50:23 --> Helper loaded: url_helper
INFO - 2020-08-11 05:50:23 --> Helper loaded: form_helper
INFO - 2020-08-11 05:50:23 --> Helper loaded: adminurl_helper
INFO - 2020-08-11 05:50:23 --> Helper loaded: site_helper
INFO - 2020-08-11 05:50:24 --> Helper loaded: directory_helper
INFO - 2020-08-11 05:50:24 --> Helper loaded: mail_helper
INFO - 2020-08-11 05:50:24 --> Language file loaded: language/english/api_lang.php
INFO - 2020-08-11 05:50:24 --> Database Driver Class Initialized
INFO - 2020-08-11 05:50:24 --> Email Class Initialized
DEBUG - 2020-08-11 05:50:24 --> Session: "sess_save_path" is empty; using "session.save_path" value from php.ini.
INFO - 2020-08-11 05:50:25 --> Session: Class initialized using 'files' driver.
INFO - 2020-08-11 05:50:25 --> Form Validation Class Initialized
INFO - 2020-08-11 05:50:25 --> Controller Class Initialized
DEBUG - 2020-08-11 05:50:25 --> Manage_products MX_Controller Initialized
DEBUG - 2020-08-11 05:50:25 --> File loaded: D:\xampp\htdocs\mobitrados\application\controllers/../modules/admin/template/controllers/Template.php
DEBUG - 2020-08-11 05:50:25 --> Template MX_Controller Initialized
DEBUG - 2020-08-11 05:50:26 --> File loaded: D:\xampp\htdocs\mobitrados\application\modules/admin/template/views/sidebar.php
DEBUG - 2020-08-11 05:50:26 --> File loaded: D:\xampp\htdocs\mobitrados\application\modules/admin/template/views/navbar.php
DEBUG - 2020-08-11 05:50:26 --> File loaded: D:\xampp\htdocs\mobitrados\application\modules/admin/template/views/page_maker_header.php
DEBUG - 2020-08-11 05:50:26 --> File loaded: D:\xampp\htdocs\mobitrados\application\modules/admin/template/views/javafns.php
DEBUG - 2020-08-11 05:50:26 --> File loaded: D:\xampp\htdocs\mobitrados\application\modules/admin/template/views/dataTable.php
DEBUG - 2020-08-11 05:50:26 --> File loaded: D:\xampp\htdocs\mobitrados\application\modules/admin/manage_products/views/product_master.php
DEBUG - 2020-08-11 05:50:27 --> File loaded: D:\xampp\htdocs\mobitrados\application\modules/admin/template/views/page_maker_footer.php
INFO - 2020-08-11 05:50:27 --> Final output sent to browser
DEBUG - 2020-08-11 05:50:27 --> Total execution time: 6.5483
INFO - 2020-08-11 05:50:29 --> Config Class Initialized
INFO - 2020-08-11 05:50:29 --> Hooks Class Initialized
DEBUG - 2020-08-11 05:50:29 --> UTF-8 Support Enabled
INFO - 2020-08-11 05:50:29 --> Utf8 Class Initialized
INFO - 2020-08-11 05:50:29 --> URI Class Initialized
INFO - 2020-08-11 05:50:29 --> Router Class Initialized
INFO - 2020-08-11 05:50:30 --> Output Class Initialized
INFO - 2020-08-11 05:50:30 --> Security Class Initialized
DEBUG - 2020-08-11 05:50:30 --> Global POST, GET and COOKIE data sanitized
INFO - 2020-08-11 05:50:30 --> CSRF cookie sent
INFO - 2020-08-11 05:50:30 --> CSRF token verified
INFO - 2020-08-11 05:50:30 --> Input Class Initialized
INFO - 2020-08-11 05:50:31 --> Language Class Initialized
INFO - 2020-08-11 05:50:31 --> Language Class Initialized
INFO - 2020-08-11 05:50:31 --> Config Class Initialized
INFO - 2020-08-11 05:50:31 --> Loader Class Initialized
DEBUG - 2020-08-11 05:50:31 --> Config file loaded: D:\xampp\htdocs\mobitrados\application\config/rest.php
INFO - 2020-08-11 05:50:31 --> Helper loaded: url_helper
INFO - 2020-08-11 05:50:32 --> Helper loaded: form_helper
INFO - 2020-08-11 05:50:32 --> Helper loaded: adminurl_helper
INFO - 2020-08-11 05:50:32 --> Helper loaded: site_helper
INFO - 2020-08-11 05:50:32 --> Helper loaded: directory_helper
INFO - 2020-08-11 05:50:32 --> Helper loaded: mail_helper
INFO - 2020-08-11 05:50:32 --> Language file loaded: language/english/api_lang.php
INFO - 2020-08-11 05:50:32 --> Database Driver Class Initialized
INFO - 2020-08-11 05:50:33 --> Email Class Initialized
DEBUG - 2020-08-11 05:50:33 --> Session: "sess_save_path" is empty; using "session.save_path" value from php.ini.
INFO - 2020-08-11 05:50:33 --> Session: Class initialized using 'files' driver.
INFO - 2020-08-11 05:50:33 --> Form Validation Class Initialized
INFO - 2020-08-11 05:50:33 --> Controller Class Initialized
DEBUG - 2020-08-11 05:50:33 --> Master_settings MX_Controller Initialized
DEBUG - 2020-08-11 05:50:33 --> File loaded: D:\xampp\htdocs\mobitrados\application\controllers/../modules/admin/template/controllers/Template.php
DEBUG - 2020-08-11 05:50:33 --> Template MX_Controller Initialized
DEBUG - 2020-08-11 05:50:34 --> File loaded: D:\xampp\htdocs\mobitrados\application\modules/admin/master_settings/models/Settings_m.php
INFO - 2020-08-11 05:50:34 --> Final output sent to browser
DEBUG - 2020-08-11 05:50:34 --> Total execution time: 5.0833
INFO - 2020-08-11 19:36:04 --> Config Class Initialized
INFO - 2020-08-11 19:36:04 --> Hooks Class Initialized
DEBUG - 2020-08-11 19:36:05 --> UTF-8 Support Enabled
INFO - 2020-08-11 19:36:05 --> Utf8 Class Initialized
INFO - 2020-08-11 19:36:05 --> URI Class Initialized
INFO - 2020-08-11 19:36:05 --> Router Class Initialized
INFO - 2020-08-11 19:36:05 --> Output Class Initialized
INFO - 2020-08-11 19:36:05 --> Security Class Initialized
DEBUG - 2020-08-11 19:36:05 --> Global POST, GET and COOKIE data sanitized
INFO - 2020-08-11 19:36:05 --> CSRF cookie sent
INFO - 2020-08-11 19:36:05 --> Input Class Initialized
INFO - 2020-08-11 19:36:05 --> Language Class Initialized
INFO - 2020-08-11 19:36:05 --> Language Class Initialized
INFO - 2020-08-11 19:36:05 --> Config Class Initialized
INFO - 2020-08-11 19:36:05 --> Loader Class Initialized
DEBUG - 2020-08-11 19:36:05 --> Config file loaded: D:\xampp\htdocs\mobitrados\application\config/rest.php
INFO - 2020-08-11 19:36:05 --> Helper loaded: url_helper
INFO - 2020-08-11 19:36:05 --> Helper loaded: form_helper
INFO - 2020-08-11 19:36:05 --> Helper loaded: adminurl_helper
INFO - 2020-08-11 19:36:06 --> Helper loaded: site_helper
INFO - 2020-08-11 19:36:06 --> Helper loaded: directory_helper
INFO - 2020-08-11 19:36:06 --> Helper loaded: mail_helper
INFO - 2020-08-11 19:36:06 --> Language file loaded: language/english/api_lang.php
INFO - 2020-08-11 19:36:06 --> Database Driver Class Initialized
INFO - 2020-08-11 19:36:06 --> Email Class Initialized
DEBUG - 2020-08-11 19:36:06 --> Session: "sess_save_path" is empty; using "session.save_path" value from php.ini.
INFO - 2020-08-11 19:36:06 --> Session: Class initialized using 'files' driver.
INFO - 2020-08-11 19:36:06 --> Form Validation Class Initialized
INFO - 2020-08-11 19:36:06 --> Controller Class Initialized
DEBUG - 2020-08-11 19:36:06 --> Manage_products MX_Controller Initialized
INFO - 2020-08-11 19:36:07 --> Config Class Initialized
INFO - 2020-08-11 19:36:07 --> Hooks Class Initialized
DEBUG - 2020-08-11 19:36:07 --> UTF-8 Support Enabled
INFO - 2020-08-11 19:36:07 --> Utf8 Class Initialized
INFO - 2020-08-11 19:36:07 --> URI Class Initialized
INFO - 2020-08-11 19:36:07 --> Router Class Initialized
INFO - 2020-08-11 19:36:07 --> Output Class Initialized
INFO - 2020-08-11 19:36:07 --> Security Class Initialized
DEBUG - 2020-08-11 19:36:07 --> Global POST, GET and COOKIE data sanitized
INFO - 2020-08-11 19:36:07 --> CSRF cookie sent
INFO - 2020-08-11 19:36:07 --> Input Class Initialized
INFO - 2020-08-11 19:36:07 --> Language Class Initialized
INFO - 2020-08-11 19:36:07 --> Language Class Initialized
INFO - 2020-08-11 19:36:07 --> Config Class Initialized
INFO - 2020-08-11 19:36:07 --> Loader Class Initialized
DEBUG - 2020-08-11 19:36:07 --> Config file loaded: D:\xampp\htdocs\mobitrados\application\config/rest.php
INFO - 2020-08-11 19:36:08 --> Helper loaded: url_helper
INFO - 2020-08-11 19:36:08 --> Helper loaded: form_helper
INFO - 2020-08-11 19:36:08 --> Helper loaded: adminurl_helper
INFO - 2020-08-11 19:36:08 --> Helper loaded: site_helper
INFO - 2020-08-11 19:36:08 --> Helper loaded: directory_helper
INFO - 2020-08-11 19:36:08 --> Helper loaded: mail_helper
INFO - 2020-08-11 19:36:08 --> Language file loaded: language/english/api_lang.php
INFO - 2020-08-11 19:36:08 --> Database Driver Class Initialized
INFO - 2020-08-11 19:36:08 --> Email Class Initialized
DEBUG - 2020-08-11 19:36:08 --> Session: "sess_save_path" is empty; using "session.save_path" value from php.ini.
INFO - 2020-08-11 19:36:08 --> Session: Class initialized using 'files' driver.
INFO - 2020-08-11 19:36:08 --> Form Validation Class Initialized
INFO - 2020-08-11 19:36:08 --> Controller Class Initialized
DEBUG - 2020-08-11 19:36:08 --> Home MX_Controller Initialized
DEBUG - 2020-08-11 19:36:08 --> File loaded: D:\xampp\htdocs\mobitrados\application\modules/admin/home/views/login.php
INFO - 2020-08-11 19:36:08 --> Final output sent to browser
DEBUG - 2020-08-11 19:36:08 --> Total execution time: 1.6852
INFO - 2020-08-11 19:36:10 --> Config Class Initialized
INFO - 2020-08-11 19:36:10 --> Hooks Class Initialized
DEBUG - 2020-08-11 19:36:10 --> UTF-8 Support Enabled
INFO - 2020-08-11 19:36:10 --> Utf8 Class Initialized
INFO - 2020-08-11 19:36:10 --> URI Class Initialized
INFO - 2020-08-11 19:36:10 --> Router Class Initialized
INFO - 2020-08-11 19:36:10 --> Output Class Initialized
INFO - 2020-08-11 19:36:10 --> Security Class Initialized
DEBUG - 2020-08-11 19:36:10 --> Global POST, GET and COOKIE data sanitized
INFO - 2020-08-11 19:36:10 --> CSRF cookie sent
INFO - 2020-08-11 19:36:10 --> Input Class Initialized
INFO - 2020-08-11 19:36:10 --> Language Class Initialized
INFO - 2020-08-11 19:36:10 --> Language Class Initialized
INFO - 2020-08-11 19:36:10 --> Config Class Initialized
INFO - 2020-08-11 19:36:10 --> Loader Class Initialized
DEBUG - 2020-08-11 19:36:10 --> Config file loaded: D:\xampp\htdocs\mobitrados\application\config/rest.php
INFO - 2020-08-11 19:36:10 --> Helper loaded: url_helper
INFO - 2020-08-11 19:36:10 --> Helper loaded: form_helper
INFO - 2020-08-11 19:36:11 --> Helper loaded: adminurl_helper
INFO - 2020-08-11 19:36:11 --> Helper loaded: site_helper
INFO - 2020-08-11 19:36:11 --> Helper loaded: directory_helper
INFO - 2020-08-11 19:36:11 --> Helper loaded: mail_helper
INFO - 2020-08-11 19:36:11 --> Language file loaded: language/english/api_lang.php
INFO - 2020-08-11 19:36:11 --> Database Driver Class Initialized
INFO - 2020-08-11 19:36:11 --> Email Class Initialized
DEBUG - 2020-08-11 19:36:11 --> Session: "sess_save_path" is empty; using "session.save_path" value from php.ini.
INFO - 2020-08-11 19:36:11 --> Session: Class initialized using 'files' driver.
INFO - 2020-08-11 19:36:11 --> Form Validation Class Initialized
INFO - 2020-08-11 19:36:11 --> Controller Class Initialized
DEBUG - 2020-08-11 19:36:11 --> Home MX_Controller Initialized
DEBUG - 2020-08-11 19:36:11 --> File loaded: D:\xampp\htdocs\mobitrados\application\modules/admin/home/views/login.php
INFO - 2020-08-11 19:36:11 --> Final output sent to browser
DEBUG - 2020-08-11 19:36:11 --> Total execution time: 1.4047
INFO - 2020-08-11 19:36:16 --> Config Class Initialized
INFO - 2020-08-11 19:36:16 --> Hooks Class Initialized
DEBUG - 2020-08-11 19:36:16 --> UTF-8 Support Enabled
INFO - 2020-08-11 19:36:16 --> Utf8 Class Initialized
INFO - 2020-08-11 19:36:16 --> URI Class Initialized
INFO - 2020-08-11 19:36:16 --> Router Class Initialized
INFO - 2020-08-11 19:36:16 --> Output Class Initialized
INFO - 2020-08-11 19:36:16 --> Security Class Initialized
DEBUG - 2020-08-11 19:36:16 --> Global POST, GET and COOKIE data sanitized
INFO - 2020-08-11 19:36:16 --> CSRF cookie sent
INFO - 2020-08-11 19:36:16 --> CSRF token verified
INFO - 2020-08-11 19:36:16 --> Input Class Initialized
INFO - 2020-08-11 19:36:16 --> Language Class Initialized
INFO - 2020-08-11 19:36:16 --> Language Class Initialized
INFO - 2020-08-11 19:36:16 --> Config Class Initialized
INFO - 2020-08-11 19:36:16 --> Loader Class Initialized
DEBUG - 2020-08-11 19:36:17 --> Config file loaded: D:\xampp\htdocs\mobitrados\application\config/rest.php
INFO - 2020-08-11 19:36:17 --> Helper loaded: url_helper
INFO - 2020-08-11 19:36:17 --> Helper loaded: form_helper
INFO - 2020-08-11 19:36:17 --> Helper loaded: adminurl_helper
INFO - 2020-08-11 19:36:17 --> Helper loaded: site_helper
INFO - 2020-08-11 19:36:17 --> Helper loaded: directory_helper
INFO - 2020-08-11 19:36:17 --> Helper loaded: mail_helper
INFO - 2020-08-11 19:36:17 --> Language file loaded: language/english/api_lang.php
INFO - 2020-08-11 19:36:17 --> Database Driver Class Initialized
INFO - 2020-08-11 19:36:17 --> Email Class Initialized
DEBUG - 2020-08-11 19:36:17 --> Session: "sess_save_path" is empty; using "session.save_path" value from php.ini.
INFO - 2020-08-11 19:36:17 --> Session: Class initialized using 'files' driver.
INFO - 2020-08-11 19:36:17 --> Form Validation Class Initialized
INFO - 2020-08-11 19:36:17 --> Controller Class Initialized
DEBUG - 2020-08-11 19:36:17 --> Home MX_Controller Initialized
INFO - 2020-08-11 19:36:17 --> Language file loaded: language/english/form_validation_lang.php
DEBUG - 2020-08-11 19:36:17 --> File loaded: D:\xampp\htdocs\mobitrados\application\modules/admin/home/models/Login.php
INFO - 2020-08-11 19:36:18 --> Config Class Initialized
INFO - 2020-08-11 19:36:18 --> Hooks Class Initialized
DEBUG - 2020-08-11 19:36:18 --> UTF-8 Support Enabled
INFO - 2020-08-11 19:36:18 --> Utf8 Class Initialized
INFO - 2020-08-11 19:36:18 --> URI Class Initialized
INFO - 2020-08-11 19:36:18 --> Router Class Initialized
INFO - 2020-08-11 19:36:18 --> Output Class Initialized
INFO - 2020-08-11 19:36:18 --> Security Class Initialized
DEBUG - 2020-08-11 19:36:18 --> Global POST, GET and COOKIE data sanitized
INFO - 2020-08-11 19:36:18 --> CSRF cookie sent
INFO - 2020-08-11 19:36:18 --> Input Class Initialized
INFO - 2020-08-11 19:36:18 --> Language Class Initialized
INFO - 2020-08-11 19:36:18 --> Language Class Initialized
INFO - 2020-08-11 19:36:18 --> Config Class Initialized
INFO - 2020-08-11 19:36:18 --> Loader Class Initialized
DEBUG - 2020-08-11 19:36:18 --> Config file loaded: D:\xampp\htdocs\mobitrados\application\config/rest.php
INFO - 2020-08-11 19:36:18 --> Helper loaded: url_helper
INFO - 2020-08-11 19:36:18 --> Helper loaded: form_helper
INFO - 2020-08-11 19:36:19 --> Helper loaded: adminurl_helper
INFO - 2020-08-11 19:36:19 --> Helper loaded: site_helper
INFO - 2020-08-11 19:36:19 --> Helper loaded: directory_helper
INFO - 2020-08-11 19:36:19 --> Helper loaded: mail_helper
INFO - 2020-08-11 19:36:19 --> Language file loaded: language/english/api_lang.php
INFO - 2020-08-11 19:36:19 --> Database Driver Class Initialized
INFO - 2020-08-11 19:36:19 --> Email Class Initialized
DEBUG - 2020-08-11 19:36:19 --> Session: "sess_save_path" is empty; using "session.save_path" value from php.ini.
INFO - 2020-08-11 19:36:19 --> Session: Class initialized using 'files' driver.
INFO - 2020-08-11 19:36:19 --> Form Validation Class Initialized
INFO - 2020-08-11 19:36:19 --> Controller Class Initialized
DEBUG - 2020-08-11 19:36:19 --> Dashboard MX_Controller Initialized
DEBUG - 2020-08-11 19:36:19 --> File loaded: D:\xampp\htdocs\mobitrados\application\controllers/../modules/admin/template/controllers/Template.php
DEBUG - 2020-08-11 19:36:19 --> Template MX_Controller Initialized
DEBUG - 2020-08-11 19:36:19 --> File loaded: D:\xampp\htdocs\mobitrados\application\modules/admin/template/views/sidebar.php
DEBUG - 2020-08-11 19:36:19 --> File loaded: D:\xampp\htdocs\mobitrados\application\modules/admin/template/views/navbar.php
DEBUG - 2020-08-11 19:36:19 --> File loaded: D:\xampp\htdocs\mobitrados\application\modules/admin/template/views/page_maker_header.php
DEBUG - 2020-08-11 19:36:19 --> File loaded: D:\xampp\htdocs\mobitrados\application\modules/admin/template/views/javafns.php
DEBUG - 2020-08-11 19:36:19 --> File loaded: D:\xampp\htdocs\mobitrados\application\modules/admin/dashboard/views/home.php
DEBUG - 2020-08-11 19:36:19 --> File loaded: D:\xampp\htdocs\mobitrados\application\modules/admin/template/views/page_maker_footer.php
INFO - 2020-08-11 19:36:20 --> Final output sent to browser
DEBUG - 2020-08-11 19:36:20 --> Total execution time: 1.7373
INFO - 2020-08-11 19:36:23 --> Config Class Initialized
INFO - 2020-08-11 19:36:23 --> Hooks Class Initialized
DEBUG - 2020-08-11 19:36:23 --> UTF-8 Support Enabled
INFO - 2020-08-11 19:36:23 --> Utf8 Class Initialized
INFO - 2020-08-11 19:36:23 --> URI Class Initialized
INFO - 2020-08-11 19:36:23 --> Router Class Initialized
INFO - 2020-08-11 19:36:23 --> Output Class Initialized
INFO - 2020-08-11 19:36:23 --> Security Class Initialized
DEBUG - 2020-08-11 19:36:23 --> Global POST, GET and COOKIE data sanitized
INFO - 2020-08-11 19:36:23 --> CSRF cookie sent
INFO - 2020-08-11 19:36:24 --> Input Class Initialized
INFO - 2020-08-11 19:36:24 --> Language Class Initialized
INFO - 2020-08-11 19:36:24 --> Language Class Initialized
INFO - 2020-08-11 19:36:24 --> Config Class Initialized
INFO - 2020-08-11 19:36:24 --> Loader Class Initialized
DEBUG - 2020-08-11 19:36:24 --> Config file loaded: D:\xampp\htdocs\mobitrados\application\config/rest.php
INFO - 2020-08-11 19:36:24 --> Helper loaded: url_helper
INFO - 2020-08-11 19:36:24 --> Helper loaded: form_helper
INFO - 2020-08-11 19:36:24 --> Helper loaded: adminurl_helper
INFO - 2020-08-11 19:36:24 --> Helper loaded: site_helper
INFO - 2020-08-11 19:36:24 --> Helper loaded: directory_helper
INFO - 2020-08-11 19:36:24 --> Helper loaded: mail_helper
INFO - 2020-08-11 19:36:24 --> Language file loaded: language/english/api_lang.php
INFO - 2020-08-11 19:36:24 --> Database Driver Class Initialized
INFO - 2020-08-11 19:36:24 --> Email Class Initialized
DEBUG - 2020-08-11 19:36:24 --> Session: "sess_save_path" is empty; using "session.save_path" value from php.ini.
INFO - 2020-08-11 19:36:24 --> Session: Class initialized using 'files' driver.
INFO - 2020-08-11 19:36:24 --> Form Validation Class Initialized
INFO - 2020-08-11 19:36:24 --> Controller Class Initialized
DEBUG - 2020-08-11 19:36:24 --> Manage_products MX_Controller Initialized
DEBUG - 2020-08-11 19:36:24 --> File loaded: D:\xampp\htdocs\mobitrados\application\controllers/../modules/admin/template/controllers/Template.php
DEBUG - 2020-08-11 19:36:24 --> Template MX_Controller Initialized
DEBUG - 2020-08-11 19:36:25 --> File loaded: D:\xampp\htdocs\mobitrados\application\modules/admin/template/views/sidebar.php
DEBUG - 2020-08-11 19:36:25 --> File loaded: D:\xampp\htdocs\mobitrados\application\modules/admin/template/views/navbar.php
DEBUG - 2020-08-11 19:36:25 --> File loaded: D:\xampp\htdocs\mobitrados\application\modules/admin/template/views/page_maker_header.php
DEBUG - 2020-08-11 19:36:25 --> File loaded: D:\xampp\htdocs\mobitrados\application\modules/admin/template/views/javafns.php
DEBUG - 2020-08-11 19:36:25 --> File loaded: D:\xampp\htdocs\mobitrados\application\modules/admin/manage_products/views/product_master.php
DEBUG - 2020-08-11 19:36:25 --> File loaded: D:\xampp\htdocs\mobitrados\application\modules/admin/template/views/page_maker_footer.php
INFO - 2020-08-11 19:36:25 --> Final output sent to browser
DEBUG - 2020-08-11 19:36:25 --> Total execution time: 1.7426
INFO - 2020-08-11 19:36:25 --> Config Class Initialized
INFO - 2020-08-11 19:36:25 --> Hooks Class Initialized
DEBUG - 2020-08-11 19:36:25 --> UTF-8 Support Enabled
INFO - 2020-08-11 19:36:25 --> Utf8 Class Initialized
INFO - 2020-08-11 19:36:25 --> URI Class Initialized
INFO - 2020-08-11 19:36:26 --> Router Class Initialized
INFO - 2020-08-11 19:36:26 --> Output Class Initialized
INFO - 2020-08-11 19:36:26 --> Security Class Initialized
DEBUG - 2020-08-11 19:36:26 --> Global POST, GET and COOKIE data sanitized
INFO - 2020-08-11 19:36:26 --> CSRF cookie sent
INFO - 2020-08-11 19:36:26 --> Input Class Initialized
INFO - 2020-08-11 19:36:26 --> Language Class Initialized
INFO - 2020-08-11 19:36:26 --> Language Class Initialized
INFO - 2020-08-11 19:36:26 --> Config Class Initialized
INFO - 2020-08-11 19:36:26 --> Loader Class Initialized
DEBUG - 2020-08-11 19:36:26 --> Config file loaded: D:\xampp\htdocs\mobitrados\application\config/rest.php
INFO - 2020-08-11 19:36:26 --> Helper loaded: url_helper
INFO - 2020-08-11 19:36:26 --> Helper loaded: form_helper
INFO - 2020-08-11 19:36:26 --> Helper loaded: adminurl_helper
INFO - 2020-08-11 19:36:26 --> Helper loaded: site_helper
INFO - 2020-08-11 19:36:26 --> Helper loaded: directory_helper
INFO - 2020-08-11 19:36:26 --> Helper loaded: mail_helper
INFO - 2020-08-11 19:36:26 --> Language file loaded: language/english/api_lang.php
INFO - 2020-08-11 19:36:26 --> Database Driver Class Initialized
INFO - 2020-08-11 19:36:26 --> Email Class Initialized
DEBUG - 2020-08-11 19:36:26 --> Session: "sess_save_path" is empty; using "session.save_path" value from php.ini.
INFO - 2020-08-11 19:36:27 --> Session: Class initialized using 'files' driver.
INFO - 2020-08-11 19:36:27 --> Form Validation Class Initialized
INFO - 2020-08-11 19:36:27 --> Controller Class Initialized
DEBUG - 2020-08-11 19:36:27 --> Web MX_Controller Initialized
DEBUG - 2020-08-11 19:36:27 --> File loaded: D:\xampp\htdocs\mobitrados\application\modules/website/web/views/sections/header.php
DEBUG - 2020-08-11 19:36:27 --> File loaded: D:\xampp\htdocs\mobitrados\application\modules/website/web/views/404.php
DEBUG - 2020-08-11 19:36:27 --> File loaded: D:\xampp\htdocs\mobitrados\application\modules/website/web/views/sections/footer.php
INFO - 2020-08-11 19:36:27 --> Final output sent to browser
DEBUG - 2020-08-11 19:36:27 --> Total execution time: 1.5190
