INFO - 2020-10-23 16:13:57 --> Config Class Initialized
INFO - 2020-10-23 16:13:57 --> Hooks Class Initialized
DEBUG - 2020-10-23 16:13:57 --> UTF-8 Support Enabled
INFO - 2020-10-23 16:13:57 --> Utf8 Class Initialized
INFO - 2020-10-23 16:13:57 --> URI Class Initialized
INFO - 2020-10-23 16:13:57 --> Router Class Initialized
INFO - 2020-10-23 16:13:58 --> Output Class Initialized
INFO - 2020-10-23 16:13:58 --> Security Class Initialized
DEBUG - 2020-10-23 16:13:58 --> Global POST, GET and COOKIE data sanitized
INFO - 2020-10-23 16:13:58 --> Input Class Initialized
INFO - 2020-10-23 16:13:58 --> Language Class Initialized
INFO - 2020-10-23 16:13:58 --> Language Class Initialized
INFO - 2020-10-23 16:13:58 --> Config Class Initialized
INFO - 2020-10-23 16:13:58 --> Loader Class Initialized
DEBUG - 2020-10-23 16:13:58 --> Config file loaded: D:\xampp\htdocs\mobitrados\application\config/rest.php
INFO - 2020-10-23 16:13:58 --> Helper loaded: url_helper
INFO - 2020-10-23 16:13:58 --> Helper loaded: form_helper
INFO - 2020-10-23 16:13:58 --> Helper loaded: adminurl_helper
INFO - 2020-10-23 16:13:58 --> Helper loaded: site_helper
INFO - 2020-10-23 16:13:58 --> Helper loaded: directory_helper
INFO - 2020-10-23 16:13:58 --> Helper loaded: mail_helper
INFO - 2020-10-23 16:13:58 --> Language file loaded: language/english/api_lang.php
INFO - 2020-10-23 16:13:59 --> Database Driver Class Initialized
INFO - 2020-10-23 16:13:59 --> Email Class Initialized
DEBUG - 2020-10-23 16:13:59 --> Session: "sess_save_path" is empty; using "session.save_path" value from php.ini.
INFO - 2020-10-23 16:13:59 --> Session: Class initialized using 'files' driver.
INFO - 2020-10-23 16:13:59 --> Form Validation Class Initialized
INFO - 2020-10-23 16:13:59 --> Controller Class Initialized
DEBUG - 2020-10-23 16:13:59 --> Public_api MX_Controller Initialized
INFO - 2020-10-23 16:13:59 --> Helper loaded: inflector_helper
INFO - 2020-10-23 16:13:59 --> Language file loaded: language/english/rest_controller_lang.php
DEBUG - 2020-10-23 16:13:59 --> File loaded: D:\xampp\htdocs\mobitrados\application\modules/mobi_api/public_api/models/Public_api_model.php
INFO - 2020-10-23 19:43:59 --> Final output sent to browser
DEBUG - 2020-10-23 19:43:59 --> Total execution time: 1.9275
INFO - 2020-10-23 16:14:52 --> Config Class Initialized
INFO - 2020-10-23 16:14:52 --> Hooks Class Initialized
DEBUG - 2020-10-23 16:14:52 --> UTF-8 Support Enabled
INFO - 2020-10-23 16:14:52 --> Utf8 Class Initialized
INFO - 2020-10-23 16:14:52 --> URI Class Initialized
INFO - 2020-10-23 16:14:52 --> Router Class Initialized
INFO - 2020-10-23 16:14:52 --> Output Class Initialized
INFO - 2020-10-23 16:14:52 --> Security Class Initialized
DEBUG - 2020-10-23 16:14:52 --> Global POST, GET and COOKIE data sanitized
INFO - 2020-10-23 16:14:52 --> Input Class Initialized
INFO - 2020-10-23 16:14:53 --> Language Class Initialized
INFO - 2020-10-23 16:14:53 --> Language Class Initialized
INFO - 2020-10-23 16:14:53 --> Config Class Initialized
INFO - 2020-10-23 16:14:53 --> Loader Class Initialized
DEBUG - 2020-10-23 16:14:53 --> Config file loaded: D:\xampp\htdocs\mobitrados\application\config/rest.php
INFO - 2020-10-23 16:14:53 --> Helper loaded: url_helper
INFO - 2020-10-23 16:14:53 --> Helper loaded: form_helper
INFO - 2020-10-23 16:14:53 --> Helper loaded: adminurl_helper
INFO - 2020-10-23 16:14:53 --> Helper loaded: site_helper
INFO - 2020-10-23 16:14:53 --> Helper loaded: directory_helper
INFO - 2020-10-23 16:14:53 --> Helper loaded: mail_helper
INFO - 2020-10-23 16:14:53 --> Language file loaded: language/english/api_lang.php
INFO - 2020-10-23 16:14:53 --> Database Driver Class Initialized
INFO - 2020-10-23 16:14:53 --> Email Class Initialized
DEBUG - 2020-10-23 16:14:53 --> Session: "sess_save_path" is empty; using "session.save_path" value from php.ini.
INFO - 2020-10-23 16:14:53 --> Session: Class initialized using 'files' driver.
INFO - 2020-10-23 16:14:53 --> Form Validation Class Initialized
INFO - 2020-10-23 16:14:53 --> Controller Class Initialized
DEBUG - 2020-10-23 16:14:53 --> User_api MX_Controller Initialized
INFO - 2020-10-23 16:14:53 --> Helper loaded: inflector_helper
INFO - 2020-10-23 16:14:54 --> Language file loaded: language/english/rest_controller_lang.php
DEBUG - 2020-10-23 16:14:54 --> File loaded: D:\xampp\htdocs\mobitrados\application\modules/mobi_api/user_api/models/User_api_model.php
INFO - 2020-10-23 19:44:54 --> Final output sent to browser
DEBUG - 2020-10-23 19:44:54 --> Total execution time: 1.6666
INFO - 2020-10-23 16:16:04 --> Config Class Initialized
INFO - 2020-10-23 16:16:05 --> Hooks Class Initialized
DEBUG - 2020-10-23 16:16:05 --> UTF-8 Support Enabled
INFO - 2020-10-23 16:16:05 --> Utf8 Class Initialized
INFO - 2020-10-23 16:16:05 --> URI Class Initialized
INFO - 2020-10-23 16:16:05 --> Router Class Initialized
INFO - 2020-10-23 16:16:05 --> Output Class Initialized
INFO - 2020-10-23 16:16:05 --> Security Class Initialized
DEBUG - 2020-10-23 16:16:05 --> Global POST, GET and COOKIE data sanitized
INFO - 2020-10-23 16:16:05 --> Input Class Initialized
INFO - 2020-10-23 16:16:05 --> Language Class Initialized
INFO - 2020-10-23 16:16:05 --> Language Class Initialized
INFO - 2020-10-23 16:16:05 --> Config Class Initialized
INFO - 2020-10-23 16:16:05 --> Loader Class Initialized
DEBUG - 2020-10-23 16:16:05 --> Config file loaded: D:\xampp\htdocs\mobitrados\application\config/rest.php
INFO - 2020-10-23 16:16:05 --> Helper loaded: url_helper
INFO - 2020-10-23 16:16:05 --> Helper loaded: form_helper
INFO - 2020-10-23 16:16:05 --> Helper loaded: adminurl_helper
INFO - 2020-10-23 16:16:05 --> Helper loaded: site_helper
INFO - 2020-10-23 16:16:05 --> Helper loaded: directory_helper
INFO - 2020-10-23 16:16:06 --> Helper loaded: mail_helper
INFO - 2020-10-23 16:16:06 --> Language file loaded: language/english/api_lang.php
INFO - 2020-10-23 16:16:06 --> Database Driver Class Initialized
INFO - 2020-10-23 16:16:06 --> Email Class Initialized
DEBUG - 2020-10-23 16:16:06 --> Session: "sess_save_path" is empty; using "session.save_path" value from php.ini.
INFO - 2020-10-23 16:16:06 --> Session: Class initialized using 'files' driver.
INFO - 2020-10-23 16:16:06 --> Form Validation Class Initialized
INFO - 2020-10-23 16:16:06 --> Controller Class Initialized
DEBUG - 2020-10-23 16:16:06 --> User_api MX_Controller Initialized
INFO - 2020-10-23 16:16:06 --> Helper loaded: inflector_helper
INFO - 2020-10-23 16:16:06 --> Language file loaded: language/english/rest_controller_lang.php
DEBUG - 2020-10-23 16:16:06 --> File loaded: D:\xampp\htdocs\mobitrados\application\modules/mobi_api/user_api/models/User_api_model.php
INFO - 2020-10-23 19:46:06 --> Final output sent to browser
DEBUG - 2020-10-23 19:46:06 --> Total execution time: 1.7048
INFO - 2020-10-23 16:16:58 --> Config Class Initialized
INFO - 2020-10-23 16:16:58 --> Hooks Class Initialized
DEBUG - 2020-10-23 16:16:58 --> UTF-8 Support Enabled
INFO - 2020-10-23 16:16:58 --> Utf8 Class Initialized
INFO - 2020-10-23 16:16:58 --> URI Class Initialized
INFO - 2020-10-23 16:16:59 --> Router Class Initialized
INFO - 2020-10-23 16:16:59 --> Output Class Initialized
INFO - 2020-10-23 16:16:59 --> Security Class Initialized
DEBUG - 2020-10-23 16:16:59 --> Global POST, GET and COOKIE data sanitized
INFO - 2020-10-23 16:16:59 --> Input Class Initialized
INFO - 2020-10-23 16:16:59 --> Language Class Initialized
INFO - 2020-10-23 16:16:59 --> Language Class Initialized
INFO - 2020-10-23 16:16:59 --> Config Class Initialized
INFO - 2020-10-23 16:16:59 --> Loader Class Initialized
DEBUG - 2020-10-23 16:16:59 --> Config file loaded: D:\xampp\htdocs\mobitrados\application\config/rest.php
INFO - 2020-10-23 16:16:59 --> Helper loaded: url_helper
INFO - 2020-10-23 16:16:59 --> Helper loaded: form_helper
INFO - 2020-10-23 16:16:59 --> Helper loaded: adminurl_helper
INFO - 2020-10-23 16:16:59 --> Helper loaded: site_helper
INFO - 2020-10-23 16:16:59 --> Helper loaded: directory_helper
INFO - 2020-10-23 16:16:59 --> Helper loaded: mail_helper
INFO - 2020-10-23 16:16:59 --> Language file loaded: language/english/api_lang.php
INFO - 2020-10-23 16:16:59 --> Database Driver Class Initialized
INFO - 2020-10-23 16:16:59 --> Email Class Initialized
DEBUG - 2020-10-23 16:16:59 --> Session: "sess_save_path" is empty; using "session.save_path" value from php.ini.
INFO - 2020-10-23 16:17:00 --> Session: Class initialized using 'files' driver.
INFO - 2020-10-23 16:17:00 --> Form Validation Class Initialized
INFO - 2020-10-23 16:17:00 --> Controller Class Initialized
DEBUG - 2020-10-23 16:17:00 --> User_api MX_Controller Initialized
INFO - 2020-10-23 16:17:00 --> Helper loaded: inflector_helper
INFO - 2020-10-23 16:17:00 --> Language file loaded: language/english/rest_controller_lang.php
DEBUG - 2020-10-23 16:17:00 --> File loaded: D:\xampp\htdocs\mobitrados\application\modules/mobi_api/user_api/models/User_api_model.php
INFO - 2020-10-23 19:47:00 --> Final output sent to browser
DEBUG - 2020-10-23 19:47:00 --> Total execution time: 1.7092
INFO - 2020-10-23 16:17:55 --> Config Class Initialized
INFO - 2020-10-23 16:17:55 --> Hooks Class Initialized
DEBUG - 2020-10-23 16:17:55 --> UTF-8 Support Enabled
INFO - 2020-10-23 16:17:55 --> Utf8 Class Initialized
INFO - 2020-10-23 16:17:55 --> URI Class Initialized
INFO - 2020-10-23 16:17:55 --> Router Class Initialized
INFO - 2020-10-23 16:17:55 --> Output Class Initialized
INFO - 2020-10-23 16:17:55 --> Security Class Initialized
DEBUG - 2020-10-23 16:17:55 --> Global POST, GET and COOKIE data sanitized
INFO - 2020-10-23 16:17:55 --> Input Class Initialized
INFO - 2020-10-23 16:17:55 --> Language Class Initialized
INFO - 2020-10-23 16:17:55 --> Language Class Initialized
INFO - 2020-10-23 16:17:55 --> Config Class Initialized
INFO - 2020-10-23 16:17:55 --> Loader Class Initialized
DEBUG - 2020-10-23 16:17:55 --> Config file loaded: D:\xampp\htdocs\mobitrados\application\config/rest.php
INFO - 2020-10-23 16:17:55 --> Helper loaded: url_helper
INFO - 2020-10-23 16:17:56 --> Helper loaded: form_helper
INFO - 2020-10-23 16:17:56 --> Helper loaded: adminurl_helper
INFO - 2020-10-23 16:17:56 --> Helper loaded: site_helper
INFO - 2020-10-23 16:17:56 --> Helper loaded: directory_helper
INFO - 2020-10-23 16:17:56 --> Helper loaded: mail_helper
INFO - 2020-10-23 16:17:56 --> Language file loaded: language/english/api_lang.php
INFO - 2020-10-23 16:17:56 --> Database Driver Class Initialized
INFO - 2020-10-23 16:17:56 --> Email Class Initialized
DEBUG - 2020-10-23 16:17:56 --> Session: "sess_save_path" is empty; using "session.save_path" value from php.ini.
INFO - 2020-10-23 16:17:56 --> Session: Class initialized using 'files' driver.
INFO - 2020-10-23 16:17:56 --> Form Validation Class Initialized
INFO - 2020-10-23 16:17:56 --> Controller Class Initialized
DEBUG - 2020-10-23 16:17:56 --> User_api MX_Controller Initialized
INFO - 2020-10-23 16:17:56 --> Helper loaded: inflector_helper
INFO - 2020-10-23 16:17:56 --> Language file loaded: language/english/rest_controller_lang.php
DEBUG - 2020-10-23 16:17:56 --> File loaded: D:\xampp\htdocs\mobitrados\application\modules/mobi_api/user_api/models/User_api_model.php
INFO - 2020-10-23 19:47:56 --> Final output sent to browser
DEBUG - 2020-10-23 19:47:56 --> Total execution time: 1.6884
INFO - 2020-10-23 16:18:36 --> Config Class Initialized
INFO - 2020-10-23 16:18:36 --> Hooks Class Initialized
DEBUG - 2020-10-23 16:18:36 --> UTF-8 Support Enabled
INFO - 2020-10-23 16:18:36 --> Utf8 Class Initialized
INFO - 2020-10-23 16:18:36 --> URI Class Initialized
INFO - 2020-10-23 16:18:36 --> Router Class Initialized
INFO - 2020-10-23 16:18:37 --> Output Class Initialized
INFO - 2020-10-23 16:18:37 --> Security Class Initialized
DEBUG - 2020-10-23 16:18:37 --> Global POST, GET and COOKIE data sanitized
INFO - 2020-10-23 16:18:37 --> Input Class Initialized
INFO - 2020-10-23 16:18:37 --> Language Class Initialized
INFO - 2020-10-23 16:18:37 --> Language Class Initialized
INFO - 2020-10-23 16:18:37 --> Config Class Initialized
INFO - 2020-10-23 16:18:37 --> Loader Class Initialized
DEBUG - 2020-10-23 16:18:37 --> Config file loaded: D:\xampp\htdocs\mobitrados\application\config/rest.php
INFO - 2020-10-23 16:18:37 --> Helper loaded: url_helper
INFO - 2020-10-23 16:18:37 --> Helper loaded: form_helper
INFO - 2020-10-23 16:18:37 --> Helper loaded: adminurl_helper
INFO - 2020-10-23 16:18:37 --> Helper loaded: site_helper
INFO - 2020-10-23 16:18:37 --> Helper loaded: directory_helper
INFO - 2020-10-23 16:18:37 --> Helper loaded: mail_helper
INFO - 2020-10-23 16:18:37 --> Language file loaded: language/english/api_lang.php
INFO - 2020-10-23 16:18:37 --> Database Driver Class Initialized
INFO - 2020-10-23 16:18:37 --> Email Class Initialized
DEBUG - 2020-10-23 16:18:37 --> Session: "sess_save_path" is empty; using "session.save_path" value from php.ini.
INFO - 2020-10-23 16:18:38 --> Session: Class initialized using 'files' driver.
INFO - 2020-10-23 16:18:38 --> Form Validation Class Initialized
INFO - 2020-10-23 16:18:38 --> Controller Class Initialized
DEBUG - 2020-10-23 16:18:38 --> User_api MX_Controller Initialized
INFO - 2020-10-23 16:18:38 --> Helper loaded: inflector_helper
INFO - 2020-10-23 16:18:38 --> Language file loaded: language/english/rest_controller_lang.php
DEBUG - 2020-10-23 16:18:38 --> File loaded: D:\xampp\htdocs\mobitrados\application\modules/mobi_api/user_api/models/User_api_model.php
INFO - 2020-10-23 19:48:38 --> Final output sent to browser
DEBUG - 2020-10-23 19:48:38 --> Total execution time: 1.8723
INFO - 2020-10-23 17:16:33 --> Config Class Initialized
INFO - 2020-10-23 17:16:33 --> Hooks Class Initialized
DEBUG - 2020-10-23 17:16:33 --> UTF-8 Support Enabled
INFO - 2020-10-23 17:16:33 --> Utf8 Class Initialized
INFO - 2020-10-23 17:16:33 --> URI Class Initialized
INFO - 2020-10-23 17:16:33 --> Router Class Initialized
INFO - 2020-10-23 17:16:34 --> Output Class Initialized
INFO - 2020-10-23 17:16:34 --> Security Class Initialized
DEBUG - 2020-10-23 17:16:34 --> Global POST, GET and COOKIE data sanitized
INFO - 2020-10-23 17:16:34 --> Input Class Initialized
INFO - 2020-10-23 17:16:34 --> Language Class Initialized
INFO - 2020-10-23 17:16:34 --> Language Class Initialized
INFO - 2020-10-23 17:16:34 --> Config Class Initialized
INFO - 2020-10-23 17:16:34 --> Loader Class Initialized
DEBUG - 2020-10-23 17:16:34 --> Config file loaded: D:\xampp\htdocs\mobitrados\application\config/rest.php
INFO - 2020-10-23 17:16:34 --> Helper loaded: url_helper
INFO - 2020-10-23 17:16:34 --> Helper loaded: form_helper
INFO - 2020-10-23 17:16:34 --> Helper loaded: adminurl_helper
INFO - 2020-10-23 17:16:34 --> Helper loaded: site_helper
INFO - 2020-10-23 17:16:34 --> Helper loaded: directory_helper
INFO - 2020-10-23 17:16:34 --> Helper loaded: mail_helper
INFO - 2020-10-23 17:16:34 --> Language file loaded: language/english/api_lang.php
INFO - 2020-10-23 17:16:34 --> Database Driver Class Initialized
INFO - 2020-10-23 17:16:34 --> Email Class Initialized
DEBUG - 2020-10-23 17:16:35 --> Session: "sess_save_path" is empty; using "session.save_path" value from php.ini.
INFO - 2020-10-23 17:16:35 --> Session: Class initialized using 'files' driver.
INFO - 2020-10-23 17:16:35 --> Form Validation Class Initialized
INFO - 2020-10-23 17:16:35 --> Controller Class Initialized
DEBUG - 2020-10-23 17:16:35 --> User_api MX_Controller Initialized
INFO - 2020-10-23 17:16:35 --> Helper loaded: inflector_helper
INFO - 2020-10-23 17:16:35 --> Language file loaded: language/english/rest_controller_lang.php
DEBUG - 2020-10-23 17:16:35 --> File loaded: D:\xampp\htdocs\mobitrados\application\modules/mobi_api/user_api/models/User_api_model.php
ERROR - 2020-10-23 20:46:35 --> Severity: Notice --> Undefined property: stdClass::$tax_id D:\xampp\htdocs\mobitrados\application\modules\mobi_api\user_api\controllers\User_api.php 593
ERROR - 2020-10-23 20:46:35 --> Query error: You have an error in your SQL syntax; check the manual that corresponds to your MariaDB server version for the right syntax to use near '' at line 1 - Invalid query: SELECT tax_value FROM tax_master  where id=
INFO - 2020-10-23 20:46:35 --> Language file loaded: language/english/db_lang.php
INFO - 2020-10-23 17:32:58 --> Config Class Initialized
INFO - 2020-10-23 17:32:58 --> Hooks Class Initialized
DEBUG - 2020-10-23 17:32:58 --> UTF-8 Support Enabled
INFO - 2020-10-23 17:32:58 --> Utf8 Class Initialized
INFO - 2020-10-23 17:32:58 --> URI Class Initialized
INFO - 2020-10-23 17:32:58 --> Router Class Initialized
INFO - 2020-10-23 17:32:58 --> Output Class Initialized
INFO - 2020-10-23 17:32:58 --> Security Class Initialized
DEBUG - 2020-10-23 17:32:58 --> Global POST, GET and COOKIE data sanitized
INFO - 2020-10-23 17:32:58 --> Input Class Initialized
INFO - 2020-10-23 17:32:58 --> Language Class Initialized
INFO - 2020-10-23 17:32:58 --> Language Class Initialized
INFO - 2020-10-23 17:32:58 --> Config Class Initialized
INFO - 2020-10-23 17:32:58 --> Loader Class Initialized
DEBUG - 2020-10-23 17:32:58 --> Config file loaded: D:\xampp\htdocs\mobitrados\application\config/rest.php
INFO - 2020-10-23 17:32:59 --> Helper loaded: url_helper
INFO - 2020-10-23 17:32:59 --> Helper loaded: form_helper
INFO - 2020-10-23 17:32:59 --> Helper loaded: adminurl_helper
INFO - 2020-10-23 17:32:59 --> Helper loaded: site_helper
INFO - 2020-10-23 17:32:59 --> Helper loaded: directory_helper
INFO - 2020-10-23 17:32:59 --> Helper loaded: mail_helper
INFO - 2020-10-23 17:32:59 --> Language file loaded: language/english/api_lang.php
INFO - 2020-10-23 17:32:59 --> Database Driver Class Initialized
INFO - 2020-10-23 17:32:59 --> Email Class Initialized
DEBUG - 2020-10-23 17:32:59 --> Session: "sess_save_path" is empty; using "session.save_path" value from php.ini.
INFO - 2020-10-23 17:32:59 --> Session: Class initialized using 'files' driver.
INFO - 2020-10-23 17:32:59 --> Form Validation Class Initialized
INFO - 2020-10-23 17:32:59 --> Controller Class Initialized
DEBUG - 2020-10-23 17:32:59 --> User_api MX_Controller Initialized
INFO - 2020-10-23 17:32:59 --> Helper loaded: inflector_helper
INFO - 2020-10-23 17:32:59 --> Language file loaded: language/english/rest_controller_lang.php
DEBUG - 2020-10-23 17:32:59 --> File loaded: D:\xampp\htdocs\mobitrados\application\modules/mobi_api/user_api/models/User_api_model.php
ERROR - 2020-10-23 21:02:59 --> Severity: Notice --> Undefined property: stdClass::$tax_id D:\xampp\htdocs\mobitrados\application\modules\mobi_api\user_api\controllers\User_api.php 593
ERROR - 2020-10-23 21:02:59 --> Query error: You have an error in your SQL syntax; check the manual that corresponds to your MariaDB server version for the right syntax to use near '' at line 1 - Invalid query: SELECT tax_value FROM tax_master  where id=
INFO - 2020-10-23 21:02:59 --> Language file loaded: language/english/db_lang.php
INFO - 2020-10-23 17:33:35 --> Config Class Initialized
INFO - 2020-10-23 17:33:36 --> Hooks Class Initialized
DEBUG - 2020-10-23 17:33:36 --> UTF-8 Support Enabled
INFO - 2020-10-23 17:33:36 --> Utf8 Class Initialized
INFO - 2020-10-23 17:33:36 --> URI Class Initialized
INFO - 2020-10-23 17:33:36 --> Router Class Initialized
INFO - 2020-10-23 17:33:36 --> Output Class Initialized
INFO - 2020-10-23 17:33:36 --> Security Class Initialized
DEBUG - 2020-10-23 17:33:36 --> Global POST, GET and COOKIE data sanitized
INFO - 2020-10-23 17:33:36 --> Input Class Initialized
INFO - 2020-10-23 17:33:36 --> Language Class Initialized
INFO - 2020-10-23 17:33:36 --> Language Class Initialized
INFO - 2020-10-23 17:33:36 --> Config Class Initialized
INFO - 2020-10-23 17:33:36 --> Loader Class Initialized
DEBUG - 2020-10-23 17:33:36 --> Config file loaded: D:\xampp\htdocs\mobitrados\application\config/rest.php
INFO - 2020-10-23 17:33:36 --> Helper loaded: url_helper
INFO - 2020-10-23 17:33:36 --> Helper loaded: form_helper
INFO - 2020-10-23 17:33:36 --> Helper loaded: adminurl_helper
INFO - 2020-10-23 17:33:36 --> Helper loaded: site_helper
INFO - 2020-10-23 17:33:36 --> Helper loaded: directory_helper
INFO - 2020-10-23 17:33:36 --> Helper loaded: mail_helper
INFO - 2020-10-23 17:33:37 --> Language file loaded: language/english/api_lang.php
INFO - 2020-10-23 17:33:37 --> Database Driver Class Initialized
INFO - 2020-10-23 17:33:37 --> Email Class Initialized
DEBUG - 2020-10-23 17:33:37 --> Session: "sess_save_path" is empty; using "session.save_path" value from php.ini.
INFO - 2020-10-23 17:33:37 --> Session: Class initialized using 'files' driver.
INFO - 2020-10-23 17:33:37 --> Form Validation Class Initialized
INFO - 2020-10-23 17:33:37 --> Controller Class Initialized
DEBUG - 2020-10-23 17:33:37 --> User_api MX_Controller Initialized
INFO - 2020-10-23 17:33:37 --> Helper loaded: inflector_helper
INFO - 2020-10-23 17:33:37 --> Language file loaded: language/english/rest_controller_lang.php
DEBUG - 2020-10-23 17:33:37 --> File loaded: D:\xampp\htdocs\mobitrados\application\modules/mobi_api/user_api/models/User_api_model.php
INFO - 2020-10-23 17:34:22 --> Config Class Initialized
INFO - 2020-10-23 17:34:22 --> Hooks Class Initialized
DEBUG - 2020-10-23 17:34:23 --> UTF-8 Support Enabled
INFO - 2020-10-23 17:34:23 --> Utf8 Class Initialized
INFO - 2020-10-23 17:34:23 --> URI Class Initialized
INFO - 2020-10-23 17:34:23 --> Router Class Initialized
INFO - 2020-10-23 17:34:23 --> Output Class Initialized
INFO - 2020-10-23 17:34:23 --> Security Class Initialized
DEBUG - 2020-10-23 17:34:23 --> Global POST, GET and COOKIE data sanitized
INFO - 2020-10-23 17:34:23 --> Input Class Initialized
INFO - 2020-10-23 17:34:23 --> Language Class Initialized
INFO - 2020-10-23 17:34:23 --> Language Class Initialized
INFO - 2020-10-23 17:34:23 --> Config Class Initialized
INFO - 2020-10-23 17:34:23 --> Loader Class Initialized
DEBUG - 2020-10-23 17:34:23 --> Config file loaded: D:\xampp\htdocs\mobitrados\application\config/rest.php
INFO - 2020-10-23 17:34:23 --> Helper loaded: url_helper
INFO - 2020-10-23 17:34:23 --> Helper loaded: form_helper
INFO - 2020-10-23 17:34:24 --> Helper loaded: adminurl_helper
INFO - 2020-10-23 17:34:24 --> Helper loaded: site_helper
INFO - 2020-10-23 17:34:24 --> Helper loaded: directory_helper
INFO - 2020-10-23 17:34:24 --> Helper loaded: mail_helper
INFO - 2020-10-23 17:34:24 --> Language file loaded: language/english/api_lang.php
INFO - 2020-10-23 17:34:24 --> Database Driver Class Initialized
INFO - 2020-10-23 17:34:24 --> Email Class Initialized
DEBUG - 2020-10-23 17:34:24 --> Session: "sess_save_path" is empty; using "session.save_path" value from php.ini.
INFO - 2020-10-23 17:34:24 --> Session: Class initialized using 'files' driver.
INFO - 2020-10-23 17:34:24 --> Form Validation Class Initialized
INFO - 2020-10-23 17:34:24 --> Controller Class Initialized
DEBUG - 2020-10-23 17:34:24 --> User_api MX_Controller Initialized
INFO - 2020-10-23 17:34:24 --> Helper loaded: inflector_helper
INFO - 2020-10-23 17:34:24 --> Language file loaded: language/english/rest_controller_lang.php
DEBUG - 2020-10-23 17:34:24 --> File loaded: D:\xampp\htdocs\mobitrados\application\modules/mobi_api/user_api/models/User_api_model.php
INFO - 2020-10-23 21:04:25 --> Final output sent to browser
DEBUG - 2020-10-23 21:04:25 --> Total execution time: 2.1427
INFO - 2020-10-23 17:47:07 --> Config Class Initialized
INFO - 2020-10-23 17:47:07 --> Hooks Class Initialized
DEBUG - 2020-10-23 17:47:07 --> UTF-8 Support Enabled
INFO - 2020-10-23 17:47:07 --> Utf8 Class Initialized
INFO - 2020-10-23 17:47:07 --> URI Class Initialized
INFO - 2020-10-23 17:47:07 --> Router Class Initialized
INFO - 2020-10-23 17:47:07 --> Output Class Initialized
INFO - 2020-10-23 17:47:07 --> Security Class Initialized
DEBUG - 2020-10-23 17:47:07 --> Global POST, GET and COOKIE data sanitized
INFO - 2020-10-23 17:47:07 --> Input Class Initialized
INFO - 2020-10-23 17:47:07 --> Language Class Initialized
INFO - 2020-10-23 17:47:07 --> Language Class Initialized
INFO - 2020-10-23 17:47:07 --> Config Class Initialized
INFO - 2020-10-23 17:47:07 --> Loader Class Initialized
DEBUG - 2020-10-23 17:47:07 --> Config file loaded: D:\xampp\htdocs\mobitrados\application\config/rest.php
INFO - 2020-10-23 17:47:07 --> Helper loaded: url_helper
INFO - 2020-10-23 17:47:08 --> Helper loaded: form_helper
INFO - 2020-10-23 17:47:08 --> Helper loaded: adminurl_helper
INFO - 2020-10-23 17:47:08 --> Helper loaded: site_helper
INFO - 2020-10-23 17:47:08 --> Helper loaded: directory_helper
INFO - 2020-10-23 17:47:08 --> Helper loaded: mail_helper
INFO - 2020-10-23 17:47:08 --> Language file loaded: language/english/api_lang.php
INFO - 2020-10-23 17:47:08 --> Database Driver Class Initialized
INFO - 2020-10-23 17:47:08 --> Email Class Initialized
DEBUG - 2020-10-23 17:47:08 --> Session: "sess_save_path" is empty; using "session.save_path" value from php.ini.
INFO - 2020-10-23 17:47:08 --> Session: Class initialized using 'files' driver.
INFO - 2020-10-23 17:47:08 --> Form Validation Class Initialized
INFO - 2020-10-23 17:47:08 --> Controller Class Initialized
DEBUG - 2020-10-23 17:47:08 --> User_api MX_Controller Initialized
INFO - 2020-10-23 17:47:08 --> Helper loaded: inflector_helper
INFO - 2020-10-23 17:47:08 --> Language file loaded: language/english/rest_controller_lang.php
DEBUG - 2020-10-23 17:47:08 --> File loaded: D:\xampp\htdocs\mobitrados\application\modules/mobi_api/user_api/models/User_api_model.php
ERROR - 2020-10-23 21:17:09 --> Severity: error --> Exception: Call to undefined function product_stock_updates() D:\xampp\htdocs\mobitrados\application\modules\mobi_api\user_api\controllers\User_api.php 630
INFO - 2020-10-23 17:47:54 --> Config Class Initialized
INFO - 2020-10-23 17:47:54 --> Hooks Class Initialized
DEBUG - 2020-10-23 17:47:55 --> UTF-8 Support Enabled
INFO - 2020-10-23 17:47:55 --> Utf8 Class Initialized
INFO - 2020-10-23 17:47:55 --> URI Class Initialized
INFO - 2020-10-23 17:47:55 --> Router Class Initialized
INFO - 2020-10-23 17:47:55 --> Output Class Initialized
INFO - 2020-10-23 17:47:55 --> Security Class Initialized
DEBUG - 2020-10-23 17:47:55 --> Global POST, GET and COOKIE data sanitized
INFO - 2020-10-23 17:47:55 --> Input Class Initialized
INFO - 2020-10-23 17:47:55 --> Language Class Initialized
INFO - 2020-10-23 17:47:55 --> Language Class Initialized
INFO - 2020-10-23 17:47:55 --> Config Class Initialized
INFO - 2020-10-23 17:47:55 --> Loader Class Initialized
DEBUG - 2020-10-23 17:47:55 --> Config file loaded: D:\xampp\htdocs\mobitrados\application\config/rest.php
INFO - 2020-10-23 17:47:55 --> Helper loaded: url_helper
INFO - 2020-10-23 17:47:55 --> Helper loaded: form_helper
INFO - 2020-10-23 17:47:55 --> Helper loaded: adminurl_helper
INFO - 2020-10-23 17:47:55 --> Helper loaded: site_helper
INFO - 2020-10-23 17:47:55 --> Helper loaded: directory_helper
INFO - 2020-10-23 17:47:55 --> Helper loaded: mail_helper
INFO - 2020-10-23 17:47:56 --> Language file loaded: language/english/api_lang.php
INFO - 2020-10-23 17:47:56 --> Database Driver Class Initialized
INFO - 2020-10-23 17:47:56 --> Email Class Initialized
DEBUG - 2020-10-23 17:47:56 --> Session: "sess_save_path" is empty; using "session.save_path" value from php.ini.
INFO - 2020-10-23 17:47:56 --> Session: Class initialized using 'files' driver.
INFO - 2020-10-23 17:47:56 --> Form Validation Class Initialized
INFO - 2020-10-23 17:47:56 --> Controller Class Initialized
DEBUG - 2020-10-23 17:47:56 --> User_api MX_Controller Initialized
INFO - 2020-10-23 17:47:56 --> Helper loaded: inflector_helper
INFO - 2020-10-23 17:47:56 --> Language file loaded: language/english/rest_controller_lang.php
DEBUG - 2020-10-23 17:47:56 --> File loaded: D:\xampp\htdocs\mobitrados\application\modules/mobi_api/user_api/models/User_api_model.php
INFO - 2020-10-23 21:17:56 --> Final output sent to browser
DEBUG - 2020-10-23 21:17:56 --> Total execution time: 1.6820
INFO - 2020-10-23 17:54:14 --> Config Class Initialized
INFO - 2020-10-23 17:54:14 --> Hooks Class Initialized
DEBUG - 2020-10-23 17:54:14 --> UTF-8 Support Enabled
INFO - 2020-10-23 17:54:14 --> Utf8 Class Initialized
INFO - 2020-10-23 17:54:14 --> URI Class Initialized
INFO - 2020-10-23 17:54:14 --> Router Class Initialized
INFO - 2020-10-23 17:54:14 --> Output Class Initialized
INFO - 2020-10-23 17:54:14 --> Security Class Initialized
DEBUG - 2020-10-23 17:54:14 --> Global POST, GET and COOKIE data sanitized
INFO - 2020-10-23 17:54:14 --> Input Class Initialized
INFO - 2020-10-23 17:54:14 --> Language Class Initialized
INFO - 2020-10-23 17:54:14 --> Language Class Initialized
INFO - 2020-10-23 17:54:14 --> Config Class Initialized
INFO - 2020-10-23 17:54:15 --> Loader Class Initialized
DEBUG - 2020-10-23 17:54:15 --> Config file loaded: D:\xampp\htdocs\mobitrados\application\config/rest.php
INFO - 2020-10-23 17:54:15 --> Helper loaded: url_helper
INFO - 2020-10-23 17:54:15 --> Helper loaded: form_helper
INFO - 2020-10-23 17:54:15 --> Helper loaded: adminurl_helper
INFO - 2020-10-23 17:54:15 --> Helper loaded: site_helper
INFO - 2020-10-23 17:54:15 --> Helper loaded: directory_helper
INFO - 2020-10-23 17:54:15 --> Helper loaded: mail_helper
INFO - 2020-10-23 17:54:15 --> Language file loaded: language/english/api_lang.php
INFO - 2020-10-23 17:54:15 --> Database Driver Class Initialized
INFO - 2020-10-23 17:54:15 --> Email Class Initialized
DEBUG - 2020-10-23 17:54:15 --> Session: "sess_save_path" is empty; using "session.save_path" value from php.ini.
INFO - 2020-10-23 17:54:15 --> Session: Class initialized using 'files' driver.
INFO - 2020-10-23 17:54:15 --> Form Validation Class Initialized
INFO - 2020-10-23 17:54:15 --> Controller Class Initialized
DEBUG - 2020-10-23 17:54:15 --> User_api MX_Controller Initialized
INFO - 2020-10-23 17:54:15 --> Helper loaded: inflector_helper
INFO - 2020-10-23 17:54:15 --> Language file loaded: language/english/rest_controller_lang.php
DEBUG - 2020-10-23 17:54:15 --> File loaded: D:\xampp\htdocs\mobitrados\application\modules/mobi_api/user_api/models/User_api_model.php
INFO - 2020-10-23 21:24:16 --> Final output sent to browser
DEBUG - 2020-10-23 21:24:16 --> Total execution time: 1.7056
