INFO - 2020-10-08 16:48:30 --> Config Class Initialized
INFO - 2020-10-08 16:48:30 --> Hooks Class Initialized
DEBUG - 2020-10-08 16:48:30 --> UTF-8 Support Enabled
INFO - 2020-10-08 16:48:30 --> Utf8 Class Initialized
INFO - 2020-10-08 16:48:31 --> URI Class Initialized
INFO - 2020-10-08 16:48:31 --> Router Class Initialized
INFO - 2020-10-08 16:48:31 --> Output Class Initialized
INFO - 2020-10-08 16:48:31 --> Security Class Initialized
DEBUG - 2020-10-08 16:48:31 --> Global POST, GET and COOKIE data sanitized
INFO - 2020-10-08 16:48:31 --> CSRF cookie sent
INFO - 2020-10-08 16:48:31 --> Input Class Initialized
INFO - 2020-10-08 16:48:31 --> Language Class Initialized
INFO - 2020-10-08 16:48:31 --> Language Class Initialized
INFO - 2020-10-08 16:48:31 --> Config Class Initialized
INFO - 2020-10-08 16:48:31 --> Loader Class Initialized
DEBUG - 2020-10-08 16:48:31 --> Config file loaded: D:\xampp\htdocs\mobitrados\application\config/rest.php
INFO - 2020-10-08 16:48:31 --> Helper loaded: url_helper
INFO - 2020-10-08 16:48:31 --> Helper loaded: form_helper
INFO - 2020-10-08 16:48:32 --> Helper loaded: adminurl_helper
INFO - 2020-10-08 16:48:32 --> Helper loaded: site_helper
INFO - 2020-10-08 16:48:32 --> Helper loaded: directory_helper
INFO - 2020-10-08 16:48:32 --> Helper loaded: mail_helper
INFO - 2020-10-08 16:48:32 --> Language file loaded: language/english/api_lang.php
INFO - 2020-10-08 16:48:32 --> Database Driver Class Initialized
INFO - 2020-10-08 16:48:32 --> Email Class Initialized
DEBUG - 2020-10-08 16:48:32 --> Session: "sess_save_path" is empty; using "session.save_path" value from php.ini.
INFO - 2020-10-08 16:48:32 --> Session: Class initialized using 'files' driver.
INFO - 2020-10-08 16:48:32 --> Form Validation Class Initialized
INFO - 2020-10-08 16:48:32 --> Controller Class Initialized
DEBUG - 2020-10-08 16:48:32 --> User_api MX_Controller Initialized
INFO - 2020-10-08 16:48:32 --> Helper loaded: inflector_helper
INFO - 2020-10-08 16:48:32 --> Language file loaded: language/english/rest_controller_lang.php
DEBUG - 2020-10-08 16:48:33 --> File loaded: D:\xampp\htdocs\mobitrados\application\modules/mobi_api/user_api/models/User_api_model.php
INFO - 2020-10-08 20:18:33 --> Final output sent to browser
DEBUG - 2020-10-08 20:18:33 --> Total execution time: 2.3633
INFO - 2020-10-08 16:49:02 --> Config Class Initialized
INFO - 2020-10-08 16:49:02 --> Hooks Class Initialized
DEBUG - 2020-10-08 16:49:02 --> UTF-8 Support Enabled
INFO - 2020-10-08 16:49:02 --> Utf8 Class Initialized
INFO - 2020-10-08 16:49:02 --> URI Class Initialized
INFO - 2020-10-08 16:49:02 --> Router Class Initialized
INFO - 2020-10-08 16:49:02 --> Output Class Initialized
INFO - 2020-10-08 16:49:02 --> Security Class Initialized
DEBUG - 2020-10-08 16:49:02 --> Global POST, GET and COOKIE data sanitized
INFO - 2020-10-08 16:49:02 --> CSRF cookie sent
INFO - 2020-10-08 16:49:02 --> Input Class Initialized
INFO - 2020-10-08 16:49:03 --> Language Class Initialized
INFO - 2020-10-08 16:49:03 --> Language Class Initialized
INFO - 2020-10-08 16:49:03 --> Config Class Initialized
INFO - 2020-10-08 16:49:03 --> Loader Class Initialized
DEBUG - 2020-10-08 16:49:03 --> Config file loaded: D:\xampp\htdocs\mobitrados\application\config/rest.php
INFO - 2020-10-08 16:49:03 --> Helper loaded: url_helper
INFO - 2020-10-08 16:49:03 --> Helper loaded: form_helper
INFO - 2020-10-08 16:49:03 --> Helper loaded: adminurl_helper
INFO - 2020-10-08 16:49:03 --> Helper loaded: site_helper
INFO - 2020-10-08 16:49:03 --> Helper loaded: directory_helper
INFO - 2020-10-08 16:49:03 --> Helper loaded: mail_helper
INFO - 2020-10-08 16:49:03 --> Language file loaded: language/english/api_lang.php
INFO - 2020-10-08 16:49:03 --> Database Driver Class Initialized
INFO - 2020-10-08 16:49:03 --> Email Class Initialized
DEBUG - 2020-10-08 16:49:03 --> Session: "sess_save_path" is empty; using "session.save_path" value from php.ini.
INFO - 2020-10-08 16:49:04 --> Session: Class initialized using 'files' driver.
INFO - 2020-10-08 16:49:04 --> Form Validation Class Initialized
INFO - 2020-10-08 16:49:04 --> Controller Class Initialized
DEBUG - 2020-10-08 16:49:04 --> User_api MX_Controller Initialized
INFO - 2020-10-08 16:49:04 --> Helper loaded: inflector_helper
INFO - 2020-10-08 16:49:04 --> Language file loaded: language/english/rest_controller_lang.php
DEBUG - 2020-10-08 16:49:04 --> File loaded: D:\xampp\htdocs\mobitrados\application\modules/mobi_api/user_api/models/User_api_model.php
INFO - 2020-10-08 20:19:04 --> Final output sent to browser
DEBUG - 2020-10-08 20:19:04 --> Total execution time: 2.3647
INFO - 2020-10-08 16:57:37 --> Config Class Initialized
INFO - 2020-10-08 16:57:37 --> Hooks Class Initialized
DEBUG - 2020-10-08 16:57:37 --> UTF-8 Support Enabled
INFO - 2020-10-08 16:57:37 --> Utf8 Class Initialized
INFO - 2020-10-08 16:57:37 --> URI Class Initialized
INFO - 2020-10-08 16:57:37 --> Router Class Initialized
INFO - 2020-10-08 16:57:38 --> Output Class Initialized
INFO - 2020-10-08 16:57:38 --> Security Class Initialized
DEBUG - 2020-10-08 16:57:38 --> Global POST, GET and COOKIE data sanitized
INFO - 2020-10-08 16:57:38 --> CSRF cookie sent
INFO - 2020-10-08 16:57:38 --> Input Class Initialized
INFO - 2020-10-08 16:57:38 --> Language Class Initialized
INFO - 2020-10-08 16:57:38 --> Language Class Initialized
INFO - 2020-10-08 16:57:38 --> Config Class Initialized
INFO - 2020-10-08 16:57:38 --> Loader Class Initialized
DEBUG - 2020-10-08 16:57:38 --> Config file loaded: D:\xampp\htdocs\mobitrados\application\config/rest.php
INFO - 2020-10-08 16:57:38 --> Helper loaded: url_helper
INFO - 2020-10-08 16:57:38 --> Helper loaded: form_helper
INFO - 2020-10-08 16:57:38 --> Helper loaded: adminurl_helper
INFO - 2020-10-08 16:57:38 --> Helper loaded: site_helper
INFO - 2020-10-08 16:57:38 --> Helper loaded: directory_helper
INFO - 2020-10-08 16:57:38 --> Helper loaded: mail_helper
INFO - 2020-10-08 16:57:38 --> Language file loaded: language/english/api_lang.php
INFO - 2020-10-08 16:57:39 --> Database Driver Class Initialized
INFO - 2020-10-08 16:57:39 --> Email Class Initialized
DEBUG - 2020-10-08 16:57:39 --> Session: "sess_save_path" is empty; using "session.save_path" value from php.ini.
INFO - 2020-10-08 16:57:39 --> Session: Class initialized using 'files' driver.
INFO - 2020-10-08 16:57:39 --> Form Validation Class Initialized
INFO - 2020-10-08 16:57:39 --> Controller Class Initialized
DEBUG - 2020-10-08 16:57:39 --> User_api MX_Controller Initialized
INFO - 2020-10-08 16:57:39 --> Helper loaded: inflector_helper
INFO - 2020-10-08 16:57:39 --> Language file loaded: language/english/rest_controller_lang.php
DEBUG - 2020-10-08 16:57:39 --> File loaded: D:\xampp\htdocs\mobitrados\application\modules/mobi_api/user_api/models/User_api_model.php
INFO - 2020-10-08 20:27:39 --> Final output sent to browser
DEBUG - 2020-10-08 20:27:39 --> Total execution time: 1.9296
INFO - 2020-10-08 16:57:57 --> Config Class Initialized
INFO - 2020-10-08 16:57:57 --> Hooks Class Initialized
DEBUG - 2020-10-08 16:57:57 --> UTF-8 Support Enabled
INFO - 2020-10-08 16:57:57 --> Utf8 Class Initialized
INFO - 2020-10-08 16:57:57 --> URI Class Initialized
INFO - 2020-10-08 16:57:57 --> Router Class Initialized
INFO - 2020-10-08 16:57:57 --> Output Class Initialized
INFO - 2020-10-08 16:57:57 --> Security Class Initialized
DEBUG - 2020-10-08 16:57:57 --> Global POST, GET and COOKIE data sanitized
INFO - 2020-10-08 16:57:57 --> CSRF cookie sent
INFO - 2020-10-08 16:57:57 --> Input Class Initialized
INFO - 2020-10-08 16:57:57 --> Language Class Initialized
INFO - 2020-10-08 16:57:57 --> Language Class Initialized
INFO - 2020-10-08 16:57:57 --> Config Class Initialized
INFO - 2020-10-08 16:57:58 --> Loader Class Initialized
DEBUG - 2020-10-08 16:57:58 --> Config file loaded: D:\xampp\htdocs\mobitrados\application\config/rest.php
INFO - 2020-10-08 16:57:58 --> Helper loaded: url_helper
INFO - 2020-10-08 16:57:58 --> Helper loaded: form_helper
INFO - 2020-10-08 16:57:58 --> Helper loaded: adminurl_helper
INFO - 2020-10-08 16:57:58 --> Helper loaded: site_helper
INFO - 2020-10-08 16:57:58 --> Helper loaded: directory_helper
INFO - 2020-10-08 16:57:58 --> Helper loaded: mail_helper
INFO - 2020-10-08 16:57:58 --> Language file loaded: language/english/api_lang.php
INFO - 2020-10-08 16:57:58 --> Database Driver Class Initialized
INFO - 2020-10-08 16:57:58 --> Email Class Initialized
DEBUG - 2020-10-08 16:57:58 --> Session: "sess_save_path" is empty; using "session.save_path" value from php.ini.
INFO - 2020-10-08 16:57:58 --> Session: Class initialized using 'files' driver.
INFO - 2020-10-08 16:57:58 --> Form Validation Class Initialized
INFO - 2020-10-08 16:57:58 --> Controller Class Initialized
DEBUG - 2020-10-08 16:57:58 --> User_api MX_Controller Initialized
INFO - 2020-10-08 16:57:58 --> Helper loaded: inflector_helper
INFO - 2020-10-08 16:57:58 --> Language file loaded: language/english/rest_controller_lang.php
DEBUG - 2020-10-08 16:57:59 --> File loaded: D:\xampp\htdocs\mobitrados\application\modules/mobi_api/user_api/models/User_api_model.php
INFO - 2020-10-08 20:27:59 --> Final output sent to browser
DEBUG - 2020-10-08 20:27:59 --> Total execution time: 1.7838
INFO - 2020-10-08 16:58:07 --> Config Class Initialized
INFO - 2020-10-08 16:58:07 --> Hooks Class Initialized
DEBUG - 2020-10-08 16:58:07 --> UTF-8 Support Enabled
INFO - 2020-10-08 16:58:07 --> Utf8 Class Initialized
INFO - 2020-10-08 16:58:08 --> URI Class Initialized
INFO - 2020-10-08 16:58:08 --> Router Class Initialized
INFO - 2020-10-08 16:58:08 --> Output Class Initialized
INFO - 2020-10-08 16:58:08 --> Security Class Initialized
DEBUG - 2020-10-08 16:58:08 --> Global POST, GET and COOKIE data sanitized
INFO - 2020-10-08 16:58:08 --> CSRF cookie sent
INFO - 2020-10-08 16:58:08 --> Input Class Initialized
INFO - 2020-10-08 16:58:08 --> Language Class Initialized
INFO - 2020-10-08 16:58:08 --> Language Class Initialized
INFO - 2020-10-08 16:58:08 --> Config Class Initialized
INFO - 2020-10-08 16:58:08 --> Loader Class Initialized
DEBUG - 2020-10-08 16:58:08 --> Config file loaded: D:\xampp\htdocs\mobitrados\application\config/rest.php
INFO - 2020-10-08 16:58:08 --> Helper loaded: url_helper
INFO - 2020-10-08 16:58:08 --> Helper loaded: form_helper
INFO - 2020-10-08 16:58:08 --> Helper loaded: adminurl_helper
INFO - 2020-10-08 16:58:08 --> Helper loaded: site_helper
INFO - 2020-10-08 16:58:08 --> Helper loaded: directory_helper
INFO - 2020-10-08 16:58:08 --> Helper loaded: mail_helper
INFO - 2020-10-08 16:58:08 --> Language file loaded: language/english/api_lang.php
INFO - 2020-10-08 16:58:09 --> Database Driver Class Initialized
INFO - 2020-10-08 16:58:09 --> Email Class Initialized
DEBUG - 2020-10-08 16:58:09 --> Session: "sess_save_path" is empty; using "session.save_path" value from php.ini.
INFO - 2020-10-08 16:58:09 --> Session: Class initialized using 'files' driver.
INFO - 2020-10-08 16:58:09 --> Form Validation Class Initialized
INFO - 2020-10-08 16:58:09 --> Controller Class Initialized
DEBUG - 2020-10-08 16:58:09 --> User_api MX_Controller Initialized
INFO - 2020-10-08 16:58:09 --> Helper loaded: inflector_helper
INFO - 2020-10-08 16:58:09 --> Language file loaded: language/english/rest_controller_lang.php
DEBUG - 2020-10-08 16:58:09 --> File loaded: D:\xampp\htdocs\mobitrados\application\modules/mobi_api/user_api/models/User_api_model.php
INFO - 2020-10-08 20:28:09 --> Final output sent to browser
DEBUG - 2020-10-08 20:28:09 --> Total execution time: 1.8261
INFO - 2020-10-08 17:11:14 --> Config Class Initialized
INFO - 2020-10-08 17:11:14 --> Hooks Class Initialized
DEBUG - 2020-10-08 17:11:15 --> UTF-8 Support Enabled
INFO - 2020-10-08 17:11:15 --> Utf8 Class Initialized
INFO - 2020-10-08 17:11:15 --> URI Class Initialized
INFO - 2020-10-08 17:11:15 --> Router Class Initialized
INFO - 2020-10-08 17:11:15 --> Output Class Initialized
INFO - 2020-10-08 17:11:15 --> Security Class Initialized
DEBUG - 2020-10-08 17:11:15 --> Global POST, GET and COOKIE data sanitized
INFO - 2020-10-08 17:11:15 --> CSRF cookie sent
INFO - 2020-10-08 17:11:15 --> Input Class Initialized
INFO - 2020-10-08 17:11:15 --> Language Class Initialized
INFO - 2020-10-08 17:11:15 --> Language Class Initialized
INFO - 2020-10-08 17:11:15 --> Config Class Initialized
INFO - 2020-10-08 17:11:15 --> Loader Class Initialized
DEBUG - 2020-10-08 17:11:15 --> Config file loaded: D:\xampp\htdocs\mobitrados\application\config/rest.php
INFO - 2020-10-08 17:11:15 --> Helper loaded: url_helper
INFO - 2020-10-08 17:11:15 --> Helper loaded: form_helper
INFO - 2020-10-08 17:11:15 --> Helper loaded: adminurl_helper
INFO - 2020-10-08 17:11:16 --> Helper loaded: site_helper
INFO - 2020-10-08 17:11:16 --> Helper loaded: directory_helper
INFO - 2020-10-08 17:11:16 --> Helper loaded: mail_helper
INFO - 2020-10-08 17:11:16 --> Language file loaded: language/english/api_lang.php
INFO - 2020-10-08 17:11:16 --> Database Driver Class Initialized
INFO - 2020-10-08 17:11:16 --> Email Class Initialized
DEBUG - 2020-10-08 17:11:16 --> Session: "sess_save_path" is empty; using "session.save_path" value from php.ini.
INFO - 2020-10-08 17:11:16 --> Session: Class initialized using 'files' driver.
INFO - 2020-10-08 17:11:16 --> Form Validation Class Initialized
INFO - 2020-10-08 17:11:16 --> Controller Class Initialized
DEBUG - 2020-10-08 17:11:16 --> User_api MX_Controller Initialized
INFO - 2020-10-08 17:11:16 --> Helper loaded: inflector_helper
INFO - 2020-10-08 17:11:16 --> Language file loaded: language/english/rest_controller_lang.php
DEBUG - 2020-10-08 17:11:16 --> File loaded: D:\xampp\htdocs\mobitrados\application\modules/mobi_api/user_api/models/User_api_model.php
INFO - 2020-10-08 20:41:17 --> Final output sent to browser
DEBUG - 2020-10-08 20:41:17 --> Total execution time: 2.1221
INFO - 2020-10-08 17:19:17 --> Config Class Initialized
INFO - 2020-10-08 17:19:17 --> Hooks Class Initialized
DEBUG - 2020-10-08 17:19:17 --> UTF-8 Support Enabled
INFO - 2020-10-08 17:19:17 --> Utf8 Class Initialized
INFO - 2020-10-08 17:19:17 --> URI Class Initialized
INFO - 2020-10-08 17:19:17 --> Router Class Initialized
INFO - 2020-10-08 17:19:17 --> Output Class Initialized
INFO - 2020-10-08 17:19:17 --> Security Class Initialized
DEBUG - 2020-10-08 17:19:17 --> Global POST, GET and COOKIE data sanitized
INFO - 2020-10-08 17:19:17 --> CSRF cookie sent
INFO - 2020-10-08 17:19:17 --> Input Class Initialized
INFO - 2020-10-08 17:19:18 --> Language Class Initialized
INFO - 2020-10-08 17:19:18 --> Language Class Initialized
INFO - 2020-10-08 17:19:18 --> Config Class Initialized
INFO - 2020-10-08 17:19:18 --> Loader Class Initialized
DEBUG - 2020-10-08 17:19:18 --> Config file loaded: D:\xampp\htdocs\mobitrados\application\config/rest.php
INFO - 2020-10-08 17:19:18 --> Helper loaded: url_helper
INFO - 2020-10-08 17:19:18 --> Helper loaded: form_helper
INFO - 2020-10-08 17:19:18 --> Helper loaded: adminurl_helper
INFO - 2020-10-08 17:19:18 --> Helper loaded: site_helper
INFO - 2020-10-08 17:19:18 --> Helper loaded: directory_helper
INFO - 2020-10-08 17:19:18 --> Helper loaded: mail_helper
INFO - 2020-10-08 17:19:18 --> Language file loaded: language/english/api_lang.php
INFO - 2020-10-08 17:19:18 --> Database Driver Class Initialized
INFO - 2020-10-08 17:19:18 --> Email Class Initialized
DEBUG - 2020-10-08 17:19:18 --> Session: "sess_save_path" is empty; using "session.save_path" value from php.ini.
INFO - 2020-10-08 17:19:19 --> Session: Class initialized using 'files' driver.
INFO - 2020-10-08 17:19:19 --> Form Validation Class Initialized
INFO - 2020-10-08 17:19:19 --> Controller Class Initialized
DEBUG - 2020-10-08 17:19:19 --> User_api MX_Controller Initialized
INFO - 2020-10-08 17:19:19 --> Helper loaded: inflector_helper
INFO - 2020-10-08 17:19:19 --> Language file loaded: language/english/rest_controller_lang.php
DEBUG - 2020-10-08 17:19:19 --> File loaded: D:\xampp\htdocs\mobitrados\application\modules/mobi_api/user_api/models/User_api_model.php
ERROR - 2020-10-08 20:49:19 --> Query error: You have an error in your SQL syntax; check the manual that corresponds to your MariaDB server version for the right syntax to use near '://localhost/mobitrados/,pdi.image_path) as product_image,pdi.img_id
      F...' at line 2 - Invalid query: SELECT  p.pr_id,p.product_name, p.product_dispn,p.mrp,p.selling_price,p.available_stock,p.product_catogory,
      CONCAT(http://localhost/mobitrados/,pdi.image_path) as product_image,pdi.img_id
      FROM  wish_list wl
      INNER JOIN  products p  ON p.pr_id=wl.product_id
      INNER JOIN product_catogory pc ON  p.product_catogory=pc.pcid
      INNER JOIN
         (
             SELECT product_id,  image_path,max(img_id) img_id
             FROM product_images
             GROUP BY product_id
         ) pdi ON pdi.product_id = p.pr_id

      WHERE p.display_status=1 AND p.is_deleted=0
      AND pc.display_status=1 AND pc.is_deleted=0 AND wl.user_id=1 ORDER BY wl.id  DESC 
INFO - 2020-10-08 20:49:19 --> Language file loaded: language/english/db_lang.php
INFO - 2020-10-08 17:21:43 --> Config Class Initialized
INFO - 2020-10-08 17:21:43 --> Hooks Class Initialized
DEBUG - 2020-10-08 17:21:43 --> UTF-8 Support Enabled
INFO - 2020-10-08 17:21:43 --> Utf8 Class Initialized
INFO - 2020-10-08 17:21:43 --> URI Class Initialized
INFO - 2020-10-08 17:21:43 --> Router Class Initialized
INFO - 2020-10-08 17:21:43 --> Output Class Initialized
INFO - 2020-10-08 17:21:43 --> Security Class Initialized
DEBUG - 2020-10-08 17:21:43 --> Global POST, GET and COOKIE data sanitized
INFO - 2020-10-08 17:21:43 --> CSRF cookie sent
INFO - 2020-10-08 17:21:44 --> Input Class Initialized
INFO - 2020-10-08 17:21:44 --> Language Class Initialized
INFO - 2020-10-08 17:21:44 --> Language Class Initialized
INFO - 2020-10-08 17:21:44 --> Config Class Initialized
INFO - 2020-10-08 17:21:44 --> Loader Class Initialized
DEBUG - 2020-10-08 17:21:44 --> Config file loaded: D:\xampp\htdocs\mobitrados\application\config/rest.php
INFO - 2020-10-08 17:21:44 --> Helper loaded: url_helper
INFO - 2020-10-08 17:21:44 --> Helper loaded: form_helper
INFO - 2020-10-08 17:21:44 --> Helper loaded: adminurl_helper
INFO - 2020-10-08 17:21:44 --> Helper loaded: site_helper
INFO - 2020-10-08 17:21:44 --> Helper loaded: directory_helper
INFO - 2020-10-08 17:21:44 --> Helper loaded: mail_helper
INFO - 2020-10-08 17:21:44 --> Language file loaded: language/english/api_lang.php
INFO - 2020-10-08 17:21:44 --> Database Driver Class Initialized
INFO - 2020-10-08 17:21:45 --> Email Class Initialized
DEBUG - 2020-10-08 17:21:45 --> Session: "sess_save_path" is empty; using "session.save_path" value from php.ini.
INFO - 2020-10-08 17:21:45 --> Session: Class initialized using 'files' driver.
INFO - 2020-10-08 17:21:45 --> Form Validation Class Initialized
INFO - 2020-10-08 17:21:45 --> Controller Class Initialized
DEBUG - 2020-10-08 17:21:45 --> User_api MX_Controller Initialized
INFO - 2020-10-08 17:21:45 --> Helper loaded: inflector_helper
INFO - 2020-10-08 17:21:45 --> Language file loaded: language/english/rest_controller_lang.php
DEBUG - 2020-10-08 17:21:45 --> File loaded: D:\xampp\htdocs\mobitrados\application\modules/mobi_api/user_api/models/User_api_model.php
INFO - 2020-10-08 20:51:45 --> Final output sent to browser
DEBUG - 2020-10-08 20:51:45 --> Total execution time: 2.2685
INFO - 2020-10-08 17:25:08 --> Config Class Initialized
INFO - 2020-10-08 17:25:08 --> Hooks Class Initialized
DEBUG - 2020-10-08 17:25:08 --> UTF-8 Support Enabled
INFO - 2020-10-08 17:25:08 --> Utf8 Class Initialized
INFO - 2020-10-08 17:25:08 --> URI Class Initialized
INFO - 2020-10-08 17:25:08 --> Router Class Initialized
INFO - 2020-10-08 17:25:08 --> Output Class Initialized
INFO - 2020-10-08 17:25:08 --> Security Class Initialized
DEBUG - 2020-10-08 17:25:08 --> Global POST, GET and COOKIE data sanitized
INFO - 2020-10-08 17:25:08 --> CSRF cookie sent
INFO - 2020-10-08 17:25:08 --> Input Class Initialized
INFO - 2020-10-08 17:25:09 --> Language Class Initialized
INFO - 2020-10-08 17:25:09 --> Language Class Initialized
INFO - 2020-10-08 17:25:09 --> Config Class Initialized
INFO - 2020-10-08 17:25:09 --> Loader Class Initialized
DEBUG - 2020-10-08 17:25:09 --> Config file loaded: D:\xampp\htdocs\mobitrados\application\config/rest.php
INFO - 2020-10-08 17:25:09 --> Helper loaded: url_helper
INFO - 2020-10-08 17:25:09 --> Helper loaded: form_helper
INFO - 2020-10-08 17:25:09 --> Helper loaded: adminurl_helper
INFO - 2020-10-08 17:25:09 --> Helper loaded: site_helper
INFO - 2020-10-08 17:25:09 --> Helper loaded: directory_helper
INFO - 2020-10-08 17:25:09 --> Helper loaded: mail_helper
INFO - 2020-10-08 17:25:09 --> Language file loaded: language/english/api_lang.php
INFO - 2020-10-08 17:25:09 --> Database Driver Class Initialized
INFO - 2020-10-08 17:25:09 --> Email Class Initialized
DEBUG - 2020-10-08 17:25:09 --> Session: "sess_save_path" is empty; using "session.save_path" value from php.ini.
INFO - 2020-10-08 17:25:09 --> Session: Class initialized using 'files' driver.
INFO - 2020-10-08 17:25:09 --> Form Validation Class Initialized
INFO - 2020-10-08 17:25:10 --> Controller Class Initialized
DEBUG - 2020-10-08 17:25:10 --> Public_api MX_Controller Initialized
INFO - 2020-10-08 17:25:10 --> Helper loaded: inflector_helper
INFO - 2020-10-08 17:25:10 --> Language file loaded: language/english/rest_controller_lang.php
DEBUG - 2020-10-08 17:25:10 --> File loaded: D:\xampp\htdocs\mobitrados\application\modules/mobi_api/public_api/models/Public_api_model.php
INFO - 2020-10-08 20:55:10 --> Final output sent to browser
DEBUG - 2020-10-08 20:55:10 --> Total execution time: 2.0040
INFO - 2020-10-08 17:26:09 --> Config Class Initialized
INFO - 2020-10-08 17:26:09 --> Hooks Class Initialized
DEBUG - 2020-10-08 17:26:09 --> UTF-8 Support Enabled
INFO - 2020-10-08 17:26:09 --> Utf8 Class Initialized
INFO - 2020-10-08 17:26:09 --> URI Class Initialized
INFO - 2020-10-08 17:26:09 --> Router Class Initialized
INFO - 2020-10-08 17:26:09 --> Output Class Initialized
INFO - 2020-10-08 17:26:09 --> Security Class Initialized
DEBUG - 2020-10-08 17:26:09 --> Global POST, GET and COOKIE data sanitized
INFO - 2020-10-08 17:26:10 --> CSRF cookie sent
INFO - 2020-10-08 17:26:10 --> Input Class Initialized
INFO - 2020-10-08 17:26:10 --> Language Class Initialized
INFO - 2020-10-08 17:26:10 --> Language Class Initialized
INFO - 2020-10-08 17:26:10 --> Config Class Initialized
INFO - 2020-10-08 17:26:10 --> Loader Class Initialized
DEBUG - 2020-10-08 17:26:10 --> Config file loaded: D:\xampp\htdocs\mobitrados\application\config/rest.php
INFO - 2020-10-08 17:26:10 --> Helper loaded: url_helper
INFO - 2020-10-08 17:26:10 --> Helper loaded: form_helper
INFO - 2020-10-08 17:26:10 --> Helper loaded: adminurl_helper
INFO - 2020-10-08 17:26:10 --> Helper loaded: site_helper
INFO - 2020-10-08 17:26:10 --> Helper loaded: directory_helper
INFO - 2020-10-08 17:26:10 --> Helper loaded: mail_helper
INFO - 2020-10-08 17:26:10 --> Language file loaded: language/english/api_lang.php
INFO - 2020-10-08 17:26:10 --> Database Driver Class Initialized
INFO - 2020-10-08 17:26:10 --> Email Class Initialized
DEBUG - 2020-10-08 17:26:11 --> Session: "sess_save_path" is empty; using "session.save_path" value from php.ini.
INFO - 2020-10-08 17:26:11 --> Session: Class initialized using 'files' driver.
INFO - 2020-10-08 17:26:11 --> Form Validation Class Initialized
INFO - 2020-10-08 17:26:11 --> Controller Class Initialized
DEBUG - 2020-10-08 17:26:11 --> Public_api MX_Controller Initialized
INFO - 2020-10-08 17:26:11 --> Helper loaded: inflector_helper
INFO - 2020-10-08 17:26:11 --> Language file loaded: language/english/rest_controller_lang.php
DEBUG - 2020-10-08 17:26:11 --> File loaded: D:\xampp\htdocs\mobitrados\application\modules/mobi_api/public_api/models/Public_api_model.php
INFO - 2020-10-08 20:56:11 --> Final output sent to browser
DEBUG - 2020-10-08 20:56:11 --> Total execution time: 2.0649
INFO - 2020-10-08 17:26:34 --> Config Class Initialized
INFO - 2020-10-08 17:26:34 --> Hooks Class Initialized
DEBUG - 2020-10-08 17:26:34 --> UTF-8 Support Enabled
INFO - 2020-10-08 17:26:34 --> Utf8 Class Initialized
INFO - 2020-10-08 17:26:35 --> URI Class Initialized
INFO - 2020-10-08 17:26:35 --> Router Class Initialized
INFO - 2020-10-08 17:26:35 --> Output Class Initialized
INFO - 2020-10-08 17:26:35 --> Security Class Initialized
DEBUG - 2020-10-08 17:26:35 --> Global POST, GET and COOKIE data sanitized
INFO - 2020-10-08 17:26:35 --> CSRF cookie sent
INFO - 2020-10-08 17:26:35 --> Input Class Initialized
INFO - 2020-10-08 17:26:35 --> Language Class Initialized
INFO - 2020-10-08 17:26:35 --> Language Class Initialized
INFO - 2020-10-08 17:26:35 --> Config Class Initialized
INFO - 2020-10-08 17:26:35 --> Loader Class Initialized
DEBUG - 2020-10-08 17:26:35 --> Config file loaded: D:\xampp\htdocs\mobitrados\application\config/rest.php
INFO - 2020-10-08 17:26:35 --> Helper loaded: url_helper
INFO - 2020-10-08 17:26:35 --> Helper loaded: form_helper
INFO - 2020-10-08 17:26:35 --> Helper loaded: adminurl_helper
INFO - 2020-10-08 17:26:35 --> Helper loaded: site_helper
INFO - 2020-10-08 17:26:35 --> Helper loaded: directory_helper
INFO - 2020-10-08 17:26:36 --> Helper loaded: mail_helper
INFO - 2020-10-08 17:26:36 --> Language file loaded: language/english/api_lang.php
INFO - 2020-10-08 17:26:36 --> Database Driver Class Initialized
INFO - 2020-10-08 17:26:36 --> Email Class Initialized
DEBUG - 2020-10-08 17:26:36 --> Session: "sess_save_path" is empty; using "session.save_path" value from php.ini.
INFO - 2020-10-08 17:26:36 --> Session: Class initialized using 'files' driver.
INFO - 2020-10-08 17:26:36 --> Form Validation Class Initialized
INFO - 2020-10-08 17:26:36 --> Controller Class Initialized
DEBUG - 2020-10-08 17:26:36 --> Public_api MX_Controller Initialized
INFO - 2020-10-08 17:26:36 --> Helper loaded: inflector_helper
INFO - 2020-10-08 17:26:36 --> Language file loaded: language/english/rest_controller_lang.php
DEBUG - 2020-10-08 17:26:36 --> File loaded: D:\xampp\htdocs\mobitrados\application\modules/mobi_api/public_api/models/Public_api_model.php
INFO - 2020-10-08 20:56:36 --> Final output sent to browser
DEBUG - 2020-10-08 20:56:36 --> Total execution time: 1.9191
INFO - 2020-10-08 17:29:31 --> Config Class Initialized
INFO - 2020-10-08 17:29:31 --> Hooks Class Initialized
DEBUG - 2020-10-08 17:29:31 --> UTF-8 Support Enabled
INFO - 2020-10-08 17:29:31 --> Utf8 Class Initialized
INFO - 2020-10-08 17:29:31 --> URI Class Initialized
INFO - 2020-10-08 17:29:31 --> Router Class Initialized
INFO - 2020-10-08 17:29:31 --> Output Class Initialized
INFO - 2020-10-08 17:29:31 --> Security Class Initialized
DEBUG - 2020-10-08 17:29:32 --> Global POST, GET and COOKIE data sanitized
INFO - 2020-10-08 17:29:32 --> CSRF cookie sent
INFO - 2020-10-08 17:29:32 --> Input Class Initialized
INFO - 2020-10-08 17:29:32 --> Language Class Initialized
INFO - 2020-10-08 17:29:32 --> Language Class Initialized
INFO - 2020-10-08 17:29:32 --> Config Class Initialized
INFO - 2020-10-08 17:29:32 --> Loader Class Initialized
DEBUG - 2020-10-08 17:29:32 --> Config file loaded: D:\xampp\htdocs\mobitrados\application\config/rest.php
INFO - 2020-10-08 17:29:32 --> Helper loaded: url_helper
INFO - 2020-10-08 17:29:32 --> Helper loaded: form_helper
INFO - 2020-10-08 17:29:32 --> Helper loaded: adminurl_helper
INFO - 2020-10-08 17:29:32 --> Helper loaded: site_helper
INFO - 2020-10-08 17:29:32 --> Helper loaded: directory_helper
INFO - 2020-10-08 17:29:32 --> Helper loaded: mail_helper
INFO - 2020-10-08 17:29:32 --> Language file loaded: language/english/api_lang.php
INFO - 2020-10-08 17:29:32 --> Database Driver Class Initialized
INFO - 2020-10-08 17:29:33 --> Email Class Initialized
DEBUG - 2020-10-08 17:29:33 --> Session: "sess_save_path" is empty; using "session.save_path" value from php.ini.
INFO - 2020-10-08 17:29:33 --> Session: Class initialized using 'files' driver.
INFO - 2020-10-08 17:29:33 --> Form Validation Class Initialized
INFO - 2020-10-08 17:29:33 --> Controller Class Initialized
DEBUG - 2020-10-08 17:29:33 --> Public_api MX_Controller Initialized
INFO - 2020-10-08 17:29:33 --> Helper loaded: inflector_helper
INFO - 2020-10-08 17:29:33 --> Language file loaded: language/english/rest_controller_lang.php
DEBUG - 2020-10-08 17:29:33 --> File loaded: D:\xampp\htdocs\mobitrados\application\modules/mobi_api/public_api/models/Public_api_model.php
INFO - 2020-10-08 20:59:33 --> Final output sent to browser
DEBUG - 2020-10-08 20:59:33 --> Total execution time: 2.1117
INFO - 2020-10-08 17:44:45 --> Config Class Initialized
INFO - 2020-10-08 17:44:45 --> Hooks Class Initialized
DEBUG - 2020-10-08 17:44:45 --> UTF-8 Support Enabled
INFO - 2020-10-08 17:44:45 --> Utf8 Class Initialized
INFO - 2020-10-08 17:44:45 --> URI Class Initialized
INFO - 2020-10-08 17:44:45 --> Router Class Initialized
INFO - 2020-10-08 17:44:45 --> Output Class Initialized
INFO - 2020-10-08 17:44:45 --> Security Class Initialized
DEBUG - 2020-10-08 17:44:45 --> Global POST, GET and COOKIE data sanitized
INFO - 2020-10-08 17:44:45 --> CSRF cookie sent
INFO - 2020-10-08 17:44:46 --> Input Class Initialized
INFO - 2020-10-08 17:44:46 --> Language Class Initialized
INFO - 2020-10-08 17:44:46 --> Language Class Initialized
INFO - 2020-10-08 17:44:46 --> Config Class Initialized
INFO - 2020-10-08 17:44:46 --> Loader Class Initialized
DEBUG - 2020-10-08 17:44:46 --> Config file loaded: D:\xampp\htdocs\mobitrados\application\config/rest.php
INFO - 2020-10-08 17:44:46 --> Helper loaded: url_helper
INFO - 2020-10-08 17:44:46 --> Helper loaded: form_helper
INFO - 2020-10-08 17:44:46 --> Helper loaded: adminurl_helper
INFO - 2020-10-08 17:44:46 --> Helper loaded: site_helper
INFO - 2020-10-08 17:44:46 --> Helper loaded: directory_helper
INFO - 2020-10-08 17:44:46 --> Helper loaded: mail_helper
INFO - 2020-10-08 17:44:46 --> Language file loaded: language/english/api_lang.php
INFO - 2020-10-08 17:44:46 --> Database Driver Class Initialized
INFO - 2020-10-08 17:44:46 --> Email Class Initialized
DEBUG - 2020-10-08 17:44:46 --> Session: "sess_save_path" is empty; using "session.save_path" value from php.ini.
INFO - 2020-10-08 17:44:46 --> Session: Class initialized using 'files' driver.
INFO - 2020-10-08 17:44:47 --> Form Validation Class Initialized
INFO - 2020-10-08 17:44:47 --> Controller Class Initialized
DEBUG - 2020-10-08 17:44:47 --> Public_api MX_Controller Initialized
INFO - 2020-10-08 17:44:47 --> Helper loaded: inflector_helper
INFO - 2020-10-08 17:44:47 --> Language file loaded: language/english/rest_controller_lang.php
DEBUG - 2020-10-08 17:44:47 --> File loaded: D:\xampp\htdocs\mobitrados\application\modules/mobi_api/public_api/models/Public_api_model.php
INFO - 2020-10-08 21:14:47 --> Final output sent to browser
DEBUG - 2020-10-08 21:14:47 --> Total execution time: 1.9430
INFO - 2020-10-08 19:18:59 --> Config Class Initialized
INFO - 2020-10-08 19:18:59 --> Hooks Class Initialized
DEBUG - 2020-10-08 19:18:59 --> UTF-8 Support Enabled
INFO - 2020-10-08 19:18:59 --> Utf8 Class Initialized
INFO - 2020-10-08 19:18:59 --> URI Class Initialized
INFO - 2020-10-08 19:18:59 --> Router Class Initialized
INFO - 2020-10-08 19:18:59 --> Output Class Initialized
INFO - 2020-10-08 19:19:00 --> Security Class Initialized
DEBUG - 2020-10-08 19:19:00 --> Global POST, GET and COOKIE data sanitized
INFO - 2020-10-08 19:19:00 --> Input Class Initialized
INFO - 2020-10-08 19:19:00 --> Language Class Initialized
INFO - 2020-10-08 19:19:00 --> Language Class Initialized
INFO - 2020-10-08 19:19:00 --> Config Class Initialized
INFO - 2020-10-08 19:19:00 --> Loader Class Initialized
DEBUG - 2020-10-08 19:19:00 --> Config file loaded: D:\xampp\htdocs\mobitrados\application\config/rest.php
INFO - 2020-10-08 19:19:00 --> Helper loaded: url_helper
INFO - 2020-10-08 19:19:00 --> Helper loaded: form_helper
INFO - 2020-10-08 19:19:00 --> Helper loaded: adminurl_helper
INFO - 2020-10-08 19:19:00 --> Helper loaded: site_helper
INFO - 2020-10-08 19:19:00 --> Helper loaded: directory_helper
INFO - 2020-10-08 19:19:00 --> Helper loaded: mail_helper
INFO - 2020-10-08 19:19:00 --> Language file loaded: language/english/api_lang.php
INFO - 2020-10-08 19:19:00 --> Database Driver Class Initialized
INFO - 2020-10-08 19:19:00 --> Email Class Initialized
DEBUG - 2020-10-08 19:19:00 --> Session: "sess_save_path" is empty; using "session.save_path" value from php.ini.
INFO - 2020-10-08 19:19:01 --> Session: Class initialized using 'files' driver.
INFO - 2020-10-08 19:19:01 --> Form Validation Class Initialized
INFO - 2020-10-08 19:19:01 --> Controller Class Initialized
DEBUG - 2020-10-08 19:19:01 --> User_api MX_Controller Initialized
INFO - 2020-10-08 19:19:01 --> Helper loaded: inflector_helper
INFO - 2020-10-08 19:19:01 --> Language file loaded: language/english/rest_controller_lang.php
DEBUG - 2020-10-08 19:19:01 --> File loaded: D:\xampp\htdocs\mobitrados\application\modules/mobi_api/user_api/models/User_api_model.php
INFO - 2020-10-08 22:49:01 --> Final output sent to browser
DEBUG - 2020-10-08 22:49:01 --> Total execution time: 1.8376
INFO - 2020-10-08 19:19:12 --> Config Class Initialized
INFO - 2020-10-08 19:19:12 --> Hooks Class Initialized
DEBUG - 2020-10-08 19:19:12 --> UTF-8 Support Enabled
INFO - 2020-10-08 19:19:12 --> Utf8 Class Initialized
INFO - 2020-10-08 19:19:12 --> URI Class Initialized
INFO - 2020-10-08 19:19:12 --> Router Class Initialized
INFO - 2020-10-08 19:19:12 --> Output Class Initialized
INFO - 2020-10-08 19:19:12 --> Security Class Initialized
DEBUG - 2020-10-08 19:19:13 --> Global POST, GET and COOKIE data sanitized
INFO - 2020-10-08 19:19:13 --> Input Class Initialized
INFO - 2020-10-08 19:19:13 --> Language Class Initialized
INFO - 2020-10-08 19:19:13 --> Language Class Initialized
INFO - 2020-10-08 19:19:13 --> Config Class Initialized
INFO - 2020-10-08 19:19:13 --> Loader Class Initialized
DEBUG - 2020-10-08 19:19:13 --> Config file loaded: D:\xampp\htdocs\mobitrados\application\config/rest.php
INFO - 2020-10-08 19:19:13 --> Helper loaded: url_helper
INFO - 2020-10-08 19:19:13 --> Helper loaded: form_helper
INFO - 2020-10-08 19:19:13 --> Helper loaded: adminurl_helper
INFO - 2020-10-08 19:19:13 --> Helper loaded: site_helper
INFO - 2020-10-08 19:19:13 --> Helper loaded: directory_helper
INFO - 2020-10-08 19:19:13 --> Helper loaded: mail_helper
INFO - 2020-10-08 19:19:13 --> Language file loaded: language/english/api_lang.php
INFO - 2020-10-08 19:19:13 --> Database Driver Class Initialized
INFO - 2020-10-08 19:19:13 --> Email Class Initialized
DEBUG - 2020-10-08 19:19:13 --> Session: "sess_save_path" is empty; using "session.save_path" value from php.ini.
INFO - 2020-10-08 19:19:13 --> Session: Class initialized using 'files' driver.
INFO - 2020-10-08 19:19:13 --> Form Validation Class Initialized
INFO - 2020-10-08 19:19:14 --> Controller Class Initialized
DEBUG - 2020-10-08 19:19:14 --> User_api MX_Controller Initialized
INFO - 2020-10-08 19:19:14 --> Helper loaded: inflector_helper
INFO - 2020-10-08 19:19:14 --> Language file loaded: language/english/rest_controller_lang.php
DEBUG - 2020-10-08 19:19:14 --> File loaded: D:\xampp\htdocs\mobitrados\application\modules/mobi_api/user_api/models/User_api_model.php
INFO - 2020-10-08 22:49:14 --> Final output sent to browser
DEBUG - 2020-10-08 22:49:14 --> Total execution time: 1.7470
INFO - 2020-10-08 19:19:27 --> Config Class Initialized
INFO - 2020-10-08 19:19:27 --> Hooks Class Initialized
DEBUG - 2020-10-08 19:19:27 --> UTF-8 Support Enabled
INFO - 2020-10-08 19:19:27 --> Utf8 Class Initialized
INFO - 2020-10-08 19:19:27 --> URI Class Initialized
INFO - 2020-10-08 19:19:27 --> Router Class Initialized
INFO - 2020-10-08 19:19:27 --> Output Class Initialized
INFO - 2020-10-08 19:19:27 --> Security Class Initialized
DEBUG - 2020-10-08 19:19:27 --> Global POST, GET and COOKIE data sanitized
INFO - 2020-10-08 19:19:28 --> Input Class Initialized
INFO - 2020-10-08 19:19:28 --> Language Class Initialized
INFO - 2020-10-08 19:19:28 --> Language Class Initialized
INFO - 2020-10-08 19:19:28 --> Config Class Initialized
INFO - 2020-10-08 19:19:28 --> Loader Class Initialized
DEBUG - 2020-10-08 19:19:28 --> Config file loaded: D:\xampp\htdocs\mobitrados\application\config/rest.php
INFO - 2020-10-08 19:19:28 --> Helper loaded: url_helper
INFO - 2020-10-08 19:19:28 --> Helper loaded: form_helper
INFO - 2020-10-08 19:19:28 --> Helper loaded: adminurl_helper
INFO - 2020-10-08 19:19:28 --> Helper loaded: site_helper
INFO - 2020-10-08 19:19:28 --> Helper loaded: directory_helper
INFO - 2020-10-08 19:19:28 --> Helper loaded: mail_helper
INFO - 2020-10-08 19:19:28 --> Language file loaded: language/english/api_lang.php
INFO - 2020-10-08 19:19:28 --> Database Driver Class Initialized
INFO - 2020-10-08 19:19:28 --> Email Class Initialized
DEBUG - 2020-10-08 19:19:28 --> Session: "sess_save_path" is empty; using "session.save_path" value from php.ini.
INFO - 2020-10-08 19:19:28 --> Session: Class initialized using 'files' driver.
INFO - 2020-10-08 19:19:28 --> Form Validation Class Initialized
INFO - 2020-10-08 19:19:28 --> Controller Class Initialized
DEBUG - 2020-10-08 19:19:29 --> User_api MX_Controller Initialized
INFO - 2020-10-08 19:19:29 --> Helper loaded: inflector_helper
INFO - 2020-10-08 19:19:29 --> Language file loaded: language/english/rest_controller_lang.php
DEBUG - 2020-10-08 19:19:29 --> File loaded: D:\xampp\htdocs\mobitrados\application\modules/mobi_api/user_api/models/User_api_model.php
INFO - 2020-10-08 22:49:29 --> Final output sent to browser
DEBUG - 2020-10-08 22:49:29 --> Total execution time: 1.7377
INFO - 2020-10-08 19:19:40 --> Config Class Initialized
INFO - 2020-10-08 19:19:41 --> Hooks Class Initialized
DEBUG - 2020-10-08 19:19:41 --> UTF-8 Support Enabled
INFO - 2020-10-08 19:19:41 --> Utf8 Class Initialized
INFO - 2020-10-08 19:19:41 --> URI Class Initialized
INFO - 2020-10-08 19:19:41 --> Router Class Initialized
INFO - 2020-10-08 19:19:41 --> Output Class Initialized
INFO - 2020-10-08 19:19:41 --> Security Class Initialized
DEBUG - 2020-10-08 19:19:41 --> Global POST, GET and COOKIE data sanitized
INFO - 2020-10-08 19:19:41 --> Input Class Initialized
INFO - 2020-10-08 19:19:41 --> Language Class Initialized
INFO - 2020-10-08 19:19:41 --> Language Class Initialized
INFO - 2020-10-08 19:19:41 --> Config Class Initialized
INFO - 2020-10-08 19:19:41 --> Loader Class Initialized
DEBUG - 2020-10-08 19:19:41 --> Config file loaded: D:\xampp\htdocs\mobitrados\application\config/rest.php
INFO - 2020-10-08 19:19:41 --> Helper loaded: url_helper
INFO - 2020-10-08 19:19:41 --> Helper loaded: form_helper
INFO - 2020-10-08 19:19:41 --> Helper loaded: adminurl_helper
INFO - 2020-10-08 19:19:41 --> Helper loaded: site_helper
INFO - 2020-10-08 19:19:41 --> Helper loaded: directory_helper
INFO - 2020-10-08 19:19:41 --> Helper loaded: mail_helper
INFO - 2020-10-08 19:19:42 --> Language file loaded: language/english/api_lang.php
INFO - 2020-10-08 19:19:42 --> Database Driver Class Initialized
INFO - 2020-10-08 19:19:42 --> Email Class Initialized
DEBUG - 2020-10-08 19:19:42 --> Session: "sess_save_path" is empty; using "session.save_path" value from php.ini.
INFO - 2020-10-08 19:19:42 --> Session: Class initialized using 'files' driver.
INFO - 2020-10-08 19:19:42 --> Form Validation Class Initialized
INFO - 2020-10-08 19:19:42 --> Controller Class Initialized
DEBUG - 2020-10-08 19:19:42 --> User_api MX_Controller Initialized
INFO - 2020-10-08 19:19:42 --> Helper loaded: inflector_helper
INFO - 2020-10-08 19:19:42 --> Language file loaded: language/english/rest_controller_lang.php
DEBUG - 2020-10-08 19:19:42 --> File loaded: D:\xampp\htdocs\mobitrados\application\modules/mobi_api/user_api/models/User_api_model.php
INFO - 2020-10-08 22:49:42 --> Final output sent to browser
DEBUG - 2020-10-08 22:49:42 --> Total execution time: 1.6682
INFO - 2020-10-08 19:19:57 --> Config Class Initialized
INFO - 2020-10-08 19:19:57 --> Hooks Class Initialized
DEBUG - 2020-10-08 19:19:57 --> UTF-8 Support Enabled
INFO - 2020-10-08 19:19:57 --> Utf8 Class Initialized
INFO - 2020-10-08 19:19:57 --> URI Class Initialized
INFO - 2020-10-08 19:19:57 --> Router Class Initialized
INFO - 2020-10-08 19:19:57 --> Output Class Initialized
INFO - 2020-10-08 19:19:57 --> Security Class Initialized
DEBUG - 2020-10-08 19:19:57 --> Global POST, GET and COOKIE data sanitized
INFO - 2020-10-08 19:19:57 --> Input Class Initialized
INFO - 2020-10-08 19:19:57 --> Language Class Initialized
INFO - 2020-10-08 19:19:57 --> Language Class Initialized
INFO - 2020-10-08 19:19:58 --> Config Class Initialized
INFO - 2020-10-08 19:19:58 --> Loader Class Initialized
DEBUG - 2020-10-08 19:19:58 --> Config file loaded: D:\xampp\htdocs\mobitrados\application\config/rest.php
INFO - 2020-10-08 19:19:58 --> Helper loaded: url_helper
INFO - 2020-10-08 19:19:58 --> Helper loaded: form_helper
INFO - 2020-10-08 19:19:58 --> Helper loaded: adminurl_helper
INFO - 2020-10-08 19:19:58 --> Helper loaded: site_helper
INFO - 2020-10-08 19:19:58 --> Helper loaded: directory_helper
INFO - 2020-10-08 19:19:58 --> Helper loaded: mail_helper
INFO - 2020-10-08 19:19:58 --> Language file loaded: language/english/api_lang.php
INFO - 2020-10-08 19:19:58 --> Database Driver Class Initialized
INFO - 2020-10-08 19:19:58 --> Email Class Initialized
DEBUG - 2020-10-08 19:19:58 --> Session: "sess_save_path" is empty; using "session.save_path" value from php.ini.
INFO - 2020-10-08 19:19:58 --> Session: Class initialized using 'files' driver.
INFO - 2020-10-08 19:19:58 --> Form Validation Class Initialized
INFO - 2020-10-08 19:19:58 --> Controller Class Initialized
DEBUG - 2020-10-08 19:19:59 --> User_api MX_Controller Initialized
INFO - 2020-10-08 19:19:59 --> Helper loaded: inflector_helper
INFO - 2020-10-08 19:19:59 --> Language file loaded: language/english/rest_controller_lang.php
DEBUG - 2020-10-08 19:19:59 --> File loaded: D:\xampp\htdocs\mobitrados\application\modules/mobi_api/user_api/models/User_api_model.php
INFO - 2020-10-08 22:49:59 --> Final output sent to browser
DEBUG - 2020-10-08 22:49:59 --> Total execution time: 2.0684
INFO - 2020-10-08 19:20:10 --> Config Class Initialized
INFO - 2020-10-08 19:20:10 --> Hooks Class Initialized
DEBUG - 2020-10-08 19:20:10 --> UTF-8 Support Enabled
INFO - 2020-10-08 19:20:10 --> Utf8 Class Initialized
INFO - 2020-10-08 19:20:10 --> URI Class Initialized
INFO - 2020-10-08 19:20:10 --> Router Class Initialized
INFO - 2020-10-08 19:20:10 --> Output Class Initialized
INFO - 2020-10-08 19:20:10 --> Security Class Initialized
DEBUG - 2020-10-08 19:20:10 --> Global POST, GET and COOKIE data sanitized
INFO - 2020-10-08 19:20:10 --> Input Class Initialized
INFO - 2020-10-08 19:20:10 --> Language Class Initialized
INFO - 2020-10-08 19:20:10 --> Language Class Initialized
INFO - 2020-10-08 19:20:10 --> Config Class Initialized
INFO - 2020-10-08 19:20:10 --> Loader Class Initialized
DEBUG - 2020-10-08 19:20:10 --> Config file loaded: D:\xampp\htdocs\mobitrados\application\config/rest.php
INFO - 2020-10-08 19:20:10 --> Helper loaded: url_helper
INFO - 2020-10-08 19:20:10 --> Helper loaded: form_helper
INFO - 2020-10-08 19:20:10 --> Helper loaded: adminurl_helper
INFO - 2020-10-08 19:20:10 --> Helper loaded: site_helper
INFO - 2020-10-08 19:20:11 --> Helper loaded: directory_helper
INFO - 2020-10-08 19:20:11 --> Helper loaded: mail_helper
INFO - 2020-10-08 19:20:11 --> Language file loaded: language/english/api_lang.php
INFO - 2020-10-08 19:20:11 --> Database Driver Class Initialized
INFO - 2020-10-08 19:20:11 --> Email Class Initialized
DEBUG - 2020-10-08 19:20:11 --> Session: "sess_save_path" is empty; using "session.save_path" value from php.ini.
INFO - 2020-10-08 19:20:11 --> Session: Class initialized using 'files' driver.
INFO - 2020-10-08 19:20:11 --> Form Validation Class Initialized
INFO - 2020-10-08 19:20:11 --> Controller Class Initialized
DEBUG - 2020-10-08 19:20:11 --> User_api MX_Controller Initialized
INFO - 2020-10-08 19:20:11 --> Helper loaded: inflector_helper
INFO - 2020-10-08 19:20:11 --> Language file loaded: language/english/rest_controller_lang.php
DEBUG - 2020-10-08 19:20:11 --> File loaded: D:\xampp\htdocs\mobitrados\application\modules/mobi_api/user_api/models/User_api_model.php
INFO - 2020-10-08 22:50:11 --> Final output sent to browser
DEBUG - 2020-10-08 22:50:11 --> Total execution time: 1.6707
INFO - 2020-10-08 19:21:23 --> Config Class Initialized
INFO - 2020-10-08 19:21:23 --> Hooks Class Initialized
DEBUG - 2020-10-08 19:21:23 --> UTF-8 Support Enabled
INFO - 2020-10-08 19:21:23 --> Utf8 Class Initialized
INFO - 2020-10-08 19:21:23 --> URI Class Initialized
INFO - 2020-10-08 19:21:23 --> Router Class Initialized
INFO - 2020-10-08 19:21:23 --> Output Class Initialized
INFO - 2020-10-08 19:21:23 --> Security Class Initialized
DEBUG - 2020-10-08 19:21:23 --> Global POST, GET and COOKIE data sanitized
INFO - 2020-10-08 19:21:23 --> Input Class Initialized
INFO - 2020-10-08 19:21:23 --> Language Class Initialized
INFO - 2020-10-08 19:21:23 --> Language Class Initialized
INFO - 2020-10-08 19:21:23 --> Config Class Initialized
INFO - 2020-10-08 19:21:23 --> Loader Class Initialized
DEBUG - 2020-10-08 19:21:24 --> Config file loaded: D:\xampp\htdocs\mobitrados\application\config/rest.php
INFO - 2020-10-08 19:21:24 --> Helper loaded: url_helper
INFO - 2020-10-08 19:21:24 --> Helper loaded: form_helper
INFO - 2020-10-08 19:21:24 --> Helper loaded: adminurl_helper
INFO - 2020-10-08 19:21:24 --> Helper loaded: site_helper
INFO - 2020-10-08 19:21:24 --> Helper loaded: directory_helper
INFO - 2020-10-08 19:21:24 --> Helper loaded: mail_helper
INFO - 2020-10-08 19:21:24 --> Language file loaded: language/english/api_lang.php
INFO - 2020-10-08 19:21:24 --> Database Driver Class Initialized
INFO - 2020-10-08 19:21:24 --> Email Class Initialized
DEBUG - 2020-10-08 19:21:24 --> Session: "sess_save_path" is empty; using "session.save_path" value from php.ini.
INFO - 2020-10-08 19:21:24 --> Session: Class initialized using 'files' driver.
INFO - 2020-10-08 19:21:24 --> Form Validation Class Initialized
INFO - 2020-10-08 19:21:24 --> Controller Class Initialized
DEBUG - 2020-10-08 19:21:24 --> User_api MX_Controller Initialized
INFO - 2020-10-08 19:21:24 --> Helper loaded: inflector_helper
INFO - 2020-10-08 19:21:24 --> Language file loaded: language/english/rest_controller_lang.php
DEBUG - 2020-10-08 19:21:24 --> File loaded: D:\xampp\htdocs\mobitrados\application\modules/mobi_api/user_api/models/User_api_model.php
INFO - 2020-10-08 22:51:24 --> Final output sent to browser
DEBUG - 2020-10-08 22:51:24 --> Total execution time: 1.6675
INFO - 2020-10-08 19:21:50 --> Config Class Initialized
INFO - 2020-10-08 19:21:51 --> Hooks Class Initialized
DEBUG - 2020-10-08 19:21:51 --> UTF-8 Support Enabled
INFO - 2020-10-08 19:21:51 --> Utf8 Class Initialized
INFO - 2020-10-08 19:21:51 --> URI Class Initialized
INFO - 2020-10-08 19:21:51 --> Router Class Initialized
INFO - 2020-10-08 19:21:51 --> Output Class Initialized
INFO - 2020-10-08 19:21:51 --> Security Class Initialized
DEBUG - 2020-10-08 19:21:51 --> Global POST, GET and COOKIE data sanitized
INFO - 2020-10-08 19:21:51 --> Input Class Initialized
INFO - 2020-10-08 19:21:51 --> Language Class Initialized
INFO - 2020-10-08 19:21:51 --> Language Class Initialized
INFO - 2020-10-08 19:21:51 --> Config Class Initialized
INFO - 2020-10-08 19:21:51 --> Loader Class Initialized
DEBUG - 2020-10-08 19:21:51 --> Config file loaded: D:\xampp\htdocs\mobitrados\application\config/rest.php
INFO - 2020-10-08 19:21:51 --> Helper loaded: url_helper
INFO - 2020-10-08 19:21:51 --> Helper loaded: form_helper
INFO - 2020-10-08 19:21:51 --> Helper loaded: adminurl_helper
INFO - 2020-10-08 19:21:51 --> Helper loaded: site_helper
INFO - 2020-10-08 19:21:52 --> Helper loaded: directory_helper
INFO - 2020-10-08 19:21:52 --> Helper loaded: mail_helper
INFO - 2020-10-08 19:21:52 --> Language file loaded: language/english/api_lang.php
INFO - 2020-10-08 19:21:52 --> Database Driver Class Initialized
INFO - 2020-10-08 19:21:52 --> Email Class Initialized
DEBUG - 2020-10-08 19:21:52 --> Session: "sess_save_path" is empty; using "session.save_path" value from php.ini.
INFO - 2020-10-08 19:21:52 --> Session: Class initialized using 'files' driver.
INFO - 2020-10-08 19:21:52 --> Form Validation Class Initialized
INFO - 2020-10-08 19:21:52 --> Controller Class Initialized
DEBUG - 2020-10-08 19:21:52 --> User_api MX_Controller Initialized
INFO - 2020-10-08 19:21:52 --> Helper loaded: inflector_helper
INFO - 2020-10-08 19:21:52 --> Language file loaded: language/english/rest_controller_lang.php
DEBUG - 2020-10-08 19:21:52 --> File loaded: D:\xampp\htdocs\mobitrados\application\modules/mobi_api/user_api/models/User_api_model.php
INFO - 2020-10-08 22:51:52 --> Final output sent to browser
DEBUG - 2020-10-08 22:51:52 --> Total execution time: 1.7014
INFO - 2020-10-08 19:23:02 --> Config Class Initialized
INFO - 2020-10-08 19:23:02 --> Hooks Class Initialized
DEBUG - 2020-10-08 19:23:02 --> UTF-8 Support Enabled
INFO - 2020-10-08 19:23:02 --> Utf8 Class Initialized
INFO - 2020-10-08 19:23:02 --> URI Class Initialized
INFO - 2020-10-08 19:23:02 --> Router Class Initialized
INFO - 2020-10-08 19:23:02 --> Output Class Initialized
INFO - 2020-10-08 19:23:02 --> Security Class Initialized
DEBUG - 2020-10-08 19:23:02 --> Global POST, GET and COOKIE data sanitized
INFO - 2020-10-08 19:23:02 --> Input Class Initialized
INFO - 2020-10-08 19:23:02 --> Language Class Initialized
INFO - 2020-10-08 19:23:02 --> Language Class Initialized
INFO - 2020-10-08 19:23:02 --> Config Class Initialized
INFO - 2020-10-08 19:23:02 --> Loader Class Initialized
DEBUG - 2020-10-08 19:23:03 --> Config file loaded: D:\xampp\htdocs\mobitrados\application\config/rest.php
INFO - 2020-10-08 19:23:03 --> Helper loaded: url_helper
INFO - 2020-10-08 19:23:03 --> Helper loaded: form_helper
INFO - 2020-10-08 19:23:03 --> Helper loaded: adminurl_helper
INFO - 2020-10-08 19:23:03 --> Helper loaded: site_helper
INFO - 2020-10-08 19:23:03 --> Helper loaded: directory_helper
INFO - 2020-10-08 19:23:03 --> Helper loaded: mail_helper
INFO - 2020-10-08 19:23:03 --> Language file loaded: language/english/api_lang.php
INFO - 2020-10-08 19:23:03 --> Database Driver Class Initialized
INFO - 2020-10-08 19:23:03 --> Email Class Initialized
DEBUG - 2020-10-08 19:23:03 --> Session: "sess_save_path" is empty; using "session.save_path" value from php.ini.
INFO - 2020-10-08 19:23:03 --> Session: Class initialized using 'files' driver.
INFO - 2020-10-08 19:23:03 --> Form Validation Class Initialized
INFO - 2020-10-08 19:23:03 --> Controller Class Initialized
DEBUG - 2020-10-08 19:23:03 --> User_api MX_Controller Initialized
INFO - 2020-10-08 19:23:03 --> Helper loaded: inflector_helper
INFO - 2020-10-08 19:23:03 --> Language file loaded: language/english/rest_controller_lang.php
DEBUG - 2020-10-08 19:23:03 --> File loaded: D:\xampp\htdocs\mobitrados\application\modules/mobi_api/user_api/models/User_api_model.php
INFO - 2020-10-08 22:53:03 --> Final output sent to browser
DEBUG - 2020-10-08 22:53:04 --> Total execution time: 1.7220
INFO - 2020-10-08 19:23:33 --> Config Class Initialized
INFO - 2020-10-08 19:23:33 --> Hooks Class Initialized
DEBUG - 2020-10-08 19:23:33 --> UTF-8 Support Enabled
INFO - 2020-10-08 19:23:33 --> Utf8 Class Initialized
INFO - 2020-10-08 19:23:33 --> URI Class Initialized
INFO - 2020-10-08 19:23:33 --> Router Class Initialized
INFO - 2020-10-08 19:23:34 --> Output Class Initialized
INFO - 2020-10-08 19:23:34 --> Security Class Initialized
DEBUG - 2020-10-08 19:23:34 --> Global POST, GET and COOKIE data sanitized
INFO - 2020-10-08 19:23:34 --> Input Class Initialized
INFO - 2020-10-08 19:23:34 --> Language Class Initialized
INFO - 2020-10-08 19:23:34 --> Language Class Initialized
INFO - 2020-10-08 19:23:34 --> Config Class Initialized
INFO - 2020-10-08 19:23:34 --> Loader Class Initialized
DEBUG - 2020-10-08 19:23:34 --> Config file loaded: D:\xampp\htdocs\mobitrados\application\config/rest.php
INFO - 2020-10-08 19:23:34 --> Helper loaded: url_helper
INFO - 2020-10-08 19:23:34 --> Helper loaded: form_helper
INFO - 2020-10-08 19:23:34 --> Helper loaded: adminurl_helper
INFO - 2020-10-08 19:23:34 --> Helper loaded: site_helper
INFO - 2020-10-08 19:23:34 --> Helper loaded: directory_helper
INFO - 2020-10-08 19:23:34 --> Helper loaded: mail_helper
INFO - 2020-10-08 19:23:34 --> Language file loaded: language/english/api_lang.php
INFO - 2020-10-08 19:23:34 --> Database Driver Class Initialized
INFO - 2020-10-08 19:23:34 --> Email Class Initialized
DEBUG - 2020-10-08 19:23:35 --> Session: "sess_save_path" is empty; using "session.save_path" value from php.ini.
INFO - 2020-10-08 19:23:35 --> Session: Class initialized using 'files' driver.
INFO - 2020-10-08 19:23:35 --> Form Validation Class Initialized
INFO - 2020-10-08 19:23:35 --> Controller Class Initialized
DEBUG - 2020-10-08 19:23:35 --> User_api MX_Controller Initialized
INFO - 2020-10-08 19:23:35 --> Helper loaded: inflector_helper
INFO - 2020-10-08 19:23:35 --> Language file loaded: language/english/rest_controller_lang.php
DEBUG - 2020-10-08 19:23:35 --> File loaded: D:\xampp\htdocs\mobitrados\application\modules/mobi_api/user_api/models/User_api_model.php
INFO - 2020-10-08 22:53:35 --> Final output sent to browser
DEBUG - 2020-10-08 22:53:35 --> Total execution time: 1.7782
INFO - 2020-10-08 19:24:13 --> Config Class Initialized
INFO - 2020-10-08 19:24:13 --> Hooks Class Initialized
DEBUG - 2020-10-08 19:24:13 --> UTF-8 Support Enabled
INFO - 2020-10-08 19:24:13 --> Utf8 Class Initialized
INFO - 2020-10-08 19:24:14 --> URI Class Initialized
INFO - 2020-10-08 19:24:14 --> Router Class Initialized
INFO - 2020-10-08 19:24:14 --> Output Class Initialized
INFO - 2020-10-08 19:24:14 --> Security Class Initialized
DEBUG - 2020-10-08 19:24:14 --> Global POST, GET and COOKIE data sanitized
INFO - 2020-10-08 19:24:14 --> Input Class Initialized
INFO - 2020-10-08 19:24:14 --> Language Class Initialized
INFO - 2020-10-08 19:24:14 --> Language Class Initialized
INFO - 2020-10-08 19:24:14 --> Config Class Initialized
INFO - 2020-10-08 19:24:14 --> Loader Class Initialized
DEBUG - 2020-10-08 19:24:14 --> Config file loaded: D:\xampp\htdocs\mobitrados\application\config/rest.php
INFO - 2020-10-08 19:24:14 --> Helper loaded: url_helper
INFO - 2020-10-08 19:24:14 --> Helper loaded: form_helper
INFO - 2020-10-08 19:24:14 --> Helper loaded: adminurl_helper
INFO - 2020-10-08 19:24:14 --> Helper loaded: site_helper
INFO - 2020-10-08 19:24:14 --> Helper loaded: directory_helper
INFO - 2020-10-08 19:24:14 --> Helper loaded: mail_helper
INFO - 2020-10-08 19:24:14 --> Language file loaded: language/english/api_lang.php
INFO - 2020-10-08 19:24:14 --> Database Driver Class Initialized
INFO - 2020-10-08 19:24:14 --> Email Class Initialized
DEBUG - 2020-10-08 19:24:15 --> Session: "sess_save_path" is empty; using "session.save_path" value from php.ini.
INFO - 2020-10-08 19:24:15 --> Session: Class initialized using 'files' driver.
INFO - 2020-10-08 19:24:15 --> Form Validation Class Initialized
INFO - 2020-10-08 19:24:15 --> Controller Class Initialized
DEBUG - 2020-10-08 19:24:15 --> User_api MX_Controller Initialized
INFO - 2020-10-08 19:24:15 --> Helper loaded: inflector_helper
INFO - 2020-10-08 19:24:15 --> Language file loaded: language/english/rest_controller_lang.php
DEBUG - 2020-10-08 19:24:15 --> File loaded: D:\xampp\htdocs\mobitrados\application\modules/mobi_api/user_api/models/User_api_model.php
INFO - 2020-10-08 19:24:51 --> Config Class Initialized
INFO - 2020-10-08 19:24:52 --> Hooks Class Initialized
DEBUG - 2020-10-08 19:24:52 --> UTF-8 Support Enabled
INFO - 2020-10-08 19:24:52 --> Utf8 Class Initialized
INFO - 2020-10-08 19:24:52 --> URI Class Initialized
INFO - 2020-10-08 19:24:52 --> Router Class Initialized
INFO - 2020-10-08 19:24:52 --> Output Class Initialized
INFO - 2020-10-08 19:24:52 --> Security Class Initialized
DEBUG - 2020-10-08 19:24:52 --> Global POST, GET and COOKIE data sanitized
INFO - 2020-10-08 19:24:52 --> Input Class Initialized
INFO - 2020-10-08 19:24:52 --> Language Class Initialized
INFO - 2020-10-08 19:24:52 --> Language Class Initialized
INFO - 2020-10-08 19:24:52 --> Config Class Initialized
INFO - 2020-10-08 19:24:52 --> Loader Class Initialized
DEBUG - 2020-10-08 19:24:52 --> Config file loaded: D:\xampp\htdocs\mobitrados\application\config/rest.php
INFO - 2020-10-08 19:24:52 --> Helper loaded: url_helper
INFO - 2020-10-08 19:24:52 --> Helper loaded: form_helper
INFO - 2020-10-08 19:24:52 --> Helper loaded: adminurl_helper
INFO - 2020-10-08 19:24:52 --> Helper loaded: site_helper
INFO - 2020-10-08 19:24:52 --> Helper loaded: directory_helper
INFO - 2020-10-08 19:24:53 --> Helper loaded: mail_helper
INFO - 2020-10-08 19:24:53 --> Language file loaded: language/english/api_lang.php
INFO - 2020-10-08 19:24:53 --> Database Driver Class Initialized
INFO - 2020-10-08 19:24:53 --> Email Class Initialized
DEBUG - 2020-10-08 19:24:53 --> Session: "sess_save_path" is empty; using "session.save_path" value from php.ini.
INFO - 2020-10-08 19:24:53 --> Session: Class initialized using 'files' driver.
INFO - 2020-10-08 19:24:53 --> Form Validation Class Initialized
INFO - 2020-10-08 19:24:53 --> Controller Class Initialized
DEBUG - 2020-10-08 19:24:53 --> User_api MX_Controller Initialized
INFO - 2020-10-08 19:24:53 --> Helper loaded: inflector_helper
INFO - 2020-10-08 19:24:53 --> Language file loaded: language/english/rest_controller_lang.php
DEBUG - 2020-10-08 19:24:53 --> File loaded: D:\xampp\htdocs\mobitrados\application\modules/mobi_api/user_api/models/User_api_model.php
INFO - 2020-10-08 22:54:53 --> Final output sent to browser
DEBUG - 2020-10-08 22:54:53 --> Total execution time: 1.6326
INFO - 2020-10-08 19:25:02 --> Config Class Initialized
INFO - 2020-10-08 19:25:02 --> Hooks Class Initialized
DEBUG - 2020-10-08 19:25:02 --> UTF-8 Support Enabled
INFO - 2020-10-08 19:25:02 --> Utf8 Class Initialized
INFO - 2020-10-08 19:25:02 --> URI Class Initialized
INFO - 2020-10-08 19:25:02 --> Router Class Initialized
INFO - 2020-10-08 19:25:02 --> Output Class Initialized
INFO - 2020-10-08 19:25:02 --> Security Class Initialized
DEBUG - 2020-10-08 19:25:02 --> Global POST, GET and COOKIE data sanitized
INFO - 2020-10-08 19:25:03 --> Input Class Initialized
INFO - 2020-10-08 19:25:03 --> Language Class Initialized
INFO - 2020-10-08 19:25:03 --> Language Class Initialized
INFO - 2020-10-08 19:25:03 --> Config Class Initialized
INFO - 2020-10-08 19:25:03 --> Loader Class Initialized
DEBUG - 2020-10-08 19:25:03 --> Config file loaded: D:\xampp\htdocs\mobitrados\application\config/rest.php
INFO - 2020-10-08 19:25:03 --> Helper loaded: url_helper
INFO - 2020-10-08 19:25:03 --> Helper loaded: form_helper
INFO - 2020-10-08 19:25:03 --> Helper loaded: adminurl_helper
INFO - 2020-10-08 19:25:03 --> Helper loaded: site_helper
INFO - 2020-10-08 19:25:03 --> Helper loaded: directory_helper
INFO - 2020-10-08 19:25:03 --> Helper loaded: mail_helper
INFO - 2020-10-08 19:25:03 --> Language file loaded: language/english/api_lang.php
INFO - 2020-10-08 19:25:03 --> Database Driver Class Initialized
INFO - 2020-10-08 19:25:03 --> Email Class Initialized
DEBUG - 2020-10-08 19:25:03 --> Session: "sess_save_path" is empty; using "session.save_path" value from php.ini.
INFO - 2020-10-08 19:25:03 --> Session: Class initialized using 'files' driver.
INFO - 2020-10-08 19:25:03 --> Form Validation Class Initialized
INFO - 2020-10-08 19:25:03 --> Controller Class Initialized
DEBUG - 2020-10-08 19:25:04 --> User_api MX_Controller Initialized
INFO - 2020-10-08 19:25:04 --> Helper loaded: inflector_helper
INFO - 2020-10-08 19:25:04 --> Language file loaded: language/english/rest_controller_lang.php
DEBUG - 2020-10-08 19:25:04 --> File loaded: D:\xampp\htdocs\mobitrados\application\modules/mobi_api/user_api/models/User_api_model.php
INFO - 2020-10-08 22:55:04 --> Final output sent to browser
DEBUG - 2020-10-08 22:55:04 --> Total execution time: 1.7417
INFO - 2020-10-08 19:27:37 --> Config Class Initialized
INFO - 2020-10-08 19:27:37 --> Hooks Class Initialized
DEBUG - 2020-10-08 19:27:37 --> UTF-8 Support Enabled
INFO - 2020-10-08 19:27:37 --> Utf8 Class Initialized
INFO - 2020-10-08 19:27:37 --> URI Class Initialized
INFO - 2020-10-08 19:27:37 --> Router Class Initialized
INFO - 2020-10-08 19:27:37 --> Output Class Initialized
INFO - 2020-10-08 19:27:37 --> Security Class Initialized
DEBUG - 2020-10-08 19:27:37 --> Global POST, GET and COOKIE data sanitized
INFO - 2020-10-08 19:27:37 --> Input Class Initialized
INFO - 2020-10-08 19:27:37 --> Language Class Initialized
INFO - 2020-10-08 19:27:37 --> Language Class Initialized
INFO - 2020-10-08 19:27:37 --> Config Class Initialized
INFO - 2020-10-08 19:27:37 --> Loader Class Initialized
DEBUG - 2020-10-08 19:27:37 --> Config file loaded: D:\xampp\htdocs\mobitrados\application\config/rest.php
INFO - 2020-10-08 19:27:37 --> Helper loaded: url_helper
INFO - 2020-10-08 19:27:37 --> Helper loaded: form_helper
INFO - 2020-10-08 19:27:38 --> Helper loaded: adminurl_helper
INFO - 2020-10-08 19:27:38 --> Helper loaded: site_helper
INFO - 2020-10-08 19:27:38 --> Helper loaded: directory_helper
INFO - 2020-10-08 19:27:38 --> Helper loaded: mail_helper
INFO - 2020-10-08 19:27:38 --> Language file loaded: language/english/api_lang.php
INFO - 2020-10-08 19:27:38 --> Database Driver Class Initialized
INFO - 2020-10-08 19:27:38 --> Email Class Initialized
DEBUG - 2020-10-08 19:27:38 --> Session: "sess_save_path" is empty; using "session.save_path" value from php.ini.
INFO - 2020-10-08 19:27:38 --> Session: Class initialized using 'files' driver.
INFO - 2020-10-08 19:27:38 --> Form Validation Class Initialized
INFO - 2020-10-08 19:27:38 --> Controller Class Initialized
DEBUG - 2020-10-08 19:27:38 --> User_api MX_Controller Initialized
INFO - 2020-10-08 19:27:38 --> Helper loaded: inflector_helper
INFO - 2020-10-08 19:27:38 --> Language file loaded: language/english/rest_controller_lang.php
DEBUG - 2020-10-08 19:27:38 --> File loaded: D:\xampp\htdocs\mobitrados\application\modules/mobi_api/user_api/models/User_api_model.php
INFO - 2020-10-08 22:57:38 --> Final output sent to browser
DEBUG - 2020-10-08 22:57:38 --> Total execution time: 1.7094
INFO - 2020-10-08 19:27:53 --> Config Class Initialized
INFO - 2020-10-08 19:27:53 --> Hooks Class Initialized
DEBUG - 2020-10-08 19:27:53 --> UTF-8 Support Enabled
INFO - 2020-10-08 19:27:53 --> Utf8 Class Initialized
INFO - 2020-10-08 19:27:54 --> URI Class Initialized
INFO - 2020-10-08 19:27:54 --> Router Class Initialized
INFO - 2020-10-08 19:27:54 --> Output Class Initialized
INFO - 2020-10-08 19:27:54 --> Security Class Initialized
DEBUG - 2020-10-08 19:27:54 --> Global POST, GET and COOKIE data sanitized
INFO - 2020-10-08 19:27:54 --> Input Class Initialized
INFO - 2020-10-08 19:27:54 --> Language Class Initialized
INFO - 2020-10-08 19:27:54 --> Language Class Initialized
INFO - 2020-10-08 19:27:54 --> Config Class Initialized
INFO - 2020-10-08 19:27:54 --> Loader Class Initialized
DEBUG - 2020-10-08 19:27:54 --> Config file loaded: D:\xampp\htdocs\mobitrados\application\config/rest.php
INFO - 2020-10-08 19:27:54 --> Helper loaded: url_helper
INFO - 2020-10-08 19:27:54 --> Helper loaded: form_helper
INFO - 2020-10-08 19:27:54 --> Helper loaded: adminurl_helper
INFO - 2020-10-08 19:27:54 --> Helper loaded: site_helper
INFO - 2020-10-08 19:27:54 --> Helper loaded: directory_helper
INFO - 2020-10-08 19:27:54 --> Helper loaded: mail_helper
INFO - 2020-10-08 19:27:54 --> Language file loaded: language/english/api_lang.php
INFO - 2020-10-08 19:27:54 --> Database Driver Class Initialized
INFO - 2020-10-08 19:27:54 --> Email Class Initialized
DEBUG - 2020-10-08 19:27:55 --> Session: "sess_save_path" is empty; using "session.save_path" value from php.ini.
INFO - 2020-10-08 19:27:55 --> Session: Class initialized using 'files' driver.
INFO - 2020-10-08 19:27:55 --> Form Validation Class Initialized
INFO - 2020-10-08 19:27:55 --> Controller Class Initialized
DEBUG - 2020-10-08 19:27:55 --> User_api MX_Controller Initialized
INFO - 2020-10-08 19:27:55 --> Helper loaded: inflector_helper
INFO - 2020-10-08 19:27:55 --> Language file loaded: language/english/rest_controller_lang.php
DEBUG - 2020-10-08 19:27:55 --> File loaded: D:\xampp\htdocs\mobitrados\application\modules/mobi_api/user_api/models/User_api_model.php
INFO - 2020-10-08 22:57:55 --> Final output sent to browser
DEBUG - 2020-10-08 22:57:55 --> Total execution time: 1.6494
INFO - 2020-10-08 19:29:49 --> Config Class Initialized
INFO - 2020-10-08 19:29:49 --> Hooks Class Initialized
DEBUG - 2020-10-08 19:29:49 --> UTF-8 Support Enabled
INFO - 2020-10-08 19:29:49 --> Utf8 Class Initialized
INFO - 2020-10-08 19:29:49 --> URI Class Initialized
INFO - 2020-10-08 19:29:50 --> Router Class Initialized
INFO - 2020-10-08 19:29:50 --> Output Class Initialized
INFO - 2020-10-08 19:29:50 --> Security Class Initialized
DEBUG - 2020-10-08 19:29:50 --> Global POST, GET and COOKIE data sanitized
INFO - 2020-10-08 19:29:50 --> Input Class Initialized
INFO - 2020-10-08 19:29:50 --> Language Class Initialized
INFO - 2020-10-08 19:29:50 --> Language Class Initialized
INFO - 2020-10-08 19:29:50 --> Config Class Initialized
INFO - 2020-10-08 19:29:50 --> Loader Class Initialized
DEBUG - 2020-10-08 19:29:50 --> Config file loaded: D:\xampp\htdocs\mobitrados\application\config/rest.php
INFO - 2020-10-08 19:29:50 --> Helper loaded: url_helper
INFO - 2020-10-08 19:29:50 --> Helper loaded: form_helper
INFO - 2020-10-08 19:29:50 --> Helper loaded: adminurl_helper
INFO - 2020-10-08 19:29:50 --> Helper loaded: site_helper
INFO - 2020-10-08 19:29:50 --> Helper loaded: directory_helper
INFO - 2020-10-08 19:29:50 --> Helper loaded: mail_helper
INFO - 2020-10-08 19:29:50 --> Language file loaded: language/english/api_lang.php
INFO - 2020-10-08 19:29:50 --> Database Driver Class Initialized
INFO - 2020-10-08 19:29:50 --> Email Class Initialized
DEBUG - 2020-10-08 19:29:51 --> Session: "sess_save_path" is empty; using "session.save_path" value from php.ini.
INFO - 2020-10-08 19:29:51 --> Session: Class initialized using 'files' driver.
INFO - 2020-10-08 19:29:51 --> Form Validation Class Initialized
INFO - 2020-10-08 19:29:51 --> Controller Class Initialized
DEBUG - 2020-10-08 19:29:51 --> User_api MX_Controller Initialized
INFO - 2020-10-08 19:29:51 --> Helper loaded: inflector_helper
INFO - 2020-10-08 19:29:51 --> Language file loaded: language/english/rest_controller_lang.php
DEBUG - 2020-10-08 19:29:51 --> File loaded: D:\xampp\htdocs\mobitrados\application\modules/mobi_api/user_api/models/User_api_model.php
INFO - 2020-10-08 22:59:51 --> Final output sent to browser
DEBUG - 2020-10-08 22:59:51 --> Total execution time: 1.6931
