INFO - 2020-08-30 06:48:22 --> Config Class Initialized
INFO - 2020-08-30 06:48:22 --> Hooks Class Initialized
DEBUG - 2020-08-30 06:48:22 --> UTF-8 Support Enabled
INFO - 2020-08-30 06:48:22 --> Utf8 Class Initialized
INFO - 2020-08-30 06:48:23 --> URI Class Initialized
DEBUG - 2020-08-30 06:48:23 --> No URI present. Default controller set.
INFO - 2020-08-30 06:48:23 --> Router Class Initialized
INFO - 2020-08-30 06:48:23 --> Output Class Initialized
INFO - 2020-08-30 06:48:23 --> Security Class Initialized
DEBUG - 2020-08-30 06:48:23 --> Global POST, GET and COOKIE data sanitized
INFO - 2020-08-30 06:48:23 --> CSRF cookie sent
INFO - 2020-08-30 06:48:23 --> Input Class Initialized
INFO - 2020-08-30 06:48:23 --> Language Class Initialized
INFO - 2020-08-30 06:48:23 --> Language Class Initialized
INFO - 2020-08-30 06:48:23 --> Config Class Initialized
INFO - 2020-08-30 06:48:23 --> Loader Class Initialized
DEBUG - 2020-08-30 06:48:23 --> Config file loaded: D:\xampp\htdocs\mobitrados\application\config/rest.php
INFO - 2020-08-30 06:48:23 --> Helper loaded: url_helper
INFO - 2020-08-30 06:48:23 --> Helper loaded: form_helper
INFO - 2020-08-30 06:48:23 --> Helper loaded: adminurl_helper
INFO - 2020-08-30 06:48:23 --> Helper loaded: site_helper
INFO - 2020-08-30 06:48:24 --> Helper loaded: directory_helper
INFO - 2020-08-30 06:48:24 --> Helper loaded: mail_helper
INFO - 2020-08-30 06:48:24 --> Language file loaded: language/english/api_lang.php
INFO - 2020-08-30 06:48:24 --> Database Driver Class Initialized
INFO - 2020-08-30 06:48:24 --> Email Class Initialized
DEBUG - 2020-08-30 06:48:24 --> Session: "sess_save_path" is empty; using "session.save_path" value from php.ini.
INFO - 2020-08-30 06:48:24 --> Session: Class initialized using 'files' driver.
INFO - 2020-08-30 06:48:24 --> Form Validation Class Initialized
INFO - 2020-08-30 06:48:24 --> Controller Class Initialized
DEBUG - 2020-08-30 06:48:24 --> Web MX_Controller Initialized
DEBUG - 2020-08-30 06:48:24 --> File loaded: D:\xampp\htdocs\mobitrados\application\modules/website/web/views/sections/header.php
DEBUG - 2020-08-30 06:48:24 --> File loaded: D:\xampp\htdocs\mobitrados\application\modules/website/web/views/home.php
DEBUG - 2020-08-30 06:48:24 --> File loaded: D:\xampp\htdocs\mobitrados\application\modules/website/web/views/sections/footer.php
INFO - 2020-08-30 06:48:24 --> Final output sent to browser
DEBUG - 2020-08-30 06:48:24 --> Total execution time: 2.0106
INFO - 2020-08-30 06:48:26 --> Config Class Initialized
INFO - 2020-08-30 06:48:26 --> Hooks Class Initialized
DEBUG - 2020-08-30 06:48:26 --> UTF-8 Support Enabled
INFO - 2020-08-30 06:48:26 --> Utf8 Class Initialized
INFO - 2020-08-30 06:48:26 --> URI Class Initialized
INFO - 2020-08-30 06:48:26 --> Router Class Initialized
INFO - 2020-08-30 06:48:26 --> Output Class Initialized
INFO - 2020-08-30 06:48:26 --> Security Class Initialized
DEBUG - 2020-08-30 06:48:26 --> Global POST, GET and COOKIE data sanitized
INFO - 2020-08-30 06:48:26 --> CSRF cookie sent
INFO - 2020-08-30 06:48:26 --> Input Class Initialized
INFO - 2020-08-30 06:48:26 --> Language Class Initialized
INFO - 2020-08-30 06:48:26 --> Language Class Initialized
INFO - 2020-08-30 06:48:26 --> Config Class Initialized
INFO - 2020-08-30 06:48:26 --> Loader Class Initialized
DEBUG - 2020-08-30 06:48:26 --> Config file loaded: D:\xampp\htdocs\mobitrados\application\config/rest.php
INFO - 2020-08-30 06:48:26 --> Helper loaded: url_helper
INFO - 2020-08-30 06:48:26 --> Helper loaded: form_helper
INFO - 2020-08-30 06:48:26 --> Helper loaded: adminurl_helper
INFO - 2020-08-30 06:48:26 --> Helper loaded: site_helper
INFO - 2020-08-30 06:48:27 --> Helper loaded: directory_helper
INFO - 2020-08-30 06:48:27 --> Helper loaded: mail_helper
INFO - 2020-08-30 06:48:27 --> Language file loaded: language/english/api_lang.php
INFO - 2020-08-30 06:48:27 --> Database Driver Class Initialized
INFO - 2020-08-30 06:48:27 --> Email Class Initialized
DEBUG - 2020-08-30 06:48:27 --> Session: "sess_save_path" is empty; using "session.save_path" value from php.ini.
INFO - 2020-08-30 06:48:27 --> Session: Class initialized using 'files' driver.
INFO - 2020-08-30 06:48:27 --> Form Validation Class Initialized
INFO - 2020-08-30 06:48:27 --> Controller Class Initialized
DEBUG - 2020-08-30 06:48:27 --> Web MX_Controller Initialized
DEBUG - 2020-08-30 06:48:27 --> File loaded: D:\xampp\htdocs\mobitrados\application\modules/website/web/views/sections/header.php
DEBUG - 2020-08-30 06:48:27 --> File loaded: D:\xampp\htdocs\mobitrados\application\modules/website/web/views/404.php
DEBUG - 2020-08-30 06:48:27 --> File loaded: D:\xampp\htdocs\mobitrados\application\modules/website/web/views/sections/footer.php
INFO - 2020-08-30 06:48:27 --> Final output sent to browser
DEBUG - 2020-08-30 06:48:27 --> Total execution time: 1.4382
INFO - 2020-08-30 06:48:28 --> Config Class Initialized
INFO - 2020-08-30 06:48:28 --> Hooks Class Initialized
DEBUG - 2020-08-30 06:48:28 --> UTF-8 Support Enabled
INFO - 2020-08-30 06:48:29 --> Utf8 Class Initialized
INFO - 2020-08-30 06:48:29 --> URI Class Initialized
INFO - 2020-08-30 06:48:29 --> Router Class Initialized
INFO - 2020-08-30 06:48:29 --> Output Class Initialized
INFO - 2020-08-30 06:48:29 --> Security Class Initialized
DEBUG - 2020-08-30 06:48:29 --> Global POST, GET and COOKIE data sanitized
INFO - 2020-08-30 06:48:29 --> CSRF cookie sent
INFO - 2020-08-30 06:48:29 --> Input Class Initialized
INFO - 2020-08-30 06:48:29 --> Language Class Initialized
INFO - 2020-08-30 06:48:29 --> Language Class Initialized
INFO - 2020-08-30 06:48:29 --> Config Class Initialized
INFO - 2020-08-30 06:48:29 --> Loader Class Initialized
DEBUG - 2020-08-30 06:48:29 --> Config file loaded: D:\xampp\htdocs\mobitrados\application\config/rest.php
INFO - 2020-08-30 06:48:29 --> Helper loaded: url_helper
INFO - 2020-08-30 06:48:29 --> Helper loaded: form_helper
INFO - 2020-08-30 06:48:29 --> Helper loaded: adminurl_helper
INFO - 2020-08-30 06:48:29 --> Helper loaded: site_helper
INFO - 2020-08-30 06:48:29 --> Helper loaded: directory_helper
INFO - 2020-08-30 06:48:29 --> Helper loaded: mail_helper
INFO - 2020-08-30 06:48:29 --> Language file loaded: language/english/api_lang.php
INFO - 2020-08-30 06:48:29 --> Database Driver Class Initialized
INFO - 2020-08-30 06:48:29 --> Email Class Initialized
DEBUG - 2020-08-30 06:48:29 --> Session: "sess_save_path" is empty; using "session.save_path" value from php.ini.
INFO - 2020-08-30 06:48:29 --> Session: Class initialized using 'files' driver.
INFO - 2020-08-30 06:48:29 --> Form Validation Class Initialized
INFO - 2020-08-30 06:48:29 --> Controller Class Initialized
DEBUG - 2020-08-30 06:48:30 --> Web MX_Controller Initialized
DEBUG - 2020-08-30 06:48:30 --> File loaded: D:\xampp\htdocs\mobitrados\application\modules/website/web/views/sections/header.php
DEBUG - 2020-08-30 06:48:30 --> File loaded: D:\xampp\htdocs\mobitrados\application\modules/website/web/views/404.php
DEBUG - 2020-08-30 06:48:30 --> File loaded: D:\xampp\htdocs\mobitrados\application\modules/website/web/views/sections/footer.php
INFO - 2020-08-30 06:48:30 --> Final output sent to browser
DEBUG - 2020-08-30 06:48:30 --> Total execution time: 1.2769
INFO - 2020-08-30 06:48:39 --> Config Class Initialized
INFO - 2020-08-30 06:48:39 --> Hooks Class Initialized
DEBUG - 2020-08-30 06:48:39 --> UTF-8 Support Enabled
INFO - 2020-08-30 06:48:40 --> Utf8 Class Initialized
INFO - 2020-08-30 06:48:40 --> URI Class Initialized
INFO - 2020-08-30 06:48:40 --> Router Class Initialized
INFO - 2020-08-30 06:48:40 --> Output Class Initialized
INFO - 2020-08-30 06:48:40 --> Security Class Initialized
DEBUG - 2020-08-30 06:48:40 --> Global POST, GET and COOKIE data sanitized
INFO - 2020-08-30 06:48:40 --> CSRF cookie sent
INFO - 2020-08-30 06:48:40 --> Input Class Initialized
INFO - 2020-08-30 06:48:40 --> Language Class Initialized
INFO - 2020-08-30 06:48:40 --> Language Class Initialized
INFO - 2020-08-30 06:48:40 --> Config Class Initialized
INFO - 2020-08-30 06:48:40 --> Loader Class Initialized
DEBUG - 2020-08-30 06:48:40 --> Config file loaded: D:\xampp\htdocs\mobitrados\application\config/rest.php
INFO - 2020-08-30 06:48:40 --> Helper loaded: url_helper
INFO - 2020-08-30 06:48:40 --> Helper loaded: form_helper
INFO - 2020-08-30 06:48:40 --> Helper loaded: adminurl_helper
INFO - 2020-08-30 06:48:40 --> Helper loaded: site_helper
INFO - 2020-08-30 06:48:40 --> Helper loaded: directory_helper
INFO - 2020-08-30 06:48:40 --> Helper loaded: mail_helper
INFO - 2020-08-30 06:48:40 --> Language file loaded: language/english/api_lang.php
INFO - 2020-08-30 06:48:40 --> Database Driver Class Initialized
INFO - 2020-08-30 06:48:40 --> Email Class Initialized
DEBUG - 2020-08-30 06:48:40 --> Session: "sess_save_path" is empty; using "session.save_path" value from php.ini.
INFO - 2020-08-30 06:48:40 --> Session: Class initialized using 'files' driver.
INFO - 2020-08-30 06:48:41 --> Form Validation Class Initialized
INFO - 2020-08-30 06:48:41 --> Controller Class Initialized
DEBUG - 2020-08-30 06:48:41 --> Home MX_Controller Initialized
DEBUG - 2020-08-30 06:48:41 --> File loaded: D:\xampp\htdocs\mobitrados\application\modules/admin/home/views/login.php
INFO - 2020-08-30 06:48:41 --> Final output sent to browser
DEBUG - 2020-08-30 06:48:41 --> Total execution time: 1.3387
INFO - 2020-08-30 06:48:42 --> Config Class Initialized
INFO - 2020-08-30 06:48:42 --> Hooks Class Initialized
DEBUG - 2020-08-30 06:48:42 --> UTF-8 Support Enabled
INFO - 2020-08-30 06:48:42 --> Utf8 Class Initialized
INFO - 2020-08-30 06:48:42 --> URI Class Initialized
INFO - 2020-08-30 06:48:42 --> Router Class Initialized
INFO - 2020-08-30 06:48:42 --> Output Class Initialized
INFO - 2020-08-30 06:48:42 --> Security Class Initialized
DEBUG - 2020-08-30 06:48:42 --> Global POST, GET and COOKIE data sanitized
INFO - 2020-08-30 06:48:42 --> CSRF cookie sent
INFO - 2020-08-30 06:48:42 --> Input Class Initialized
INFO - 2020-08-30 06:48:42 --> Language Class Initialized
INFO - 2020-08-30 06:48:42 --> Language Class Initialized
INFO - 2020-08-30 06:48:43 --> Config Class Initialized
INFO - 2020-08-30 06:48:43 --> Loader Class Initialized
DEBUG - 2020-08-30 06:48:43 --> Config file loaded: D:\xampp\htdocs\mobitrados\application\config/rest.php
INFO - 2020-08-30 06:48:43 --> Helper loaded: url_helper
INFO - 2020-08-30 06:48:43 --> Helper loaded: form_helper
INFO - 2020-08-30 06:48:43 --> Helper loaded: adminurl_helper
INFO - 2020-08-30 06:48:43 --> Helper loaded: site_helper
INFO - 2020-08-30 06:48:43 --> Helper loaded: directory_helper
INFO - 2020-08-30 06:48:43 --> Helper loaded: mail_helper
INFO - 2020-08-30 06:48:43 --> Language file loaded: language/english/api_lang.php
INFO - 2020-08-30 06:48:43 --> Database Driver Class Initialized
INFO - 2020-08-30 06:48:43 --> Email Class Initialized
DEBUG - 2020-08-30 06:48:43 --> Session: "sess_save_path" is empty; using "session.save_path" value from php.ini.
INFO - 2020-08-30 06:48:43 --> Session: Class initialized using 'files' driver.
INFO - 2020-08-30 06:48:43 --> Form Validation Class Initialized
INFO - 2020-08-30 06:48:43 --> Controller Class Initialized
DEBUG - 2020-08-30 06:48:43 --> Home MX_Controller Initialized
DEBUG - 2020-08-30 06:48:43 --> File loaded: D:\xampp\htdocs\mobitrados\application\modules/admin/home/views/login.php
INFO - 2020-08-30 06:48:43 --> Final output sent to browser
DEBUG - 2020-08-30 06:48:43 --> Total execution time: 1.3858
INFO - 2020-08-30 06:48:45 --> Config Class Initialized
INFO - 2020-08-30 06:48:45 --> Hooks Class Initialized
DEBUG - 2020-08-30 06:48:45 --> UTF-8 Support Enabled
INFO - 2020-08-30 06:48:45 --> Utf8 Class Initialized
INFO - 2020-08-30 06:48:45 --> URI Class Initialized
INFO - 2020-08-30 06:48:45 --> Router Class Initialized
INFO - 2020-08-30 06:48:45 --> Output Class Initialized
INFO - 2020-08-30 06:48:45 --> Security Class Initialized
DEBUG - 2020-08-30 06:48:45 --> Global POST, GET and COOKIE data sanitized
INFO - 2020-08-30 06:48:45 --> CSRF cookie sent
INFO - 2020-08-30 06:48:45 --> Input Class Initialized
INFO - 2020-08-30 06:48:45 --> Language Class Initialized
INFO - 2020-08-30 06:48:45 --> Language Class Initialized
INFO - 2020-08-30 06:48:45 --> Config Class Initialized
INFO - 2020-08-30 06:48:45 --> Loader Class Initialized
DEBUG - 2020-08-30 06:48:45 --> Config file loaded: D:\xampp\htdocs\mobitrados\application\config/rest.php
INFO - 2020-08-30 06:48:45 --> Helper loaded: url_helper
INFO - 2020-08-30 06:48:45 --> Helper loaded: form_helper
INFO - 2020-08-30 06:48:46 --> Helper loaded: adminurl_helper
INFO - 2020-08-30 06:48:46 --> Helper loaded: site_helper
INFO - 2020-08-30 06:48:46 --> Helper loaded: directory_helper
INFO - 2020-08-30 06:48:46 --> Helper loaded: mail_helper
INFO - 2020-08-30 06:48:46 --> Language file loaded: language/english/api_lang.php
INFO - 2020-08-30 06:48:46 --> Database Driver Class Initialized
INFO - 2020-08-30 06:48:46 --> Email Class Initialized
DEBUG - 2020-08-30 06:48:46 --> Session: "sess_save_path" is empty; using "session.save_path" value from php.ini.
INFO - 2020-08-30 06:48:46 --> Session: Class initialized using 'files' driver.
INFO - 2020-08-30 06:48:46 --> Form Validation Class Initialized
INFO - 2020-08-30 06:48:46 --> Controller Class Initialized
DEBUG - 2020-08-30 06:48:46 --> Home MX_Controller Initialized
DEBUG - 2020-08-30 06:48:46 --> File loaded: D:\xampp\htdocs\mobitrados\application\modules/admin/home/views/login.php
INFO - 2020-08-30 06:48:46 --> Final output sent to browser
DEBUG - 2020-08-30 06:48:46 --> Total execution time: 1.3309
INFO - 2020-08-30 08:39:18 --> Config Class Initialized
INFO - 2020-08-30 08:39:18 --> Hooks Class Initialized
DEBUG - 2020-08-30 08:39:18 --> UTF-8 Support Enabled
INFO - 2020-08-30 08:39:18 --> Utf8 Class Initialized
INFO - 2020-08-30 08:39:18 --> URI Class Initialized
INFO - 2020-08-30 08:39:18 --> Router Class Initialized
INFO - 2020-08-30 08:39:19 --> Output Class Initialized
INFO - 2020-08-30 08:39:19 --> Security Class Initialized
DEBUG - 2020-08-30 08:39:19 --> Global POST, GET and COOKIE data sanitized
INFO - 2020-08-30 08:39:19 --> CSRF cookie sent
INFO - 2020-08-30 08:39:19 --> Input Class Initialized
INFO - 2020-08-30 08:39:19 --> Language Class Initialized
INFO - 2020-08-30 08:39:19 --> Language Class Initialized
INFO - 2020-08-30 08:39:19 --> Config Class Initialized
INFO - 2020-08-30 08:39:19 --> Loader Class Initialized
DEBUG - 2020-08-30 08:39:19 --> Config file loaded: D:\xampp\htdocs\mobitrados\application\config/rest.php
INFO - 2020-08-30 08:39:19 --> Helper loaded: url_helper
INFO - 2020-08-30 08:39:19 --> Helper loaded: form_helper
INFO - 2020-08-30 08:39:19 --> Helper loaded: adminurl_helper
INFO - 2020-08-30 08:39:19 --> Helper loaded: site_helper
INFO - 2020-08-30 08:39:19 --> Helper loaded: directory_helper
INFO - 2020-08-30 08:39:19 --> Helper loaded: mail_helper
INFO - 2020-08-30 08:39:19 --> Language file loaded: language/english/api_lang.php
INFO - 2020-08-30 08:39:20 --> Database Driver Class Initialized
INFO - 2020-08-30 08:39:20 --> Email Class Initialized
DEBUG - 2020-08-30 08:39:20 --> Session: "sess_save_path" is empty; using "session.save_path" value from php.ini.
INFO - 2020-08-30 08:39:20 --> Session: Class initialized using 'files' driver.
INFO - 2020-08-30 08:39:20 --> Form Validation Class Initialized
INFO - 2020-08-30 08:39:20 --> Controller Class Initialized
DEBUG - 2020-08-30 08:39:20 --> Home MX_Controller Initialized
DEBUG - 2020-08-30 08:39:20 --> File loaded: D:\xampp\htdocs\mobitrados\application\modules/admin/home/views/login.php
INFO - 2020-08-30 08:39:20 --> Final output sent to browser
DEBUG - 2020-08-30 08:39:20 --> Total execution time: 1.7971
INFO - 2020-08-30 08:39:21 --> Config Class Initialized
INFO - 2020-08-30 08:39:21 --> Hooks Class Initialized
DEBUG - 2020-08-30 08:39:21 --> UTF-8 Support Enabled
INFO - 2020-08-30 08:39:21 --> Utf8 Class Initialized
INFO - 2020-08-30 08:39:21 --> URI Class Initialized
INFO - 2020-08-30 08:39:21 --> Router Class Initialized
INFO - 2020-08-30 08:39:22 --> Output Class Initialized
INFO - 2020-08-30 08:39:22 --> Security Class Initialized
DEBUG - 2020-08-30 08:39:22 --> Global POST, GET and COOKIE data sanitized
INFO - 2020-08-30 08:39:22 --> CSRF cookie sent
INFO - 2020-08-30 08:39:22 --> Input Class Initialized
INFO - 2020-08-30 08:39:22 --> Language Class Initialized
INFO - 2020-08-30 08:39:22 --> Language Class Initialized
INFO - 2020-08-30 08:39:22 --> Config Class Initialized
INFO - 2020-08-30 08:39:22 --> Loader Class Initialized
DEBUG - 2020-08-30 08:39:22 --> Config file loaded: D:\xampp\htdocs\mobitrados\application\config/rest.php
INFO - 2020-08-30 08:39:22 --> Helper loaded: url_helper
INFO - 2020-08-30 08:39:22 --> Helper loaded: form_helper
INFO - 2020-08-30 08:39:22 --> Helper loaded: adminurl_helper
INFO - 2020-08-30 08:39:22 --> Helper loaded: site_helper
INFO - 2020-08-30 08:39:22 --> Helper loaded: directory_helper
INFO - 2020-08-30 08:39:22 --> Helper loaded: mail_helper
INFO - 2020-08-30 08:39:22 --> Language file loaded: language/english/api_lang.php
INFO - 2020-08-30 08:39:22 --> Database Driver Class Initialized
INFO - 2020-08-30 08:39:22 --> Email Class Initialized
DEBUG - 2020-08-30 08:39:22 --> Session: "sess_save_path" is empty; using "session.save_path" value from php.ini.
INFO - 2020-08-30 08:39:22 --> Session: Class initialized using 'files' driver.
INFO - 2020-08-30 08:39:22 --> Form Validation Class Initialized
INFO - 2020-08-30 08:39:23 --> Controller Class Initialized
DEBUG - 2020-08-30 08:39:23 --> Home MX_Controller Initialized
DEBUG - 2020-08-30 08:39:23 --> File loaded: D:\xampp\htdocs\mobitrados\application\modules/admin/home/views/login.php
INFO - 2020-08-30 08:39:23 --> Final output sent to browser
DEBUG - 2020-08-30 08:39:23 --> Total execution time: 1.3667
